INFO:     Started server process [820]
INFO:     Waiting for application startup.
INFO:httpx:HTTP Request: POST http://localhost:8000/nodes/register "HTTP/1.1 200 OK"
INFO:node.base:[alice-1] Registered → node_id=9a16e471
INFO:node.base:[alice-1] Started — node_id=9a16e471 role=sender
INFO:     Application startup complete.
INFO:     Uvicorn running on http://0.0.0.0:8001 (Press CTRL+C to quit)
INFO:     127.0.0.1:40554 - "GET /health HTTP/1.1" 200 OK
INFO:     127.0.0.1:53204 - "GET /docs HTTP/1.1" 200 OK
INFO:     127.0.0.1:53204 - "GET /openapi.json HTTP/1.1" 200 OK
INFO:httpx:HTTP Request: POST http://localhost:8000/sessions "HTTP/1.1 202 Accepted"
INFO:alice:[Alice] Session c77794b4 created
INFO:     127.0.0.1:44342 - "POST /start?receiver_label=bob-1&n_qubits=200&batch_size=10&loss_rate=0&retry_enabled=false HTTP/1.1" 200 OK
INFO:     127.0.0.1:44344 - "POST /webhook HTTP/1.1" 200 OK
INFO:alice:[Alice] Receiver joined c77794b4 — sending qubits
INFO:httpx:HTTP Request: GET http://localhost:8000/sessions/c77794b4-0fb5-4db7-aaf7-973a14d10dd6 "HTTP/1.1 200 OK"
INFO:httpx:HTTP Request: GET http://localhost:8000/sessions/c77794b4-0fb5-4db7-aaf7-973a14d10dd6/measurements "HTTP/1.1 200 OK"
INFO:httpx:HTTP Request: POST http://localhost:8003/batch/send "HTTP/1.1 200 OK"
INFO:httpx:HTTP Request: GET http://localhost:8000/sessions/c77794b4-0fb5-4db7-aaf7-973a14d10dd6 "HTTP/1.1 200 OK"
INFO:httpx:HTTP Request: GET http://localhost:8000/sessions/c77794b4-0fb5-4db7-aaf7-973a14d10dd6/measurements "HTTP/1.1 200 OK"
INFO:httpx:HTTP Request: POST http://localhost:8003/batch/send "HTTP/1.1 200 OK"
INFO:httpx:HTTP Request: GET http://localhost:8000/sessions/c77794b4-0fb5-4db7-aaf7-973a14d10dd6 "HTTP/1.1 200 OK"
INFO:httpx:HTTP Request: GET http://localhost:8000/sessions/c77794b4-0fb5-4db7-aaf7-973a14d10dd6/measurements "HTTP/1.1 200 OK"
INFO:httpx:HTTP Request: POST http://localhost:8003/batch/send "HTTP/1.1 200 OK"
INFO:httpx:HTTP Request: GET http://localhost:8000/sessions/c77794b4-0fb5-4db7-aaf7-973a14d10dd6 "HTTP/1.1 200 OK"
INFO:httpx:HTTP Request: GET http://localhost:8000/sessions/c77794b4-0fb5-4db7-aaf7-973a14d10dd6/measurements "HTTP/1.1 200 OK"
INFO:httpx:HTTP Request: POST http://localhost:8003/batch/send "HTTP/1.1 200 OK"
INFO:httpx:HTTP Request: GET http://localhost:8000/sessions/c77794b4-0fb5-4db7-aaf7-973a14d10dd6 "HTTP/1.1 200 OK"
INFO:httpx:HTTP Request: GET http://localhost:8000/sessions/c77794b4-0fb5-4db7-aaf7-973a14d10dd6/measurements "HTTP/1.1 200 OK"
INFO:httpx:HTTP Request: POST http://localhost:8003/batch/send "HTTP/1.1 200 OK"
INFO:httpx:HTTP Request: GET http://localhost:8000/sessions/c77794b4-0fb5-4db7-aaf7-973a14d10dd6 "HTTP/1.1 200 OK"
INFO:httpx:HTTP Request: GET http://localhost:8000/sessions/c77794b4-0fb5-4db7-aaf7-973a14d10dd6/measurements "HTTP/1.1 200 OK"
INFO:httpx:HTTP Request: POST http://localhost:8003/batch/send "HTTP/1.1 200 OK"
INFO:httpx:HTTP Request: GET http://localhost:8000/sessions/c77794b4-0fb5-4db7-aaf7-973a14d10dd6 "HTTP/1.1 200 OK"
INFO:httpx:HTTP Request: GET http://localhost:8000/sessions/c77794b4-0fb5-4db7-aaf7-973a14d10dd6/measurements "HTTP/1.1 200 OK"
INFO:httpx:HTTP Request: POST http://localhost:8003/batch/send "HTTP/1.1 200 OK"
INFO:httpx:HTTP Request: GET http://localhost:8000/sessions/c77794b4-0fb5-4db7-aaf7-973a14d10dd6 "HTTP/1.1 200 OK"
INFO:httpx:HTTP Request: GET http://localhost:8000/sessions/c77794b4-0fb5-4db7-aaf7-973a14d10dd6/measurements "HTTP/1.1 200 OK"
INFO:httpx:HTTP Request: POST http://localhost:8003/batch/send "HTTP/1.1 200 OK"
INFO:httpx:HTTP Request: GET http://localhost:8000/sessions/c77794b4-0fb5-4db7-aaf7-973a14d10dd6 "HTTP/1.1 200 OK"
INFO:httpx:HTTP Request: GET http://localhost:8000/sessions/c77794b4-0fb5-4db7-aaf7-973a14d10dd6/measurements "HTTP/1.1 200 OK"
INFO:httpx:HTTP Request: POST http://localhost:8003/batch/send "HTTP/1.1 200 OK"
INFO:httpx:HTTP Request: GET http://localhost:8000/sessions/c77794b4-0fb5-4db7-aaf7-973a14d10dd6 "HTTP/1.1 200 OK"
INFO:httpx:HTTP Request: GET http://localhost:8000/sessions/c77794b4-0fb5-4db7-aaf7-973a14d10dd6/measurements "HTTP/1.1 200 OK"
INFO:httpx:HTTP Request: POST http://localhost:8003/batch/send "HTTP/1.1 200 OK"
INFO:httpx:HTTP Request: GET http://localhost:8000/sessions/c77794b4-0fb5-4db7-aaf7-973a14d10dd6 "HTTP/1.1 200 OK"
INFO:httpx:HTTP Request: GET http://localhost:8000/sessions/c77794b4-0fb5-4db7-aaf7-973a14d10dd6/measurements "HTTP/1.1 200 OK"
INFO:httpx:HTTP Request: POST http://localhost:8003/batch/send "HTTP/1.1 200 OK"
INFO:httpx:HTTP Request: GET http://localhost:8000/sessions/c77794b4-0fb5-4db7-aaf7-973a14d10dd6 "HTTP/1.1 200 OK"
INFO:httpx:HTTP Request: GET http://localhost:8000/sessions/c77794b4-0fb5-4db7-aaf7-973a14d10dd6/measurements "HTTP/1.1 200 OK"
INFO:httpx:HTTP Request: POST http://localhost:8003/batch/send "HTTP/1.1 200 OK"
INFO:httpx:HTTP Request: GET http://localhost:8000/sessions/c77794b4-0fb5-4db7-aaf7-973a14d10dd6 "HTTP/1.1 200 OK"
INFO:httpx:HTTP Request: GET http://localhost:8000/sessions/c77794b4-0fb5-4db7-aaf7-973a14d10dd6/measurements "HTTP/1.1 200 OK"
INFO:httpx:HTTP Request: POST http://localhost:8003/batch/send "HTTP/1.1 200 OK"
INFO:httpx:HTTP Request: GET http://localhost:8000/sessions/c77794b4-0fb5-4db7-aaf7-973a14d10dd6 "HTTP/1.1 200 OK"
INFO:httpx:HTTP Request: GET http://localhost:8000/sessions/c77794b4-0fb5-4db7-aaf7-973a14d10dd6/measurements "HTTP/1.1 200 OK"
INFO:httpx:HTTP Request: POST http://localhost:8003/batch/send "HTTP/1.1 200 OK"
INFO:httpx:HTTP Request: GET http://localhost:8000/sessions/c77794b4-0fb5-4db7-aaf7-973a14d10dd6 "HTTP/1.1 200 OK"
INFO:httpx:HTTP Request: GET http://localhost:8000/sessions/c77794b4-0fb5-4db7-aaf7-973a14d10dd6/measurements "HTTP/1.1 200 OK"
INFO:httpx:HTTP Request: POST http://localhost:8003/batch/send "HTTP/1.1 200 OK"
INFO:httpx:HTTP Request: GET http://localhost:8000/sessions/c77794b4-0fb5-4db7-aaf7-973a14d10dd6 "HTTP/1.1 200 OK"
INFO:httpx:HTTP Request: GET http://localhost:8000/sessions/c77794b4-0fb5-4db7-aaf7-973a14d10dd6/measurements "HTTP/1.1 200 OK"
INFO:httpx:HTTP Request: POST http://localhost:8003/batch/send "HTTP/1.1 200 OK"
INFO:httpx:HTTP Request: GET http://localhost:8000/sessions/c77794b4-0fb5-4db7-aaf7-973a14d10dd6 "HTTP/1.1 200 OK"
INFO:httpx:HTTP Request: GET http://localhost:8000/sessions/c77794b4-0fb5-4db7-aaf7-973a14d10dd6/measurements "HTTP/1.1 200 OK"
INFO:httpx:HTTP Request: POST http://localhost:8003/batch/send "HTTP/1.1 200 OK"
INFO:httpx:HTTP Request: GET http://localhost:8000/sessions/c77794b4-0fb5-4db7-aaf7-973a14d10dd6 "HTTP/1.1 200 OK"
INFO:httpx:HTTP Request: GET http://localhost:8000/sessions/c77794b4-0fb5-4db7-aaf7-973a14d10dd6/measurements "HTTP/1.1 200 OK"
INFO:httpx:HTTP Request: POST http://localhost:8003/batch/send "HTTP/1.1 200 OK"
INFO:httpx:HTTP Request: GET http://localhost:8000/sessions/c77794b4-0fb5-4db7-aaf7-973a14d10dd6 "HTTP/1.1 200 OK"
INFO:httpx:HTTP Request: GET http://localhost:8000/sessions/c77794b4-0fb5-4db7-aaf7-973a14d10dd6/measurements "HTTP/1.1 200 OK"
INFO:httpx:HTTP Request: POST http://localhost:8003/batch/send "HTTP/1.1 200 OK"
INFO:httpx:HTTP Request: GET http://localhost:8000/sessions/c77794b4-0fb5-4db7-aaf7-973a14d10dd6 "HTTP/1.1 200 OK"
INFO:httpx:HTTP Request: GET http://localhost:8000/sessions/c77794b4-0fb5-4db7-aaf7-973a14d10dd6/measurements "HTTP/1.1 200 OK"
INFO:httpx:HTTP Request: POST http://localhost:8003/batch/send "HTTP/1.1 200 OK"
INFO:alice:[Alice] 200/200 qubits delivered session=c77794b4
INFO:httpx:HTTP Request: POST http://localhost:8000/sessions/c77794b4-0fb5-4db7-aaf7-973a14d10dd6/measurements "HTTP/1.1 202 Accepted"
INFO:     127.0.0.1:53672 - "POST /webhook HTTP/1.1" 200 OK
INFO:alice:[Alice] measurements_ready webhook → sifting c77794b4
INFO:httpx:HTTP Request: GET http://localhost:8000/sessions/c77794b4-0fb5-4db7-aaf7-973a14d10dd6/measurements "HTTP/1.1 200 OK"
INFO:alice:[Alice] 0 measurements fetched session=c77794b4
INFO:alice:[Alice] Sifting done session=c77794b4 n_sifted=0/200
INFO:httpx:HTTP Request: POST http://localhost:8000/sessions/c77794b4-0fb5-4db7-aaf7-973a14d10dd6/sift "HTTP/1.1 202 Accepted"
INFO:httpx:HTTP Request: POST http://localhost:8000/sessions/c77794b4-0fb5-4db7-aaf7-973a14d10dd6/key "HTTP/1.1 200 OK"
INFO:     127.0.0.1:53688 - "POST /webhook HTTP/1.1" 200 OK
INFO:     Shutting down
INFO:     Waiting for application shutdown.
INFO:node.base:[alice-1] Stopped
INFO:     Application shutdown complete.
INFO:     Finished server process [820]
