INFO:     Started server process [1172]
INFO:     Waiting for application startup.
INFO:httpx:HTTP Request: POST http://localhost:8000/nodes/register "HTTP/1.1 200 OK"
INFO:node.base:[alice-13] Registered → node_id=053eb8eb
INFO:node.base:[alice-13] Started  node_id=053eb8eb role=sender
INFO:     Application startup complete.
INFO:     Uvicorn running on http://0.0.0.0:8113 (Press CTRL+C to quit)
INFO:     127.0.0.1:59714 - "GET /health HTTP/1.1" 200 OK
INFO:httpx:HTTP Request: POST http://localhost:8000/sessions "HTTP/1.1 202 Accepted"
INFO:alice:[Alice] Worker spawned session=0c61d022 queue=qubit_send_0c61d022 pid=1343
INFO:alice:[Alice] Session 0c61d022 created n_qubits=1024 qkdl=http://localhost:9013 queue=qubit_send_0c61d022
INFO:     127.0.0.1:59728 - "POST /start?receiver_label=bob-13&n_qubits=1024&batch_size=10 HTTP/1.1" 200 OK
INFO:httpx:HTTP Request: GET http://localhost:8000/sessions/0c61d022-031f-41d2-a5a5-4fe93fe5eb68 "HTTP/1.1 200 OK"
INFO:httpx:HTTP Request: GET http://localhost:8000/sessions/0c61d022-031f-41d2-a5a5-4fe93fe5eb68 "HTTP/1.1 200 OK"
INFO:httpx:HTTP Request: GET http://localhost:8000/sessions/0c61d022-031f-41d2-a5a5-4fe93fe5eb68 "HTTP/1.1 200 OK"
INFO:httpx:HTTP Request: GET http://localhost:8000/sessions/0c61d022-031f-41d2-a5a5-4fe93fe5eb68 "HTTP/1.1 200 OK"
INFO:httpx:HTTP Request: GET http://localhost:8000/sessions/0c61d022-031f-41d2-a5a5-4fe93fe5eb68 "HTTP/1.1 200 OK"
INFO:httpx:HTTP Request: GET http://localhost:8000/sessions/0c61d022-031f-41d2-a5a5-4fe93fe5eb68 "HTTP/1.1 200 OK"
INFO:httpx:HTTP Request: GET http://localhost:8000/sessions/0c61d022-031f-41d2-a5a5-4fe93fe5eb68 "HTTP/1.1 200 OK"
INFO:httpx:HTTP Request: GET http://localhost:8000/sessions/0c61d022-031f-41d2-a5a5-4fe93fe5eb68 "HTTP/1.1 200 OK"
INFO:httpx:HTTP Request: GET http://localhost:8000/sessions/0c61d022-031f-41d2-a5a5-4fe93fe5eb68 "HTTP/1.1 200 OK"
INFO:httpx:HTTP Request: GET http://localhost:8000/sessions/0c61d022-031f-41d2-a5a5-4fe93fe5eb68 "HTTP/1.1 200 OK"
INFO:httpx:HTTP Request: GET http://localhost:8000/sessions/0c61d022-031f-41d2-a5a5-4fe93fe5eb68 "HTTP/1.1 200 OK"
INFO:     127.0.0.1:34426 - "POST /webhook HTTP/1.1" 200 OK
INFO:alice:[Alice] Receiver joined 0c61d022  dispatching pipeline
INFO:httpx:HTTP Request: GET http://localhost:8000/sessions/0c61d022-031f-41d2-a5a5-4fe93fe5eb68 "HTTP/1.1 200 OK"
INFO:alice:[Alice] Dispatching pipeline session=0c61d022 batches=103 qkdl=http://localhost:9013 queue=qubit_send_0c61d022
INFO:httpx:HTTP Request: GET http://localhost:8000/sessions/0c61d022-031f-41d2-a5a5-4fe93fe5eb68 "HTTP/1.1 200 OK"
INFO:httpx:HTTP Request: GET http://localhost:8000/sessions/0c61d022-031f-41d2-a5a5-4fe93fe5eb68 "HTTP/1.1 200 OK"
INFO:httpx:HTTP Request: GET http://localhost:8000/sessions/0c61d022-031f-41d2-a5a5-4fe93fe5eb68 "HTTP/1.1 200 OK"
INFO:alice:[Alice] Pipeline dispatched session=0c61d022 (103 QTT → ST → QKT → NT) queue=qubit_send_0c61d022
INFO:httpx:HTTP Request: GET http://localhost:8000/sessions/0c61d022-031f-41d2-a5a5-4fe93fe5eb68 "HTTP/1.1 200 OK"
INFO:httpx:HTTP Request: GET http://localhost:8000/sessions/0c61d022-031f-41d2-a5a5-4fe93fe5eb68 "HTTP/1.1 200 OK"
INFO:httpx:HTTP Request: GET http://localhost:8000/sessions/0c61d022-031f-41d2-a5a5-4fe93fe5eb68 "HTTP/1.1 200 OK"
INFO:httpx:HTTP Request: GET http://localhost:8000/sessions/0c61d022-031f-41d2-a5a5-4fe93fe5eb68 "HTTP/1.1 200 OK"
INFO:httpx:HTTP Request: GET http://localhost:8000/sessions/0c61d022-031f-41d2-a5a5-4fe93fe5eb68 "HTTP/1.1 200 OK"
INFO:httpx:HTTP Request: GET http://localhost:8000/sessions/0c61d022-031f-41d2-a5a5-4fe93fe5eb68 "HTTP/1.1 200 OK"
INFO:httpx:HTTP Request: GET http://localhost:8000/sessions/0c61d022-031f-41d2-a5a5-4fe93fe5eb68 "HTTP/1.1 200 OK"
INFO:httpx:HTTP Request: GET http://localhost:8000/sessions/0c61d022-031f-41d2-a5a5-4fe93fe5eb68 "HTTP/1.1 200 OK"
INFO:httpx:HTTP Request: GET http://localhost:8000/sessions/0c61d022-031f-41d2-a5a5-4fe93fe5eb68 "HTTP/1.1 200 OK"
INFO:httpx:HTTP Request: GET http://localhost:8000/sessions/0c61d022-031f-41d2-a5a5-4fe93fe5eb68 "HTTP/1.1 200 OK"
INFO:httpx:HTTP Request: GET http://localhost:8000/sessions/0c61d022-031f-41d2-a5a5-4fe93fe5eb68 "HTTP/1.1 200 OK"
INFO:httpx:HTTP Request: GET http://localhost:8000/sessions/0c61d022-031f-41d2-a5a5-4fe93fe5eb68 "HTTP/1.1 200 OK"
INFO:httpx:HTTP Request: GET http://localhost:8000/sessions/0c61d022-031f-41d2-a5a5-4fe93fe5eb68 "HTTP/1.1 200 OK"
INFO:httpx:HTTP Request: GET http://localhost:8000/sessions/0c61d022-031f-41d2-a5a5-4fe93fe5eb68 "HTTP/1.1 200 OK"
INFO:httpx:HTTP Request: GET http://localhost:8000/sessions/0c61d022-031f-41d2-a5a5-4fe93fe5eb68 "HTTP/1.1 200 OK"
INFO:httpx:HTTP Request: GET http://localhost:8000/sessions/0c61d022-031f-41d2-a5a5-4fe93fe5eb68 "HTTP/1.1 200 OK"
INFO:httpx:HTTP Request: GET http://localhost:8000/sessions/0c61d022-031f-41d2-a5a5-4fe93fe5eb68 "HTTP/1.1 200 OK"
INFO:httpx:HTTP Request: GET http://localhost:8000/sessions/0c61d022-031f-41d2-a5a5-4fe93fe5eb68 "HTTP/1.1 200 OK"
INFO:httpx:HTTP Request: GET http://localhost:8000/sessions/0c61d022-031f-41d2-a5a5-4fe93fe5eb68 "HTTP/1.1 200 OK"
INFO:httpx:HTTP Request: GET http://localhost:8000/sessions/0c61d022-031f-41d2-a5a5-4fe93fe5eb68 "HTTP/1.1 200 OK"
INFO:httpx:HTTP Request: GET http://localhost:8000/sessions/0c61d022-031f-41d2-a5a5-4fe93fe5eb68 "HTTP/1.1 200 OK"
INFO:httpx:HTTP Request: GET http://localhost:8000/sessions/0c61d022-031f-41d2-a5a5-4fe93fe5eb68 "HTTP/1.1 200 OK"
INFO:httpx:HTTP Request: GET http://localhost:8000/sessions/0c61d022-031f-41d2-a5a5-4fe93fe5eb68 "HTTP/1.1 200 OK"
INFO:httpx:HTTP Request: GET http://localhost:8000/sessions/0c61d022-031f-41d2-a5a5-4fe93fe5eb68 "HTTP/1.1 200 OK"
INFO:httpx:HTTP Request: GET http://localhost:8000/sessions/0c61d022-031f-41d2-a5a5-4fe93fe5eb68 "HTTP/1.1 200 OK"
INFO:httpx:HTTP Request: GET http://localhost:8000/sessions/0c61d022-031f-41d2-a5a5-4fe93fe5eb68 "HTTP/1.1 200 OK"
INFO:httpx:HTTP Request: GET http://localhost:8000/sessions/0c61d022-031f-41d2-a5a5-4fe93fe5eb68 "HTTP/1.1 200 OK"
INFO:httpx:HTTP Request: GET http://localhost:8000/sessions/0c61d022-031f-41d2-a5a5-4fe93fe5eb68 "HTTP/1.1 200 OK"
INFO:httpx:HTTP Request: GET http://localhost:8000/sessions/0c61d022-031f-41d2-a5a5-4fe93fe5eb68 "HTTP/1.1 200 OK"
INFO:httpx:HTTP Request: GET http://localhost:8000/sessions/0c61d022-031f-41d2-a5a5-4fe93fe5eb68 "HTTP/1.1 200 OK"
INFO:httpx:HTTP Request: GET http://localhost:8000/sessions/0c61d022-031f-41d2-a5a5-4fe93fe5eb68 "HTTP/1.1 200 OK"
INFO:httpx:HTTP Request: GET http://localhost:8000/sessions/0c61d022-031f-41d2-a5a5-4fe93fe5eb68 "HTTP/1.1 200 OK"
INFO:httpx:HTTP Request: GET http://localhost:8000/sessions/0c61d022-031f-41d2-a5a5-4fe93fe5eb68 "HTTP/1.1 200 OK"
INFO:httpx:HTTP Request: GET http://localhost:8000/sessions/0c61d022-031f-41d2-a5a5-4fe93fe5eb68 "HTTP/1.1 200 OK"
INFO:httpx:HTTP Request: GET http://localhost:8000/sessions/0c61d022-031f-41d2-a5a5-4fe93fe5eb68 "HTTP/1.1 200 OK"
INFO:httpx:HTTP Request: GET http://localhost:8000/sessions/0c61d022-031f-41d2-a5a5-4fe93fe5eb68 "HTTP/1.1 200 OK"
INFO:httpx:HTTP Request: GET http://localhost:8000/sessions/0c61d022-031f-41d2-a5a5-4fe93fe5eb68 "HTTP/1.1 200 OK"
INFO:httpx:HTTP Request: GET http://localhost:8000/sessions/0c61d022-031f-41d2-a5a5-4fe93fe5eb68 "HTTP/1.1 200 OK"
INFO:httpx:HTTP Request: GET http://localhost:8000/sessions/0c61d022-031f-41d2-a5a5-4fe93fe5eb68 "HTTP/1.1 200 OK"
INFO:httpx:HTTP Request: GET http://localhost:8000/sessions/0c61d022-031f-41d2-a5a5-4fe93fe5eb68 "HTTP/1.1 200 OK"
INFO:httpx:HTTP Request: GET http://localhost:8000/sessions/0c61d022-031f-41d2-a5a5-4fe93fe5eb68 "HTTP/1.1 200 OK"
INFO:httpx:HTTP Request: GET http://localhost:8000/sessions/0c61d022-031f-41d2-a5a5-4fe93fe5eb68 "HTTP/1.1 200 OK"
INFO:httpx:HTTP Request: GET http://localhost:8000/sessions/0c61d022-031f-41d2-a5a5-4fe93fe5eb68 "HTTP/1.1 200 OK"
INFO:httpx:HTTP Request: GET http://localhost:8000/sessions/0c61d022-031f-41d2-a5a5-4fe93fe5eb68 "HTTP/1.1 200 OK"
INFO:httpx:HTTP Request: GET http://localhost:8000/sessions/0c61d022-031f-41d2-a5a5-4fe93fe5eb68 "HTTP/1.1 200 OK"
INFO:httpx:HTTP Request: GET http://localhost:8000/sessions/0c61d022-031f-41d2-a5a5-4fe93fe5eb68 "HTTP/1.1 200 OK"
INFO:httpx:HTTP Request: GET http://localhost:8000/sessions/0c61d022-031f-41d2-a5a5-4fe93fe5eb68 "HTTP/1.1 200 OK"
INFO:httpx:HTTP Request: GET http://localhost:8000/sessions/0c61d022-031f-41d2-a5a5-4fe93fe5eb68 "HTTP/1.1 200 OK"
INFO:httpx:HTTP Request: GET http://localhost:8000/sessions/0c61d022-031f-41d2-a5a5-4fe93fe5eb68 "HTTP/1.1 200 OK"
INFO:httpx:HTTP Request: GET http://localhost:8000/sessions/0c61d022-031f-41d2-a5a5-4fe93fe5eb68 "HTTP/1.1 200 OK"
INFO:httpx:HTTP Request: GET http://localhost:8000/sessions/0c61d022-031f-41d2-a5a5-4fe93fe5eb68 "HTTP/1.1 200 OK"
INFO:httpx:HTTP Request: GET http://localhost:8000/sessions/0c61d022-031f-41d2-a5a5-4fe93fe5eb68 "HTTP/1.1 200 OK"
INFO:httpx:HTTP Request: GET http://localhost:8000/sessions/0c61d022-031f-41d2-a5a5-4fe93fe5eb68 "HTTP/1.1 200 OK"
INFO:httpx:HTTP Request: GET http://localhost:8000/sessions/0c61d022-031f-41d2-a5a5-4fe93fe5eb68 "HTTP/1.1 200 OK"
INFO:httpx:HTTP Request: GET http://localhost:8000/sessions/0c61d022-031f-41d2-a5a5-4fe93fe5eb68 "HTTP/1.1 200 OK"
INFO:httpx:HTTP Request: GET http://localhost:8000/sessions/0c61d022-031f-41d2-a5a5-4fe93fe5eb68 "HTTP/1.1 200 OK"
INFO:httpx:HTTP Request: GET http://localhost:8000/sessions/0c61d022-031f-41d2-a5a5-4fe93fe5eb68 "HTTP/1.1 200 OK"
INFO:httpx:HTTP Request: GET http://localhost:8000/sessions/0c61d022-031f-41d2-a5a5-4fe93fe5eb68 "HTTP/1.1 200 OK"
INFO:httpx:HTTP Request: GET http://localhost:8000/sessions/0c61d022-031f-41d2-a5a5-4fe93fe5eb68 "HTTP/1.1 200 OK"
INFO:httpx:HTTP Request: GET http://localhost:8000/sessions/0c61d022-031f-41d2-a5a5-4fe93fe5eb68 "HTTP/1.1 200 OK"
INFO:httpx:HTTP Request: GET http://localhost:8000/sessions/0c61d022-031f-41d2-a5a5-4fe93fe5eb68 "HTTP/1.1 200 OK"
INFO:httpx:HTTP Request: GET http://localhost:8000/sessions/0c61d022-031f-41d2-a5a5-4fe93fe5eb68 "HTTP/1.1 200 OK"
INFO:httpx:HTTP Request: GET http://localhost:8000/sessions/0c61d022-031f-41d2-a5a5-4fe93fe5eb68 "HTTP/1.1 200 OK"
INFO:httpx:HTTP Request: GET http://localhost:8000/sessions/0c61d022-031f-41d2-a5a5-4fe93fe5eb68 "HTTP/1.1 200 OK"
INFO:httpx:HTTP Request: GET http://localhost:8000/sessions/0c61d022-031f-41d2-a5a5-4fe93fe5eb68 "HTTP/1.1 200 OK"
INFO:httpx:HTTP Request: GET http://localhost:8000/sessions/0c61d022-031f-41d2-a5a5-4fe93fe5eb68 "HTTP/1.1 200 OK"
INFO:httpx:HTTP Request: GET http://localhost:8000/sessions/0c61d022-031f-41d2-a5a5-4fe93fe5eb68 "HTTP/1.1 200 OK"
INFO:httpx:HTTP Request: GET http://localhost:8000/sessions/0c61d022-031f-41d2-a5a5-4fe93fe5eb68 "HTTP/1.1 200 OK"
INFO:httpx:HTTP Request: GET http://localhost:8000/sessions/0c61d022-031f-41d2-a5a5-4fe93fe5eb68 "HTTP/1.1 200 OK"
INFO:httpx:HTTP Request: GET http://localhost:8000/sessions/0c61d022-031f-41d2-a5a5-4fe93fe5eb68 "HTTP/1.1 200 OK"
INFO:httpx:HTTP Request: GET http://localhost:8000/sessions/0c61d022-031f-41d2-a5a5-4fe93fe5eb68 "HTTP/1.1 200 OK"
INFO:httpx:HTTP Request: GET http://localhost:8000/sessions/0c61d022-031f-41d2-a5a5-4fe93fe5eb68 "HTTP/1.1 200 OK"
INFO:httpx:HTTP Request: GET http://localhost:8000/sessions/0c61d022-031f-41d2-a5a5-4fe93fe5eb68 "HTTP/1.1 200 OK"
INFO:httpx:HTTP Request: GET http://localhost:8000/sessions/0c61d022-031f-41d2-a5a5-4fe93fe5eb68 "HTTP/1.1 200 OK"
INFO:httpx:HTTP Request: GET http://localhost:8000/sessions/0c61d022-031f-41d2-a5a5-4fe93fe5eb68 "HTTP/1.1 200 OK"
INFO:httpx:HTTP Request: GET http://localhost:8000/sessions/0c61d022-031f-41d2-a5a5-4fe93fe5eb68 "HTTP/1.1 200 OK"
INFO:httpx:HTTP Request: GET http://localhost:8000/sessions/0c61d022-031f-41d2-a5a5-4fe93fe5eb68 "HTTP/1.1 200 OK"
INFO:httpx:HTTP Request: GET http://localhost:8000/sessions/0c61d022-031f-41d2-a5a5-4fe93fe5eb68 "HTTP/1.1 200 OK"
INFO:httpx:HTTP Request: GET http://localhost:8000/sessions/0c61d022-031f-41d2-a5a5-4fe93fe5eb68 "HTTP/1.1 200 OK"
INFO:httpx:HTTP Request: GET http://localhost:8000/sessions/0c61d022-031f-41d2-a5a5-4fe93fe5eb68 "HTTP/1.1 200 OK"
INFO:httpx:HTTP Request: GET http://localhost:8000/sessions/0c61d022-031f-41d2-a5a5-4fe93fe5eb68 "HTTP/1.1 200 OK"
INFO:httpx:HTTP Request: GET http://localhost:8000/sessions/0c61d022-031f-41d2-a5a5-4fe93fe5eb68 "HTTP/1.1 200 OK"
INFO:httpx:HTTP Request: GET http://localhost:8000/sessions/0c61d022-031f-41d2-a5a5-4fe93fe5eb68 "HTTP/1.1 200 OK"
INFO:httpx:HTTP Request: GET http://localhost:8000/sessions/0c61d022-031f-41d2-a5a5-4fe93fe5eb68 "HTTP/1.1 200 OK"
INFO:httpx:HTTP Request: GET http://localhost:8000/sessions/0c61d022-031f-41d2-a5a5-4fe93fe5eb68 "HTTP/1.1 200 OK"
INFO:httpx:HTTP Request: GET http://localhost:8000/sessions/0c61d022-031f-41d2-a5a5-4fe93fe5eb68 "HTTP/1.1 200 OK"
INFO:httpx:HTTP Request: GET http://localhost:8000/sessions/0c61d022-031f-41d2-a5a5-4fe93fe5eb68 "HTTP/1.1 200 OK"
INFO:httpx:HTTP Request: GET http://localhost:8000/sessions/0c61d022-031f-41d2-a5a5-4fe93fe5eb68 "HTTP/1.1 200 OK"
INFO:httpx:HTTP Request: GET http://localhost:8000/sessions/0c61d022-031f-41d2-a5a5-4fe93fe5eb68 "HTTP/1.1 200 OK"
INFO:httpx:HTTP Request: GET http://localhost:8000/sessions/0c61d022-031f-41d2-a5a5-4fe93fe5eb68 "HTTP/1.1 200 OK"
INFO:httpx:HTTP Request: GET http://localhost:8000/sessions/0c61d022-031f-41d2-a5a5-4fe93fe5eb68 "HTTP/1.1 200 OK"
INFO:httpx:HTTP Request: GET http://localhost:8000/sessions/0c61d022-031f-41d2-a5a5-4fe93fe5eb68 "HTTP/1.1 200 OK"
INFO:httpx:HTTP Request: GET http://localhost:8000/sessions/0c61d022-031f-41d2-a5a5-4fe93fe5eb68 "HTTP/1.1 200 OK"
INFO:httpx:HTTP Request: GET http://localhost:8000/sessions/0c61d022-031f-41d2-a5a5-4fe93fe5eb68 "HTTP/1.1 200 OK"
INFO:httpx:HTTP Request: GET http://localhost:8000/sessions/0c61d022-031f-41d2-a5a5-4fe93fe5eb68 "HTTP/1.1 200 OK"
INFO:httpx:HTTP Request: GET http://localhost:8000/sessions/0c61d022-031f-41d2-a5a5-4fe93fe5eb68 "HTTP/1.1 200 OK"
INFO:httpx:HTTP Request: GET http://localhost:8000/sessions/0c61d022-031f-41d2-a5a5-4fe93fe5eb68 "HTTP/1.1 200 OK"
INFO:httpx:HTTP Request: GET http://localhost:8000/sessions/0c61d022-031f-41d2-a5a5-4fe93fe5eb68 "HTTP/1.1 200 OK"
INFO:httpx:HTTP Request: GET http://localhost:8000/sessions/0c61d022-031f-41d2-a5a5-4fe93fe5eb68 "HTTP/1.1 200 OK"
INFO:httpx:HTTP Request: GET http://localhost:8000/sessions/0c61d022-031f-41d2-a5a5-4fe93fe5eb68 "HTTP/1.1 200 OK"
INFO:httpx:HTTP Request: GET http://localhost:8000/sessions/0c61d022-031f-41d2-a5a5-4fe93fe5eb68 "HTTP/1.1 200 OK"
INFO:httpx:HTTP Request: GET http://localhost:8000/sessions/0c61d022-031f-41d2-a5a5-4fe93fe5eb68 "HTTP/1.1 200 OK"
INFO:httpx:HTTP Request: GET http://localhost:8000/sessions/0c61d022-031f-41d2-a5a5-4fe93fe5eb68 "HTTP/1.1 200 OK"
INFO:httpx:HTTP Request: GET http://localhost:8000/sessions/0c61d022-031f-41d2-a5a5-4fe93fe5eb68 "HTTP/1.1 200 OK"
INFO:     127.0.0.1:42480 - "POST /webhook HTTP/1.1" 200 OK
INFO:httpx:HTTP Request: GET http://localhost:8000/sessions/0c61d022-031f-41d2-a5a5-4fe93fe5eb68 "HTTP/1.1 200 OK"
INFO:httpx:HTTP Request: GET http://localhost:8000/sessions/0c61d022-031f-41d2-a5a5-4fe93fe5eb68 "HTTP/1.1 200 OK"
INFO:httpx:HTTP Request: GET http://localhost:8000/sessions/0c61d022-031f-41d2-a5a5-4fe93fe5eb68 "HTTP/1.1 200 OK"
INFO:httpx:HTTP Request: GET http://localhost:8000/sessions/0c61d022-031f-41d2-a5a5-4fe93fe5eb68 "HTTP/1.1 200 OK"
INFO:httpx:HTTP Request: GET http://localhost:8000/sessions/0c61d022-031f-41d2-a5a5-4fe93fe5eb68 "HTTP/1.1 200 OK"
INFO:httpx:HTTP Request: GET http://localhost:8000/sessions/0c61d022-031f-41d2-a5a5-4fe93fe5eb68 "HTTP/1.1 200 OK"
INFO:httpx:HTTP Request: GET http://localhost:8000/sessions/0c61d022-031f-41d2-a5a5-4fe93fe5eb68 "HTTP/1.1 200 OK"
INFO:alice:[Alice] Poll detected terminal status session=0c61d022 status=done
INFO:alice:[Alice] Worker terminated session=0c61d022 pid=1343
INFO:     127.0.0.1:45906 - "GET /health HTTP/1.1" 200 OK
INFO:httpx:HTTP Request: POST http://localhost:8000/sessions "HTTP/1.1 202 Accepted"
INFO:alice:[Alice] Worker spawned session=604aad1f queue=qubit_send_604aad1f pid=274521
INFO:alice:[Alice] Session 604aad1f created n_qubits=1024 qkdl=http://localhost:8063 queue=qubit_send_604aad1f
INFO:     127.0.0.1:45916 - "POST /start?receiver_label=bob-13&n_qubits=1024&batch_size=10 HTTP/1.1" 200 OK
INFO:httpx:HTTP Request: GET http://localhost:8000/sessions/604aad1f-a8c6-4247-aa62-f97e3c8276e2 "HTTP/1.1 200 OK"
INFO:httpx:HTTP Request: GET http://localhost:8000/sessions/604aad1f-a8c6-4247-aa62-f97e3c8276e2 "HTTP/1.1 200 OK"
INFO:httpx:HTTP Request: GET http://localhost:8000/sessions/604aad1f-a8c6-4247-aa62-f97e3c8276e2 "HTTP/1.1 200 OK"
INFO:httpx:HTTP Request: GET http://localhost:8000/sessions/604aad1f-a8c6-4247-aa62-f97e3c8276e2 "HTTP/1.1 200 OK"
INFO:     127.0.0.1:60930 - "POST /webhook HTTP/1.1" 200 OK
INFO:alice:[Alice] Receiver joined 604aad1f  dispatching pipeline
INFO:httpx:HTTP Request: GET http://localhost:8000/sessions/604aad1f-a8c6-4247-aa62-f97e3c8276e2 "HTTP/1.1 200 OK"
INFO:alice:[Alice] Dispatching pipeline session=604aad1f batches=103 qkdl=http://localhost:8063 queue=qubit_send_604aad1f
INFO:httpx:HTTP Request: GET http://localhost:8000/sessions/604aad1f-a8c6-4247-aa62-f97e3c8276e2 "HTTP/1.1 200 OK"
INFO:httpx:HTTP Request: GET http://localhost:8000/sessions/604aad1f-a8c6-4247-aa62-f97e3c8276e2 "HTTP/1.1 200 OK"
INFO:alice:[Alice] Pipeline dispatched session=604aad1f (103 QTT → ST → QKT → NT) queue=qubit_send_604aad1f
INFO:httpx:HTTP Request: GET http://localhost:8000/sessions/604aad1f-a8c6-4247-aa62-f97e3c8276e2 "HTTP/1.1 200 OK"
INFO:httpx:HTTP Request: GET http://localhost:8000/sessions/604aad1f-a8c6-4247-aa62-f97e3c8276e2 "HTTP/1.1 200 OK"
INFO:httpx:HTTP Request: GET http://localhost:8000/sessions/604aad1f-a8c6-4247-aa62-f97e3c8276e2 "HTTP/1.1 200 OK"
INFO:httpx:HTTP Request: GET http://localhost:8000/sessions/604aad1f-a8c6-4247-aa62-f97e3c8276e2 "HTTP/1.1 200 OK"
INFO:httpx:HTTP Request: GET http://localhost:8000/sessions/604aad1f-a8c6-4247-aa62-f97e3c8276e2 "HTTP/1.1 200 OK"
INFO:httpx:HTTP Request: GET http://localhost:8000/sessions/604aad1f-a8c6-4247-aa62-f97e3c8276e2 "HTTP/1.1 200 OK"
INFO:httpx:HTTP Request: GET http://localhost:8000/sessions/604aad1f-a8c6-4247-aa62-f97e3c8276e2 "HTTP/1.1 200 OK"
INFO:httpx:HTTP Request: GET http://localhost:8000/sessions/604aad1f-a8c6-4247-aa62-f97e3c8276e2 "HTTP/1.1 200 OK"
INFO:httpx:HTTP Request: GET http://localhost:8000/sessions/604aad1f-a8c6-4247-aa62-f97e3c8276e2 "HTTP/1.1 200 OK"
INFO:httpx:HTTP Request: GET http://localhost:8000/sessions/604aad1f-a8c6-4247-aa62-f97e3c8276e2 "HTTP/1.1 200 OK"
INFO:httpx:HTTP Request: GET http://localhost:8000/sessions/604aad1f-a8c6-4247-aa62-f97e3c8276e2 "HTTP/1.1 200 OK"
INFO:httpx:HTTP Request: GET http://localhost:8000/sessions/604aad1f-a8c6-4247-aa62-f97e3c8276e2 "HTTP/1.1 200 OK"
INFO:httpx:HTTP Request: GET http://localhost:8000/sessions/604aad1f-a8c6-4247-aa62-f97e3c8276e2 "HTTP/1.1 200 OK"
INFO:httpx:HTTP Request: GET http://localhost:8000/sessions/604aad1f-a8c6-4247-aa62-f97e3c8276e2 "HTTP/1.1 200 OK"
INFO:httpx:HTTP Request: GET http://localhost:8000/sessions/604aad1f-a8c6-4247-aa62-f97e3c8276e2 "HTTP/1.1 200 OK"
INFO:httpx:HTTP Request: GET http://localhost:8000/sessions/604aad1f-a8c6-4247-aa62-f97e3c8276e2 "HTTP/1.1 200 OK"
INFO:httpx:HTTP Request: GET http://localhost:8000/sessions/604aad1f-a8c6-4247-aa62-f97e3c8276e2 "HTTP/1.1 200 OK"
INFO:httpx:HTTP Request: GET http://localhost:8000/sessions/604aad1f-a8c6-4247-aa62-f97e3c8276e2 "HTTP/1.1 200 OK"
INFO:httpx:HTTP Request: GET http://localhost:8000/sessions/604aad1f-a8c6-4247-aa62-f97e3c8276e2 "HTTP/1.1 200 OK"
INFO:httpx:HTTP Request: GET http://localhost:8000/sessions/604aad1f-a8c6-4247-aa62-f97e3c8276e2 "HTTP/1.1 200 OK"
INFO:httpx:HTTP Request: GET http://localhost:8000/sessions/604aad1f-a8c6-4247-aa62-f97e3c8276e2 "HTTP/1.1 200 OK"
INFO:httpx:HTTP Request: GET http://localhost:8000/sessions/604aad1f-a8c6-4247-aa62-f97e3c8276e2 "HTTP/1.1 200 OK"
INFO:httpx:HTTP Request: GET http://localhost:8000/sessions/604aad1f-a8c6-4247-aa62-f97e3c8276e2 "HTTP/1.1 200 OK"
INFO:httpx:HTTP Request: GET http://localhost:8000/sessions/604aad1f-a8c6-4247-aa62-f97e3c8276e2 "HTTP/1.1 200 OK"
INFO:httpx:HTTP Request: GET http://localhost:8000/sessions/604aad1f-a8c6-4247-aa62-f97e3c8276e2 "HTTP/1.1 200 OK"
INFO:httpx:HTTP Request: GET http://localhost:8000/sessions/604aad1f-a8c6-4247-aa62-f97e3c8276e2 "HTTP/1.1 200 OK"
INFO:httpx:HTTP Request: GET http://localhost:8000/sessions/604aad1f-a8c6-4247-aa62-f97e3c8276e2 "HTTP/1.1 200 OK"
INFO:httpx:HTTP Request: GET http://localhost:8000/sessions/604aad1f-a8c6-4247-aa62-f97e3c8276e2 "HTTP/1.1 200 OK"
INFO:httpx:HTTP Request: GET http://localhost:8000/sessions/604aad1f-a8c6-4247-aa62-f97e3c8276e2 "HTTP/1.1 200 OK"
INFO:httpx:HTTP Request: GET http://localhost:8000/sessions/604aad1f-a8c6-4247-aa62-f97e3c8276e2 "HTTP/1.1 200 OK"
INFO:httpx:HTTP Request: GET http://localhost:8000/sessions/604aad1f-a8c6-4247-aa62-f97e3c8276e2 "HTTP/1.1 200 OK"
INFO:httpx:HTTP Request: GET http://localhost:8000/sessions/604aad1f-a8c6-4247-aa62-f97e3c8276e2 "HTTP/1.1 200 OK"
INFO:httpx:HTTP Request: GET http://localhost:8000/sessions/604aad1f-a8c6-4247-aa62-f97e3c8276e2 "HTTP/1.1 200 OK"
INFO:httpx:HTTP Request: GET http://localhost:8000/sessions/604aad1f-a8c6-4247-aa62-f97e3c8276e2 "HTTP/1.1 200 OK"
INFO:httpx:HTTP Request: GET http://localhost:8000/sessions/604aad1f-a8c6-4247-aa62-f97e3c8276e2 "HTTP/1.1 200 OK"
INFO:httpx:HTTP Request: GET http://localhost:8000/sessions/604aad1f-a8c6-4247-aa62-f97e3c8276e2 "HTTP/1.1 200 OK"
INFO:httpx:HTTP Request: GET http://localhost:8000/sessions/604aad1f-a8c6-4247-aa62-f97e3c8276e2 "HTTP/1.1 200 OK"
INFO:httpx:HTTP Request: GET http://localhost:8000/sessions/604aad1f-a8c6-4247-aa62-f97e3c8276e2 "HTTP/1.1 200 OK"
INFO:httpx:HTTP Request: GET http://localhost:8000/sessions/604aad1f-a8c6-4247-aa62-f97e3c8276e2 "HTTP/1.1 200 OK"
INFO:httpx:HTTP Request: GET http://localhost:8000/sessions/604aad1f-a8c6-4247-aa62-f97e3c8276e2 "HTTP/1.1 200 OK"
INFO:httpx:HTTP Request: GET http://localhost:8000/sessions/604aad1f-a8c6-4247-aa62-f97e3c8276e2 "HTTP/1.1 200 OK"
INFO:httpx:HTTP Request: GET http://localhost:8000/sessions/604aad1f-a8c6-4247-aa62-f97e3c8276e2 "HTTP/1.1 200 OK"
INFO:httpx:HTTP Request: GET http://localhost:8000/sessions/604aad1f-a8c6-4247-aa62-f97e3c8276e2 "HTTP/1.1 200 OK"
INFO:httpx:HTTP Request: GET http://localhost:8000/sessions/604aad1f-a8c6-4247-aa62-f97e3c8276e2 "HTTP/1.1 200 OK"
INFO:httpx:HTTP Request: GET http://localhost:8000/sessions/604aad1f-a8c6-4247-aa62-f97e3c8276e2 "HTTP/1.1 200 OK"
INFO:httpx:HTTP Request: GET http://localhost:8000/sessions/604aad1f-a8c6-4247-aa62-f97e3c8276e2 "HTTP/1.1 200 OK"
INFO:httpx:HTTP Request: GET http://localhost:8000/sessions/604aad1f-a8c6-4247-aa62-f97e3c8276e2 "HTTP/1.1 200 OK"
INFO:httpx:HTTP Request: GET http://localhost:8000/sessions/604aad1f-a8c6-4247-aa62-f97e3c8276e2 "HTTP/1.1 200 OK"
INFO:httpx:HTTP Request: GET http://localhost:8000/sessions/604aad1f-a8c6-4247-aa62-f97e3c8276e2 "HTTP/1.1 200 OK"
INFO:httpx:HTTP Request: GET http://localhost:8000/sessions/604aad1f-a8c6-4247-aa62-f97e3c8276e2 "HTTP/1.1 200 OK"
INFO:httpx:HTTP Request: GET http://localhost:8000/sessions/604aad1f-a8c6-4247-aa62-f97e3c8276e2 "HTTP/1.1 200 OK"
INFO:httpx:HTTP Request: GET http://localhost:8000/sessions/604aad1f-a8c6-4247-aa62-f97e3c8276e2 "HTTP/1.1 200 OK"
INFO:httpx:HTTP Request: GET http://localhost:8000/sessions/604aad1f-a8c6-4247-aa62-f97e3c8276e2 "HTTP/1.1 200 OK"
INFO:httpx:HTTP Request: GET http://localhost:8000/sessions/604aad1f-a8c6-4247-aa62-f97e3c8276e2 "HTTP/1.1 200 OK"
INFO:httpx:HTTP Request: GET http://localhost:8000/sessions/604aad1f-a8c6-4247-aa62-f97e3c8276e2 "HTTP/1.1 200 OK"
INFO:httpx:HTTP Request: GET http://localhost:8000/sessions/604aad1f-a8c6-4247-aa62-f97e3c8276e2 "HTTP/1.1 200 OK"
INFO:httpx:HTTP Request: GET http://localhost:8000/sessions/604aad1f-a8c6-4247-aa62-f97e3c8276e2 "HTTP/1.1 200 OK"
INFO:httpx:HTTP Request: GET http://localhost:8000/sessions/604aad1f-a8c6-4247-aa62-f97e3c8276e2 "HTTP/1.1 200 OK"
INFO:httpx:HTTP Request: GET http://localhost:8000/sessions/604aad1f-a8c6-4247-aa62-f97e3c8276e2 "HTTP/1.1 200 OK"
INFO:httpx:HTTP Request: GET http://localhost:8000/sessions/604aad1f-a8c6-4247-aa62-f97e3c8276e2 "HTTP/1.1 200 OK"
INFO:httpx:HTTP Request: GET http://localhost:8000/sessions/604aad1f-a8c6-4247-aa62-f97e3c8276e2 "HTTP/1.1 200 OK"
INFO:httpx:HTTP Request: GET http://localhost:8000/sessions/604aad1f-a8c6-4247-aa62-f97e3c8276e2 "HTTP/1.1 200 OK"
INFO:httpx:HTTP Request: GET http://localhost:8000/sessions/604aad1f-a8c6-4247-aa62-f97e3c8276e2 "HTTP/1.1 200 OK"
INFO:httpx:HTTP Request: GET http://localhost:8000/sessions/604aad1f-a8c6-4247-aa62-f97e3c8276e2 "HTTP/1.1 200 OK"
INFO:httpx:HTTP Request: GET http://localhost:8000/sessions/604aad1f-a8c6-4247-aa62-f97e3c8276e2 "HTTP/1.1 200 OK"
INFO:     Shutting down
INFO:     Finished server process [1172]
