INFO:     Started server process [1227]
INFO:     Waiting for application startup.
INFO:httpx:HTTP Request: POST http://localhost:8000/nodes/register "HTTP/1.1 200 OK"
INFO:node.base:[alice-18] Registered → node_id=25f493a4
INFO:node.base:[alice-18] Started  node_id=25f493a4 role=sender
INFO:     Application startup complete.
INFO:     Uvicorn running on http://0.0.0.0:8118 (Press CTRL+C to quit)
INFO:     127.0.0.1:57836 - "GET /health HTTP/1.1" 200 OK
INFO:httpx:HTTP Request: POST http://localhost:8000/sessions "HTTP/1.1 202 Accepted"
INFO:alice:[Alice] Worker spawned session=3e97baa8 queue=qubit_send_3e97baa8 pid=1420
INFO:alice:[Alice] Session 3e97baa8 created n_qubits=1024 qkdl=http://localhost:9103 queue=qubit_send_3e97baa8
INFO:     127.0.0.1:57850 - "POST /start?receiver_label=bob-18&n_qubits=1024&batch_size=10 HTTP/1.1" 200 OK
INFO:httpx:HTTP Request: GET http://localhost:8000/sessions/3e97baa8-668a-4cc1-929c-a0c848ae1352 "HTTP/1.1 200 OK"
INFO:httpx:HTTP Request: GET http://localhost:8000/sessions/3e97baa8-668a-4cc1-929c-a0c848ae1352 "HTTP/1.1 200 OK"
INFO:httpx:HTTP Request: GET http://localhost:8000/sessions/3e97baa8-668a-4cc1-929c-a0c848ae1352 "HTTP/1.1 200 OK"
INFO:httpx:HTTP Request: GET http://localhost:8000/sessions/3e97baa8-668a-4cc1-929c-a0c848ae1352 "HTTP/1.1 200 OK"
INFO:httpx:HTTP Request: GET http://localhost:8000/sessions/3e97baa8-668a-4cc1-929c-a0c848ae1352 "HTTP/1.1 200 OK"
INFO:httpx:HTTP Request: GET http://localhost:8000/sessions/3e97baa8-668a-4cc1-929c-a0c848ae1352 "HTTP/1.1 200 OK"
INFO:httpx:HTTP Request: GET http://localhost:8000/sessions/3e97baa8-668a-4cc1-929c-a0c848ae1352 "HTTP/1.1 200 OK"
INFO:httpx:HTTP Request: GET http://localhost:8000/sessions/3e97baa8-668a-4cc1-929c-a0c848ae1352 "HTTP/1.1 200 OK"
INFO:httpx:HTTP Request: GET http://localhost:8000/sessions/3e97baa8-668a-4cc1-929c-a0c848ae1352 "HTTP/1.1 200 OK"
INFO:httpx:HTTP Request: GET http://localhost:8000/sessions/3e97baa8-668a-4cc1-929c-a0c848ae1352 "HTTP/1.1 200 OK"
INFO:     127.0.0.1:58070 - "POST /webhook HTTP/1.1" 200 OK
INFO:alice:[Alice] Receiver joined 3e97baa8  dispatching pipeline
INFO:httpx:HTTP Request: GET http://localhost:8000/sessions/3e97baa8-668a-4cc1-929c-a0c848ae1352 "HTTP/1.1 200 OK"
INFO:alice:[Alice] Dispatching pipeline session=3e97baa8 batches=103 qkdl=http://localhost:9103 queue=qubit_send_3e97baa8
INFO:httpx:HTTP Request: GET http://localhost:8000/sessions/3e97baa8-668a-4cc1-929c-a0c848ae1352 "HTTP/1.1 200 OK"
INFO:httpx:HTTP Request: GET http://localhost:8000/sessions/3e97baa8-668a-4cc1-929c-a0c848ae1352 "HTTP/1.1 200 OK"
INFO:httpx:HTTP Request: GET http://localhost:8000/sessions/3e97baa8-668a-4cc1-929c-a0c848ae1352 "HTTP/1.1 200 OK"
INFO:httpx:HTTP Request: GET http://localhost:8000/sessions/3e97baa8-668a-4cc1-929c-a0c848ae1352 "HTTP/1.1 200 OK"
INFO:alice:[Alice] Pipeline dispatched session=3e97baa8 (103 QTT → ST → QKT → NT) queue=qubit_send_3e97baa8
INFO:httpx:HTTP Request: GET http://localhost:8000/sessions/3e97baa8-668a-4cc1-929c-a0c848ae1352 "HTTP/1.1 200 OK"
INFO:httpx:HTTP Request: GET http://localhost:8000/sessions/3e97baa8-668a-4cc1-929c-a0c848ae1352 "HTTP/1.1 200 OK"
INFO:httpx:HTTP Request: GET http://localhost:8000/sessions/3e97baa8-668a-4cc1-929c-a0c848ae1352 "HTTP/1.1 200 OK"
INFO:httpx:HTTP Request: GET http://localhost:8000/sessions/3e97baa8-668a-4cc1-929c-a0c848ae1352 "HTTP/1.1 200 OK"
INFO:httpx:HTTP Request: GET http://localhost:8000/sessions/3e97baa8-668a-4cc1-929c-a0c848ae1352 "HTTP/1.1 200 OK"
INFO:httpx:HTTP Request: GET http://localhost:8000/sessions/3e97baa8-668a-4cc1-929c-a0c848ae1352 "HTTP/1.1 200 OK"
INFO:httpx:HTTP Request: GET http://localhost:8000/sessions/3e97baa8-668a-4cc1-929c-a0c848ae1352 "HTTP/1.1 200 OK"
INFO:httpx:HTTP Request: GET http://localhost:8000/sessions/3e97baa8-668a-4cc1-929c-a0c848ae1352 "HTTP/1.1 200 OK"
INFO:httpx:HTTP Request: GET http://localhost:8000/sessions/3e97baa8-668a-4cc1-929c-a0c848ae1352 "HTTP/1.1 200 OK"
INFO:httpx:HTTP Request: GET http://localhost:8000/sessions/3e97baa8-668a-4cc1-929c-a0c848ae1352 "HTTP/1.1 200 OK"
INFO:httpx:HTTP Request: GET http://localhost:8000/sessions/3e97baa8-668a-4cc1-929c-a0c848ae1352 "HTTP/1.1 200 OK"
INFO:httpx:HTTP Request: GET http://localhost:8000/sessions/3e97baa8-668a-4cc1-929c-a0c848ae1352 "HTTP/1.1 200 OK"
INFO:httpx:HTTP Request: GET http://localhost:8000/sessions/3e97baa8-668a-4cc1-929c-a0c848ae1352 "HTTP/1.1 200 OK"
INFO:httpx:HTTP Request: GET http://localhost:8000/sessions/3e97baa8-668a-4cc1-929c-a0c848ae1352 "HTTP/1.1 200 OK"
INFO:httpx:HTTP Request: GET http://localhost:8000/sessions/3e97baa8-668a-4cc1-929c-a0c848ae1352 "HTTP/1.1 200 OK"
INFO:httpx:HTTP Request: GET http://localhost:8000/sessions/3e97baa8-668a-4cc1-929c-a0c848ae1352 "HTTP/1.1 200 OK"
INFO:httpx:HTTP Request: GET http://localhost:8000/sessions/3e97baa8-668a-4cc1-929c-a0c848ae1352 "HTTP/1.1 200 OK"
INFO:httpx:HTTP Request: GET http://localhost:8000/sessions/3e97baa8-668a-4cc1-929c-a0c848ae1352 "HTTP/1.1 200 OK"
INFO:httpx:HTTP Request: GET http://localhost:8000/sessions/3e97baa8-668a-4cc1-929c-a0c848ae1352 "HTTP/1.1 200 OK"
INFO:httpx:HTTP Request: GET http://localhost:8000/sessions/3e97baa8-668a-4cc1-929c-a0c848ae1352 "HTTP/1.1 200 OK"
INFO:httpx:HTTP Request: GET http://localhost:8000/sessions/3e97baa8-668a-4cc1-929c-a0c848ae1352 "HTTP/1.1 200 OK"
INFO:httpx:HTTP Request: GET http://localhost:8000/sessions/3e97baa8-668a-4cc1-929c-a0c848ae1352 "HTTP/1.1 200 OK"
INFO:httpx:HTTP Request: GET http://localhost:8000/sessions/3e97baa8-668a-4cc1-929c-a0c848ae1352 "HTTP/1.1 200 OK"
INFO:httpx:HTTP Request: GET http://localhost:8000/sessions/3e97baa8-668a-4cc1-929c-a0c848ae1352 "HTTP/1.1 200 OK"
INFO:httpx:HTTP Request: GET http://localhost:8000/sessions/3e97baa8-668a-4cc1-929c-a0c848ae1352 "HTTP/1.1 200 OK"
INFO:httpx:HTTP Request: GET http://localhost:8000/sessions/3e97baa8-668a-4cc1-929c-a0c848ae1352 "HTTP/1.1 200 OK"
INFO:httpx:HTTP Request: GET http://localhost:8000/sessions/3e97baa8-668a-4cc1-929c-a0c848ae1352 "HTTP/1.1 200 OK"
INFO:httpx:HTTP Request: GET http://localhost:8000/sessions/3e97baa8-668a-4cc1-929c-a0c848ae1352 "HTTP/1.1 200 OK"
INFO:httpx:HTTP Request: GET http://localhost:8000/sessions/3e97baa8-668a-4cc1-929c-a0c848ae1352 "HTTP/1.1 200 OK"
INFO:httpx:HTTP Request: GET http://localhost:8000/sessions/3e97baa8-668a-4cc1-929c-a0c848ae1352 "HTTP/1.1 200 OK"
INFO:httpx:HTTP Request: GET http://localhost:8000/sessions/3e97baa8-668a-4cc1-929c-a0c848ae1352 "HTTP/1.1 200 OK"
INFO:httpx:HTTP Request: GET http://localhost:8000/sessions/3e97baa8-668a-4cc1-929c-a0c848ae1352 "HTTP/1.1 200 OK"
INFO:httpx:HTTP Request: GET http://localhost:8000/sessions/3e97baa8-668a-4cc1-929c-a0c848ae1352 "HTTP/1.1 200 OK"
INFO:httpx:HTTP Request: GET http://localhost:8000/sessions/3e97baa8-668a-4cc1-929c-a0c848ae1352 "HTTP/1.1 200 OK"
INFO:httpx:HTTP Request: GET http://localhost:8000/sessions/3e97baa8-668a-4cc1-929c-a0c848ae1352 "HTTP/1.1 200 OK"
INFO:httpx:HTTP Request: GET http://localhost:8000/sessions/3e97baa8-668a-4cc1-929c-a0c848ae1352 "HTTP/1.1 200 OK"
INFO:httpx:HTTP Request: GET http://localhost:8000/sessions/3e97baa8-668a-4cc1-929c-a0c848ae1352 "HTTP/1.1 200 OK"
INFO:httpx:HTTP Request: GET http://localhost:8000/sessions/3e97baa8-668a-4cc1-929c-a0c848ae1352 "HTTP/1.1 200 OK"
INFO:httpx:HTTP Request: GET http://localhost:8000/sessions/3e97baa8-668a-4cc1-929c-a0c848ae1352 "HTTP/1.1 200 OK"
INFO:httpx:HTTP Request: GET http://localhost:8000/sessions/3e97baa8-668a-4cc1-929c-a0c848ae1352 "HTTP/1.1 200 OK"
INFO:httpx:HTTP Request: GET http://localhost:8000/sessions/3e97baa8-668a-4cc1-929c-a0c848ae1352 "HTTP/1.1 200 OK"
INFO:httpx:HTTP Request: GET http://localhost:8000/sessions/3e97baa8-668a-4cc1-929c-a0c848ae1352 "HTTP/1.1 200 OK"
INFO:httpx:HTTP Request: GET http://localhost:8000/sessions/3e97baa8-668a-4cc1-929c-a0c848ae1352 "HTTP/1.1 200 OK"
INFO:httpx:HTTP Request: GET http://localhost:8000/sessions/3e97baa8-668a-4cc1-929c-a0c848ae1352 "HTTP/1.1 200 OK"
INFO:httpx:HTTP Request: GET http://localhost:8000/sessions/3e97baa8-668a-4cc1-929c-a0c848ae1352 "HTTP/1.1 200 OK"
INFO:httpx:HTTP Request: GET http://localhost:8000/sessions/3e97baa8-668a-4cc1-929c-a0c848ae1352 "HTTP/1.1 200 OK"
INFO:httpx:HTTP Request: GET http://localhost:8000/sessions/3e97baa8-668a-4cc1-929c-a0c848ae1352 "HTTP/1.1 200 OK"
INFO:httpx:HTTP Request: GET http://localhost:8000/sessions/3e97baa8-668a-4cc1-929c-a0c848ae1352 "HTTP/1.1 200 OK"
INFO:httpx:HTTP Request: GET http://localhost:8000/sessions/3e97baa8-668a-4cc1-929c-a0c848ae1352 "HTTP/1.1 200 OK"
INFO:httpx:HTTP Request: GET http://localhost:8000/sessions/3e97baa8-668a-4cc1-929c-a0c848ae1352 "HTTP/1.1 200 OK"
INFO:httpx:HTTP Request: GET http://localhost:8000/sessions/3e97baa8-668a-4cc1-929c-a0c848ae1352 "HTTP/1.1 200 OK"
INFO:httpx:HTTP Request: GET http://localhost:8000/sessions/3e97baa8-668a-4cc1-929c-a0c848ae1352 "HTTP/1.1 200 OK"
INFO:httpx:HTTP Request: GET http://localhost:8000/sessions/3e97baa8-668a-4cc1-929c-a0c848ae1352 "HTTP/1.1 200 OK"
INFO:httpx:HTTP Request: GET http://localhost:8000/sessions/3e97baa8-668a-4cc1-929c-a0c848ae1352 "HTTP/1.1 200 OK"
INFO:httpx:HTTP Request: GET http://localhost:8000/sessions/3e97baa8-668a-4cc1-929c-a0c848ae1352 "HTTP/1.1 200 OK"
INFO:httpx:HTTP Request: GET http://localhost:8000/sessions/3e97baa8-668a-4cc1-929c-a0c848ae1352 "HTTP/1.1 200 OK"
INFO:httpx:HTTP Request: GET http://localhost:8000/sessions/3e97baa8-668a-4cc1-929c-a0c848ae1352 "HTTP/1.1 200 OK"
INFO:httpx:HTTP Request: GET http://localhost:8000/sessions/3e97baa8-668a-4cc1-929c-a0c848ae1352 "HTTP/1.1 200 OK"
INFO:httpx:HTTP Request: GET http://localhost:8000/sessions/3e97baa8-668a-4cc1-929c-a0c848ae1352 "HTTP/1.1 200 OK"
INFO:httpx:HTTP Request: GET http://localhost:8000/sessions/3e97baa8-668a-4cc1-929c-a0c848ae1352 "HTTP/1.1 200 OK"
INFO:httpx:HTTP Request: GET http://localhost:8000/sessions/3e97baa8-668a-4cc1-929c-a0c848ae1352 "HTTP/1.1 200 OK"
INFO:httpx:HTTP Request: GET http://localhost:8000/sessions/3e97baa8-668a-4cc1-929c-a0c848ae1352 "HTTP/1.1 200 OK"
INFO:httpx:HTTP Request: GET http://localhost:8000/sessions/3e97baa8-668a-4cc1-929c-a0c848ae1352 "HTTP/1.1 200 OK"
INFO:httpx:HTTP Request: GET http://localhost:8000/sessions/3e97baa8-668a-4cc1-929c-a0c848ae1352 "HTTP/1.1 200 OK"
INFO:httpx:HTTP Request: GET http://localhost:8000/sessions/3e97baa8-668a-4cc1-929c-a0c848ae1352 "HTTP/1.1 200 OK"
INFO:httpx:HTTP Request: GET http://localhost:8000/sessions/3e97baa8-668a-4cc1-929c-a0c848ae1352 "HTTP/1.1 200 OK"
INFO:httpx:HTTP Request: GET http://localhost:8000/sessions/3e97baa8-668a-4cc1-929c-a0c848ae1352 "HTTP/1.1 200 OK"
INFO:httpx:HTTP Request: GET http://localhost:8000/sessions/3e97baa8-668a-4cc1-929c-a0c848ae1352 "HTTP/1.1 200 OK"
INFO:httpx:HTTP Request: GET http://localhost:8000/sessions/3e97baa8-668a-4cc1-929c-a0c848ae1352 "HTTP/1.1 200 OK"
INFO:httpx:HTTP Request: GET http://localhost:8000/sessions/3e97baa8-668a-4cc1-929c-a0c848ae1352 "HTTP/1.1 200 OK"
INFO:httpx:HTTP Request: GET http://localhost:8000/sessions/3e97baa8-668a-4cc1-929c-a0c848ae1352 "HTTP/1.1 200 OK"
INFO:httpx:HTTP Request: GET http://localhost:8000/sessions/3e97baa8-668a-4cc1-929c-a0c848ae1352 "HTTP/1.1 200 OK"
INFO:httpx:HTTP Request: GET http://localhost:8000/sessions/3e97baa8-668a-4cc1-929c-a0c848ae1352 "HTTP/1.1 200 OK"
INFO:httpx:HTTP Request: GET http://localhost:8000/sessions/3e97baa8-668a-4cc1-929c-a0c848ae1352 "HTTP/1.1 200 OK"
INFO:httpx:HTTP Request: GET http://localhost:8000/sessions/3e97baa8-668a-4cc1-929c-a0c848ae1352 "HTTP/1.1 200 OK"
INFO:httpx:HTTP Request: GET http://localhost:8000/sessions/3e97baa8-668a-4cc1-929c-a0c848ae1352 "HTTP/1.1 200 OK"
INFO:httpx:HTTP Request: GET http://localhost:8000/sessions/3e97baa8-668a-4cc1-929c-a0c848ae1352 "HTTP/1.1 200 OK"
INFO:httpx:HTTP Request: GET http://localhost:8000/sessions/3e97baa8-668a-4cc1-929c-a0c848ae1352 "HTTP/1.1 200 OK"
INFO:httpx:HTTP Request: GET http://localhost:8000/sessions/3e97baa8-668a-4cc1-929c-a0c848ae1352 "HTTP/1.1 200 OK"
INFO:httpx:HTTP Request: GET http://localhost:8000/sessions/3e97baa8-668a-4cc1-929c-a0c848ae1352 "HTTP/1.1 200 OK"
INFO:httpx:HTTP Request: GET http://localhost:8000/sessions/3e97baa8-668a-4cc1-929c-a0c848ae1352 "HTTP/1.1 200 OK"
INFO:httpx:HTTP Request: GET http://localhost:8000/sessions/3e97baa8-668a-4cc1-929c-a0c848ae1352 "HTTP/1.1 200 OK"
INFO:httpx:HTTP Request: GET http://localhost:8000/sessions/3e97baa8-668a-4cc1-929c-a0c848ae1352 "HTTP/1.1 200 OK"
INFO:httpx:HTTP Request: GET http://localhost:8000/sessions/3e97baa8-668a-4cc1-929c-a0c848ae1352 "HTTP/1.1 200 OK"
INFO:httpx:HTTP Request: GET http://localhost:8000/sessions/3e97baa8-668a-4cc1-929c-a0c848ae1352 "HTTP/1.1 200 OK"
INFO:httpx:HTTP Request: GET http://localhost:8000/sessions/3e97baa8-668a-4cc1-929c-a0c848ae1352 "HTTP/1.1 200 OK"
INFO:httpx:HTTP Request: GET http://localhost:8000/sessions/3e97baa8-668a-4cc1-929c-a0c848ae1352 "HTTP/1.1 200 OK"
INFO:httpx:HTTP Request: GET http://localhost:8000/sessions/3e97baa8-668a-4cc1-929c-a0c848ae1352 "HTTP/1.1 200 OK"
INFO:httpx:HTTP Request: GET http://localhost:8000/sessions/3e97baa8-668a-4cc1-929c-a0c848ae1352 "HTTP/1.1 200 OK"
INFO:httpx:HTTP Request: GET http://localhost:8000/sessions/3e97baa8-668a-4cc1-929c-a0c848ae1352 "HTTP/1.1 200 OK"
INFO:httpx:HTTP Request: GET http://localhost:8000/sessions/3e97baa8-668a-4cc1-929c-a0c848ae1352 "HTTP/1.1 200 OK"
INFO:httpx:HTTP Request: GET http://localhost:8000/sessions/3e97baa8-668a-4cc1-929c-a0c848ae1352 "HTTP/1.1 200 OK"
INFO:httpx:HTTP Request: GET http://localhost:8000/sessions/3e97baa8-668a-4cc1-929c-a0c848ae1352 "HTTP/1.1 200 OK"
INFO:httpx:HTTP Request: GET http://localhost:8000/sessions/3e97baa8-668a-4cc1-929c-a0c848ae1352 "HTTP/1.1 200 OK"
INFO:httpx:HTTP Request: GET http://localhost:8000/sessions/3e97baa8-668a-4cc1-929c-a0c848ae1352 "HTTP/1.1 200 OK"
INFO:httpx:HTTP Request: GET http://localhost:8000/sessions/3e97baa8-668a-4cc1-929c-a0c848ae1352 "HTTP/1.1 200 OK"
INFO:httpx:HTTP Request: GET http://localhost:8000/sessions/3e97baa8-668a-4cc1-929c-a0c848ae1352 "HTTP/1.1 200 OK"
INFO:httpx:HTTP Request: GET http://localhost:8000/sessions/3e97baa8-668a-4cc1-929c-a0c848ae1352 "HTTP/1.1 200 OK"
INFO:httpx:HTTP Request: GET http://localhost:8000/sessions/3e97baa8-668a-4cc1-929c-a0c848ae1352 "HTTP/1.1 200 OK"
INFO:httpx:HTTP Request: GET http://localhost:8000/sessions/3e97baa8-668a-4cc1-929c-a0c848ae1352 "HTTP/1.1 200 OK"
INFO:httpx:HTTP Request: GET http://localhost:8000/sessions/3e97baa8-668a-4cc1-929c-a0c848ae1352 "HTTP/1.1 200 OK"
INFO:httpx:HTTP Request: GET http://localhost:8000/sessions/3e97baa8-668a-4cc1-929c-a0c848ae1352 "HTTP/1.1 200 OK"
INFO:httpx:HTTP Request: GET http://localhost:8000/sessions/3e97baa8-668a-4cc1-929c-a0c848ae1352 "HTTP/1.1 200 OK"
INFO:httpx:HTTP Request: GET http://localhost:8000/sessions/3e97baa8-668a-4cc1-929c-a0c848ae1352 "HTTP/1.1 200 OK"
INFO:     127.0.0.1:41572 - "POST /webhook HTTP/1.1" 200 OK
INFO:httpx:HTTP Request: GET http://localhost:8000/sessions/3e97baa8-668a-4cc1-929c-a0c848ae1352 "HTTP/1.1 200 OK"
INFO:httpx:HTTP Request: GET http://localhost:8000/sessions/3e97baa8-668a-4cc1-929c-a0c848ae1352 "HTTP/1.1 200 OK"
INFO:httpx:HTTP Request: GET http://localhost:8000/sessions/3e97baa8-668a-4cc1-929c-a0c848ae1352 "HTTP/1.1 200 OK"
INFO:httpx:HTTP Request: GET http://localhost:8000/sessions/3e97baa8-668a-4cc1-929c-a0c848ae1352 "HTTP/1.1 200 OK"
INFO:httpx:HTTP Request: GET http://localhost:8000/sessions/3e97baa8-668a-4cc1-929c-a0c848ae1352 "HTTP/1.1 200 OK"
INFO:httpx:HTTP Request: GET http://localhost:8000/sessions/3e97baa8-668a-4cc1-929c-a0c848ae1352 "HTTP/1.1 200 OK"
INFO:alice:[Alice] Poll detected terminal status session=3e97baa8 status=done
INFO:alice:[Alice] Worker terminated session=3e97baa8 pid=1420
INFO:     127.0.0.1:48648 - "GET /health HTTP/1.1" 200 OK
INFO:httpx:HTTP Request: POST http://localhost:8000/sessions "HTTP/1.1 202 Accepted"
INFO:alice:[Alice] Worker spawned session=786e50a3 queue=qubit_send_786e50a3 pid=274516
INFO:alice:[Alice] Session 786e50a3 created n_qubits=1024 qkdl=http://localhost:8013 queue=qubit_send_786e50a3
INFO:     127.0.0.1:48662 - "POST /start?receiver_label=bob-18&n_qubits=1024&batch_size=10 HTTP/1.1" 200 OK
INFO:httpx:HTTP Request: GET http://localhost:8000/sessions/786e50a3-1e56-49d6-968e-5295318c97ef "HTTP/1.1 200 OK"
INFO:httpx:HTTP Request: GET http://localhost:8000/sessions/786e50a3-1e56-49d6-968e-5295318c97ef "HTTP/1.1 200 OK"
INFO:httpx:HTTP Request: GET http://localhost:8000/sessions/786e50a3-1e56-49d6-968e-5295318c97ef "HTTP/1.1 200 OK"
INFO:httpx:HTTP Request: GET http://localhost:8000/sessions/786e50a3-1e56-49d6-968e-5295318c97ef "HTTP/1.1 200 OK"
INFO:     127.0.0.1:44064 - "POST /webhook HTTP/1.1" 200 OK
INFO:alice:[Alice] Receiver joined 786e50a3  dispatching pipeline
INFO:httpx:HTTP Request: GET http://localhost:8000/sessions/786e50a3-1e56-49d6-968e-5295318c97ef "HTTP/1.1 200 OK"
INFO:alice:[Alice] Dispatching pipeline session=786e50a3 batches=103 qkdl=http://localhost:8013 queue=qubit_send_786e50a3
INFO:alice:[Alice] Pipeline dispatched session=786e50a3 (103 QTT → ST → QKT → NT) queue=qubit_send_786e50a3
INFO:httpx:HTTP Request: GET http://localhost:8000/sessions/786e50a3-1e56-49d6-968e-5295318c97ef "HTTP/1.1 200 OK"
INFO:httpx:HTTP Request: GET http://localhost:8000/sessions/786e50a3-1e56-49d6-968e-5295318c97ef "HTTP/1.1 200 OK"
INFO:httpx:HTTP Request: GET http://localhost:8000/sessions/786e50a3-1e56-49d6-968e-5295318c97ef "HTTP/1.1 200 OK"
INFO:httpx:HTTP Request: GET http://localhost:8000/sessions/786e50a3-1e56-49d6-968e-5295318c97ef "HTTP/1.1 200 OK"
INFO:httpx:HTTP Request: GET http://localhost:8000/sessions/786e50a3-1e56-49d6-968e-5295318c97ef "HTTP/1.1 200 OK"
INFO:httpx:HTTP Request: GET http://localhost:8000/sessions/786e50a3-1e56-49d6-968e-5295318c97ef "HTTP/1.1 200 OK"
INFO:httpx:HTTP Request: GET http://localhost:8000/sessions/786e50a3-1e56-49d6-968e-5295318c97ef "HTTP/1.1 200 OK"
INFO:httpx:HTTP Request: GET http://localhost:8000/sessions/786e50a3-1e56-49d6-968e-5295318c97ef "HTTP/1.1 200 OK"
INFO:httpx:HTTP Request: GET http://localhost:8000/sessions/786e50a3-1e56-49d6-968e-5295318c97ef "HTTP/1.1 200 OK"
INFO:httpx:HTTP Request: GET http://localhost:8000/sessions/786e50a3-1e56-49d6-968e-5295318c97ef "HTTP/1.1 200 OK"
INFO:httpx:HTTP Request: GET http://localhost:8000/sessions/786e50a3-1e56-49d6-968e-5295318c97ef "HTTP/1.1 200 OK"
INFO:httpx:HTTP Request: GET http://localhost:8000/sessions/786e50a3-1e56-49d6-968e-5295318c97ef "HTTP/1.1 200 OK"
INFO:httpx:HTTP Request: GET http://localhost:8000/sessions/786e50a3-1e56-49d6-968e-5295318c97ef "HTTP/1.1 200 OK"
INFO:httpx:HTTP Request: GET http://localhost:8000/sessions/786e50a3-1e56-49d6-968e-5295318c97ef "HTTP/1.1 200 OK"
INFO:httpx:HTTP Request: GET http://localhost:8000/sessions/786e50a3-1e56-49d6-968e-5295318c97ef "HTTP/1.1 200 OK"
INFO:httpx:HTTP Request: GET http://localhost:8000/sessions/786e50a3-1e56-49d6-968e-5295318c97ef "HTTP/1.1 200 OK"
INFO:httpx:HTTP Request: GET http://localhost:8000/sessions/786e50a3-1e56-49d6-968e-5295318c97ef "HTTP/1.1 200 OK"
INFO:httpx:HTTP Request: GET http://localhost:8000/sessions/786e50a3-1e56-49d6-968e-5295318c97ef "HTTP/1.1 200 OK"
INFO:httpx:HTTP Request: GET http://localhost:8000/sessions/786e50a3-1e56-49d6-968e-5295318c97ef "HTTP/1.1 200 OK"
INFO:httpx:HTTP Request: GET http://localhost:8000/sessions/786e50a3-1e56-49d6-968e-5295318c97ef "HTTP/1.1 200 OK"
INFO:httpx:HTTP Request: GET http://localhost:8000/sessions/786e50a3-1e56-49d6-968e-5295318c97ef "HTTP/1.1 200 OK"
INFO:httpx:HTTP Request: GET http://localhost:8000/sessions/786e50a3-1e56-49d6-968e-5295318c97ef "HTTP/1.1 200 OK"
INFO:httpx:HTTP Request: GET http://localhost:8000/sessions/786e50a3-1e56-49d6-968e-5295318c97ef "HTTP/1.1 200 OK"
INFO:httpx:HTTP Request: GET http://localhost:8000/sessions/786e50a3-1e56-49d6-968e-5295318c97ef "HTTP/1.1 200 OK"
INFO:httpx:HTTP Request: GET http://localhost:8000/sessions/786e50a3-1e56-49d6-968e-5295318c97ef "HTTP/1.1 200 OK"
INFO:httpx:HTTP Request: GET http://localhost:8000/sessions/786e50a3-1e56-49d6-968e-5295318c97ef "HTTP/1.1 200 OK"
INFO:httpx:HTTP Request: GET http://localhost:8000/sessions/786e50a3-1e56-49d6-968e-5295318c97ef "HTTP/1.1 200 OK"
INFO:httpx:HTTP Request: GET http://localhost:8000/sessions/786e50a3-1e56-49d6-968e-5295318c97ef "HTTP/1.1 200 OK"
INFO:httpx:HTTP Request: GET http://localhost:8000/sessions/786e50a3-1e56-49d6-968e-5295318c97ef "HTTP/1.1 200 OK"
INFO:httpx:HTTP Request: GET http://localhost:8000/sessions/786e50a3-1e56-49d6-968e-5295318c97ef "HTTP/1.1 200 OK"
INFO:httpx:HTTP Request: GET http://localhost:8000/sessions/786e50a3-1e56-49d6-968e-5295318c97ef "HTTP/1.1 200 OK"
INFO:httpx:HTTP Request: GET http://localhost:8000/sessions/786e50a3-1e56-49d6-968e-5295318c97ef "HTTP/1.1 200 OK"
INFO:httpx:HTTP Request: GET http://localhost:8000/sessions/786e50a3-1e56-49d6-968e-5295318c97ef "HTTP/1.1 200 OK"
INFO:httpx:HTTP Request: GET http://localhost:8000/sessions/786e50a3-1e56-49d6-968e-5295318c97ef "HTTP/1.1 200 OK"
INFO:httpx:HTTP Request: GET http://localhost:8000/sessions/786e50a3-1e56-49d6-968e-5295318c97ef "HTTP/1.1 200 OK"
INFO:httpx:HTTP Request: GET http://localhost:8000/sessions/786e50a3-1e56-49d6-968e-5295318c97ef "HTTP/1.1 200 OK"
INFO:httpx:HTTP Request: GET http://localhost:8000/sessions/786e50a3-1e56-49d6-968e-5295318c97ef "HTTP/1.1 200 OK"
INFO:httpx:HTTP Request: GET http://localhost:8000/sessions/786e50a3-1e56-49d6-968e-5295318c97ef "HTTP/1.1 200 OK"
INFO:httpx:HTTP Request: GET http://localhost:8000/sessions/786e50a3-1e56-49d6-968e-5295318c97ef "HTTP/1.1 200 OK"
INFO:httpx:HTTP Request: GET http://localhost:8000/sessions/786e50a3-1e56-49d6-968e-5295318c97ef "HTTP/1.1 200 OK"
INFO:httpx:HTTP Request: GET http://localhost:8000/sessions/786e50a3-1e56-49d6-968e-5295318c97ef "HTTP/1.1 200 OK"
INFO:httpx:HTTP Request: GET http://localhost:8000/sessions/786e50a3-1e56-49d6-968e-5295318c97ef "HTTP/1.1 200 OK"
INFO:httpx:HTTP Request: GET http://localhost:8000/sessions/786e50a3-1e56-49d6-968e-5295318c97ef "HTTP/1.1 200 OK"
INFO:httpx:HTTP Request: GET http://localhost:8000/sessions/786e50a3-1e56-49d6-968e-5295318c97ef "HTTP/1.1 200 OK"
INFO:httpx:HTTP Request: GET http://localhost:8000/sessions/786e50a3-1e56-49d6-968e-5295318c97ef "HTTP/1.1 200 OK"
INFO:httpx:HTTP Request: GET http://localhost:8000/sessions/786e50a3-1e56-49d6-968e-5295318c97ef "HTTP/1.1 200 OK"
INFO:httpx:HTTP Request: GET http://localhost:8000/sessions/786e50a3-1e56-49d6-968e-5295318c97ef "HTTP/1.1 200 OK"
INFO:httpx:HTTP Request: GET http://localhost:8000/sessions/786e50a3-1e56-49d6-968e-5295318c97ef "HTTP/1.1 200 OK"
INFO:httpx:HTTP Request: GET http://localhost:8000/sessions/786e50a3-1e56-49d6-968e-5295318c97ef "HTTP/1.1 200 OK"
INFO:httpx:HTTP Request: GET http://localhost:8000/sessions/786e50a3-1e56-49d6-968e-5295318c97ef "HTTP/1.1 200 OK"
INFO:httpx:HTTP Request: GET http://localhost:8000/sessions/786e50a3-1e56-49d6-968e-5295318c97ef "HTTP/1.1 200 OK"
INFO:httpx:HTTP Request: GET http://localhost:8000/sessions/786e50a3-1e56-49d6-968e-5295318c97ef "HTTP/1.1 200 OK"
INFO:httpx:HTTP Request: GET http://localhost:8000/sessions/786e50a3-1e56-49d6-968e-5295318c97ef "HTTP/1.1 200 OK"
INFO:httpx:HTTP Request: GET http://localhost:8000/sessions/786e50a3-1e56-49d6-968e-5295318c97ef "HTTP/1.1 200 OK"
INFO:httpx:HTTP Request: GET http://localhost:8000/sessions/786e50a3-1e56-49d6-968e-5295318c97ef "HTTP/1.1 200 OK"
INFO:httpx:HTTP Request: GET http://localhost:8000/sessions/786e50a3-1e56-49d6-968e-5295318c97ef "HTTP/1.1 200 OK"
INFO:httpx:HTTP Request: GET http://localhost:8000/sessions/786e50a3-1e56-49d6-968e-5295318c97ef "HTTP/1.1 200 OK"
INFO:httpx:HTTP Request: GET http://localhost:8000/sessions/786e50a3-1e56-49d6-968e-5295318c97ef "HTTP/1.1 200 OK"
INFO:httpx:HTTP Request: GET http://localhost:8000/sessions/786e50a3-1e56-49d6-968e-5295318c97ef "HTTP/1.1 200 OK"
INFO:httpx:HTTP Request: GET http://localhost:8000/sessions/786e50a3-1e56-49d6-968e-5295318c97ef "HTTP/1.1 200 OK"
INFO:httpx:HTTP Request: GET http://localhost:8000/sessions/786e50a3-1e56-49d6-968e-5295318c97ef "HTTP/1.1 200 OK"
INFO:httpx:HTTP Request: GET http://localhost:8000/sessions/786e50a3-1e56-49d6-968e-5295318c97ef "HTTP/1.1 200 OK"
INFO:httpx:HTTP Request: GET http://localhost:8000/sessions/786e50a3-1e56-49d6-968e-5295318c97ef "HTTP/1.1 200 OK"
INFO:httpx:HTTP Request: GET http://localhost:8000/sessions/786e50a3-1e56-49d6-968e-5295318c97ef "HTTP/1.1 200 OK"
INFO:httpx:HTTP Request: GET http://localhost:8000/sessions/786e50a3-1e56-49d6-968e-5295318c97ef "HTTP/1.1 200 OK"
INFO:httpx:HTTP Request: GET http://localhost:8000/sessions/786e50a3-1e56-49d6-968e-5295318c97ef "HTTP/1.1 200 OK"
INFO:httpx:HTTP Request: GET http://localhost:8000/sessions/786e50a3-1e56-49d6-968e-5295318c97ef "HTTP/1.1 200 OK"
INFO:httpx:HTTP Request: GET http://localhost:8000/sessions/786e50a3-1e56-49d6-968e-5295318c97ef "HTTP/1.1 200 OK"
INFO:httpx:HTTP Request: GET http://localhost:8000/sessions/786e50a3-1e56-49d6-968e-5295318c97ef "HTTP/1.1 200 OK"
INFO:     Shutting down
INFO:     Finished server process [1227]
