INFO:     Started server process [1106]
INFO:     Waiting for application startup.
INFO:httpx:HTTP Request: POST http://localhost:8000/nodes/register "HTTP/1.1 200 OK"
INFO:node.base:[alice-8] Registered → node_id=d4eda810
INFO:node.base:[alice-8] Started  node_id=d4eda810 role=sender
INFO:     Application startup complete.
INFO:     Uvicorn running on http://0.0.0.0:8108 (Press CTRL+C to quit)
INFO:     127.0.0.1:40784 - "GET /health HTTP/1.1" 200 OK
INFO:httpx:HTTP Request: POST http://localhost:8000/sessions "HTTP/1.1 202 Accepted"
INFO:alice:[Alice] Worker spawned session=6aa2728b queue=qubit_send_6aa2728b pid=1382
INFO:alice:[Alice] Session 6aa2728b created n_qubits=1024 qkdl=http://localhost:9063 queue=qubit_send_6aa2728b
INFO:     127.0.0.1:40794 - "POST /start?receiver_label=bob-8&n_qubits=1024&batch_size=10 HTTP/1.1" 200 OK
INFO:httpx:HTTP Request: GET http://localhost:8000/sessions/6aa2728b-78ff-4f8e-9c5d-c079fd37f527 "HTTP/1.1 200 OK"
INFO:httpx:HTTP Request: GET http://localhost:8000/sessions/6aa2728b-78ff-4f8e-9c5d-c079fd37f527 "HTTP/1.1 200 OK"
INFO:httpx:HTTP Request: GET http://localhost:8000/sessions/6aa2728b-78ff-4f8e-9c5d-c079fd37f527 "HTTP/1.1 200 OK"
INFO:httpx:HTTP Request: GET http://localhost:8000/sessions/6aa2728b-78ff-4f8e-9c5d-c079fd37f527 "HTTP/1.1 200 OK"
INFO:httpx:HTTP Request: GET http://localhost:8000/sessions/6aa2728b-78ff-4f8e-9c5d-c079fd37f527 "HTTP/1.1 200 OK"
INFO:httpx:HTTP Request: GET http://localhost:8000/sessions/6aa2728b-78ff-4f8e-9c5d-c079fd37f527 "HTTP/1.1 200 OK"
INFO:httpx:HTTP Request: GET http://localhost:8000/sessions/6aa2728b-78ff-4f8e-9c5d-c079fd37f527 "HTTP/1.1 200 OK"
INFO:httpx:HTTP Request: GET http://localhost:8000/sessions/6aa2728b-78ff-4f8e-9c5d-c079fd37f527 "HTTP/1.1 200 OK"
INFO:httpx:HTTP Request: GET http://localhost:8000/sessions/6aa2728b-78ff-4f8e-9c5d-c079fd37f527 "HTTP/1.1 200 OK"
INFO:httpx:HTTP Request: GET http://localhost:8000/sessions/6aa2728b-78ff-4f8e-9c5d-c079fd37f527 "HTTP/1.1 200 OK"
INFO:     127.0.0.1:32992 - "POST /webhook HTTP/1.1" 200 OK
INFO:alice:[Alice] Receiver joined 6aa2728b  dispatching pipeline
INFO:httpx:HTTP Request: GET http://localhost:8000/sessions/6aa2728b-78ff-4f8e-9c5d-c079fd37f527 "HTTP/1.1 200 OK"
INFO:alice:[Alice] Dispatching pipeline session=6aa2728b batches=103 qkdl=http://localhost:9063 queue=qubit_send_6aa2728b
INFO:httpx:HTTP Request: GET http://localhost:8000/sessions/6aa2728b-78ff-4f8e-9c5d-c079fd37f527 "HTTP/1.1 200 OK"
INFO:httpx:HTTP Request: GET http://localhost:8000/sessions/6aa2728b-78ff-4f8e-9c5d-c079fd37f527 "HTTP/1.1 200 OK"
INFO:httpx:HTTP Request: GET http://localhost:8000/sessions/6aa2728b-78ff-4f8e-9c5d-c079fd37f527 "HTTP/1.1 200 OK"
INFO:httpx:HTTP Request: GET http://localhost:8000/sessions/6aa2728b-78ff-4f8e-9c5d-c079fd37f527 "HTTP/1.1 200 OK"
INFO:alice:[Alice] Pipeline dispatched session=6aa2728b (103 QTT → ST → QKT → NT) queue=qubit_send_6aa2728b
INFO:httpx:HTTP Request: GET http://localhost:8000/sessions/6aa2728b-78ff-4f8e-9c5d-c079fd37f527 "HTTP/1.1 200 OK"
INFO:httpx:HTTP Request: GET http://localhost:8000/sessions/6aa2728b-78ff-4f8e-9c5d-c079fd37f527 "HTTP/1.1 200 OK"
INFO:httpx:HTTP Request: GET http://localhost:8000/sessions/6aa2728b-78ff-4f8e-9c5d-c079fd37f527 "HTTP/1.1 200 OK"
INFO:httpx:HTTP Request: GET http://localhost:8000/sessions/6aa2728b-78ff-4f8e-9c5d-c079fd37f527 "HTTP/1.1 200 OK"
INFO:httpx:HTTP Request: GET http://localhost:8000/sessions/6aa2728b-78ff-4f8e-9c5d-c079fd37f527 "HTTP/1.1 200 OK"
INFO:httpx:HTTP Request: GET http://localhost:8000/sessions/6aa2728b-78ff-4f8e-9c5d-c079fd37f527 "HTTP/1.1 200 OK"
INFO:httpx:HTTP Request: GET http://localhost:8000/sessions/6aa2728b-78ff-4f8e-9c5d-c079fd37f527 "HTTP/1.1 200 OK"
INFO:httpx:HTTP Request: GET http://localhost:8000/sessions/6aa2728b-78ff-4f8e-9c5d-c079fd37f527 "HTTP/1.1 200 OK"
INFO:httpx:HTTP Request: GET http://localhost:8000/sessions/6aa2728b-78ff-4f8e-9c5d-c079fd37f527 "HTTP/1.1 200 OK"
INFO:httpx:HTTP Request: GET http://localhost:8000/sessions/6aa2728b-78ff-4f8e-9c5d-c079fd37f527 "HTTP/1.1 200 OK"
INFO:httpx:HTTP Request: GET http://localhost:8000/sessions/6aa2728b-78ff-4f8e-9c5d-c079fd37f527 "HTTP/1.1 200 OK"
INFO:httpx:HTTP Request: GET http://localhost:8000/sessions/6aa2728b-78ff-4f8e-9c5d-c079fd37f527 "HTTP/1.1 200 OK"
INFO:httpx:HTTP Request: GET http://localhost:8000/sessions/6aa2728b-78ff-4f8e-9c5d-c079fd37f527 "HTTP/1.1 200 OK"
INFO:httpx:HTTP Request: GET http://localhost:8000/sessions/6aa2728b-78ff-4f8e-9c5d-c079fd37f527 "HTTP/1.1 200 OK"
INFO:httpx:HTTP Request: GET http://localhost:8000/sessions/6aa2728b-78ff-4f8e-9c5d-c079fd37f527 "HTTP/1.1 200 OK"
INFO:httpx:HTTP Request: GET http://localhost:8000/sessions/6aa2728b-78ff-4f8e-9c5d-c079fd37f527 "HTTP/1.1 200 OK"
INFO:httpx:HTTP Request: GET http://localhost:8000/sessions/6aa2728b-78ff-4f8e-9c5d-c079fd37f527 "HTTP/1.1 200 OK"
INFO:httpx:HTTP Request: GET http://localhost:8000/sessions/6aa2728b-78ff-4f8e-9c5d-c079fd37f527 "HTTP/1.1 200 OK"
INFO:httpx:HTTP Request: GET http://localhost:8000/sessions/6aa2728b-78ff-4f8e-9c5d-c079fd37f527 "HTTP/1.1 200 OK"
INFO:httpx:HTTP Request: GET http://localhost:8000/sessions/6aa2728b-78ff-4f8e-9c5d-c079fd37f527 "HTTP/1.1 200 OK"
INFO:httpx:HTTP Request: GET http://localhost:8000/sessions/6aa2728b-78ff-4f8e-9c5d-c079fd37f527 "HTTP/1.1 200 OK"
INFO:httpx:HTTP Request: GET http://localhost:8000/sessions/6aa2728b-78ff-4f8e-9c5d-c079fd37f527 "HTTP/1.1 200 OK"
INFO:httpx:HTTP Request: GET http://localhost:8000/sessions/6aa2728b-78ff-4f8e-9c5d-c079fd37f527 "HTTP/1.1 200 OK"
INFO:httpx:HTTP Request: GET http://localhost:8000/sessions/6aa2728b-78ff-4f8e-9c5d-c079fd37f527 "HTTP/1.1 200 OK"
INFO:httpx:HTTP Request: GET http://localhost:8000/sessions/6aa2728b-78ff-4f8e-9c5d-c079fd37f527 "HTTP/1.1 200 OK"
INFO:httpx:HTTP Request: GET http://localhost:8000/sessions/6aa2728b-78ff-4f8e-9c5d-c079fd37f527 "HTTP/1.1 200 OK"
INFO:httpx:HTTP Request: GET http://localhost:8000/sessions/6aa2728b-78ff-4f8e-9c5d-c079fd37f527 "HTTP/1.1 200 OK"
INFO:httpx:HTTP Request: GET http://localhost:8000/sessions/6aa2728b-78ff-4f8e-9c5d-c079fd37f527 "HTTP/1.1 200 OK"
INFO:httpx:HTTP Request: GET http://localhost:8000/sessions/6aa2728b-78ff-4f8e-9c5d-c079fd37f527 "HTTP/1.1 200 OK"
INFO:httpx:HTTP Request: GET http://localhost:8000/sessions/6aa2728b-78ff-4f8e-9c5d-c079fd37f527 "HTTP/1.1 200 OK"
INFO:httpx:HTTP Request: GET http://localhost:8000/sessions/6aa2728b-78ff-4f8e-9c5d-c079fd37f527 "HTTP/1.1 200 OK"
INFO:httpx:HTTP Request: GET http://localhost:8000/sessions/6aa2728b-78ff-4f8e-9c5d-c079fd37f527 "HTTP/1.1 200 OK"
INFO:httpx:HTTP Request: GET http://localhost:8000/sessions/6aa2728b-78ff-4f8e-9c5d-c079fd37f527 "HTTP/1.1 200 OK"
INFO:httpx:HTTP Request: GET http://localhost:8000/sessions/6aa2728b-78ff-4f8e-9c5d-c079fd37f527 "HTTP/1.1 200 OK"
INFO:httpx:HTTP Request: GET http://localhost:8000/sessions/6aa2728b-78ff-4f8e-9c5d-c079fd37f527 "HTTP/1.1 200 OK"
INFO:httpx:HTTP Request: GET http://localhost:8000/sessions/6aa2728b-78ff-4f8e-9c5d-c079fd37f527 "HTTP/1.1 200 OK"
INFO:httpx:HTTP Request: GET http://localhost:8000/sessions/6aa2728b-78ff-4f8e-9c5d-c079fd37f527 "HTTP/1.1 200 OK"
INFO:httpx:HTTP Request: GET http://localhost:8000/sessions/6aa2728b-78ff-4f8e-9c5d-c079fd37f527 "HTTP/1.1 200 OK"
INFO:httpx:HTTP Request: GET http://localhost:8000/sessions/6aa2728b-78ff-4f8e-9c5d-c079fd37f527 "HTTP/1.1 200 OK"
INFO:httpx:HTTP Request: GET http://localhost:8000/sessions/6aa2728b-78ff-4f8e-9c5d-c079fd37f527 "HTTP/1.1 200 OK"
INFO:httpx:HTTP Request: GET http://localhost:8000/sessions/6aa2728b-78ff-4f8e-9c5d-c079fd37f527 "HTTP/1.1 200 OK"
INFO:httpx:HTTP Request: GET http://localhost:8000/sessions/6aa2728b-78ff-4f8e-9c5d-c079fd37f527 "HTTP/1.1 200 OK"
INFO:httpx:HTTP Request: GET http://localhost:8000/sessions/6aa2728b-78ff-4f8e-9c5d-c079fd37f527 "HTTP/1.1 200 OK"
INFO:httpx:HTTP Request: GET http://localhost:8000/sessions/6aa2728b-78ff-4f8e-9c5d-c079fd37f527 "HTTP/1.1 200 OK"
INFO:httpx:HTTP Request: GET http://localhost:8000/sessions/6aa2728b-78ff-4f8e-9c5d-c079fd37f527 "HTTP/1.1 200 OK"
INFO:httpx:HTTP Request: GET http://localhost:8000/sessions/6aa2728b-78ff-4f8e-9c5d-c079fd37f527 "HTTP/1.1 200 OK"
INFO:httpx:HTTP Request: GET http://localhost:8000/sessions/6aa2728b-78ff-4f8e-9c5d-c079fd37f527 "HTTP/1.1 200 OK"
INFO:httpx:HTTP Request: GET http://localhost:8000/sessions/6aa2728b-78ff-4f8e-9c5d-c079fd37f527 "HTTP/1.1 200 OK"
INFO:httpx:HTTP Request: GET http://localhost:8000/sessions/6aa2728b-78ff-4f8e-9c5d-c079fd37f527 "HTTP/1.1 200 OK"
INFO:httpx:HTTP Request: GET http://localhost:8000/sessions/6aa2728b-78ff-4f8e-9c5d-c079fd37f527 "HTTP/1.1 200 OK"
INFO:httpx:HTTP Request: GET http://localhost:8000/sessions/6aa2728b-78ff-4f8e-9c5d-c079fd37f527 "HTTP/1.1 200 OK"
INFO:httpx:HTTP Request: GET http://localhost:8000/sessions/6aa2728b-78ff-4f8e-9c5d-c079fd37f527 "HTTP/1.1 200 OK"
INFO:httpx:HTTP Request: GET http://localhost:8000/sessions/6aa2728b-78ff-4f8e-9c5d-c079fd37f527 "HTTP/1.1 200 OK"
INFO:httpx:HTTP Request: GET http://localhost:8000/sessions/6aa2728b-78ff-4f8e-9c5d-c079fd37f527 "HTTP/1.1 200 OK"
INFO:httpx:HTTP Request: GET http://localhost:8000/sessions/6aa2728b-78ff-4f8e-9c5d-c079fd37f527 "HTTP/1.1 200 OK"
INFO:httpx:HTTP Request: GET http://localhost:8000/sessions/6aa2728b-78ff-4f8e-9c5d-c079fd37f527 "HTTP/1.1 200 OK"
INFO:httpx:HTTP Request: GET http://localhost:8000/sessions/6aa2728b-78ff-4f8e-9c5d-c079fd37f527 "HTTP/1.1 200 OK"
INFO:httpx:HTTP Request: GET http://localhost:8000/sessions/6aa2728b-78ff-4f8e-9c5d-c079fd37f527 "HTTP/1.1 200 OK"
INFO:httpx:HTTP Request: GET http://localhost:8000/sessions/6aa2728b-78ff-4f8e-9c5d-c079fd37f527 "HTTP/1.1 200 OK"
INFO:httpx:HTTP Request: GET http://localhost:8000/sessions/6aa2728b-78ff-4f8e-9c5d-c079fd37f527 "HTTP/1.1 200 OK"
INFO:httpx:HTTP Request: GET http://localhost:8000/sessions/6aa2728b-78ff-4f8e-9c5d-c079fd37f527 "HTTP/1.1 200 OK"
INFO:httpx:HTTP Request: GET http://localhost:8000/sessions/6aa2728b-78ff-4f8e-9c5d-c079fd37f527 "HTTP/1.1 200 OK"
INFO:httpx:HTTP Request: GET http://localhost:8000/sessions/6aa2728b-78ff-4f8e-9c5d-c079fd37f527 "HTTP/1.1 200 OK"
INFO:httpx:HTTP Request: GET http://localhost:8000/sessions/6aa2728b-78ff-4f8e-9c5d-c079fd37f527 "HTTP/1.1 200 OK"
INFO:httpx:HTTP Request: GET http://localhost:8000/sessions/6aa2728b-78ff-4f8e-9c5d-c079fd37f527 "HTTP/1.1 200 OK"
INFO:httpx:HTTP Request: GET http://localhost:8000/sessions/6aa2728b-78ff-4f8e-9c5d-c079fd37f527 "HTTP/1.1 200 OK"
INFO:httpx:HTTP Request: GET http://localhost:8000/sessions/6aa2728b-78ff-4f8e-9c5d-c079fd37f527 "HTTP/1.1 200 OK"
INFO:httpx:HTTP Request: GET http://localhost:8000/sessions/6aa2728b-78ff-4f8e-9c5d-c079fd37f527 "HTTP/1.1 200 OK"
INFO:httpx:HTTP Request: GET http://localhost:8000/sessions/6aa2728b-78ff-4f8e-9c5d-c079fd37f527 "HTTP/1.1 200 OK"
INFO:httpx:HTTP Request: GET http://localhost:8000/sessions/6aa2728b-78ff-4f8e-9c5d-c079fd37f527 "HTTP/1.1 200 OK"
INFO:httpx:HTTP Request: GET http://localhost:8000/sessions/6aa2728b-78ff-4f8e-9c5d-c079fd37f527 "HTTP/1.1 200 OK"
INFO:httpx:HTTP Request: GET http://localhost:8000/sessions/6aa2728b-78ff-4f8e-9c5d-c079fd37f527 "HTTP/1.1 200 OK"
INFO:httpx:HTTP Request: GET http://localhost:8000/sessions/6aa2728b-78ff-4f8e-9c5d-c079fd37f527 "HTTP/1.1 200 OK"
INFO:httpx:HTTP Request: GET http://localhost:8000/sessions/6aa2728b-78ff-4f8e-9c5d-c079fd37f527 "HTTP/1.1 200 OK"
INFO:httpx:HTTP Request: GET http://localhost:8000/sessions/6aa2728b-78ff-4f8e-9c5d-c079fd37f527 "HTTP/1.1 200 OK"
INFO:httpx:HTTP Request: GET http://localhost:8000/sessions/6aa2728b-78ff-4f8e-9c5d-c079fd37f527 "HTTP/1.1 200 OK"
INFO:httpx:HTTP Request: GET http://localhost:8000/sessions/6aa2728b-78ff-4f8e-9c5d-c079fd37f527 "HTTP/1.1 200 OK"
INFO:httpx:HTTP Request: GET http://localhost:8000/sessions/6aa2728b-78ff-4f8e-9c5d-c079fd37f527 "HTTP/1.1 200 OK"
INFO:httpx:HTTP Request: GET http://localhost:8000/sessions/6aa2728b-78ff-4f8e-9c5d-c079fd37f527 "HTTP/1.1 200 OK"
INFO:httpx:HTTP Request: GET http://localhost:8000/sessions/6aa2728b-78ff-4f8e-9c5d-c079fd37f527 "HTTP/1.1 200 OK"
INFO:httpx:HTTP Request: GET http://localhost:8000/sessions/6aa2728b-78ff-4f8e-9c5d-c079fd37f527 "HTTP/1.1 200 OK"
INFO:httpx:HTTP Request: GET http://localhost:8000/sessions/6aa2728b-78ff-4f8e-9c5d-c079fd37f527 "HTTP/1.1 200 OK"
INFO:httpx:HTTP Request: GET http://localhost:8000/sessions/6aa2728b-78ff-4f8e-9c5d-c079fd37f527 "HTTP/1.1 200 OK"
INFO:httpx:HTTP Request: GET http://localhost:8000/sessions/6aa2728b-78ff-4f8e-9c5d-c079fd37f527 "HTTP/1.1 200 OK"
INFO:httpx:HTTP Request: GET http://localhost:8000/sessions/6aa2728b-78ff-4f8e-9c5d-c079fd37f527 "HTTP/1.1 200 OK"
INFO:httpx:HTTP Request: GET http://localhost:8000/sessions/6aa2728b-78ff-4f8e-9c5d-c079fd37f527 "HTTP/1.1 200 OK"
INFO:httpx:HTTP Request: GET http://localhost:8000/sessions/6aa2728b-78ff-4f8e-9c5d-c079fd37f527 "HTTP/1.1 200 OK"
INFO:httpx:HTTP Request: GET http://localhost:8000/sessions/6aa2728b-78ff-4f8e-9c5d-c079fd37f527 "HTTP/1.1 200 OK"
INFO:httpx:HTTP Request: GET http://localhost:8000/sessions/6aa2728b-78ff-4f8e-9c5d-c079fd37f527 "HTTP/1.1 200 OK"
INFO:httpx:HTTP Request: GET http://localhost:8000/sessions/6aa2728b-78ff-4f8e-9c5d-c079fd37f527 "HTTP/1.1 200 OK"
INFO:httpx:HTTP Request: GET http://localhost:8000/sessions/6aa2728b-78ff-4f8e-9c5d-c079fd37f527 "HTTP/1.1 200 OK"
INFO:httpx:HTTP Request: GET http://localhost:8000/sessions/6aa2728b-78ff-4f8e-9c5d-c079fd37f527 "HTTP/1.1 200 OK"
INFO:httpx:HTTP Request: GET http://localhost:8000/sessions/6aa2728b-78ff-4f8e-9c5d-c079fd37f527 "HTTP/1.1 200 OK"
INFO:httpx:HTTP Request: GET http://localhost:8000/sessions/6aa2728b-78ff-4f8e-9c5d-c079fd37f527 "HTTP/1.1 200 OK"
INFO:httpx:HTTP Request: GET http://localhost:8000/sessions/6aa2728b-78ff-4f8e-9c5d-c079fd37f527 "HTTP/1.1 200 OK"
INFO:httpx:HTTP Request: GET http://localhost:8000/sessions/6aa2728b-78ff-4f8e-9c5d-c079fd37f527 "HTTP/1.1 200 OK"
INFO:httpx:HTTP Request: GET http://localhost:8000/sessions/6aa2728b-78ff-4f8e-9c5d-c079fd37f527 "HTTP/1.1 200 OK"
INFO:httpx:HTTP Request: GET http://localhost:8000/sessions/6aa2728b-78ff-4f8e-9c5d-c079fd37f527 "HTTP/1.1 200 OK"
INFO:httpx:HTTP Request: GET http://localhost:8000/sessions/6aa2728b-78ff-4f8e-9c5d-c079fd37f527 "HTTP/1.1 200 OK"
INFO:httpx:HTTP Request: GET http://localhost:8000/sessions/6aa2728b-78ff-4f8e-9c5d-c079fd37f527 "HTTP/1.1 200 OK"
INFO:httpx:HTTP Request: GET http://localhost:8000/sessions/6aa2728b-78ff-4f8e-9c5d-c079fd37f527 "HTTP/1.1 200 OK"
INFO:httpx:HTTP Request: GET http://localhost:8000/sessions/6aa2728b-78ff-4f8e-9c5d-c079fd37f527 "HTTP/1.1 200 OK"
INFO:httpx:HTTP Request: GET http://localhost:8000/sessions/6aa2728b-78ff-4f8e-9c5d-c079fd37f527 "HTTP/1.1 200 OK"
INFO:httpx:HTTP Request: GET http://localhost:8000/sessions/6aa2728b-78ff-4f8e-9c5d-c079fd37f527 "HTTP/1.1 200 OK"
INFO:     127.0.0.1:44556 - "POST /webhook HTTP/1.1" 200 OK
INFO:httpx:HTTP Request: GET http://localhost:8000/sessions/6aa2728b-78ff-4f8e-9c5d-c079fd37f527 "HTTP/1.1 200 OK"
INFO:httpx:HTTP Request: GET http://localhost:8000/sessions/6aa2728b-78ff-4f8e-9c5d-c079fd37f527 "HTTP/1.1 200 OK"
INFO:httpx:HTTP Request: GET http://localhost:8000/sessions/6aa2728b-78ff-4f8e-9c5d-c079fd37f527 "HTTP/1.1 200 OK"
INFO:httpx:HTTP Request: GET http://localhost:8000/sessions/6aa2728b-78ff-4f8e-9c5d-c079fd37f527 "HTTP/1.1 200 OK"
INFO:httpx:HTTP Request: GET http://localhost:8000/sessions/6aa2728b-78ff-4f8e-9c5d-c079fd37f527 "HTTP/1.1 200 OK"
INFO:alice:[Alice] Poll detected terminal status session=6aa2728b status=done
INFO:alice:[Alice] Worker terminated session=6aa2728b pid=1382
INFO:     127.0.0.1:40308 - "GET /health HTTP/1.1" 200 OK
INFO:httpx:HTTP Request: POST http://localhost:8000/sessions "HTTP/1.1 202 Accepted"
INFO:alice:[Alice] Worker spawned session=a66322e4 queue=qubit_send_a66322e4 pid=274587
INFO:alice:[Alice] Session a66322e4 created n_qubits=1024 qkdl=http://localhost:9053 queue=qubit_send_a66322e4
INFO:     127.0.0.1:40318 - "POST /start?receiver_label=bob-8&n_qubits=1024&batch_size=10 HTTP/1.1" 200 OK
INFO:httpx:HTTP Request: GET http://localhost:8000/sessions/a66322e4-d1b8-4010-8401-9c23c18163bc "HTTP/1.1 200 OK"
INFO:httpx:HTTP Request: GET http://localhost:8000/sessions/a66322e4-d1b8-4010-8401-9c23c18163bc "HTTP/1.1 200 OK"
INFO:httpx:HTTP Request: GET http://localhost:8000/sessions/a66322e4-d1b8-4010-8401-9c23c18163bc "HTTP/1.1 200 OK"
INFO:httpx:HTTP Request: GET http://localhost:8000/sessions/a66322e4-d1b8-4010-8401-9c23c18163bc "HTTP/1.1 200 OK"
INFO:     127.0.0.1:33162 - "POST /webhook HTTP/1.1" 200 OK
INFO:alice:[Alice] Receiver joined a66322e4  dispatching pipeline
INFO:httpx:HTTP Request: GET http://localhost:8000/sessions/a66322e4-d1b8-4010-8401-9c23c18163bc "HTTP/1.1 200 OK"
INFO:alice:[Alice] Dispatching pipeline session=a66322e4 batches=103 qkdl=http://localhost:9053 queue=qubit_send_a66322e4
INFO:httpx:HTTP Request: GET http://localhost:8000/sessions/a66322e4-d1b8-4010-8401-9c23c18163bc "HTTP/1.1 200 OK"
INFO:httpx:HTTP Request: GET http://localhost:8000/sessions/a66322e4-d1b8-4010-8401-9c23c18163bc "HTTP/1.1 200 OK"
INFO:httpx:HTTP Request: GET http://localhost:8000/sessions/a66322e4-d1b8-4010-8401-9c23c18163bc "HTTP/1.1 200 OK"
INFO:alice:[Alice] Pipeline dispatched session=a66322e4 (103 QTT → ST → QKT → NT) queue=qubit_send_a66322e4
INFO:httpx:HTTP Request: GET http://localhost:8000/sessions/a66322e4-d1b8-4010-8401-9c23c18163bc "HTTP/1.1 200 OK"
INFO:httpx:HTTP Request: GET http://localhost:8000/sessions/a66322e4-d1b8-4010-8401-9c23c18163bc "HTTP/1.1 200 OK"
INFO:httpx:HTTP Request: GET http://localhost:8000/sessions/a66322e4-d1b8-4010-8401-9c23c18163bc "HTTP/1.1 200 OK"
INFO:httpx:HTTP Request: GET http://localhost:8000/sessions/a66322e4-d1b8-4010-8401-9c23c18163bc "HTTP/1.1 200 OK"
INFO:httpx:HTTP Request: GET http://localhost:8000/sessions/a66322e4-d1b8-4010-8401-9c23c18163bc "HTTP/1.1 200 OK"
INFO:httpx:HTTP Request: GET http://localhost:8000/sessions/a66322e4-d1b8-4010-8401-9c23c18163bc "HTTP/1.1 200 OK"
INFO:httpx:HTTP Request: GET http://localhost:8000/sessions/a66322e4-d1b8-4010-8401-9c23c18163bc "HTTP/1.1 200 OK"
INFO:httpx:HTTP Request: GET http://localhost:8000/sessions/a66322e4-d1b8-4010-8401-9c23c18163bc "HTTP/1.1 200 OK"
INFO:httpx:HTTP Request: GET http://localhost:8000/sessions/a66322e4-d1b8-4010-8401-9c23c18163bc "HTTP/1.1 200 OK"
INFO:httpx:HTTP Request: GET http://localhost:8000/sessions/a66322e4-d1b8-4010-8401-9c23c18163bc "HTTP/1.1 200 OK"
INFO:httpx:HTTP Request: GET http://localhost:8000/sessions/a66322e4-d1b8-4010-8401-9c23c18163bc "HTTP/1.1 200 OK"
INFO:httpx:HTTP Request: GET http://localhost:8000/sessions/a66322e4-d1b8-4010-8401-9c23c18163bc "HTTP/1.1 200 OK"
INFO:httpx:HTTP Request: GET http://localhost:8000/sessions/a66322e4-d1b8-4010-8401-9c23c18163bc "HTTP/1.1 200 OK"
INFO:httpx:HTTP Request: GET http://localhost:8000/sessions/a66322e4-d1b8-4010-8401-9c23c18163bc "HTTP/1.1 200 OK"
INFO:httpx:HTTP Request: GET http://localhost:8000/sessions/a66322e4-d1b8-4010-8401-9c23c18163bc "HTTP/1.1 200 OK"
INFO:httpx:HTTP Request: GET http://localhost:8000/sessions/a66322e4-d1b8-4010-8401-9c23c18163bc "HTTP/1.1 200 OK"
INFO:httpx:HTTP Request: GET http://localhost:8000/sessions/a66322e4-d1b8-4010-8401-9c23c18163bc "HTTP/1.1 200 OK"
INFO:httpx:HTTP Request: GET http://localhost:8000/sessions/a66322e4-d1b8-4010-8401-9c23c18163bc "HTTP/1.1 200 OK"
INFO:httpx:HTTP Request: GET http://localhost:8000/sessions/a66322e4-d1b8-4010-8401-9c23c18163bc "HTTP/1.1 200 OK"
INFO:httpx:HTTP Request: GET http://localhost:8000/sessions/a66322e4-d1b8-4010-8401-9c23c18163bc "HTTP/1.1 200 OK"
INFO:httpx:HTTP Request: GET http://localhost:8000/sessions/a66322e4-d1b8-4010-8401-9c23c18163bc "HTTP/1.1 200 OK"
INFO:httpx:HTTP Request: GET http://localhost:8000/sessions/a66322e4-d1b8-4010-8401-9c23c18163bc "HTTP/1.1 200 OK"
INFO:httpx:HTTP Request: GET http://localhost:8000/sessions/a66322e4-d1b8-4010-8401-9c23c18163bc "HTTP/1.1 200 OK"
INFO:httpx:HTTP Request: GET http://localhost:8000/sessions/a66322e4-d1b8-4010-8401-9c23c18163bc "HTTP/1.1 200 OK"
INFO:httpx:HTTP Request: GET http://localhost:8000/sessions/a66322e4-d1b8-4010-8401-9c23c18163bc "HTTP/1.1 200 OK"
INFO:httpx:HTTP Request: GET http://localhost:8000/sessions/a66322e4-d1b8-4010-8401-9c23c18163bc "HTTP/1.1 200 OK"
INFO:httpx:HTTP Request: GET http://localhost:8000/sessions/a66322e4-d1b8-4010-8401-9c23c18163bc "HTTP/1.1 200 OK"
INFO:httpx:HTTP Request: GET http://localhost:8000/sessions/a66322e4-d1b8-4010-8401-9c23c18163bc "HTTP/1.1 200 OK"
INFO:httpx:HTTP Request: GET http://localhost:8000/sessions/a66322e4-d1b8-4010-8401-9c23c18163bc "HTTP/1.1 200 OK"
INFO:httpx:HTTP Request: GET http://localhost:8000/sessions/a66322e4-d1b8-4010-8401-9c23c18163bc "HTTP/1.1 200 OK"
INFO:httpx:HTTP Request: GET http://localhost:8000/sessions/a66322e4-d1b8-4010-8401-9c23c18163bc "HTTP/1.1 200 OK"
INFO:httpx:HTTP Request: GET http://localhost:8000/sessions/a66322e4-d1b8-4010-8401-9c23c18163bc "HTTP/1.1 200 OK"
INFO:httpx:HTTP Request: GET http://localhost:8000/sessions/a66322e4-d1b8-4010-8401-9c23c18163bc "HTTP/1.1 200 OK"
INFO:httpx:HTTP Request: GET http://localhost:8000/sessions/a66322e4-d1b8-4010-8401-9c23c18163bc "HTTP/1.1 200 OK"
INFO:httpx:HTTP Request: GET http://localhost:8000/sessions/a66322e4-d1b8-4010-8401-9c23c18163bc "HTTP/1.1 200 OK"
INFO:httpx:HTTP Request: GET http://localhost:8000/sessions/a66322e4-d1b8-4010-8401-9c23c18163bc "HTTP/1.1 200 OK"
INFO:httpx:HTTP Request: GET http://localhost:8000/sessions/a66322e4-d1b8-4010-8401-9c23c18163bc "HTTP/1.1 200 OK"
INFO:httpx:HTTP Request: GET http://localhost:8000/sessions/a66322e4-d1b8-4010-8401-9c23c18163bc "HTTP/1.1 200 OK"
INFO:httpx:HTTP Request: GET http://localhost:8000/sessions/a66322e4-d1b8-4010-8401-9c23c18163bc "HTTP/1.1 200 OK"
INFO:httpx:HTTP Request: GET http://localhost:8000/sessions/a66322e4-d1b8-4010-8401-9c23c18163bc "HTTP/1.1 200 OK"
INFO:httpx:HTTP Request: GET http://localhost:8000/sessions/a66322e4-d1b8-4010-8401-9c23c18163bc "HTTP/1.1 200 OK"
INFO:httpx:HTTP Request: GET http://localhost:8000/sessions/a66322e4-d1b8-4010-8401-9c23c18163bc "HTTP/1.1 200 OK"
INFO:httpx:HTTP Request: GET http://localhost:8000/sessions/a66322e4-d1b8-4010-8401-9c23c18163bc "HTTP/1.1 200 OK"
INFO:httpx:HTTP Request: GET http://localhost:8000/sessions/a66322e4-d1b8-4010-8401-9c23c18163bc "HTTP/1.1 200 OK"
INFO:httpx:HTTP Request: GET http://localhost:8000/sessions/a66322e4-d1b8-4010-8401-9c23c18163bc "HTTP/1.1 200 OK"
INFO:httpx:HTTP Request: GET http://localhost:8000/sessions/a66322e4-d1b8-4010-8401-9c23c18163bc "HTTP/1.1 200 OK"
INFO:httpx:HTTP Request: GET http://localhost:8000/sessions/a66322e4-d1b8-4010-8401-9c23c18163bc "HTTP/1.1 200 OK"
INFO:httpx:HTTP Request: GET http://localhost:8000/sessions/a66322e4-d1b8-4010-8401-9c23c18163bc "HTTP/1.1 200 OK"
INFO:httpx:HTTP Request: GET http://localhost:8000/sessions/a66322e4-d1b8-4010-8401-9c23c18163bc "HTTP/1.1 200 OK"
INFO:httpx:HTTP Request: GET http://localhost:8000/sessions/a66322e4-d1b8-4010-8401-9c23c18163bc "HTTP/1.1 200 OK"
INFO:httpx:HTTP Request: GET http://localhost:8000/sessions/a66322e4-d1b8-4010-8401-9c23c18163bc "HTTP/1.1 200 OK"
INFO:httpx:HTTP Request: GET http://localhost:8000/sessions/a66322e4-d1b8-4010-8401-9c23c18163bc "HTTP/1.1 200 OK"
INFO:httpx:HTTP Request: GET http://localhost:8000/sessions/a66322e4-d1b8-4010-8401-9c23c18163bc "HTTP/1.1 200 OK"
INFO:httpx:HTTP Request: GET http://localhost:8000/sessions/a66322e4-d1b8-4010-8401-9c23c18163bc "HTTP/1.1 200 OK"
INFO:httpx:HTTP Request: GET http://localhost:8000/sessions/a66322e4-d1b8-4010-8401-9c23c18163bc "HTTP/1.1 200 OK"
INFO:httpx:HTTP Request: GET http://localhost:8000/sessions/a66322e4-d1b8-4010-8401-9c23c18163bc "HTTP/1.1 200 OK"
INFO:httpx:HTTP Request: GET http://localhost:8000/sessions/a66322e4-d1b8-4010-8401-9c23c18163bc "HTTP/1.1 200 OK"
INFO:httpx:HTTP Request: GET http://localhost:8000/sessions/a66322e4-d1b8-4010-8401-9c23c18163bc "HTTP/1.1 200 OK"
INFO:httpx:HTTP Request: GET http://localhost:8000/sessions/a66322e4-d1b8-4010-8401-9c23c18163bc "HTTP/1.1 200 OK"
INFO:httpx:HTTP Request: GET http://localhost:8000/sessions/a66322e4-d1b8-4010-8401-9c23c18163bc "HTTP/1.1 200 OK"
INFO:httpx:HTTP Request: GET http://localhost:8000/sessions/a66322e4-d1b8-4010-8401-9c23c18163bc "HTTP/1.1 200 OK"
INFO:httpx:HTTP Request: GET http://localhost:8000/sessions/a66322e4-d1b8-4010-8401-9c23c18163bc "HTTP/1.1 200 OK"
INFO:     Shutting down
INFO:     Finished server process [1106]
