INFO:     Started server process [1236]
INFO:     Waiting for application startup.
INFO:httpx:HTTP Request: POST http://localhost:8000/nodes/register "HTTP/1.1 200 OK"
INFO:node.base:[alice-19] Registered → node_id=25d9eb5f
INFO:node.base:[alice-19] Started  node_id=25d9eb5f role=sender
INFO:     Application startup complete.
INFO:     Uvicorn running on http://0.0.0.0:8119 (Press CTRL+C to quit)
INFO:     127.0.0.1:44014 - "GET /health HTTP/1.1" 200 OK
INFO:httpx:HTTP Request: POST http://localhost:8000/sessions "HTTP/1.1 202 Accepted"
INFO:alice:[Alice] Worker spawned session=55009606 queue=qubit_send_55009606 pid=1380
INFO:alice:[Alice] Session 55009606 created n_qubits=1024 qkdl=http://localhost:9053 queue=qubit_send_55009606
INFO:     127.0.0.1:44018 - "POST /start?receiver_label=bob-19&n_qubits=1024&batch_size=10 HTTP/1.1" 200 OK
INFO:httpx:HTTP Request: GET http://localhost:8000/sessions/55009606-c7e1-4014-ace1-5631f6f57b7e "HTTP/1.1 200 OK"
INFO:httpx:HTTP Request: GET http://localhost:8000/sessions/55009606-c7e1-4014-ace1-5631f6f57b7e "HTTP/1.1 200 OK"
INFO:httpx:HTTP Request: GET http://localhost:8000/sessions/55009606-c7e1-4014-ace1-5631f6f57b7e "HTTP/1.1 200 OK"
INFO:httpx:HTTP Request: GET http://localhost:8000/sessions/55009606-c7e1-4014-ace1-5631f6f57b7e "HTTP/1.1 200 OK"
INFO:httpx:HTTP Request: GET http://localhost:8000/sessions/55009606-c7e1-4014-ace1-5631f6f57b7e "HTTP/1.1 200 OK"
INFO:httpx:HTTP Request: GET http://localhost:8000/sessions/55009606-c7e1-4014-ace1-5631f6f57b7e "HTTP/1.1 200 OK"
INFO:httpx:HTTP Request: GET http://localhost:8000/sessions/55009606-c7e1-4014-ace1-5631f6f57b7e "HTTP/1.1 200 OK"
INFO:httpx:HTTP Request: GET http://localhost:8000/sessions/55009606-c7e1-4014-ace1-5631f6f57b7e "HTTP/1.1 200 OK"
INFO:httpx:HTTP Request: GET http://localhost:8000/sessions/55009606-c7e1-4014-ace1-5631f6f57b7e "HTTP/1.1 200 OK"
INFO:httpx:HTTP Request: GET http://localhost:8000/sessions/55009606-c7e1-4014-ace1-5631f6f57b7e "HTTP/1.1 200 OK"
INFO:httpx:HTTP Request: GET http://localhost:8000/sessions/55009606-c7e1-4014-ace1-5631f6f57b7e "HTTP/1.1 200 OK"
INFO:     127.0.0.1:40448 - "POST /webhook HTTP/1.1" 200 OK
INFO:alice:[Alice] Receiver joined 55009606  dispatching pipeline
INFO:httpx:HTTP Request: GET http://localhost:8000/sessions/55009606-c7e1-4014-ace1-5631f6f57b7e "HTTP/1.1 200 OK"
INFO:alice:[Alice] Dispatching pipeline session=55009606 batches=103 qkdl=http://localhost:9053 queue=qubit_send_55009606
INFO:httpx:HTTP Request: GET http://localhost:8000/sessions/55009606-c7e1-4014-ace1-5631f6f57b7e "HTTP/1.1 200 OK"
INFO:httpx:HTTP Request: GET http://localhost:8000/sessions/55009606-c7e1-4014-ace1-5631f6f57b7e "HTTP/1.1 200 OK"
INFO:httpx:HTTP Request: GET http://localhost:8000/sessions/55009606-c7e1-4014-ace1-5631f6f57b7e "HTTP/1.1 200 OK"
INFO:httpx:HTTP Request: GET http://localhost:8000/sessions/55009606-c7e1-4014-ace1-5631f6f57b7e "HTTP/1.1 200 OK"
INFO:httpx:HTTP Request: GET http://localhost:8000/sessions/55009606-c7e1-4014-ace1-5631f6f57b7e "HTTP/1.1 200 OK"
INFO:alice:[Alice] Pipeline dispatched session=55009606 (103 QTT → ST → QKT → NT) queue=qubit_send_55009606
INFO:httpx:HTTP Request: GET http://localhost:8000/sessions/55009606-c7e1-4014-ace1-5631f6f57b7e "HTTP/1.1 200 OK"
INFO:httpx:HTTP Request: GET http://localhost:8000/sessions/55009606-c7e1-4014-ace1-5631f6f57b7e "HTTP/1.1 200 OK"
INFO:httpx:HTTP Request: GET http://localhost:8000/sessions/55009606-c7e1-4014-ace1-5631f6f57b7e "HTTP/1.1 200 OK"
INFO:httpx:HTTP Request: GET http://localhost:8000/sessions/55009606-c7e1-4014-ace1-5631f6f57b7e "HTTP/1.1 200 OK"
INFO:httpx:HTTP Request: GET http://localhost:8000/sessions/55009606-c7e1-4014-ace1-5631f6f57b7e "HTTP/1.1 200 OK"
INFO:httpx:HTTP Request: GET http://localhost:8000/sessions/55009606-c7e1-4014-ace1-5631f6f57b7e "HTTP/1.1 200 OK"
INFO:httpx:HTTP Request: GET http://localhost:8000/sessions/55009606-c7e1-4014-ace1-5631f6f57b7e "HTTP/1.1 200 OK"
INFO:httpx:HTTP Request: GET http://localhost:8000/sessions/55009606-c7e1-4014-ace1-5631f6f57b7e "HTTP/1.1 200 OK"
INFO:httpx:HTTP Request: GET http://localhost:8000/sessions/55009606-c7e1-4014-ace1-5631f6f57b7e "HTTP/1.1 200 OK"
INFO:httpx:HTTP Request: GET http://localhost:8000/sessions/55009606-c7e1-4014-ace1-5631f6f57b7e "HTTP/1.1 200 OK"
INFO:httpx:HTTP Request: GET http://localhost:8000/sessions/55009606-c7e1-4014-ace1-5631f6f57b7e "HTTP/1.1 200 OK"
INFO:httpx:HTTP Request: GET http://localhost:8000/sessions/55009606-c7e1-4014-ace1-5631f6f57b7e "HTTP/1.1 200 OK"
INFO:httpx:HTTP Request: GET http://localhost:8000/sessions/55009606-c7e1-4014-ace1-5631f6f57b7e "HTTP/1.1 200 OK"
INFO:httpx:HTTP Request: GET http://localhost:8000/sessions/55009606-c7e1-4014-ace1-5631f6f57b7e "HTTP/1.1 200 OK"
INFO:httpx:HTTP Request: GET http://localhost:8000/sessions/55009606-c7e1-4014-ace1-5631f6f57b7e "HTTP/1.1 200 OK"
INFO:httpx:HTTP Request: GET http://localhost:8000/sessions/55009606-c7e1-4014-ace1-5631f6f57b7e "HTTP/1.1 200 OK"
INFO:httpx:HTTP Request: GET http://localhost:8000/sessions/55009606-c7e1-4014-ace1-5631f6f57b7e "HTTP/1.1 200 OK"
INFO:httpx:HTTP Request: GET http://localhost:8000/sessions/55009606-c7e1-4014-ace1-5631f6f57b7e "HTTP/1.1 200 OK"
INFO:httpx:HTTP Request: GET http://localhost:8000/sessions/55009606-c7e1-4014-ace1-5631f6f57b7e "HTTP/1.1 200 OK"
INFO:httpx:HTTP Request: GET http://localhost:8000/sessions/55009606-c7e1-4014-ace1-5631f6f57b7e "HTTP/1.1 200 OK"
INFO:httpx:HTTP Request: GET http://localhost:8000/sessions/55009606-c7e1-4014-ace1-5631f6f57b7e "HTTP/1.1 200 OK"
INFO:httpx:HTTP Request: GET http://localhost:8000/sessions/55009606-c7e1-4014-ace1-5631f6f57b7e "HTTP/1.1 200 OK"
INFO:httpx:HTTP Request: GET http://localhost:8000/sessions/55009606-c7e1-4014-ace1-5631f6f57b7e "HTTP/1.1 200 OK"
INFO:httpx:HTTP Request: GET http://localhost:8000/sessions/55009606-c7e1-4014-ace1-5631f6f57b7e "HTTP/1.1 200 OK"
INFO:httpx:HTTP Request: GET http://localhost:8000/sessions/55009606-c7e1-4014-ace1-5631f6f57b7e "HTTP/1.1 200 OK"
INFO:httpx:HTTP Request: GET http://localhost:8000/sessions/55009606-c7e1-4014-ace1-5631f6f57b7e "HTTP/1.1 200 OK"
INFO:httpx:HTTP Request: GET http://localhost:8000/sessions/55009606-c7e1-4014-ace1-5631f6f57b7e "HTTP/1.1 200 OK"
INFO:httpx:HTTP Request: GET http://localhost:8000/sessions/55009606-c7e1-4014-ace1-5631f6f57b7e "HTTP/1.1 200 OK"
INFO:httpx:HTTP Request: GET http://localhost:8000/sessions/55009606-c7e1-4014-ace1-5631f6f57b7e "HTTP/1.1 200 OK"
INFO:httpx:HTTP Request: GET http://localhost:8000/sessions/55009606-c7e1-4014-ace1-5631f6f57b7e "HTTP/1.1 200 OK"
INFO:httpx:HTTP Request: GET http://localhost:8000/sessions/55009606-c7e1-4014-ace1-5631f6f57b7e "HTTP/1.1 200 OK"
INFO:httpx:HTTP Request: GET http://localhost:8000/sessions/55009606-c7e1-4014-ace1-5631f6f57b7e "HTTP/1.1 200 OK"
INFO:httpx:HTTP Request: GET http://localhost:8000/sessions/55009606-c7e1-4014-ace1-5631f6f57b7e "HTTP/1.1 200 OK"
INFO:httpx:HTTP Request: GET http://localhost:8000/sessions/55009606-c7e1-4014-ace1-5631f6f57b7e "HTTP/1.1 200 OK"
INFO:httpx:HTTP Request: GET http://localhost:8000/sessions/55009606-c7e1-4014-ace1-5631f6f57b7e "HTTP/1.1 200 OK"
INFO:httpx:HTTP Request: GET http://localhost:8000/sessions/55009606-c7e1-4014-ace1-5631f6f57b7e "HTTP/1.1 200 OK"
INFO:httpx:HTTP Request: GET http://localhost:8000/sessions/55009606-c7e1-4014-ace1-5631f6f57b7e "HTTP/1.1 200 OK"
INFO:httpx:HTTP Request: GET http://localhost:8000/sessions/55009606-c7e1-4014-ace1-5631f6f57b7e "HTTP/1.1 200 OK"
INFO:httpx:HTTP Request: GET http://localhost:8000/sessions/55009606-c7e1-4014-ace1-5631f6f57b7e "HTTP/1.1 200 OK"
INFO:httpx:HTTP Request: GET http://localhost:8000/sessions/55009606-c7e1-4014-ace1-5631f6f57b7e "HTTP/1.1 200 OK"
INFO:httpx:HTTP Request: GET http://localhost:8000/sessions/55009606-c7e1-4014-ace1-5631f6f57b7e "HTTP/1.1 200 OK"
INFO:httpx:HTTP Request: GET http://localhost:8000/sessions/55009606-c7e1-4014-ace1-5631f6f57b7e "HTTP/1.1 200 OK"
INFO:httpx:HTTP Request: GET http://localhost:8000/sessions/55009606-c7e1-4014-ace1-5631f6f57b7e "HTTP/1.1 200 OK"
INFO:httpx:HTTP Request: GET http://localhost:8000/sessions/55009606-c7e1-4014-ace1-5631f6f57b7e "HTTP/1.1 200 OK"
INFO:httpx:HTTP Request: GET http://localhost:8000/sessions/55009606-c7e1-4014-ace1-5631f6f57b7e "HTTP/1.1 200 OK"
INFO:httpx:HTTP Request: GET http://localhost:8000/sessions/55009606-c7e1-4014-ace1-5631f6f57b7e "HTTP/1.1 200 OK"
INFO:httpx:HTTP Request: GET http://localhost:8000/sessions/55009606-c7e1-4014-ace1-5631f6f57b7e "HTTP/1.1 200 OK"
INFO:httpx:HTTP Request: GET http://localhost:8000/sessions/55009606-c7e1-4014-ace1-5631f6f57b7e "HTTP/1.1 200 OK"
INFO:httpx:HTTP Request: GET http://localhost:8000/sessions/55009606-c7e1-4014-ace1-5631f6f57b7e "HTTP/1.1 200 OK"
INFO:httpx:HTTP Request: GET http://localhost:8000/sessions/55009606-c7e1-4014-ace1-5631f6f57b7e "HTTP/1.1 200 OK"
INFO:httpx:HTTP Request: GET http://localhost:8000/sessions/55009606-c7e1-4014-ace1-5631f6f57b7e "HTTP/1.1 200 OK"
INFO:httpx:HTTP Request: GET http://localhost:8000/sessions/55009606-c7e1-4014-ace1-5631f6f57b7e "HTTP/1.1 200 OK"
INFO:httpx:HTTP Request: GET http://localhost:8000/sessions/55009606-c7e1-4014-ace1-5631f6f57b7e "HTTP/1.1 200 OK"
INFO:httpx:HTTP Request: GET http://localhost:8000/sessions/55009606-c7e1-4014-ace1-5631f6f57b7e "HTTP/1.1 200 OK"
INFO:httpx:HTTP Request: GET http://localhost:8000/sessions/55009606-c7e1-4014-ace1-5631f6f57b7e "HTTP/1.1 200 OK"
INFO:httpx:HTTP Request: GET http://localhost:8000/sessions/55009606-c7e1-4014-ace1-5631f6f57b7e "HTTP/1.1 200 OK"
INFO:httpx:HTTP Request: GET http://localhost:8000/sessions/55009606-c7e1-4014-ace1-5631f6f57b7e "HTTP/1.1 200 OK"
INFO:httpx:HTTP Request: GET http://localhost:8000/sessions/55009606-c7e1-4014-ace1-5631f6f57b7e "HTTP/1.1 200 OK"
INFO:httpx:HTTP Request: GET http://localhost:8000/sessions/55009606-c7e1-4014-ace1-5631f6f57b7e "HTTP/1.1 200 OK"
INFO:httpx:HTTP Request: GET http://localhost:8000/sessions/55009606-c7e1-4014-ace1-5631f6f57b7e "HTTP/1.1 200 OK"
INFO:httpx:HTTP Request: GET http://localhost:8000/sessions/55009606-c7e1-4014-ace1-5631f6f57b7e "HTTP/1.1 200 OK"
INFO:httpx:HTTP Request: GET http://localhost:8000/sessions/55009606-c7e1-4014-ace1-5631f6f57b7e "HTTP/1.1 200 OK"
INFO:httpx:HTTP Request: GET http://localhost:8000/sessions/55009606-c7e1-4014-ace1-5631f6f57b7e "HTTP/1.1 200 OK"
INFO:httpx:HTTP Request: GET http://localhost:8000/sessions/55009606-c7e1-4014-ace1-5631f6f57b7e "HTTP/1.1 200 OK"
INFO:httpx:HTTP Request: GET http://localhost:8000/sessions/55009606-c7e1-4014-ace1-5631f6f57b7e "HTTP/1.1 200 OK"
INFO:httpx:HTTP Request: GET http://localhost:8000/sessions/55009606-c7e1-4014-ace1-5631f6f57b7e "HTTP/1.1 200 OK"
INFO:httpx:HTTP Request: GET http://localhost:8000/sessions/55009606-c7e1-4014-ace1-5631f6f57b7e "HTTP/1.1 200 OK"
INFO:httpx:HTTP Request: GET http://localhost:8000/sessions/55009606-c7e1-4014-ace1-5631f6f57b7e "HTTP/1.1 200 OK"
INFO:httpx:HTTP Request: GET http://localhost:8000/sessions/55009606-c7e1-4014-ace1-5631f6f57b7e "HTTP/1.1 200 OK"
INFO:httpx:HTTP Request: GET http://localhost:8000/sessions/55009606-c7e1-4014-ace1-5631f6f57b7e "HTTP/1.1 200 OK"
INFO:httpx:HTTP Request: GET http://localhost:8000/sessions/55009606-c7e1-4014-ace1-5631f6f57b7e "HTTP/1.1 200 OK"
INFO:httpx:HTTP Request: GET http://localhost:8000/sessions/55009606-c7e1-4014-ace1-5631f6f57b7e "HTTP/1.1 200 OK"
INFO:httpx:HTTP Request: GET http://localhost:8000/sessions/55009606-c7e1-4014-ace1-5631f6f57b7e "HTTP/1.1 200 OK"
INFO:httpx:HTTP Request: GET http://localhost:8000/sessions/55009606-c7e1-4014-ace1-5631f6f57b7e "HTTP/1.1 200 OK"
INFO:httpx:HTTP Request: GET http://localhost:8000/sessions/55009606-c7e1-4014-ace1-5631f6f57b7e "HTTP/1.1 200 OK"
INFO:httpx:HTTP Request: GET http://localhost:8000/sessions/55009606-c7e1-4014-ace1-5631f6f57b7e "HTTP/1.1 200 OK"
INFO:httpx:HTTP Request: GET http://localhost:8000/sessions/55009606-c7e1-4014-ace1-5631f6f57b7e "HTTP/1.1 200 OK"
INFO:httpx:HTTP Request: GET http://localhost:8000/sessions/55009606-c7e1-4014-ace1-5631f6f57b7e "HTTP/1.1 200 OK"
INFO:httpx:HTTP Request: GET http://localhost:8000/sessions/55009606-c7e1-4014-ace1-5631f6f57b7e "HTTP/1.1 200 OK"
INFO:httpx:HTTP Request: GET http://localhost:8000/sessions/55009606-c7e1-4014-ace1-5631f6f57b7e "HTTP/1.1 200 OK"
INFO:httpx:HTTP Request: GET http://localhost:8000/sessions/55009606-c7e1-4014-ace1-5631f6f57b7e "HTTP/1.1 200 OK"
INFO:httpx:HTTP Request: GET http://localhost:8000/sessions/55009606-c7e1-4014-ace1-5631f6f57b7e "HTTP/1.1 200 OK"
INFO:httpx:HTTP Request: GET http://localhost:8000/sessions/55009606-c7e1-4014-ace1-5631f6f57b7e "HTTP/1.1 200 OK"
INFO:httpx:HTTP Request: GET http://localhost:8000/sessions/55009606-c7e1-4014-ace1-5631f6f57b7e "HTTP/1.1 200 OK"
INFO:httpx:HTTP Request: GET http://localhost:8000/sessions/55009606-c7e1-4014-ace1-5631f6f57b7e "HTTP/1.1 200 OK"
INFO:httpx:HTTP Request: GET http://localhost:8000/sessions/55009606-c7e1-4014-ace1-5631f6f57b7e "HTTP/1.1 200 OK"
INFO:httpx:HTTP Request: GET http://localhost:8000/sessions/55009606-c7e1-4014-ace1-5631f6f57b7e "HTTP/1.1 200 OK"
INFO:httpx:HTTP Request: GET http://localhost:8000/sessions/55009606-c7e1-4014-ace1-5631f6f57b7e "HTTP/1.1 200 OK"
INFO:httpx:HTTP Request: GET http://localhost:8000/sessions/55009606-c7e1-4014-ace1-5631f6f57b7e "HTTP/1.1 200 OK"
INFO:httpx:HTTP Request: GET http://localhost:8000/sessions/55009606-c7e1-4014-ace1-5631f6f57b7e "HTTP/1.1 200 OK"
INFO:httpx:HTTP Request: GET http://localhost:8000/sessions/55009606-c7e1-4014-ace1-5631f6f57b7e "HTTP/1.1 200 OK"
INFO:httpx:HTTP Request: GET http://localhost:8000/sessions/55009606-c7e1-4014-ace1-5631f6f57b7e "HTTP/1.1 200 OK"
INFO:httpx:HTTP Request: GET http://localhost:8000/sessions/55009606-c7e1-4014-ace1-5631f6f57b7e "HTTP/1.1 200 OK"
INFO:httpx:HTTP Request: GET http://localhost:8000/sessions/55009606-c7e1-4014-ace1-5631f6f57b7e "HTTP/1.1 200 OK"
INFO:httpx:HTTP Request: GET http://localhost:8000/sessions/55009606-c7e1-4014-ace1-5631f6f57b7e "HTTP/1.1 200 OK"
INFO:httpx:HTTP Request: GET http://localhost:8000/sessions/55009606-c7e1-4014-ace1-5631f6f57b7e "HTTP/1.1 200 OK"
INFO:httpx:HTTP Request: GET http://localhost:8000/sessions/55009606-c7e1-4014-ace1-5631f6f57b7e "HTTP/1.1 200 OK"
INFO:httpx:HTTP Request: GET http://localhost:8000/sessions/55009606-c7e1-4014-ace1-5631f6f57b7e "HTTP/1.1 200 OK"
INFO:httpx:HTTP Request: GET http://localhost:8000/sessions/55009606-c7e1-4014-ace1-5631f6f57b7e "HTTP/1.1 200 OK"
INFO:httpx:HTTP Request: GET http://localhost:8000/sessions/55009606-c7e1-4014-ace1-5631f6f57b7e "HTTP/1.1 200 OK"
INFO:httpx:HTTP Request: GET http://localhost:8000/sessions/55009606-c7e1-4014-ace1-5631f6f57b7e "HTTP/1.1 200 OK"
INFO:httpx:HTTP Request: GET http://localhost:8000/sessions/55009606-c7e1-4014-ace1-5631f6f57b7e "HTTP/1.1 200 OK"
INFO:httpx:HTTP Request: GET http://localhost:8000/sessions/55009606-c7e1-4014-ace1-5631f6f57b7e "HTTP/1.1 200 OK"
INFO:httpx:HTTP Request: GET http://localhost:8000/sessions/55009606-c7e1-4014-ace1-5631f6f57b7e "HTTP/1.1 200 OK"
INFO:httpx:HTTP Request: GET http://localhost:8000/sessions/55009606-c7e1-4014-ace1-5631f6f57b7e "HTTP/1.1 200 OK"
INFO:httpx:HTTP Request: GET http://localhost:8000/sessions/55009606-c7e1-4014-ace1-5631f6f57b7e "HTTP/1.1 200 OK"
INFO:     127.0.0.1:57708 - "POST /webhook HTTP/1.1" 200 OK
INFO:httpx:HTTP Request: GET http://localhost:8000/sessions/55009606-c7e1-4014-ace1-5631f6f57b7e "HTTP/1.1 200 OK"
INFO:httpx:HTTP Request: GET http://localhost:8000/sessions/55009606-c7e1-4014-ace1-5631f6f57b7e "HTTP/1.1 200 OK"
INFO:httpx:HTTP Request: GET http://localhost:8000/sessions/55009606-c7e1-4014-ace1-5631f6f57b7e "HTTP/1.1 200 OK"
INFO:httpx:HTTP Request: GET http://localhost:8000/sessions/55009606-c7e1-4014-ace1-5631f6f57b7e "HTTP/1.1 200 OK"
INFO:httpx:HTTP Request: GET http://localhost:8000/sessions/55009606-c7e1-4014-ace1-5631f6f57b7e "HTTP/1.1 200 OK"
INFO:httpx:HTTP Request: GET http://localhost:8000/sessions/55009606-c7e1-4014-ace1-5631f6f57b7e "HTTP/1.1 200 OK"
INFO:alice:[Alice] Poll detected terminal status session=55009606 status=done
INFO:alice:[Alice] Worker terminated session=55009606 pid=1380
INFO:     127.0.0.1:37600 - "GET /health HTTP/1.1" 200 OK
INFO:httpx:HTTP Request: POST http://localhost:8000/sessions "HTTP/1.1 202 Accepted"
INFO:alice:[Alice] Worker spawned session=7d9c815a queue=qubit_send_7d9c815a pid=274519
INFO:alice:[Alice] Session 7d9c815a created n_qubits=1024 qkdl=http://localhost:8043 queue=qubit_send_7d9c815a
INFO:     127.0.0.1:37608 - "POST /start?receiver_label=bob-19&n_qubits=1024&batch_size=10 HTTP/1.1" 200 OK
INFO:httpx:HTTP Request: GET http://localhost:8000/sessions/7d9c815a-c330-4366-8e27-3a035f59dfdf "HTTP/1.1 200 OK"
INFO:httpx:HTTP Request: GET http://localhost:8000/sessions/7d9c815a-c330-4366-8e27-3a035f59dfdf "HTTP/1.1 200 OK"
INFO:httpx:HTTP Request: GET http://localhost:8000/sessions/7d9c815a-c330-4366-8e27-3a035f59dfdf "HTTP/1.1 200 OK"
INFO:httpx:HTTP Request: GET http://localhost:8000/sessions/7d9c815a-c330-4366-8e27-3a035f59dfdf "HTTP/1.1 200 OK"
INFO:     127.0.0.1:45272 - "POST /webhook HTTP/1.1" 200 OK
INFO:alice:[Alice] Receiver joined 7d9c815a  dispatching pipeline
INFO:httpx:HTTP Request: GET http://localhost:8000/sessions/7d9c815a-c330-4366-8e27-3a035f59dfdf "HTTP/1.1 200 OK"
INFO:alice:[Alice] Dispatching pipeline session=7d9c815a batches=103 qkdl=http://localhost:8043 queue=qubit_send_7d9c815a
INFO:httpx:HTTP Request: GET http://localhost:8000/sessions/7d9c815a-c330-4366-8e27-3a035f59dfdf "HTTP/1.1 200 OK"
INFO:httpx:HTTP Request: GET http://localhost:8000/sessions/7d9c815a-c330-4366-8e27-3a035f59dfdf "HTTP/1.1 200 OK"
INFO:alice:[Alice] Pipeline dispatched session=7d9c815a (103 QTT → ST → QKT → NT) queue=qubit_send_7d9c815a
INFO:httpx:HTTP Request: GET http://localhost:8000/sessions/7d9c815a-c330-4366-8e27-3a035f59dfdf "HTTP/1.1 200 OK"
INFO:httpx:HTTP Request: GET http://localhost:8000/sessions/7d9c815a-c330-4366-8e27-3a035f59dfdf "HTTP/1.1 200 OK"
INFO:httpx:HTTP Request: GET http://localhost:8000/sessions/7d9c815a-c330-4366-8e27-3a035f59dfdf "HTTP/1.1 200 OK"
INFO:httpx:HTTP Request: GET http://localhost:8000/sessions/7d9c815a-c330-4366-8e27-3a035f59dfdf "HTTP/1.1 200 OK"
INFO:httpx:HTTP Request: GET http://localhost:8000/sessions/7d9c815a-c330-4366-8e27-3a035f59dfdf "HTTP/1.1 200 OK"
INFO:httpx:HTTP Request: GET http://localhost:8000/sessions/7d9c815a-c330-4366-8e27-3a035f59dfdf "HTTP/1.1 200 OK"
INFO:httpx:HTTP Request: GET http://localhost:8000/sessions/7d9c815a-c330-4366-8e27-3a035f59dfdf "HTTP/1.1 200 OK"
INFO:httpx:HTTP Request: GET http://localhost:8000/sessions/7d9c815a-c330-4366-8e27-3a035f59dfdf "HTTP/1.1 200 OK"
INFO:httpx:HTTP Request: GET http://localhost:8000/sessions/7d9c815a-c330-4366-8e27-3a035f59dfdf "HTTP/1.1 200 OK"
INFO:httpx:HTTP Request: GET http://localhost:8000/sessions/7d9c815a-c330-4366-8e27-3a035f59dfdf "HTTP/1.1 200 OK"
INFO:httpx:HTTP Request: GET http://localhost:8000/sessions/7d9c815a-c330-4366-8e27-3a035f59dfdf "HTTP/1.1 200 OK"
INFO:httpx:HTTP Request: GET http://localhost:8000/sessions/7d9c815a-c330-4366-8e27-3a035f59dfdf "HTTP/1.1 200 OK"
INFO:httpx:HTTP Request: GET http://localhost:8000/sessions/7d9c815a-c330-4366-8e27-3a035f59dfdf "HTTP/1.1 200 OK"
INFO:httpx:HTTP Request: GET http://localhost:8000/sessions/7d9c815a-c330-4366-8e27-3a035f59dfdf "HTTP/1.1 200 OK"
INFO:httpx:HTTP Request: GET http://localhost:8000/sessions/7d9c815a-c330-4366-8e27-3a035f59dfdf "HTTP/1.1 200 OK"
INFO:httpx:HTTP Request: GET http://localhost:8000/sessions/7d9c815a-c330-4366-8e27-3a035f59dfdf "HTTP/1.1 200 OK"
INFO:httpx:HTTP Request: GET http://localhost:8000/sessions/7d9c815a-c330-4366-8e27-3a035f59dfdf "HTTP/1.1 200 OK"
INFO:httpx:HTTP Request: GET http://localhost:8000/sessions/7d9c815a-c330-4366-8e27-3a035f59dfdf "HTTP/1.1 200 OK"
INFO:httpx:HTTP Request: GET http://localhost:8000/sessions/7d9c815a-c330-4366-8e27-3a035f59dfdf "HTTP/1.1 200 OK"
INFO:httpx:HTTP Request: GET http://localhost:8000/sessions/7d9c815a-c330-4366-8e27-3a035f59dfdf "HTTP/1.1 200 OK"
INFO:httpx:HTTP Request: GET http://localhost:8000/sessions/7d9c815a-c330-4366-8e27-3a035f59dfdf "HTTP/1.1 200 OK"
INFO:httpx:HTTP Request: GET http://localhost:8000/sessions/7d9c815a-c330-4366-8e27-3a035f59dfdf "HTTP/1.1 200 OK"
INFO:httpx:HTTP Request: GET http://localhost:8000/sessions/7d9c815a-c330-4366-8e27-3a035f59dfdf "HTTP/1.1 200 OK"
INFO:httpx:HTTP Request: GET http://localhost:8000/sessions/7d9c815a-c330-4366-8e27-3a035f59dfdf "HTTP/1.1 200 OK"
INFO:httpx:HTTP Request: GET http://localhost:8000/sessions/7d9c815a-c330-4366-8e27-3a035f59dfdf "HTTP/1.1 200 OK"
INFO:httpx:HTTP Request: GET http://localhost:8000/sessions/7d9c815a-c330-4366-8e27-3a035f59dfdf "HTTP/1.1 200 OK"
INFO:httpx:HTTP Request: GET http://localhost:8000/sessions/7d9c815a-c330-4366-8e27-3a035f59dfdf "HTTP/1.1 200 OK"
INFO:httpx:HTTP Request: GET http://localhost:8000/sessions/7d9c815a-c330-4366-8e27-3a035f59dfdf "HTTP/1.1 200 OK"
INFO:httpx:HTTP Request: GET http://localhost:8000/sessions/7d9c815a-c330-4366-8e27-3a035f59dfdf "HTTP/1.1 200 OK"
INFO:httpx:HTTP Request: GET http://localhost:8000/sessions/7d9c815a-c330-4366-8e27-3a035f59dfdf "HTTP/1.1 200 OK"
INFO:httpx:HTTP Request: GET http://localhost:8000/sessions/7d9c815a-c330-4366-8e27-3a035f59dfdf "HTTP/1.1 200 OK"
INFO:httpx:HTTP Request: GET http://localhost:8000/sessions/7d9c815a-c330-4366-8e27-3a035f59dfdf "HTTP/1.1 200 OK"
INFO:httpx:HTTP Request: GET http://localhost:8000/sessions/7d9c815a-c330-4366-8e27-3a035f59dfdf "HTTP/1.1 200 OK"
INFO:httpx:HTTP Request: GET http://localhost:8000/sessions/7d9c815a-c330-4366-8e27-3a035f59dfdf "HTTP/1.1 200 OK"
INFO:httpx:HTTP Request: GET http://localhost:8000/sessions/7d9c815a-c330-4366-8e27-3a035f59dfdf "HTTP/1.1 200 OK"
INFO:httpx:HTTP Request: GET http://localhost:8000/sessions/7d9c815a-c330-4366-8e27-3a035f59dfdf "HTTP/1.1 200 OK"
INFO:httpx:HTTP Request: GET http://localhost:8000/sessions/7d9c815a-c330-4366-8e27-3a035f59dfdf "HTTP/1.1 200 OK"
INFO:httpx:HTTP Request: GET http://localhost:8000/sessions/7d9c815a-c330-4366-8e27-3a035f59dfdf "HTTP/1.1 200 OK"
INFO:httpx:HTTP Request: GET http://localhost:8000/sessions/7d9c815a-c330-4366-8e27-3a035f59dfdf "HTTP/1.1 200 OK"
INFO:httpx:HTTP Request: GET http://localhost:8000/sessions/7d9c815a-c330-4366-8e27-3a035f59dfdf "HTTP/1.1 200 OK"
INFO:httpx:HTTP Request: GET http://localhost:8000/sessions/7d9c815a-c330-4366-8e27-3a035f59dfdf "HTTP/1.1 200 OK"
INFO:httpx:HTTP Request: GET http://localhost:8000/sessions/7d9c815a-c330-4366-8e27-3a035f59dfdf "HTTP/1.1 200 OK"
INFO:httpx:HTTP Request: GET http://localhost:8000/sessions/7d9c815a-c330-4366-8e27-3a035f59dfdf "HTTP/1.1 200 OK"
INFO:httpx:HTTP Request: GET http://localhost:8000/sessions/7d9c815a-c330-4366-8e27-3a035f59dfdf "HTTP/1.1 200 OK"
INFO:httpx:HTTP Request: GET http://localhost:8000/sessions/7d9c815a-c330-4366-8e27-3a035f59dfdf "HTTP/1.1 200 OK"
INFO:httpx:HTTP Request: GET http://localhost:8000/sessions/7d9c815a-c330-4366-8e27-3a035f59dfdf "HTTP/1.1 200 OK"
INFO:httpx:HTTP Request: GET http://localhost:8000/sessions/7d9c815a-c330-4366-8e27-3a035f59dfdf "HTTP/1.1 200 OK"
INFO:httpx:HTTP Request: GET http://localhost:8000/sessions/7d9c815a-c330-4366-8e27-3a035f59dfdf "HTTP/1.1 200 OK"
INFO:httpx:HTTP Request: GET http://localhost:8000/sessions/7d9c815a-c330-4366-8e27-3a035f59dfdf "HTTP/1.1 200 OK"
INFO:httpx:HTTP Request: GET http://localhost:8000/sessions/7d9c815a-c330-4366-8e27-3a035f59dfdf "HTTP/1.1 200 OK"
INFO:httpx:HTTP Request: GET http://localhost:8000/sessions/7d9c815a-c330-4366-8e27-3a035f59dfdf "HTTP/1.1 200 OK"
INFO:httpx:HTTP Request: GET http://localhost:8000/sessions/7d9c815a-c330-4366-8e27-3a035f59dfdf "HTTP/1.1 200 OK"
INFO:httpx:HTTP Request: GET http://localhost:8000/sessions/7d9c815a-c330-4366-8e27-3a035f59dfdf "HTTP/1.1 200 OK"
INFO:httpx:HTTP Request: GET http://localhost:8000/sessions/7d9c815a-c330-4366-8e27-3a035f59dfdf "HTTP/1.1 200 OK"
INFO:httpx:HTTP Request: GET http://localhost:8000/sessions/7d9c815a-c330-4366-8e27-3a035f59dfdf "HTTP/1.1 200 OK"
INFO:httpx:HTTP Request: GET http://localhost:8000/sessions/7d9c815a-c330-4366-8e27-3a035f59dfdf "HTTP/1.1 200 OK"
INFO:httpx:HTTP Request: GET http://localhost:8000/sessions/7d9c815a-c330-4366-8e27-3a035f59dfdf "HTTP/1.1 200 OK"
INFO:httpx:HTTP Request: GET http://localhost:8000/sessions/7d9c815a-c330-4366-8e27-3a035f59dfdf "HTTP/1.1 200 OK"
INFO:httpx:HTTP Request: GET http://localhost:8000/sessions/7d9c815a-c330-4366-8e27-3a035f59dfdf "HTTP/1.1 200 OK"
INFO:httpx:HTTP Request: GET http://localhost:8000/sessions/7d9c815a-c330-4366-8e27-3a035f59dfdf "HTTP/1.1 200 OK"
INFO:httpx:HTTP Request: GET http://localhost:8000/sessions/7d9c815a-c330-4366-8e27-3a035f59dfdf "HTTP/1.1 200 OK"
INFO:httpx:HTTP Request: GET http://localhost:8000/sessions/7d9c815a-c330-4366-8e27-3a035f59dfdf "HTTP/1.1 200 OK"
INFO:httpx:HTTP Request: GET http://localhost:8000/sessions/7d9c815a-c330-4366-8e27-3a035f59dfdf "HTTP/1.1 200 OK"
INFO:httpx:HTTP Request: GET http://localhost:8000/sessions/7d9c815a-c330-4366-8e27-3a035f59dfdf "HTTP/1.1 200 OK"
INFO:     Shutting down
INFO:     Finished server process [1236]
