INFO:     Started server process [1036]
INFO:     Waiting for application startup.
INFO:httpx:HTTP Request: POST http://localhost:8000/nodes/register "HTTP/1.1 200 OK"
INFO:node.base:[alice-3] Registered → node_id=0085d017
INFO:node.base:[alice-3] Started  node_id=0085d017 role=sender
INFO:     Application startup complete.
INFO:     Uvicorn running on http://0.0.0.0:8103 (Press CTRL+C to quit)
INFO:     127.0.0.1:37956 - "GET /health HTTP/1.1" 200 OK
INFO:httpx:HTTP Request: POST http://localhost:8000/sessions "HTTP/1.1 202 Accepted"
INFO:alice:[Alice] Worker spawned session=4a927354 queue=qubit_send_4a927354 pid=1334
INFO:alice:[Alice] Session 4a927354 created n_qubits=1024 qkdl=http://localhost:8003 queue=qubit_send_4a927354
INFO:     127.0.0.1:37968 - "POST /start?receiver_label=bob-3&n_qubits=1024&batch_size=10 HTTP/1.1" 200 OK
INFO:httpx:HTTP Request: GET http://localhost:8000/sessions/4a927354-d29d-4e98-a68f-215584990512 "HTTP/1.1 200 OK"
INFO:httpx:HTTP Request: GET http://localhost:8000/sessions/4a927354-d29d-4e98-a68f-215584990512 "HTTP/1.1 200 OK"
INFO:httpx:HTTP Request: GET http://localhost:8000/sessions/4a927354-d29d-4e98-a68f-215584990512 "HTTP/1.1 200 OK"
INFO:httpx:HTTP Request: GET http://localhost:8000/sessions/4a927354-d29d-4e98-a68f-215584990512 "HTTP/1.1 200 OK"
INFO:httpx:HTTP Request: GET http://localhost:8000/sessions/4a927354-d29d-4e98-a68f-215584990512 "HTTP/1.1 200 OK"
INFO:httpx:HTTP Request: GET http://localhost:8000/sessions/4a927354-d29d-4e98-a68f-215584990512 "HTTP/1.1 200 OK"
INFO:httpx:HTTP Request: GET http://localhost:8000/sessions/4a927354-d29d-4e98-a68f-215584990512 "HTTP/1.1 200 OK"
INFO:httpx:HTTP Request: GET http://localhost:8000/sessions/4a927354-d29d-4e98-a68f-215584990512 "HTTP/1.1 200 OK"
INFO:httpx:HTTP Request: GET http://localhost:8000/sessions/4a927354-d29d-4e98-a68f-215584990512 "HTTP/1.1 200 OK"
INFO:httpx:HTTP Request: GET http://localhost:8000/sessions/4a927354-d29d-4e98-a68f-215584990512 "HTTP/1.1 200 OK"
INFO:httpx:HTTP Request: GET http://localhost:8000/sessions/4a927354-d29d-4e98-a68f-215584990512 "HTTP/1.1 200 OK"
INFO:httpx:HTTP Request: GET http://localhost:8000/sessions/4a927354-d29d-4e98-a68f-215584990512 "HTTP/1.1 200 OK"
INFO:     127.0.0.1:59910 - "POST /webhook HTTP/1.1" 200 OK
INFO:alice:[Alice] Receiver joined 4a927354  dispatching pipeline
INFO:httpx:HTTP Request: GET http://localhost:8000/sessions/4a927354-d29d-4e98-a68f-215584990512 "HTTP/1.1 200 OK"
INFO:alice:[Alice] Dispatching pipeline session=4a927354 batches=103 qkdl=http://localhost:8003 queue=qubit_send_4a927354
INFO:httpx:HTTP Request: GET http://localhost:8000/sessions/4a927354-d29d-4e98-a68f-215584990512 "HTTP/1.1 200 OK"
INFO:httpx:HTTP Request: GET http://localhost:8000/sessions/4a927354-d29d-4e98-a68f-215584990512 "HTTP/1.1 200 OK"
INFO:httpx:HTTP Request: GET http://localhost:8000/sessions/4a927354-d29d-4e98-a68f-215584990512 "HTTP/1.1 200 OK"
INFO:alice:[Alice] Pipeline dispatched session=4a927354 (103 QTT → ST → QKT → NT) queue=qubit_send_4a927354
INFO:httpx:HTTP Request: GET http://localhost:8000/sessions/4a927354-d29d-4e98-a68f-215584990512 "HTTP/1.1 200 OK"
INFO:httpx:HTTP Request: GET http://localhost:8000/sessions/4a927354-d29d-4e98-a68f-215584990512 "HTTP/1.1 200 OK"
INFO:httpx:HTTP Request: GET http://localhost:8000/sessions/4a927354-d29d-4e98-a68f-215584990512 "HTTP/1.1 200 OK"
INFO:httpx:HTTP Request: GET http://localhost:8000/sessions/4a927354-d29d-4e98-a68f-215584990512 "HTTP/1.1 200 OK"
INFO:httpx:HTTP Request: GET http://localhost:8000/sessions/4a927354-d29d-4e98-a68f-215584990512 "HTTP/1.1 200 OK"
INFO:httpx:HTTP Request: GET http://localhost:8000/sessions/4a927354-d29d-4e98-a68f-215584990512 "HTTP/1.1 200 OK"
INFO:httpx:HTTP Request: GET http://localhost:8000/sessions/4a927354-d29d-4e98-a68f-215584990512 "HTTP/1.1 200 OK"
INFO:httpx:HTTP Request: GET http://localhost:8000/sessions/4a927354-d29d-4e98-a68f-215584990512 "HTTP/1.1 200 OK"
INFO:httpx:HTTP Request: GET http://localhost:8000/sessions/4a927354-d29d-4e98-a68f-215584990512 "HTTP/1.1 200 OK"
INFO:httpx:HTTP Request: GET http://localhost:8000/sessions/4a927354-d29d-4e98-a68f-215584990512 "HTTP/1.1 200 OK"
INFO:httpx:HTTP Request: GET http://localhost:8000/sessions/4a927354-d29d-4e98-a68f-215584990512 "HTTP/1.1 200 OK"
INFO:httpx:HTTP Request: GET http://localhost:8000/sessions/4a927354-d29d-4e98-a68f-215584990512 "HTTP/1.1 200 OK"
INFO:httpx:HTTP Request: GET http://localhost:8000/sessions/4a927354-d29d-4e98-a68f-215584990512 "HTTP/1.1 200 OK"
INFO:httpx:HTTP Request: GET http://localhost:8000/sessions/4a927354-d29d-4e98-a68f-215584990512 "HTTP/1.1 200 OK"
INFO:httpx:HTTP Request: GET http://localhost:8000/sessions/4a927354-d29d-4e98-a68f-215584990512 "HTTP/1.1 200 OK"
INFO:httpx:HTTP Request: GET http://localhost:8000/sessions/4a927354-d29d-4e98-a68f-215584990512 "HTTP/1.1 200 OK"
INFO:httpx:HTTP Request: GET http://localhost:8000/sessions/4a927354-d29d-4e98-a68f-215584990512 "HTTP/1.1 200 OK"
INFO:httpx:HTTP Request: GET http://localhost:8000/sessions/4a927354-d29d-4e98-a68f-215584990512 "HTTP/1.1 200 OK"
INFO:httpx:HTTP Request: GET http://localhost:8000/sessions/4a927354-d29d-4e98-a68f-215584990512 "HTTP/1.1 200 OK"
INFO:httpx:HTTP Request: GET http://localhost:8000/sessions/4a927354-d29d-4e98-a68f-215584990512 "HTTP/1.1 200 OK"
INFO:httpx:HTTP Request: GET http://localhost:8000/sessions/4a927354-d29d-4e98-a68f-215584990512 "HTTP/1.1 200 OK"
INFO:httpx:HTTP Request: GET http://localhost:8000/sessions/4a927354-d29d-4e98-a68f-215584990512 "HTTP/1.1 200 OK"
INFO:httpx:HTTP Request: GET http://localhost:8000/sessions/4a927354-d29d-4e98-a68f-215584990512 "HTTP/1.1 200 OK"
INFO:httpx:HTTP Request: GET http://localhost:8000/sessions/4a927354-d29d-4e98-a68f-215584990512 "HTTP/1.1 200 OK"
INFO:httpx:HTTP Request: GET http://localhost:8000/sessions/4a927354-d29d-4e98-a68f-215584990512 "HTTP/1.1 200 OK"
INFO:httpx:HTTP Request: GET http://localhost:8000/sessions/4a927354-d29d-4e98-a68f-215584990512 "HTTP/1.1 200 OK"
INFO:httpx:HTTP Request: GET http://localhost:8000/sessions/4a927354-d29d-4e98-a68f-215584990512 "HTTP/1.1 200 OK"
INFO:httpx:HTTP Request: GET http://localhost:8000/sessions/4a927354-d29d-4e98-a68f-215584990512 "HTTP/1.1 200 OK"
INFO:httpx:HTTP Request: GET http://localhost:8000/sessions/4a927354-d29d-4e98-a68f-215584990512 "HTTP/1.1 200 OK"
INFO:httpx:HTTP Request: GET http://localhost:8000/sessions/4a927354-d29d-4e98-a68f-215584990512 "HTTP/1.1 200 OK"
INFO:httpx:HTTP Request: GET http://localhost:8000/sessions/4a927354-d29d-4e98-a68f-215584990512 "HTTP/1.1 200 OK"
INFO:httpx:HTTP Request: GET http://localhost:8000/sessions/4a927354-d29d-4e98-a68f-215584990512 "HTTP/1.1 200 OK"
INFO:httpx:HTTP Request: GET http://localhost:8000/sessions/4a927354-d29d-4e98-a68f-215584990512 "HTTP/1.1 200 OK"
INFO:httpx:HTTP Request: GET http://localhost:8000/sessions/4a927354-d29d-4e98-a68f-215584990512 "HTTP/1.1 200 OK"
INFO:httpx:HTTP Request: GET http://localhost:8000/sessions/4a927354-d29d-4e98-a68f-215584990512 "HTTP/1.1 200 OK"
INFO:httpx:HTTP Request: GET http://localhost:8000/sessions/4a927354-d29d-4e98-a68f-215584990512 "HTTP/1.1 200 OK"
INFO:httpx:HTTP Request: GET http://localhost:8000/sessions/4a927354-d29d-4e98-a68f-215584990512 "HTTP/1.1 200 OK"
INFO:httpx:HTTP Request: GET http://localhost:8000/sessions/4a927354-d29d-4e98-a68f-215584990512 "HTTP/1.1 200 OK"
INFO:httpx:HTTP Request: GET http://localhost:8000/sessions/4a927354-d29d-4e98-a68f-215584990512 "HTTP/1.1 200 OK"
INFO:httpx:HTTP Request: GET http://localhost:8000/sessions/4a927354-d29d-4e98-a68f-215584990512 "HTTP/1.1 200 OK"
INFO:httpx:HTTP Request: GET http://localhost:8000/sessions/4a927354-d29d-4e98-a68f-215584990512 "HTTP/1.1 200 OK"
INFO:httpx:HTTP Request: GET http://localhost:8000/sessions/4a927354-d29d-4e98-a68f-215584990512 "HTTP/1.1 200 OK"
INFO:httpx:HTTP Request: GET http://localhost:8000/sessions/4a927354-d29d-4e98-a68f-215584990512 "HTTP/1.1 200 OK"
INFO:httpx:HTTP Request: GET http://localhost:8000/sessions/4a927354-d29d-4e98-a68f-215584990512 "HTTP/1.1 200 OK"
INFO:httpx:HTTP Request: GET http://localhost:8000/sessions/4a927354-d29d-4e98-a68f-215584990512 "HTTP/1.1 200 OK"
INFO:httpx:HTTP Request: GET http://localhost:8000/sessions/4a927354-d29d-4e98-a68f-215584990512 "HTTP/1.1 200 OK"
INFO:httpx:HTTP Request: GET http://localhost:8000/sessions/4a927354-d29d-4e98-a68f-215584990512 "HTTP/1.1 200 OK"
INFO:httpx:HTTP Request: GET http://localhost:8000/sessions/4a927354-d29d-4e98-a68f-215584990512 "HTTP/1.1 200 OK"
INFO:httpx:HTTP Request: GET http://localhost:8000/sessions/4a927354-d29d-4e98-a68f-215584990512 "HTTP/1.1 200 OK"
INFO:httpx:HTTP Request: GET http://localhost:8000/sessions/4a927354-d29d-4e98-a68f-215584990512 "HTTP/1.1 200 OK"
INFO:httpx:HTTP Request: GET http://localhost:8000/sessions/4a927354-d29d-4e98-a68f-215584990512 "HTTP/1.1 200 OK"
INFO:httpx:HTTP Request: GET http://localhost:8000/sessions/4a927354-d29d-4e98-a68f-215584990512 "HTTP/1.1 200 OK"
INFO:httpx:HTTP Request: GET http://localhost:8000/sessions/4a927354-d29d-4e98-a68f-215584990512 "HTTP/1.1 200 OK"
INFO:httpx:HTTP Request: GET http://localhost:8000/sessions/4a927354-d29d-4e98-a68f-215584990512 "HTTP/1.1 200 OK"
INFO:httpx:HTTP Request: GET http://localhost:8000/sessions/4a927354-d29d-4e98-a68f-215584990512 "HTTP/1.1 200 OK"
INFO:httpx:HTTP Request: GET http://localhost:8000/sessions/4a927354-d29d-4e98-a68f-215584990512 "HTTP/1.1 200 OK"
INFO:httpx:HTTP Request: GET http://localhost:8000/sessions/4a927354-d29d-4e98-a68f-215584990512 "HTTP/1.1 200 OK"
INFO:httpx:HTTP Request: GET http://localhost:8000/sessions/4a927354-d29d-4e98-a68f-215584990512 "HTTP/1.1 200 OK"
INFO:httpx:HTTP Request: GET http://localhost:8000/sessions/4a927354-d29d-4e98-a68f-215584990512 "HTTP/1.1 200 OK"
INFO:httpx:HTTP Request: GET http://localhost:8000/sessions/4a927354-d29d-4e98-a68f-215584990512 "HTTP/1.1 200 OK"
INFO:httpx:HTTP Request: GET http://localhost:8000/sessions/4a927354-d29d-4e98-a68f-215584990512 "HTTP/1.1 200 OK"
INFO:httpx:HTTP Request: GET http://localhost:8000/sessions/4a927354-d29d-4e98-a68f-215584990512 "HTTP/1.1 200 OK"
INFO:httpx:HTTP Request: GET http://localhost:8000/sessions/4a927354-d29d-4e98-a68f-215584990512 "HTTP/1.1 200 OK"
INFO:httpx:HTTP Request: GET http://localhost:8000/sessions/4a927354-d29d-4e98-a68f-215584990512 "HTTP/1.1 200 OK"
INFO:httpx:HTTP Request: GET http://localhost:8000/sessions/4a927354-d29d-4e98-a68f-215584990512 "HTTP/1.1 200 OK"
INFO:httpx:HTTP Request: GET http://localhost:8000/sessions/4a927354-d29d-4e98-a68f-215584990512 "HTTP/1.1 200 OK"
INFO:httpx:HTTP Request: GET http://localhost:8000/sessions/4a927354-d29d-4e98-a68f-215584990512 "HTTP/1.1 200 OK"
INFO:httpx:HTTP Request: GET http://localhost:8000/sessions/4a927354-d29d-4e98-a68f-215584990512 "HTTP/1.1 200 OK"
INFO:httpx:HTTP Request: GET http://localhost:8000/sessions/4a927354-d29d-4e98-a68f-215584990512 "HTTP/1.1 200 OK"
INFO:httpx:HTTP Request: GET http://localhost:8000/sessions/4a927354-d29d-4e98-a68f-215584990512 "HTTP/1.1 200 OK"
INFO:httpx:HTTP Request: GET http://localhost:8000/sessions/4a927354-d29d-4e98-a68f-215584990512 "HTTP/1.1 200 OK"
INFO:httpx:HTTP Request: GET http://localhost:8000/sessions/4a927354-d29d-4e98-a68f-215584990512 "HTTP/1.1 200 OK"
INFO:httpx:HTTP Request: GET http://localhost:8000/sessions/4a927354-d29d-4e98-a68f-215584990512 "HTTP/1.1 200 OK"
INFO:httpx:HTTP Request: GET http://localhost:8000/sessions/4a927354-d29d-4e98-a68f-215584990512 "HTTP/1.1 200 OK"
INFO:httpx:HTTP Request: GET http://localhost:8000/sessions/4a927354-d29d-4e98-a68f-215584990512 "HTTP/1.1 200 OK"
INFO:httpx:HTTP Request: GET http://localhost:8000/sessions/4a927354-d29d-4e98-a68f-215584990512 "HTTP/1.1 200 OK"
INFO:httpx:HTTP Request: GET http://localhost:8000/sessions/4a927354-d29d-4e98-a68f-215584990512 "HTTP/1.1 200 OK"
INFO:httpx:HTTP Request: GET http://localhost:8000/sessions/4a927354-d29d-4e98-a68f-215584990512 "HTTP/1.1 200 OK"
INFO:httpx:HTTP Request: GET http://localhost:8000/sessions/4a927354-d29d-4e98-a68f-215584990512 "HTTP/1.1 200 OK"
INFO:httpx:HTTP Request: GET http://localhost:8000/sessions/4a927354-d29d-4e98-a68f-215584990512 "HTTP/1.1 200 OK"
INFO:httpx:HTTP Request: GET http://localhost:8000/sessions/4a927354-d29d-4e98-a68f-215584990512 "HTTP/1.1 200 OK"
INFO:httpx:HTTP Request: GET http://localhost:8000/sessions/4a927354-d29d-4e98-a68f-215584990512 "HTTP/1.1 200 OK"
INFO:httpx:HTTP Request: GET http://localhost:8000/sessions/4a927354-d29d-4e98-a68f-215584990512 "HTTP/1.1 200 OK"
INFO:httpx:HTTP Request: GET http://localhost:8000/sessions/4a927354-d29d-4e98-a68f-215584990512 "HTTP/1.1 200 OK"
INFO:httpx:HTTP Request: GET http://localhost:8000/sessions/4a927354-d29d-4e98-a68f-215584990512 "HTTP/1.1 200 OK"
INFO:httpx:HTTP Request: GET http://localhost:8000/sessions/4a927354-d29d-4e98-a68f-215584990512 "HTTP/1.1 200 OK"
INFO:httpx:HTTP Request: GET http://localhost:8000/sessions/4a927354-d29d-4e98-a68f-215584990512 "HTTP/1.1 200 OK"
INFO:httpx:HTTP Request: GET http://localhost:8000/sessions/4a927354-d29d-4e98-a68f-215584990512 "HTTP/1.1 200 OK"
INFO:httpx:HTTP Request: GET http://localhost:8000/sessions/4a927354-d29d-4e98-a68f-215584990512 "HTTP/1.1 200 OK"
INFO:httpx:HTTP Request: GET http://localhost:8000/sessions/4a927354-d29d-4e98-a68f-215584990512 "HTTP/1.1 200 OK"
INFO:httpx:HTTP Request: GET http://localhost:8000/sessions/4a927354-d29d-4e98-a68f-215584990512 "HTTP/1.1 200 OK"
INFO:httpx:HTTP Request: GET http://localhost:8000/sessions/4a927354-d29d-4e98-a68f-215584990512 "HTTP/1.1 200 OK"
INFO:httpx:HTTP Request: GET http://localhost:8000/sessions/4a927354-d29d-4e98-a68f-215584990512 "HTTP/1.1 200 OK"
INFO:httpx:HTTP Request: GET http://localhost:8000/sessions/4a927354-d29d-4e98-a68f-215584990512 "HTTP/1.1 200 OK"
INFO:httpx:HTTP Request: GET http://localhost:8000/sessions/4a927354-d29d-4e98-a68f-215584990512 "HTTP/1.1 200 OK"
INFO:httpx:HTTP Request: GET http://localhost:8000/sessions/4a927354-d29d-4e98-a68f-215584990512 "HTTP/1.1 200 OK"
INFO:httpx:HTTP Request: GET http://localhost:8000/sessions/4a927354-d29d-4e98-a68f-215584990512 "HTTP/1.1 200 OK"
INFO:httpx:HTTP Request: GET http://localhost:8000/sessions/4a927354-d29d-4e98-a68f-215584990512 "HTTP/1.1 200 OK"
INFO:httpx:HTTP Request: GET http://localhost:8000/sessions/4a927354-d29d-4e98-a68f-215584990512 "HTTP/1.1 200 OK"
INFO:httpx:HTTP Request: GET http://localhost:8000/sessions/4a927354-d29d-4e98-a68f-215584990512 "HTTP/1.1 200 OK"
INFO:httpx:HTTP Request: GET http://localhost:8000/sessions/4a927354-d29d-4e98-a68f-215584990512 "HTTP/1.1 200 OK"
INFO:httpx:HTTP Request: GET http://localhost:8000/sessions/4a927354-d29d-4e98-a68f-215584990512 "HTTP/1.1 200 OK"
INFO:httpx:HTTP Request: GET http://localhost:8000/sessions/4a927354-d29d-4e98-a68f-215584990512 "HTTP/1.1 200 OK"
INFO:httpx:HTTP Request: GET http://localhost:8000/sessions/4a927354-d29d-4e98-a68f-215584990512 "HTTP/1.1 200 OK"
INFO:httpx:HTTP Request: GET http://localhost:8000/sessions/4a927354-d29d-4e98-a68f-215584990512 "HTTP/1.1 200 OK"
INFO:     127.0.0.1:43606 - "POST /webhook HTTP/1.1" 200 OK
INFO:httpx:HTTP Request: GET http://localhost:8000/sessions/4a927354-d29d-4e98-a68f-215584990512 "HTTP/1.1 200 OK"
INFO:httpx:HTTP Request: GET http://localhost:8000/sessions/4a927354-d29d-4e98-a68f-215584990512 "HTTP/1.1 200 OK"
INFO:httpx:HTTP Request: GET http://localhost:8000/sessions/4a927354-d29d-4e98-a68f-215584990512 "HTTP/1.1 200 OK"
INFO:httpx:HTTP Request: GET http://localhost:8000/sessions/4a927354-d29d-4e98-a68f-215584990512 "HTTP/1.1 200 OK"
INFO:alice:[Alice] Poll detected terminal status session=4a927354 status=done
INFO:alice:[Alice] Worker terminated session=4a927354 pid=1334
INFO:     127.0.0.1:40890 - "GET /health HTTP/1.1" 200 OK
INFO:httpx:HTTP Request: POST http://localhost:8000/sessions "HTTP/1.1 202 Accepted"
INFO:alice:[Alice] Worker spawned session=2d51a7f8 queue=qubit_send_2d51a7f8 pid=274644
INFO:alice:[Alice] Session 2d51a7f8 created n_qubits=1024 qkdl=http://localhost:9093 queue=qubit_send_2d51a7f8
INFO:     127.0.0.1:40906 - "POST /start?receiver_label=bob-3&n_qubits=1024&batch_size=10 HTTP/1.1" 200 OK
INFO:httpx:HTTP Request: GET http://localhost:8000/sessions/2d51a7f8-7e49-4523-8f15-7101b863009d "HTTP/1.1 200 OK"
INFO:httpx:HTTP Request: GET http://localhost:8000/sessions/2d51a7f8-7e49-4523-8f15-7101b863009d "HTTP/1.1 200 OK"
INFO:httpx:HTTP Request: GET http://localhost:8000/sessions/2d51a7f8-7e49-4523-8f15-7101b863009d "HTTP/1.1 200 OK"
INFO:     127.0.0.1:51826 - "POST /webhook HTTP/1.1" 200 OK
INFO:alice:[Alice] Receiver joined 2d51a7f8  dispatching pipeline
INFO:httpx:HTTP Request: GET http://localhost:8000/sessions/2d51a7f8-7e49-4523-8f15-7101b863009d "HTTP/1.1 200 OK"
INFO:alice:[Alice] Dispatching pipeline session=2d51a7f8 batches=103 qkdl=http://localhost:9093 queue=qubit_send_2d51a7f8
INFO:httpx:HTTP Request: GET http://localhost:8000/sessions/2d51a7f8-7e49-4523-8f15-7101b863009d "HTTP/1.1 200 OK"
INFO:httpx:HTTP Request: GET http://localhost:8000/sessions/2d51a7f8-7e49-4523-8f15-7101b863009d "HTTP/1.1 200 OK"
INFO:httpx:HTTP Request: GET http://localhost:8000/sessions/2d51a7f8-7e49-4523-8f15-7101b863009d "HTTP/1.1 200 OK"
INFO:alice:[Alice] Pipeline dispatched session=2d51a7f8 (103 QTT → ST → QKT → NT) queue=qubit_send_2d51a7f8
INFO:httpx:HTTP Request: GET http://localhost:8000/sessions/2d51a7f8-7e49-4523-8f15-7101b863009d "HTTP/1.1 200 OK"
INFO:httpx:HTTP Request: GET http://localhost:8000/sessions/2d51a7f8-7e49-4523-8f15-7101b863009d "HTTP/1.1 200 OK"
INFO:httpx:HTTP Request: GET http://localhost:8000/sessions/2d51a7f8-7e49-4523-8f15-7101b863009d "HTTP/1.1 200 OK"
INFO:httpx:HTTP Request: GET http://localhost:8000/sessions/2d51a7f8-7e49-4523-8f15-7101b863009d "HTTP/1.1 200 OK"
INFO:httpx:HTTP Request: GET http://localhost:8000/sessions/2d51a7f8-7e49-4523-8f15-7101b863009d "HTTP/1.1 200 OK"
INFO:httpx:HTTP Request: GET http://localhost:8000/sessions/2d51a7f8-7e49-4523-8f15-7101b863009d "HTTP/1.1 200 OK"
INFO:httpx:HTTP Request: GET http://localhost:8000/sessions/2d51a7f8-7e49-4523-8f15-7101b863009d "HTTP/1.1 200 OK"
INFO:httpx:HTTP Request: GET http://localhost:8000/sessions/2d51a7f8-7e49-4523-8f15-7101b863009d "HTTP/1.1 200 OK"
INFO:httpx:HTTP Request: GET http://localhost:8000/sessions/2d51a7f8-7e49-4523-8f15-7101b863009d "HTTP/1.1 200 OK"
INFO:httpx:HTTP Request: GET http://localhost:8000/sessions/2d51a7f8-7e49-4523-8f15-7101b863009d "HTTP/1.1 200 OK"
INFO:httpx:HTTP Request: GET http://localhost:8000/sessions/2d51a7f8-7e49-4523-8f15-7101b863009d "HTTP/1.1 200 OK"
INFO:httpx:HTTP Request: GET http://localhost:8000/sessions/2d51a7f8-7e49-4523-8f15-7101b863009d "HTTP/1.1 200 OK"
INFO:httpx:HTTP Request: GET http://localhost:8000/sessions/2d51a7f8-7e49-4523-8f15-7101b863009d "HTTP/1.1 200 OK"
INFO:httpx:HTTP Request: GET http://localhost:8000/sessions/2d51a7f8-7e49-4523-8f15-7101b863009d "HTTP/1.1 200 OK"
INFO:httpx:HTTP Request: GET http://localhost:8000/sessions/2d51a7f8-7e49-4523-8f15-7101b863009d "HTTP/1.1 200 OK"
INFO:httpx:HTTP Request: GET http://localhost:8000/sessions/2d51a7f8-7e49-4523-8f15-7101b863009d "HTTP/1.1 200 OK"
INFO:httpx:HTTP Request: GET http://localhost:8000/sessions/2d51a7f8-7e49-4523-8f15-7101b863009d "HTTP/1.1 200 OK"
INFO:httpx:HTTP Request: GET http://localhost:8000/sessions/2d51a7f8-7e49-4523-8f15-7101b863009d "HTTP/1.1 200 OK"
INFO:httpx:HTTP Request: GET http://localhost:8000/sessions/2d51a7f8-7e49-4523-8f15-7101b863009d "HTTP/1.1 200 OK"
INFO:httpx:HTTP Request: GET http://localhost:8000/sessions/2d51a7f8-7e49-4523-8f15-7101b863009d "HTTP/1.1 200 OK"
INFO:httpx:HTTP Request: GET http://localhost:8000/sessions/2d51a7f8-7e49-4523-8f15-7101b863009d "HTTP/1.1 200 OK"
INFO:httpx:HTTP Request: GET http://localhost:8000/sessions/2d51a7f8-7e49-4523-8f15-7101b863009d "HTTP/1.1 200 OK"
INFO:httpx:HTTP Request: GET http://localhost:8000/sessions/2d51a7f8-7e49-4523-8f15-7101b863009d "HTTP/1.1 200 OK"
INFO:httpx:HTTP Request: GET http://localhost:8000/sessions/2d51a7f8-7e49-4523-8f15-7101b863009d "HTTP/1.1 200 OK"
INFO:httpx:HTTP Request: GET http://localhost:8000/sessions/2d51a7f8-7e49-4523-8f15-7101b863009d "HTTP/1.1 200 OK"
INFO:httpx:HTTP Request: GET http://localhost:8000/sessions/2d51a7f8-7e49-4523-8f15-7101b863009d "HTTP/1.1 200 OK"
INFO:httpx:HTTP Request: GET http://localhost:8000/sessions/2d51a7f8-7e49-4523-8f15-7101b863009d "HTTP/1.1 200 OK"
INFO:httpx:HTTP Request: GET http://localhost:8000/sessions/2d51a7f8-7e49-4523-8f15-7101b863009d "HTTP/1.1 200 OK"
INFO:httpx:HTTP Request: GET http://localhost:8000/sessions/2d51a7f8-7e49-4523-8f15-7101b863009d "HTTP/1.1 200 OK"
INFO:httpx:HTTP Request: GET http://localhost:8000/sessions/2d51a7f8-7e49-4523-8f15-7101b863009d "HTTP/1.1 200 OK"
INFO:httpx:HTTP Request: GET http://localhost:8000/sessions/2d51a7f8-7e49-4523-8f15-7101b863009d "HTTP/1.1 200 OK"
INFO:httpx:HTTP Request: GET http://localhost:8000/sessions/2d51a7f8-7e49-4523-8f15-7101b863009d "HTTP/1.1 200 OK"
INFO:httpx:HTTP Request: GET http://localhost:8000/sessions/2d51a7f8-7e49-4523-8f15-7101b863009d "HTTP/1.1 200 OK"
INFO:httpx:HTTP Request: GET http://localhost:8000/sessions/2d51a7f8-7e49-4523-8f15-7101b863009d "HTTP/1.1 200 OK"
INFO:httpx:HTTP Request: GET http://localhost:8000/sessions/2d51a7f8-7e49-4523-8f15-7101b863009d "HTTP/1.1 200 OK"
INFO:httpx:HTTP Request: GET http://localhost:8000/sessions/2d51a7f8-7e49-4523-8f15-7101b863009d "HTTP/1.1 200 OK"
INFO:httpx:HTTP Request: GET http://localhost:8000/sessions/2d51a7f8-7e49-4523-8f15-7101b863009d "HTTP/1.1 200 OK"
INFO:httpx:HTTP Request: GET http://localhost:8000/sessions/2d51a7f8-7e49-4523-8f15-7101b863009d "HTTP/1.1 200 OK"
INFO:httpx:HTTP Request: GET http://localhost:8000/sessions/2d51a7f8-7e49-4523-8f15-7101b863009d "HTTP/1.1 200 OK"
INFO:httpx:HTTP Request: GET http://localhost:8000/sessions/2d51a7f8-7e49-4523-8f15-7101b863009d "HTTP/1.1 200 OK"
INFO:httpx:HTTP Request: GET http://localhost:8000/sessions/2d51a7f8-7e49-4523-8f15-7101b863009d "HTTP/1.1 200 OK"
INFO:httpx:HTTP Request: GET http://localhost:8000/sessions/2d51a7f8-7e49-4523-8f15-7101b863009d "HTTP/1.1 200 OK"
INFO:httpx:HTTP Request: GET http://localhost:8000/sessions/2d51a7f8-7e49-4523-8f15-7101b863009d "HTTP/1.1 200 OK"
INFO:httpx:HTTP Request: GET http://localhost:8000/sessions/2d51a7f8-7e49-4523-8f15-7101b863009d "HTTP/1.1 200 OK"
INFO:httpx:HTTP Request: GET http://localhost:8000/sessions/2d51a7f8-7e49-4523-8f15-7101b863009d "HTTP/1.1 200 OK"
INFO:httpx:HTTP Request: GET http://localhost:8000/sessions/2d51a7f8-7e49-4523-8f15-7101b863009d "HTTP/1.1 200 OK"
INFO:httpx:HTTP Request: GET http://localhost:8000/sessions/2d51a7f8-7e49-4523-8f15-7101b863009d "HTTP/1.1 200 OK"
INFO:httpx:HTTP Request: GET http://localhost:8000/sessions/2d51a7f8-7e49-4523-8f15-7101b863009d "HTTP/1.1 200 OK"
INFO:httpx:HTTP Request: GET http://localhost:8000/sessions/2d51a7f8-7e49-4523-8f15-7101b863009d "HTTP/1.1 200 OK"
INFO:httpx:HTTP Request: GET http://localhost:8000/sessions/2d51a7f8-7e49-4523-8f15-7101b863009d "HTTP/1.1 200 OK"
INFO:httpx:HTTP Request: GET http://localhost:8000/sessions/2d51a7f8-7e49-4523-8f15-7101b863009d "HTTP/1.1 200 OK"
INFO:httpx:HTTP Request: GET http://localhost:8000/sessions/2d51a7f8-7e49-4523-8f15-7101b863009d "HTTP/1.1 200 OK"
INFO:httpx:HTTP Request: GET http://localhost:8000/sessions/2d51a7f8-7e49-4523-8f15-7101b863009d "HTTP/1.1 200 OK"
INFO:httpx:HTTP Request: GET http://localhost:8000/sessions/2d51a7f8-7e49-4523-8f15-7101b863009d "HTTP/1.1 200 OK"
INFO:httpx:HTTP Request: GET http://localhost:8000/sessions/2d51a7f8-7e49-4523-8f15-7101b863009d "HTTP/1.1 200 OK"
INFO:httpx:HTTP Request: GET http://localhost:8000/sessions/2d51a7f8-7e49-4523-8f15-7101b863009d "HTTP/1.1 200 OK"
INFO:httpx:HTTP Request: GET http://localhost:8000/sessions/2d51a7f8-7e49-4523-8f15-7101b863009d "HTTP/1.1 200 OK"
INFO:httpx:HTTP Request: GET http://localhost:8000/sessions/2d51a7f8-7e49-4523-8f15-7101b863009d "HTTP/1.1 200 OK"
INFO:httpx:HTTP Request: GET http://localhost:8000/sessions/2d51a7f8-7e49-4523-8f15-7101b863009d "HTTP/1.1 200 OK"
INFO:httpx:HTTP Request: GET http://localhost:8000/sessions/2d51a7f8-7e49-4523-8f15-7101b863009d "HTTP/1.1 200 OK"
INFO:httpx:HTTP Request: GET http://localhost:8000/sessions/2d51a7f8-7e49-4523-8f15-7101b863009d "HTTP/1.1 200 OK"
INFO:httpx:HTTP Request: GET http://localhost:8000/sessions/2d51a7f8-7e49-4523-8f15-7101b863009d "HTTP/1.1 200 OK"
INFO:httpx:HTTP Request: GET http://localhost:8000/sessions/2d51a7f8-7e49-4523-8f15-7101b863009d "HTTP/1.1 200 OK"
INFO:httpx:HTTP Request: GET http://localhost:8000/sessions/2d51a7f8-7e49-4523-8f15-7101b863009d "HTTP/1.1 200 OK"
INFO:     Shutting down
INFO:     Finished server process [1036]
