INFO:     Started server process [1200]
INFO:     Waiting for application startup.
INFO:httpx:HTTP Request: POST http://localhost:8000/nodes/register "HTTP/1.1 200 OK"
INFO:node.base:[alice-16] Registered → node_id=64c18dd9
INFO:node.base:[alice-16] Started  node_id=64c18dd9 role=sender
INFO:     Application startup complete.
INFO:     Uvicorn running on http://0.0.0.0:8116 (Press CTRL+C to quit)
INFO:     127.0.0.1:38698 - "GET /health HTTP/1.1" 200 OK
INFO:httpx:HTTP Request: POST http://localhost:8000/sessions "HTTP/1.1 202 Accepted"
INFO:alice:[Alice] Worker spawned session=adbdafd2 queue=qubit_send_adbdafd2 pid=1366
INFO:alice:[Alice] Session adbdafd2 created n_qubits=1024 qkdl=http://localhost:9043 queue=qubit_send_adbdafd2
INFO:     127.0.0.1:38710 - "POST /start?receiver_label=bob-16&n_qubits=1024&batch_size=10 HTTP/1.1" 200 OK
INFO:httpx:HTTP Request: GET http://localhost:8000/sessions/adbdafd2-428b-42f4-8f57-cee4945681c5 "HTTP/1.1 200 OK"
INFO:httpx:HTTP Request: GET http://localhost:8000/sessions/adbdafd2-428b-42f4-8f57-cee4945681c5 "HTTP/1.1 200 OK"
INFO:httpx:HTTP Request: GET http://localhost:8000/sessions/adbdafd2-428b-42f4-8f57-cee4945681c5 "HTTP/1.1 200 OK"
INFO:httpx:HTTP Request: GET http://localhost:8000/sessions/adbdafd2-428b-42f4-8f57-cee4945681c5 "HTTP/1.1 200 OK"
INFO:httpx:HTTP Request: GET http://localhost:8000/sessions/adbdafd2-428b-42f4-8f57-cee4945681c5 "HTTP/1.1 200 OK"
INFO:httpx:HTTP Request: GET http://localhost:8000/sessions/adbdafd2-428b-42f4-8f57-cee4945681c5 "HTTP/1.1 200 OK"
INFO:httpx:HTTP Request: GET http://localhost:8000/sessions/adbdafd2-428b-42f4-8f57-cee4945681c5 "HTTP/1.1 200 OK"
INFO:httpx:HTTP Request: GET http://localhost:8000/sessions/adbdafd2-428b-42f4-8f57-cee4945681c5 "HTTP/1.1 200 OK"
INFO:httpx:HTTP Request: GET http://localhost:8000/sessions/adbdafd2-428b-42f4-8f57-cee4945681c5 "HTTP/1.1 200 OK"
INFO:httpx:HTTP Request: GET http://localhost:8000/sessions/adbdafd2-428b-42f4-8f57-cee4945681c5 "HTTP/1.1 200 OK"
INFO:httpx:HTTP Request: GET http://localhost:8000/sessions/adbdafd2-428b-42f4-8f57-cee4945681c5 "HTTP/1.1 200 OK"
INFO:     127.0.0.1:35732 - "POST /webhook HTTP/1.1" 200 OK
INFO:alice:[Alice] Receiver joined adbdafd2  dispatching pipeline
INFO:httpx:HTTP Request: GET http://localhost:8000/sessions/adbdafd2-428b-42f4-8f57-cee4945681c5 "HTTP/1.1 200 OK"
INFO:alice:[Alice] Dispatching pipeline session=adbdafd2 batches=103 qkdl=http://localhost:9043 queue=qubit_send_adbdafd2
INFO:httpx:HTTP Request: GET http://localhost:8000/sessions/adbdafd2-428b-42f4-8f57-cee4945681c5 "HTTP/1.1 200 OK"
INFO:httpx:HTTP Request: GET http://localhost:8000/sessions/adbdafd2-428b-42f4-8f57-cee4945681c5 "HTTP/1.1 200 OK"
INFO:httpx:HTTP Request: GET http://localhost:8000/sessions/adbdafd2-428b-42f4-8f57-cee4945681c5 "HTTP/1.1 200 OK"
INFO:httpx:HTTP Request: GET http://localhost:8000/sessions/adbdafd2-428b-42f4-8f57-cee4945681c5 "HTTP/1.1 200 OK"
INFO:alice:[Alice] Pipeline dispatched session=adbdafd2 (103 QTT → ST → QKT → NT) queue=qubit_send_adbdafd2
INFO:httpx:HTTP Request: GET http://localhost:8000/sessions/adbdafd2-428b-42f4-8f57-cee4945681c5 "HTTP/1.1 200 OK"
INFO:httpx:HTTP Request: GET http://localhost:8000/sessions/adbdafd2-428b-42f4-8f57-cee4945681c5 "HTTP/1.1 200 OK"
INFO:httpx:HTTP Request: GET http://localhost:8000/sessions/adbdafd2-428b-42f4-8f57-cee4945681c5 "HTTP/1.1 200 OK"
INFO:httpx:HTTP Request: GET http://localhost:8000/sessions/adbdafd2-428b-42f4-8f57-cee4945681c5 "HTTP/1.1 200 OK"
INFO:httpx:HTTP Request: GET http://localhost:8000/sessions/adbdafd2-428b-42f4-8f57-cee4945681c5 "HTTP/1.1 200 OK"
INFO:httpx:HTTP Request: GET http://localhost:8000/sessions/adbdafd2-428b-42f4-8f57-cee4945681c5 "HTTP/1.1 200 OK"
INFO:httpx:HTTP Request: GET http://localhost:8000/sessions/adbdafd2-428b-42f4-8f57-cee4945681c5 "HTTP/1.1 200 OK"
INFO:httpx:HTTP Request: GET http://localhost:8000/sessions/adbdafd2-428b-42f4-8f57-cee4945681c5 "HTTP/1.1 200 OK"
INFO:httpx:HTTP Request: GET http://localhost:8000/sessions/adbdafd2-428b-42f4-8f57-cee4945681c5 "HTTP/1.1 200 OK"
INFO:httpx:HTTP Request: GET http://localhost:8000/sessions/adbdafd2-428b-42f4-8f57-cee4945681c5 "HTTP/1.1 200 OK"
INFO:httpx:HTTP Request: GET http://localhost:8000/sessions/adbdafd2-428b-42f4-8f57-cee4945681c5 "HTTP/1.1 200 OK"
INFO:httpx:HTTP Request: GET http://localhost:8000/sessions/adbdafd2-428b-42f4-8f57-cee4945681c5 "HTTP/1.1 200 OK"
INFO:httpx:HTTP Request: GET http://localhost:8000/sessions/adbdafd2-428b-42f4-8f57-cee4945681c5 "HTTP/1.1 200 OK"
INFO:httpx:HTTP Request: GET http://localhost:8000/sessions/adbdafd2-428b-42f4-8f57-cee4945681c5 "HTTP/1.1 200 OK"
INFO:httpx:HTTP Request: GET http://localhost:8000/sessions/adbdafd2-428b-42f4-8f57-cee4945681c5 "HTTP/1.1 200 OK"
INFO:httpx:HTTP Request: GET http://localhost:8000/sessions/adbdafd2-428b-42f4-8f57-cee4945681c5 "HTTP/1.1 200 OK"
INFO:httpx:HTTP Request: GET http://localhost:8000/sessions/adbdafd2-428b-42f4-8f57-cee4945681c5 "HTTP/1.1 200 OK"
INFO:httpx:HTTP Request: GET http://localhost:8000/sessions/adbdafd2-428b-42f4-8f57-cee4945681c5 "HTTP/1.1 200 OK"
INFO:httpx:HTTP Request: GET http://localhost:8000/sessions/adbdafd2-428b-42f4-8f57-cee4945681c5 "HTTP/1.1 200 OK"
INFO:httpx:HTTP Request: GET http://localhost:8000/sessions/adbdafd2-428b-42f4-8f57-cee4945681c5 "HTTP/1.1 200 OK"
INFO:httpx:HTTP Request: GET http://localhost:8000/sessions/adbdafd2-428b-42f4-8f57-cee4945681c5 "HTTP/1.1 200 OK"
INFO:httpx:HTTP Request: GET http://localhost:8000/sessions/adbdafd2-428b-42f4-8f57-cee4945681c5 "HTTP/1.1 200 OK"
INFO:httpx:HTTP Request: GET http://localhost:8000/sessions/adbdafd2-428b-42f4-8f57-cee4945681c5 "HTTP/1.1 200 OK"
INFO:httpx:HTTP Request: GET http://localhost:8000/sessions/adbdafd2-428b-42f4-8f57-cee4945681c5 "HTTP/1.1 200 OK"
INFO:httpx:HTTP Request: GET http://localhost:8000/sessions/adbdafd2-428b-42f4-8f57-cee4945681c5 "HTTP/1.1 200 OK"
INFO:httpx:HTTP Request: GET http://localhost:8000/sessions/adbdafd2-428b-42f4-8f57-cee4945681c5 "HTTP/1.1 200 OK"
INFO:httpx:HTTP Request: GET http://localhost:8000/sessions/adbdafd2-428b-42f4-8f57-cee4945681c5 "HTTP/1.1 200 OK"
INFO:httpx:HTTP Request: GET http://localhost:8000/sessions/adbdafd2-428b-42f4-8f57-cee4945681c5 "HTTP/1.1 200 OK"
INFO:httpx:HTTP Request: GET http://localhost:8000/sessions/adbdafd2-428b-42f4-8f57-cee4945681c5 "HTTP/1.1 200 OK"
INFO:httpx:HTTP Request: GET http://localhost:8000/sessions/adbdafd2-428b-42f4-8f57-cee4945681c5 "HTTP/1.1 200 OK"
INFO:httpx:HTTP Request: GET http://localhost:8000/sessions/adbdafd2-428b-42f4-8f57-cee4945681c5 "HTTP/1.1 200 OK"
INFO:httpx:HTTP Request: GET http://localhost:8000/sessions/adbdafd2-428b-42f4-8f57-cee4945681c5 "HTTP/1.1 200 OK"
INFO:httpx:HTTP Request: GET http://localhost:8000/sessions/adbdafd2-428b-42f4-8f57-cee4945681c5 "HTTP/1.1 200 OK"
INFO:httpx:HTTP Request: GET http://localhost:8000/sessions/adbdafd2-428b-42f4-8f57-cee4945681c5 "HTTP/1.1 200 OK"
INFO:httpx:HTTP Request: GET http://localhost:8000/sessions/adbdafd2-428b-42f4-8f57-cee4945681c5 "HTTP/1.1 200 OK"
INFO:httpx:HTTP Request: GET http://localhost:8000/sessions/adbdafd2-428b-42f4-8f57-cee4945681c5 "HTTP/1.1 200 OK"
INFO:httpx:HTTP Request: GET http://localhost:8000/sessions/adbdafd2-428b-42f4-8f57-cee4945681c5 "HTTP/1.1 200 OK"
INFO:httpx:HTTP Request: GET http://localhost:8000/sessions/adbdafd2-428b-42f4-8f57-cee4945681c5 "HTTP/1.1 200 OK"
INFO:httpx:HTTP Request: GET http://localhost:8000/sessions/adbdafd2-428b-42f4-8f57-cee4945681c5 "HTTP/1.1 200 OK"
INFO:httpx:HTTP Request: GET http://localhost:8000/sessions/adbdafd2-428b-42f4-8f57-cee4945681c5 "HTTP/1.1 200 OK"
INFO:httpx:HTTP Request: GET http://localhost:8000/sessions/adbdafd2-428b-42f4-8f57-cee4945681c5 "HTTP/1.1 200 OK"
INFO:httpx:HTTP Request: GET http://localhost:8000/sessions/adbdafd2-428b-42f4-8f57-cee4945681c5 "HTTP/1.1 200 OK"
INFO:httpx:HTTP Request: GET http://localhost:8000/sessions/adbdafd2-428b-42f4-8f57-cee4945681c5 "HTTP/1.1 200 OK"
INFO:httpx:HTTP Request: GET http://localhost:8000/sessions/adbdafd2-428b-42f4-8f57-cee4945681c5 "HTTP/1.1 200 OK"
INFO:httpx:HTTP Request: GET http://localhost:8000/sessions/adbdafd2-428b-42f4-8f57-cee4945681c5 "HTTP/1.1 200 OK"
INFO:httpx:HTTP Request: GET http://localhost:8000/sessions/adbdafd2-428b-42f4-8f57-cee4945681c5 "HTTP/1.1 200 OK"
INFO:httpx:HTTP Request: GET http://localhost:8000/sessions/adbdafd2-428b-42f4-8f57-cee4945681c5 "HTTP/1.1 200 OK"
INFO:httpx:HTTP Request: GET http://localhost:8000/sessions/adbdafd2-428b-42f4-8f57-cee4945681c5 "HTTP/1.1 200 OK"
INFO:httpx:HTTP Request: GET http://localhost:8000/sessions/adbdafd2-428b-42f4-8f57-cee4945681c5 "HTTP/1.1 200 OK"
INFO:httpx:HTTP Request: GET http://localhost:8000/sessions/adbdafd2-428b-42f4-8f57-cee4945681c5 "HTTP/1.1 200 OK"
INFO:httpx:HTTP Request: GET http://localhost:8000/sessions/adbdafd2-428b-42f4-8f57-cee4945681c5 "HTTP/1.1 200 OK"
INFO:httpx:HTTP Request: GET http://localhost:8000/sessions/adbdafd2-428b-42f4-8f57-cee4945681c5 "HTTP/1.1 200 OK"
INFO:httpx:HTTP Request: GET http://localhost:8000/sessions/adbdafd2-428b-42f4-8f57-cee4945681c5 "HTTP/1.1 200 OK"
INFO:httpx:HTTP Request: GET http://localhost:8000/sessions/adbdafd2-428b-42f4-8f57-cee4945681c5 "HTTP/1.1 200 OK"
INFO:httpx:HTTP Request: GET http://localhost:8000/sessions/adbdafd2-428b-42f4-8f57-cee4945681c5 "HTTP/1.1 200 OK"
INFO:httpx:HTTP Request: GET http://localhost:8000/sessions/adbdafd2-428b-42f4-8f57-cee4945681c5 "HTTP/1.1 200 OK"
INFO:httpx:HTTP Request: GET http://localhost:8000/sessions/adbdafd2-428b-42f4-8f57-cee4945681c5 "HTTP/1.1 200 OK"
INFO:httpx:HTTP Request: GET http://localhost:8000/sessions/adbdafd2-428b-42f4-8f57-cee4945681c5 "HTTP/1.1 200 OK"
INFO:httpx:HTTP Request: GET http://localhost:8000/sessions/adbdafd2-428b-42f4-8f57-cee4945681c5 "HTTP/1.1 200 OK"
INFO:httpx:HTTP Request: GET http://localhost:8000/sessions/adbdafd2-428b-42f4-8f57-cee4945681c5 "HTTP/1.1 200 OK"
INFO:httpx:HTTP Request: GET http://localhost:8000/sessions/adbdafd2-428b-42f4-8f57-cee4945681c5 "HTTP/1.1 200 OK"
INFO:httpx:HTTP Request: GET http://localhost:8000/sessions/adbdafd2-428b-42f4-8f57-cee4945681c5 "HTTP/1.1 200 OK"
INFO:httpx:HTTP Request: GET http://localhost:8000/sessions/adbdafd2-428b-42f4-8f57-cee4945681c5 "HTTP/1.1 200 OK"
INFO:httpx:HTTP Request: GET http://localhost:8000/sessions/adbdafd2-428b-42f4-8f57-cee4945681c5 "HTTP/1.1 200 OK"
INFO:httpx:HTTP Request: GET http://localhost:8000/sessions/adbdafd2-428b-42f4-8f57-cee4945681c5 "HTTP/1.1 200 OK"
INFO:httpx:HTTP Request: GET http://localhost:8000/sessions/adbdafd2-428b-42f4-8f57-cee4945681c5 "HTTP/1.1 200 OK"
INFO:httpx:HTTP Request: GET http://localhost:8000/sessions/adbdafd2-428b-42f4-8f57-cee4945681c5 "HTTP/1.1 200 OK"
INFO:httpx:HTTP Request: GET http://localhost:8000/sessions/adbdafd2-428b-42f4-8f57-cee4945681c5 "HTTP/1.1 200 OK"
INFO:httpx:HTTP Request: GET http://localhost:8000/sessions/adbdafd2-428b-42f4-8f57-cee4945681c5 "HTTP/1.1 200 OK"
INFO:httpx:HTTP Request: GET http://localhost:8000/sessions/adbdafd2-428b-42f4-8f57-cee4945681c5 "HTTP/1.1 200 OK"
INFO:httpx:HTTP Request: GET http://localhost:8000/sessions/adbdafd2-428b-42f4-8f57-cee4945681c5 "HTTP/1.1 200 OK"
INFO:httpx:HTTP Request: GET http://localhost:8000/sessions/adbdafd2-428b-42f4-8f57-cee4945681c5 "HTTP/1.1 200 OK"
INFO:httpx:HTTP Request: GET http://localhost:8000/sessions/adbdafd2-428b-42f4-8f57-cee4945681c5 "HTTP/1.1 200 OK"
INFO:httpx:HTTP Request: GET http://localhost:8000/sessions/adbdafd2-428b-42f4-8f57-cee4945681c5 "HTTP/1.1 200 OK"
INFO:httpx:HTTP Request: GET http://localhost:8000/sessions/adbdafd2-428b-42f4-8f57-cee4945681c5 "HTTP/1.1 200 OK"
INFO:httpx:HTTP Request: GET http://localhost:8000/sessions/adbdafd2-428b-42f4-8f57-cee4945681c5 "HTTP/1.1 200 OK"
INFO:httpx:HTTP Request: GET http://localhost:8000/sessions/adbdafd2-428b-42f4-8f57-cee4945681c5 "HTTP/1.1 200 OK"
INFO:httpx:HTTP Request: GET http://localhost:8000/sessions/adbdafd2-428b-42f4-8f57-cee4945681c5 "HTTP/1.1 200 OK"
INFO:httpx:HTTP Request: GET http://localhost:8000/sessions/adbdafd2-428b-42f4-8f57-cee4945681c5 "HTTP/1.1 200 OK"
INFO:httpx:HTTP Request: GET http://localhost:8000/sessions/adbdafd2-428b-42f4-8f57-cee4945681c5 "HTTP/1.1 200 OK"
INFO:httpx:HTTP Request: GET http://localhost:8000/sessions/adbdafd2-428b-42f4-8f57-cee4945681c5 "HTTP/1.1 200 OK"
INFO:httpx:HTTP Request: GET http://localhost:8000/sessions/adbdafd2-428b-42f4-8f57-cee4945681c5 "HTTP/1.1 200 OK"
INFO:httpx:HTTP Request: GET http://localhost:8000/sessions/adbdafd2-428b-42f4-8f57-cee4945681c5 "HTTP/1.1 200 OK"
INFO:httpx:HTTP Request: GET http://localhost:8000/sessions/adbdafd2-428b-42f4-8f57-cee4945681c5 "HTTP/1.1 200 OK"
INFO:httpx:HTTP Request: GET http://localhost:8000/sessions/adbdafd2-428b-42f4-8f57-cee4945681c5 "HTTP/1.1 200 OK"
INFO:httpx:HTTP Request: GET http://localhost:8000/sessions/adbdafd2-428b-42f4-8f57-cee4945681c5 "HTTP/1.1 200 OK"
INFO:httpx:HTTP Request: GET http://localhost:8000/sessions/adbdafd2-428b-42f4-8f57-cee4945681c5 "HTTP/1.1 200 OK"
INFO:httpx:HTTP Request: GET http://localhost:8000/sessions/adbdafd2-428b-42f4-8f57-cee4945681c5 "HTTP/1.1 200 OK"
INFO:httpx:HTTP Request: GET http://localhost:8000/sessions/adbdafd2-428b-42f4-8f57-cee4945681c5 "HTTP/1.1 200 OK"
INFO:httpx:HTTP Request: GET http://localhost:8000/sessions/adbdafd2-428b-42f4-8f57-cee4945681c5 "HTTP/1.1 200 OK"
INFO:httpx:HTTP Request: GET http://localhost:8000/sessions/adbdafd2-428b-42f4-8f57-cee4945681c5 "HTTP/1.1 200 OK"
INFO:httpx:HTTP Request: GET http://localhost:8000/sessions/adbdafd2-428b-42f4-8f57-cee4945681c5 "HTTP/1.1 200 OK"
INFO:httpx:HTTP Request: GET http://localhost:8000/sessions/adbdafd2-428b-42f4-8f57-cee4945681c5 "HTTP/1.1 200 OK"
INFO:httpx:HTTP Request: GET http://localhost:8000/sessions/adbdafd2-428b-42f4-8f57-cee4945681c5 "HTTP/1.1 200 OK"
INFO:httpx:HTTP Request: GET http://localhost:8000/sessions/adbdafd2-428b-42f4-8f57-cee4945681c5 "HTTP/1.1 200 OK"
INFO:httpx:HTTP Request: GET http://localhost:8000/sessions/adbdafd2-428b-42f4-8f57-cee4945681c5 "HTTP/1.1 200 OK"
INFO:httpx:HTTP Request: GET http://localhost:8000/sessions/adbdafd2-428b-42f4-8f57-cee4945681c5 "HTTP/1.1 200 OK"
INFO:httpx:HTTP Request: GET http://localhost:8000/sessions/adbdafd2-428b-42f4-8f57-cee4945681c5 "HTTP/1.1 200 OK"
INFO:httpx:HTTP Request: GET http://localhost:8000/sessions/adbdafd2-428b-42f4-8f57-cee4945681c5 "HTTP/1.1 200 OK"
INFO:httpx:HTTP Request: GET http://localhost:8000/sessions/adbdafd2-428b-42f4-8f57-cee4945681c5 "HTTP/1.1 200 OK"
INFO:httpx:HTTP Request: GET http://localhost:8000/sessions/adbdafd2-428b-42f4-8f57-cee4945681c5 "HTTP/1.1 200 OK"
INFO:httpx:HTTP Request: GET http://localhost:8000/sessions/adbdafd2-428b-42f4-8f57-cee4945681c5 "HTTP/1.1 200 OK"
INFO:httpx:HTTP Request: GET http://localhost:8000/sessions/adbdafd2-428b-42f4-8f57-cee4945681c5 "HTTP/1.1 200 OK"
INFO:httpx:HTTP Request: GET http://localhost:8000/sessions/adbdafd2-428b-42f4-8f57-cee4945681c5 "HTTP/1.1 200 OK"
INFO:     127.0.0.1:50482 - "POST /webhook HTTP/1.1" 200 OK
INFO:httpx:HTTP Request: GET http://localhost:8000/sessions/adbdafd2-428b-42f4-8f57-cee4945681c5 "HTTP/1.1 200 OK"
INFO:httpx:HTTP Request: GET http://localhost:8000/sessions/adbdafd2-428b-42f4-8f57-cee4945681c5 "HTTP/1.1 200 OK"
INFO:httpx:HTTP Request: GET http://localhost:8000/sessions/adbdafd2-428b-42f4-8f57-cee4945681c5 "HTTP/1.1 200 OK"
INFO:httpx:HTTP Request: GET http://localhost:8000/sessions/adbdafd2-428b-42f4-8f57-cee4945681c5 "HTTP/1.1 200 OK"
INFO:httpx:HTTP Request: GET http://localhost:8000/sessions/adbdafd2-428b-42f4-8f57-cee4945681c5 "HTTP/1.1 200 OK"
INFO:alice:[Alice] Poll detected terminal status session=adbdafd2 status=done
INFO:alice:[Alice] Worker terminated session=adbdafd2 pid=1366
INFO:     127.0.0.1:39806 - "GET /health HTTP/1.1" 200 OK
INFO:httpx:HTTP Request: POST http://localhost:8000/sessions "HTTP/1.1 202 Accepted"
INFO:alice:[Alice] Worker spawned session=f4a4babf queue=qubit_send_f4a4babf pid=274517
INFO:alice:[Alice] Session f4a4babf created n_qubits=1024 qkdl=http://localhost:8023 queue=qubit_send_f4a4babf
INFO:     127.0.0.1:39816 - "POST /start?receiver_label=bob-16&n_qubits=1024&batch_size=10 HTTP/1.1" 200 OK
INFO:httpx:HTTP Request: GET http://localhost:8000/sessions/f4a4babf-bb76-4741-99b8-1a0dda5b4754 "HTTP/1.1 200 OK"
INFO:httpx:HTTP Request: GET http://localhost:8000/sessions/f4a4babf-bb76-4741-99b8-1a0dda5b4754 "HTTP/1.1 200 OK"
INFO:httpx:HTTP Request: GET http://localhost:8000/sessions/f4a4babf-bb76-4741-99b8-1a0dda5b4754 "HTTP/1.1 200 OK"
INFO:httpx:HTTP Request: GET http://localhost:8000/sessions/f4a4babf-bb76-4741-99b8-1a0dda5b4754 "HTTP/1.1 200 OK"
INFO:     127.0.0.1:56970 - "POST /webhook HTTP/1.1" 200 OK
INFO:alice:[Alice] Receiver joined f4a4babf  dispatching pipeline
INFO:httpx:HTTP Request: GET http://localhost:8000/sessions/f4a4babf-bb76-4741-99b8-1a0dda5b4754 "HTTP/1.1 200 OK"
INFO:alice:[Alice] Dispatching pipeline session=f4a4babf batches=103 qkdl=http://localhost:8023 queue=qubit_send_f4a4babf
INFO:httpx:HTTP Request: GET http://localhost:8000/sessions/f4a4babf-bb76-4741-99b8-1a0dda5b4754 "HTTP/1.1 200 OK"
INFO:alice:[Alice] Pipeline dispatched session=f4a4babf (103 QTT → ST → QKT → NT) queue=qubit_send_f4a4babf
INFO:httpx:HTTP Request: GET http://localhost:8000/sessions/f4a4babf-bb76-4741-99b8-1a0dda5b4754 "HTTP/1.1 200 OK"
INFO:httpx:HTTP Request: GET http://localhost:8000/sessions/f4a4babf-bb76-4741-99b8-1a0dda5b4754 "HTTP/1.1 200 OK"
INFO:httpx:HTTP Request: GET http://localhost:8000/sessions/f4a4babf-bb76-4741-99b8-1a0dda5b4754 "HTTP/1.1 200 OK"
INFO:httpx:HTTP Request: GET http://localhost:8000/sessions/f4a4babf-bb76-4741-99b8-1a0dda5b4754 "HTTP/1.1 200 OK"
INFO:httpx:HTTP Request: GET http://localhost:8000/sessions/f4a4babf-bb76-4741-99b8-1a0dda5b4754 "HTTP/1.1 200 OK"
INFO:httpx:HTTP Request: GET http://localhost:8000/sessions/f4a4babf-bb76-4741-99b8-1a0dda5b4754 "HTTP/1.1 200 OK"
INFO:httpx:HTTP Request: GET http://localhost:8000/sessions/f4a4babf-bb76-4741-99b8-1a0dda5b4754 "HTTP/1.1 200 OK"
INFO:httpx:HTTP Request: GET http://localhost:8000/sessions/f4a4babf-bb76-4741-99b8-1a0dda5b4754 "HTTP/1.1 200 OK"
INFO:httpx:HTTP Request: GET http://localhost:8000/sessions/f4a4babf-bb76-4741-99b8-1a0dda5b4754 "HTTP/1.1 200 OK"
INFO:httpx:HTTP Request: GET http://localhost:8000/sessions/f4a4babf-bb76-4741-99b8-1a0dda5b4754 "HTTP/1.1 200 OK"
INFO:httpx:HTTP Request: GET http://localhost:8000/sessions/f4a4babf-bb76-4741-99b8-1a0dda5b4754 "HTTP/1.1 200 OK"
INFO:httpx:HTTP Request: GET http://localhost:8000/sessions/f4a4babf-bb76-4741-99b8-1a0dda5b4754 "HTTP/1.1 200 OK"
INFO:httpx:HTTP Request: GET http://localhost:8000/sessions/f4a4babf-bb76-4741-99b8-1a0dda5b4754 "HTTP/1.1 200 OK"
INFO:httpx:HTTP Request: GET http://localhost:8000/sessions/f4a4babf-bb76-4741-99b8-1a0dda5b4754 "HTTP/1.1 200 OK"
INFO:httpx:HTTP Request: GET http://localhost:8000/sessions/f4a4babf-bb76-4741-99b8-1a0dda5b4754 "HTTP/1.1 200 OK"
INFO:httpx:HTTP Request: GET http://localhost:8000/sessions/f4a4babf-bb76-4741-99b8-1a0dda5b4754 "HTTP/1.1 200 OK"
INFO:httpx:HTTP Request: GET http://localhost:8000/sessions/f4a4babf-bb76-4741-99b8-1a0dda5b4754 "HTTP/1.1 200 OK"
INFO:httpx:HTTP Request: GET http://localhost:8000/sessions/f4a4babf-bb76-4741-99b8-1a0dda5b4754 "HTTP/1.1 200 OK"
INFO:httpx:HTTP Request: GET http://localhost:8000/sessions/f4a4babf-bb76-4741-99b8-1a0dda5b4754 "HTTP/1.1 200 OK"
INFO:httpx:HTTP Request: GET http://localhost:8000/sessions/f4a4babf-bb76-4741-99b8-1a0dda5b4754 "HTTP/1.1 200 OK"
INFO:httpx:HTTP Request: GET http://localhost:8000/sessions/f4a4babf-bb76-4741-99b8-1a0dda5b4754 "HTTP/1.1 200 OK"
INFO:httpx:HTTP Request: GET http://localhost:8000/sessions/f4a4babf-bb76-4741-99b8-1a0dda5b4754 "HTTP/1.1 200 OK"
INFO:httpx:HTTP Request: GET http://localhost:8000/sessions/f4a4babf-bb76-4741-99b8-1a0dda5b4754 "HTTP/1.1 200 OK"
INFO:httpx:HTTP Request: GET http://localhost:8000/sessions/f4a4babf-bb76-4741-99b8-1a0dda5b4754 "HTTP/1.1 200 OK"
INFO:httpx:HTTP Request: GET http://localhost:8000/sessions/f4a4babf-bb76-4741-99b8-1a0dda5b4754 "HTTP/1.1 200 OK"
INFO:httpx:HTTP Request: GET http://localhost:8000/sessions/f4a4babf-bb76-4741-99b8-1a0dda5b4754 "HTTP/1.1 200 OK"
INFO:httpx:HTTP Request: GET http://localhost:8000/sessions/f4a4babf-bb76-4741-99b8-1a0dda5b4754 "HTTP/1.1 200 OK"
INFO:httpx:HTTP Request: GET http://localhost:8000/sessions/f4a4babf-bb76-4741-99b8-1a0dda5b4754 "HTTP/1.1 200 OK"
INFO:httpx:HTTP Request: GET http://localhost:8000/sessions/f4a4babf-bb76-4741-99b8-1a0dda5b4754 "HTTP/1.1 200 OK"
INFO:httpx:HTTP Request: GET http://localhost:8000/sessions/f4a4babf-bb76-4741-99b8-1a0dda5b4754 "HTTP/1.1 200 OK"
INFO:httpx:HTTP Request: GET http://localhost:8000/sessions/f4a4babf-bb76-4741-99b8-1a0dda5b4754 "HTTP/1.1 200 OK"
INFO:httpx:HTTP Request: GET http://localhost:8000/sessions/f4a4babf-bb76-4741-99b8-1a0dda5b4754 "HTTP/1.1 200 OK"
INFO:httpx:HTTP Request: GET http://localhost:8000/sessions/f4a4babf-bb76-4741-99b8-1a0dda5b4754 "HTTP/1.1 200 OK"
INFO:httpx:HTTP Request: GET http://localhost:8000/sessions/f4a4babf-bb76-4741-99b8-1a0dda5b4754 "HTTP/1.1 200 OK"
INFO:httpx:HTTP Request: GET http://localhost:8000/sessions/f4a4babf-bb76-4741-99b8-1a0dda5b4754 "HTTP/1.1 200 OK"
INFO:httpx:HTTP Request: GET http://localhost:8000/sessions/f4a4babf-bb76-4741-99b8-1a0dda5b4754 "HTTP/1.1 200 OK"
INFO:httpx:HTTP Request: GET http://localhost:8000/sessions/f4a4babf-bb76-4741-99b8-1a0dda5b4754 "HTTP/1.1 200 OK"
INFO:httpx:HTTP Request: GET http://localhost:8000/sessions/f4a4babf-bb76-4741-99b8-1a0dda5b4754 "HTTP/1.1 200 OK"
INFO:httpx:HTTP Request: GET http://localhost:8000/sessions/f4a4babf-bb76-4741-99b8-1a0dda5b4754 "HTTP/1.1 200 OK"
INFO:httpx:HTTP Request: GET http://localhost:8000/sessions/f4a4babf-bb76-4741-99b8-1a0dda5b4754 "HTTP/1.1 200 OK"
INFO:httpx:HTTP Request: GET http://localhost:8000/sessions/f4a4babf-bb76-4741-99b8-1a0dda5b4754 "HTTP/1.1 200 OK"
INFO:httpx:HTTP Request: GET http://localhost:8000/sessions/f4a4babf-bb76-4741-99b8-1a0dda5b4754 "HTTP/1.1 200 OK"
INFO:httpx:HTTP Request: GET http://localhost:8000/sessions/f4a4babf-bb76-4741-99b8-1a0dda5b4754 "HTTP/1.1 200 OK"
INFO:httpx:HTTP Request: GET http://localhost:8000/sessions/f4a4babf-bb76-4741-99b8-1a0dda5b4754 "HTTP/1.1 200 OK"
INFO:httpx:HTTP Request: GET http://localhost:8000/sessions/f4a4babf-bb76-4741-99b8-1a0dda5b4754 "HTTP/1.1 200 OK"
INFO:httpx:HTTP Request: GET http://localhost:8000/sessions/f4a4babf-bb76-4741-99b8-1a0dda5b4754 "HTTP/1.1 200 OK"
INFO:httpx:HTTP Request: GET http://localhost:8000/sessions/f4a4babf-bb76-4741-99b8-1a0dda5b4754 "HTTP/1.1 200 OK"
INFO:httpx:HTTP Request: GET http://localhost:8000/sessions/f4a4babf-bb76-4741-99b8-1a0dda5b4754 "HTTP/1.1 200 OK"
INFO:httpx:HTTP Request: GET http://localhost:8000/sessions/f4a4babf-bb76-4741-99b8-1a0dda5b4754 "HTTP/1.1 200 OK"
INFO:httpx:HTTP Request: GET http://localhost:8000/sessions/f4a4babf-bb76-4741-99b8-1a0dda5b4754 "HTTP/1.1 200 OK"
INFO:httpx:HTTP Request: GET http://localhost:8000/sessions/f4a4babf-bb76-4741-99b8-1a0dda5b4754 "HTTP/1.1 200 OK"
INFO:httpx:HTTP Request: GET http://localhost:8000/sessions/f4a4babf-bb76-4741-99b8-1a0dda5b4754 "HTTP/1.1 200 OK"
INFO:httpx:HTTP Request: GET http://localhost:8000/sessions/f4a4babf-bb76-4741-99b8-1a0dda5b4754 "HTTP/1.1 200 OK"
INFO:httpx:HTTP Request: GET http://localhost:8000/sessions/f4a4babf-bb76-4741-99b8-1a0dda5b4754 "HTTP/1.1 200 OK"
INFO:httpx:HTTP Request: GET http://localhost:8000/sessions/f4a4babf-bb76-4741-99b8-1a0dda5b4754 "HTTP/1.1 200 OK"
INFO:httpx:HTTP Request: GET http://localhost:8000/sessions/f4a4babf-bb76-4741-99b8-1a0dda5b4754 "HTTP/1.1 200 OK"
INFO:httpx:HTTP Request: GET http://localhost:8000/sessions/f4a4babf-bb76-4741-99b8-1a0dda5b4754 "HTTP/1.1 200 OK"
INFO:httpx:HTTP Request: GET http://localhost:8000/sessions/f4a4babf-bb76-4741-99b8-1a0dda5b4754 "HTTP/1.1 200 OK"
INFO:httpx:HTTP Request: GET http://localhost:8000/sessions/f4a4babf-bb76-4741-99b8-1a0dda5b4754 "HTTP/1.1 200 OK"
INFO:httpx:HTTP Request: GET http://localhost:8000/sessions/f4a4babf-bb76-4741-99b8-1a0dda5b4754 "HTTP/1.1 200 OK"
INFO:httpx:HTTP Request: GET http://localhost:8000/sessions/f4a4babf-bb76-4741-99b8-1a0dda5b4754 "HTTP/1.1 200 OK"
INFO:httpx:HTTP Request: GET http://localhost:8000/sessions/f4a4babf-bb76-4741-99b8-1a0dda5b4754 "HTTP/1.1 200 OK"
INFO:httpx:HTTP Request: GET http://localhost:8000/sessions/f4a4babf-bb76-4741-99b8-1a0dda5b4754 "HTTP/1.1 200 OK"
INFO:httpx:HTTP Request: GET http://localhost:8000/sessions/f4a4babf-bb76-4741-99b8-1a0dda5b4754 "HTTP/1.1 200 OK"
INFO:httpx:HTTP Request: GET http://localhost:8000/sessions/f4a4babf-bb76-4741-99b8-1a0dda5b4754 "HTTP/1.1 200 OK"
INFO:     Shutting down
INFO:     Finished server process [1200]
