INFO:     Started server process [1116]
INFO:     Waiting for application startup.
INFO:httpx:HTTP Request: POST http://localhost:8000/nodes/register "HTTP/1.1 200 OK"
INFO:node.base:[alice-9] Registered → node_id=037ebda0
INFO:node.base:[alice-9] Started  node_id=037ebda0 role=sender
INFO:     Application startup complete.
INFO:     Uvicorn running on http://0.0.0.0:8109 (Press CTRL+C to quit)
INFO:     127.0.0.1:36758 - "GET /health HTTP/1.1" 200 OK
INFO:httpx:HTTP Request: POST http://localhost:8000/sessions "HTTP/1.1 202 Accepted"
INFO:alice:[Alice] Worker spawned session=6bebc714 queue=qubit_send_6bebc714 pid=1337
INFO:alice:[Alice] Session 6bebc714 created n_qubits=1024 qkdl=http://localhost:8033 queue=qubit_send_6bebc714
INFO:     127.0.0.1:36774 - "POST /start?receiver_label=bob-9&n_qubits=1024&batch_size=10 HTTP/1.1" 200 OK
INFO:httpx:HTTP Request: GET http://localhost:8000/sessions/6bebc714-ce2c-4bd4-9f02-c9409188bf7e "HTTP/1.1 200 OK"
INFO:httpx:HTTP Request: GET http://localhost:8000/sessions/6bebc714-ce2c-4bd4-9f02-c9409188bf7e "HTTP/1.1 200 OK"
INFO:httpx:HTTP Request: GET http://localhost:8000/sessions/6bebc714-ce2c-4bd4-9f02-c9409188bf7e "HTTP/1.1 200 OK"
INFO:httpx:HTTP Request: GET http://localhost:8000/sessions/6bebc714-ce2c-4bd4-9f02-c9409188bf7e "HTTP/1.1 200 OK"
INFO:httpx:HTTP Request: GET http://localhost:8000/sessions/6bebc714-ce2c-4bd4-9f02-c9409188bf7e "HTTP/1.1 200 OK"
INFO:httpx:HTTP Request: GET http://localhost:8000/sessions/6bebc714-ce2c-4bd4-9f02-c9409188bf7e "HTTP/1.1 200 OK"
INFO:httpx:HTTP Request: GET http://localhost:8000/sessions/6bebc714-ce2c-4bd4-9f02-c9409188bf7e "HTTP/1.1 200 OK"
INFO:httpx:HTTP Request: GET http://localhost:8000/sessions/6bebc714-ce2c-4bd4-9f02-c9409188bf7e "HTTP/1.1 200 OK"
INFO:httpx:HTTP Request: GET http://localhost:8000/sessions/6bebc714-ce2c-4bd4-9f02-c9409188bf7e "HTTP/1.1 200 OK"
INFO:httpx:HTTP Request: GET http://localhost:8000/sessions/6bebc714-ce2c-4bd4-9f02-c9409188bf7e "HTTP/1.1 200 OK"
INFO:httpx:HTTP Request: GET http://localhost:8000/sessions/6bebc714-ce2c-4bd4-9f02-c9409188bf7e "HTTP/1.1 200 OK"
INFO:httpx:HTTP Request: GET http://localhost:8000/sessions/6bebc714-ce2c-4bd4-9f02-c9409188bf7e "HTTP/1.1 200 OK"
INFO:     127.0.0.1:34104 - "POST /webhook HTTP/1.1" 200 OK
INFO:alice:[Alice] Receiver joined 6bebc714  dispatching pipeline
INFO:httpx:HTTP Request: GET http://localhost:8000/sessions/6bebc714-ce2c-4bd4-9f02-c9409188bf7e "HTTP/1.1 200 OK"
INFO:alice:[Alice] Dispatching pipeline session=6bebc714 batches=103 qkdl=http://localhost:8033 queue=qubit_send_6bebc714
INFO:httpx:HTTP Request: GET http://localhost:8000/sessions/6bebc714-ce2c-4bd4-9f02-c9409188bf7e "HTTP/1.1 200 OK"
INFO:httpx:HTTP Request: GET http://localhost:8000/sessions/6bebc714-ce2c-4bd4-9f02-c9409188bf7e "HTTP/1.1 200 OK"
INFO:alice:[Alice] Pipeline dispatched session=6bebc714 (103 QTT → ST → QKT → NT) queue=qubit_send_6bebc714
INFO:httpx:HTTP Request: GET http://localhost:8000/sessions/6bebc714-ce2c-4bd4-9f02-c9409188bf7e "HTTP/1.1 200 OK"
INFO:httpx:HTTP Request: GET http://localhost:8000/sessions/6bebc714-ce2c-4bd4-9f02-c9409188bf7e "HTTP/1.1 200 OK"
INFO:httpx:HTTP Request: GET http://localhost:8000/sessions/6bebc714-ce2c-4bd4-9f02-c9409188bf7e "HTTP/1.1 200 OK"
INFO:httpx:HTTP Request: GET http://localhost:8000/sessions/6bebc714-ce2c-4bd4-9f02-c9409188bf7e "HTTP/1.1 200 OK"
INFO:httpx:HTTP Request: GET http://localhost:8000/sessions/6bebc714-ce2c-4bd4-9f02-c9409188bf7e "HTTP/1.1 200 OK"
INFO:httpx:HTTP Request: GET http://localhost:8000/sessions/6bebc714-ce2c-4bd4-9f02-c9409188bf7e "HTTP/1.1 200 OK"
INFO:httpx:HTTP Request: GET http://localhost:8000/sessions/6bebc714-ce2c-4bd4-9f02-c9409188bf7e "HTTP/1.1 200 OK"
INFO:httpx:HTTP Request: GET http://localhost:8000/sessions/6bebc714-ce2c-4bd4-9f02-c9409188bf7e "HTTP/1.1 200 OK"
INFO:httpx:HTTP Request: GET http://localhost:8000/sessions/6bebc714-ce2c-4bd4-9f02-c9409188bf7e "HTTP/1.1 200 OK"
INFO:httpx:HTTP Request: GET http://localhost:8000/sessions/6bebc714-ce2c-4bd4-9f02-c9409188bf7e "HTTP/1.1 200 OK"
INFO:httpx:HTTP Request: GET http://localhost:8000/sessions/6bebc714-ce2c-4bd4-9f02-c9409188bf7e "HTTP/1.1 200 OK"
INFO:httpx:HTTP Request: GET http://localhost:8000/sessions/6bebc714-ce2c-4bd4-9f02-c9409188bf7e "HTTP/1.1 200 OK"
INFO:httpx:HTTP Request: GET http://localhost:8000/sessions/6bebc714-ce2c-4bd4-9f02-c9409188bf7e "HTTP/1.1 200 OK"
INFO:httpx:HTTP Request: GET http://localhost:8000/sessions/6bebc714-ce2c-4bd4-9f02-c9409188bf7e "HTTP/1.1 200 OK"
INFO:httpx:HTTP Request: GET http://localhost:8000/sessions/6bebc714-ce2c-4bd4-9f02-c9409188bf7e "HTTP/1.1 200 OK"
INFO:httpx:HTTP Request: GET http://localhost:8000/sessions/6bebc714-ce2c-4bd4-9f02-c9409188bf7e "HTTP/1.1 200 OK"
INFO:httpx:HTTP Request: GET http://localhost:8000/sessions/6bebc714-ce2c-4bd4-9f02-c9409188bf7e "HTTP/1.1 200 OK"
INFO:httpx:HTTP Request: GET http://localhost:8000/sessions/6bebc714-ce2c-4bd4-9f02-c9409188bf7e "HTTP/1.1 200 OK"
INFO:httpx:HTTP Request: GET http://localhost:8000/sessions/6bebc714-ce2c-4bd4-9f02-c9409188bf7e "HTTP/1.1 200 OK"
INFO:httpx:HTTP Request: GET http://localhost:8000/sessions/6bebc714-ce2c-4bd4-9f02-c9409188bf7e "HTTP/1.1 200 OK"
INFO:httpx:HTTP Request: GET http://localhost:8000/sessions/6bebc714-ce2c-4bd4-9f02-c9409188bf7e "HTTP/1.1 200 OK"
INFO:httpx:HTTP Request: GET http://localhost:8000/sessions/6bebc714-ce2c-4bd4-9f02-c9409188bf7e "HTTP/1.1 200 OK"
INFO:httpx:HTTP Request: GET http://localhost:8000/sessions/6bebc714-ce2c-4bd4-9f02-c9409188bf7e "HTTP/1.1 200 OK"
INFO:httpx:HTTP Request: GET http://localhost:8000/sessions/6bebc714-ce2c-4bd4-9f02-c9409188bf7e "HTTP/1.1 200 OK"
INFO:httpx:HTTP Request: GET http://localhost:8000/sessions/6bebc714-ce2c-4bd4-9f02-c9409188bf7e "HTTP/1.1 200 OK"
INFO:httpx:HTTP Request: GET http://localhost:8000/sessions/6bebc714-ce2c-4bd4-9f02-c9409188bf7e "HTTP/1.1 200 OK"
INFO:httpx:HTTP Request: GET http://localhost:8000/sessions/6bebc714-ce2c-4bd4-9f02-c9409188bf7e "HTTP/1.1 200 OK"
INFO:httpx:HTTP Request: GET http://localhost:8000/sessions/6bebc714-ce2c-4bd4-9f02-c9409188bf7e "HTTP/1.1 200 OK"
INFO:httpx:HTTP Request: GET http://localhost:8000/sessions/6bebc714-ce2c-4bd4-9f02-c9409188bf7e "HTTP/1.1 200 OK"
INFO:httpx:HTTP Request: GET http://localhost:8000/sessions/6bebc714-ce2c-4bd4-9f02-c9409188bf7e "HTTP/1.1 200 OK"
INFO:httpx:HTTP Request: GET http://localhost:8000/sessions/6bebc714-ce2c-4bd4-9f02-c9409188bf7e "HTTP/1.1 200 OK"
INFO:httpx:HTTP Request: GET http://localhost:8000/sessions/6bebc714-ce2c-4bd4-9f02-c9409188bf7e "HTTP/1.1 200 OK"
INFO:httpx:HTTP Request: GET http://localhost:8000/sessions/6bebc714-ce2c-4bd4-9f02-c9409188bf7e "HTTP/1.1 200 OK"
INFO:httpx:HTTP Request: GET http://localhost:8000/sessions/6bebc714-ce2c-4bd4-9f02-c9409188bf7e "HTTP/1.1 200 OK"
INFO:httpx:HTTP Request: GET http://localhost:8000/sessions/6bebc714-ce2c-4bd4-9f02-c9409188bf7e "HTTP/1.1 200 OK"
INFO:httpx:HTTP Request: GET http://localhost:8000/sessions/6bebc714-ce2c-4bd4-9f02-c9409188bf7e "HTTP/1.1 200 OK"
INFO:httpx:HTTP Request: GET http://localhost:8000/sessions/6bebc714-ce2c-4bd4-9f02-c9409188bf7e "HTTP/1.1 200 OK"
INFO:httpx:HTTP Request: GET http://localhost:8000/sessions/6bebc714-ce2c-4bd4-9f02-c9409188bf7e "HTTP/1.1 200 OK"
INFO:httpx:HTTP Request: GET http://localhost:8000/sessions/6bebc714-ce2c-4bd4-9f02-c9409188bf7e "HTTP/1.1 200 OK"
INFO:httpx:HTTP Request: GET http://localhost:8000/sessions/6bebc714-ce2c-4bd4-9f02-c9409188bf7e "HTTP/1.1 200 OK"
INFO:httpx:HTTP Request: GET http://localhost:8000/sessions/6bebc714-ce2c-4bd4-9f02-c9409188bf7e "HTTP/1.1 200 OK"
INFO:httpx:HTTP Request: GET http://localhost:8000/sessions/6bebc714-ce2c-4bd4-9f02-c9409188bf7e "HTTP/1.1 200 OK"
INFO:httpx:HTTP Request: GET http://localhost:8000/sessions/6bebc714-ce2c-4bd4-9f02-c9409188bf7e "HTTP/1.1 200 OK"
INFO:httpx:HTTP Request: GET http://localhost:8000/sessions/6bebc714-ce2c-4bd4-9f02-c9409188bf7e "HTTP/1.1 200 OK"
INFO:httpx:HTTP Request: GET http://localhost:8000/sessions/6bebc714-ce2c-4bd4-9f02-c9409188bf7e "HTTP/1.1 200 OK"
INFO:httpx:HTTP Request: GET http://localhost:8000/sessions/6bebc714-ce2c-4bd4-9f02-c9409188bf7e "HTTP/1.1 200 OK"
INFO:httpx:HTTP Request: GET http://localhost:8000/sessions/6bebc714-ce2c-4bd4-9f02-c9409188bf7e "HTTP/1.1 200 OK"
INFO:httpx:HTTP Request: GET http://localhost:8000/sessions/6bebc714-ce2c-4bd4-9f02-c9409188bf7e "HTTP/1.1 200 OK"
INFO:httpx:HTTP Request: GET http://localhost:8000/sessions/6bebc714-ce2c-4bd4-9f02-c9409188bf7e "HTTP/1.1 200 OK"
INFO:httpx:HTTP Request: GET http://localhost:8000/sessions/6bebc714-ce2c-4bd4-9f02-c9409188bf7e "HTTP/1.1 200 OK"
INFO:httpx:HTTP Request: GET http://localhost:8000/sessions/6bebc714-ce2c-4bd4-9f02-c9409188bf7e "HTTP/1.1 200 OK"
INFO:httpx:HTTP Request: GET http://localhost:8000/sessions/6bebc714-ce2c-4bd4-9f02-c9409188bf7e "HTTP/1.1 200 OK"
INFO:httpx:HTTP Request: GET http://localhost:8000/sessions/6bebc714-ce2c-4bd4-9f02-c9409188bf7e "HTTP/1.1 200 OK"
INFO:httpx:HTTP Request: GET http://localhost:8000/sessions/6bebc714-ce2c-4bd4-9f02-c9409188bf7e "HTTP/1.1 200 OK"
INFO:httpx:HTTP Request: GET http://localhost:8000/sessions/6bebc714-ce2c-4bd4-9f02-c9409188bf7e "HTTP/1.1 200 OK"
INFO:httpx:HTTP Request: GET http://localhost:8000/sessions/6bebc714-ce2c-4bd4-9f02-c9409188bf7e "HTTP/1.1 200 OK"
INFO:httpx:HTTP Request: GET http://localhost:8000/sessions/6bebc714-ce2c-4bd4-9f02-c9409188bf7e "HTTP/1.1 200 OK"
INFO:httpx:HTTP Request: GET http://localhost:8000/sessions/6bebc714-ce2c-4bd4-9f02-c9409188bf7e "HTTP/1.1 200 OK"
INFO:httpx:HTTP Request: GET http://localhost:8000/sessions/6bebc714-ce2c-4bd4-9f02-c9409188bf7e "HTTP/1.1 200 OK"
INFO:httpx:HTTP Request: GET http://localhost:8000/sessions/6bebc714-ce2c-4bd4-9f02-c9409188bf7e "HTTP/1.1 200 OK"
INFO:httpx:HTTP Request: GET http://localhost:8000/sessions/6bebc714-ce2c-4bd4-9f02-c9409188bf7e "HTTP/1.1 200 OK"
INFO:httpx:HTTP Request: GET http://localhost:8000/sessions/6bebc714-ce2c-4bd4-9f02-c9409188bf7e "HTTP/1.1 200 OK"
INFO:httpx:HTTP Request: GET http://localhost:8000/sessions/6bebc714-ce2c-4bd4-9f02-c9409188bf7e "HTTP/1.1 200 OK"
INFO:httpx:HTTP Request: GET http://localhost:8000/sessions/6bebc714-ce2c-4bd4-9f02-c9409188bf7e "HTTP/1.1 200 OK"
INFO:httpx:HTTP Request: GET http://localhost:8000/sessions/6bebc714-ce2c-4bd4-9f02-c9409188bf7e "HTTP/1.1 200 OK"
INFO:httpx:HTTP Request: GET http://localhost:8000/sessions/6bebc714-ce2c-4bd4-9f02-c9409188bf7e "HTTP/1.1 200 OK"
INFO:httpx:HTTP Request: GET http://localhost:8000/sessions/6bebc714-ce2c-4bd4-9f02-c9409188bf7e "HTTP/1.1 200 OK"
INFO:httpx:HTTP Request: GET http://localhost:8000/sessions/6bebc714-ce2c-4bd4-9f02-c9409188bf7e "HTTP/1.1 200 OK"
INFO:httpx:HTTP Request: GET http://localhost:8000/sessions/6bebc714-ce2c-4bd4-9f02-c9409188bf7e "HTTP/1.1 200 OK"
INFO:httpx:HTTP Request: GET http://localhost:8000/sessions/6bebc714-ce2c-4bd4-9f02-c9409188bf7e "HTTP/1.1 200 OK"
INFO:httpx:HTTP Request: GET http://localhost:8000/sessions/6bebc714-ce2c-4bd4-9f02-c9409188bf7e "HTTP/1.1 200 OK"
INFO:httpx:HTTP Request: GET http://localhost:8000/sessions/6bebc714-ce2c-4bd4-9f02-c9409188bf7e "HTTP/1.1 200 OK"
INFO:httpx:HTTP Request: GET http://localhost:8000/sessions/6bebc714-ce2c-4bd4-9f02-c9409188bf7e "HTTP/1.1 200 OK"
INFO:httpx:HTTP Request: GET http://localhost:8000/sessions/6bebc714-ce2c-4bd4-9f02-c9409188bf7e "HTTP/1.1 200 OK"
INFO:httpx:HTTP Request: GET http://localhost:8000/sessions/6bebc714-ce2c-4bd4-9f02-c9409188bf7e "HTTP/1.1 200 OK"
INFO:httpx:HTTP Request: GET http://localhost:8000/sessions/6bebc714-ce2c-4bd4-9f02-c9409188bf7e "HTTP/1.1 200 OK"
INFO:httpx:HTTP Request: GET http://localhost:8000/sessions/6bebc714-ce2c-4bd4-9f02-c9409188bf7e "HTTP/1.1 200 OK"
INFO:httpx:HTTP Request: GET http://localhost:8000/sessions/6bebc714-ce2c-4bd4-9f02-c9409188bf7e "HTTP/1.1 200 OK"
INFO:httpx:HTTP Request: GET http://localhost:8000/sessions/6bebc714-ce2c-4bd4-9f02-c9409188bf7e "HTTP/1.1 200 OK"
INFO:httpx:HTTP Request: GET http://localhost:8000/sessions/6bebc714-ce2c-4bd4-9f02-c9409188bf7e "HTTP/1.1 200 OK"
INFO:httpx:HTTP Request: GET http://localhost:8000/sessions/6bebc714-ce2c-4bd4-9f02-c9409188bf7e "HTTP/1.1 200 OK"
INFO:httpx:HTTP Request: GET http://localhost:8000/sessions/6bebc714-ce2c-4bd4-9f02-c9409188bf7e "HTTP/1.1 200 OK"
INFO:httpx:HTTP Request: GET http://localhost:8000/sessions/6bebc714-ce2c-4bd4-9f02-c9409188bf7e "HTTP/1.1 200 OK"
INFO:httpx:HTTP Request: GET http://localhost:8000/sessions/6bebc714-ce2c-4bd4-9f02-c9409188bf7e "HTTP/1.1 200 OK"
INFO:httpx:HTTP Request: GET http://localhost:8000/sessions/6bebc714-ce2c-4bd4-9f02-c9409188bf7e "HTTP/1.1 200 OK"
INFO:httpx:HTTP Request: GET http://localhost:8000/sessions/6bebc714-ce2c-4bd4-9f02-c9409188bf7e "HTTP/1.1 200 OK"
INFO:httpx:HTTP Request: GET http://localhost:8000/sessions/6bebc714-ce2c-4bd4-9f02-c9409188bf7e "HTTP/1.1 200 OK"
INFO:httpx:HTTP Request: GET http://localhost:8000/sessions/6bebc714-ce2c-4bd4-9f02-c9409188bf7e "HTTP/1.1 200 OK"
INFO:httpx:HTTP Request: GET http://localhost:8000/sessions/6bebc714-ce2c-4bd4-9f02-c9409188bf7e "HTTP/1.1 200 OK"
INFO:httpx:HTTP Request: GET http://localhost:8000/sessions/6bebc714-ce2c-4bd4-9f02-c9409188bf7e "HTTP/1.1 200 OK"
INFO:httpx:HTTP Request: GET http://localhost:8000/sessions/6bebc714-ce2c-4bd4-9f02-c9409188bf7e "HTTP/1.1 200 OK"
INFO:httpx:HTTP Request: GET http://localhost:8000/sessions/6bebc714-ce2c-4bd4-9f02-c9409188bf7e "HTTP/1.1 200 OK"
INFO:httpx:HTTP Request: GET http://localhost:8000/sessions/6bebc714-ce2c-4bd4-9f02-c9409188bf7e "HTTP/1.1 200 OK"
INFO:httpx:HTTP Request: GET http://localhost:8000/sessions/6bebc714-ce2c-4bd4-9f02-c9409188bf7e "HTTP/1.1 200 OK"
INFO:httpx:HTTP Request: GET http://localhost:8000/sessions/6bebc714-ce2c-4bd4-9f02-c9409188bf7e "HTTP/1.1 200 OK"
INFO:httpx:HTTP Request: GET http://localhost:8000/sessions/6bebc714-ce2c-4bd4-9f02-c9409188bf7e "HTTP/1.1 200 OK"
INFO:httpx:HTTP Request: GET http://localhost:8000/sessions/6bebc714-ce2c-4bd4-9f02-c9409188bf7e "HTTP/1.1 200 OK"
INFO:httpx:HTTP Request: GET http://localhost:8000/sessions/6bebc714-ce2c-4bd4-9f02-c9409188bf7e "HTTP/1.1 200 OK"
INFO:httpx:HTTP Request: GET http://localhost:8000/sessions/6bebc714-ce2c-4bd4-9f02-c9409188bf7e "HTTP/1.1 200 OK"
INFO:httpx:HTTP Request: GET http://localhost:8000/sessions/6bebc714-ce2c-4bd4-9f02-c9409188bf7e "HTTP/1.1 200 OK"
INFO:httpx:HTTP Request: GET http://localhost:8000/sessions/6bebc714-ce2c-4bd4-9f02-c9409188bf7e "HTTP/1.1 200 OK"
INFO:httpx:HTTP Request: GET http://localhost:8000/sessions/6bebc714-ce2c-4bd4-9f02-c9409188bf7e "HTTP/1.1 200 OK"
INFO:httpx:HTTP Request: GET http://localhost:8000/sessions/6bebc714-ce2c-4bd4-9f02-c9409188bf7e "HTTP/1.1 200 OK"
INFO:httpx:HTTP Request: GET http://localhost:8000/sessions/6bebc714-ce2c-4bd4-9f02-c9409188bf7e "HTTP/1.1 200 OK"
INFO:httpx:HTTP Request: GET http://localhost:8000/sessions/6bebc714-ce2c-4bd4-9f02-c9409188bf7e "HTTP/1.1 200 OK"
INFO:httpx:HTTP Request: GET http://localhost:8000/sessions/6bebc714-ce2c-4bd4-9f02-c9409188bf7e "HTTP/1.1 200 OK"
INFO:     127.0.0.1:44316 - "POST /webhook HTTP/1.1" 200 OK
INFO:httpx:HTTP Request: GET http://localhost:8000/sessions/6bebc714-ce2c-4bd4-9f02-c9409188bf7e "HTTP/1.1 200 OK"
INFO:httpx:HTTP Request: GET http://localhost:8000/sessions/6bebc714-ce2c-4bd4-9f02-c9409188bf7e "HTTP/1.1 200 OK"
INFO:httpx:HTTP Request: GET http://localhost:8000/sessions/6bebc714-ce2c-4bd4-9f02-c9409188bf7e "HTTP/1.1 200 OK"
INFO:httpx:HTTP Request: GET http://localhost:8000/sessions/6bebc714-ce2c-4bd4-9f02-c9409188bf7e "HTTP/1.1 200 OK"
INFO:httpx:HTTP Request: GET http://localhost:8000/sessions/6bebc714-ce2c-4bd4-9f02-c9409188bf7e "HTTP/1.1 200 OK"
INFO:alice:[Alice] Poll detected terminal status session=6bebc714 status=done
INFO:alice:[Alice] Worker terminated session=6bebc714 pid=1337
INFO:     127.0.0.1:39698 - "GET /health HTTP/1.1" 200 OK
INFO:httpx:HTTP Request: POST http://localhost:8000/sessions "HTTP/1.1 202 Accepted"
INFO:alice:[Alice] Worker spawned session=c7bfa955 queue=qubit_send_c7bfa955 pid=274553
INFO:alice:[Alice] Session c7bfa955 created n_qubits=1024 qkdl=http://localhost:9033 queue=qubit_send_c7bfa955
INFO:     127.0.0.1:39700 - "POST /start?receiver_label=bob-9&n_qubits=1024&batch_size=10 HTTP/1.1" 200 OK
INFO:httpx:HTTP Request: GET http://localhost:8000/sessions/c7bfa955-b3fa-41af-b535-c8351ba1020a "HTTP/1.1 200 OK"
INFO:httpx:HTTP Request: GET http://localhost:8000/sessions/c7bfa955-b3fa-41af-b535-c8351ba1020a "HTTP/1.1 200 OK"
INFO:httpx:HTTP Request: GET http://localhost:8000/sessions/c7bfa955-b3fa-41af-b535-c8351ba1020a "HTTP/1.1 200 OK"
INFO:httpx:HTTP Request: GET http://localhost:8000/sessions/c7bfa955-b3fa-41af-b535-c8351ba1020a "HTTP/1.1 200 OK"
INFO:     127.0.0.1:55120 - "POST /webhook HTTP/1.1" 200 OK
INFO:alice:[Alice] Receiver joined c7bfa955  dispatching pipeline
INFO:httpx:HTTP Request: GET http://localhost:8000/sessions/c7bfa955-b3fa-41af-b535-c8351ba1020a "HTTP/1.1 200 OK"
INFO:alice:[Alice] Dispatching pipeline session=c7bfa955 batches=103 qkdl=http://localhost:9033 queue=qubit_send_c7bfa955
INFO:httpx:HTTP Request: GET http://localhost:8000/sessions/c7bfa955-b3fa-41af-b535-c8351ba1020a "HTTP/1.1 200 OK"
INFO:httpx:HTTP Request: GET http://localhost:8000/sessions/c7bfa955-b3fa-41af-b535-c8351ba1020a "HTTP/1.1 200 OK"
INFO:alice:[Alice] Pipeline dispatched session=c7bfa955 (103 QTT → ST → QKT → NT) queue=qubit_send_c7bfa955
INFO:httpx:HTTP Request: GET http://localhost:8000/sessions/c7bfa955-b3fa-41af-b535-c8351ba1020a "HTTP/1.1 200 OK"
INFO:httpx:HTTP Request: GET http://localhost:8000/sessions/c7bfa955-b3fa-41af-b535-c8351ba1020a "HTTP/1.1 200 OK"
INFO:httpx:HTTP Request: GET http://localhost:8000/sessions/c7bfa955-b3fa-41af-b535-c8351ba1020a "HTTP/1.1 200 OK"
INFO:httpx:HTTP Request: GET http://localhost:8000/sessions/c7bfa955-b3fa-41af-b535-c8351ba1020a "HTTP/1.1 200 OK"
INFO:httpx:HTTP Request: GET http://localhost:8000/sessions/c7bfa955-b3fa-41af-b535-c8351ba1020a "HTTP/1.1 200 OK"
INFO:httpx:HTTP Request: GET http://localhost:8000/sessions/c7bfa955-b3fa-41af-b535-c8351ba1020a "HTTP/1.1 200 OK"
INFO:httpx:HTTP Request: GET http://localhost:8000/sessions/c7bfa955-b3fa-41af-b535-c8351ba1020a "HTTP/1.1 200 OK"
INFO:httpx:HTTP Request: GET http://localhost:8000/sessions/c7bfa955-b3fa-41af-b535-c8351ba1020a "HTTP/1.1 200 OK"
INFO:httpx:HTTP Request: GET http://localhost:8000/sessions/c7bfa955-b3fa-41af-b535-c8351ba1020a "HTTP/1.1 200 OK"
INFO:httpx:HTTP Request: GET http://localhost:8000/sessions/c7bfa955-b3fa-41af-b535-c8351ba1020a "HTTP/1.1 200 OK"
INFO:httpx:HTTP Request: GET http://localhost:8000/sessions/c7bfa955-b3fa-41af-b535-c8351ba1020a "HTTP/1.1 200 OK"
INFO:httpx:HTTP Request: GET http://localhost:8000/sessions/c7bfa955-b3fa-41af-b535-c8351ba1020a "HTTP/1.1 200 OK"
INFO:httpx:HTTP Request: GET http://localhost:8000/sessions/c7bfa955-b3fa-41af-b535-c8351ba1020a "HTTP/1.1 200 OK"
INFO:httpx:HTTP Request: GET http://localhost:8000/sessions/c7bfa955-b3fa-41af-b535-c8351ba1020a "HTTP/1.1 200 OK"
INFO:httpx:HTTP Request: GET http://localhost:8000/sessions/c7bfa955-b3fa-41af-b535-c8351ba1020a "HTTP/1.1 200 OK"
INFO:httpx:HTTP Request: GET http://localhost:8000/sessions/c7bfa955-b3fa-41af-b535-c8351ba1020a "HTTP/1.1 200 OK"
INFO:httpx:HTTP Request: GET http://localhost:8000/sessions/c7bfa955-b3fa-41af-b535-c8351ba1020a "HTTP/1.1 200 OK"
INFO:httpx:HTTP Request: GET http://localhost:8000/sessions/c7bfa955-b3fa-41af-b535-c8351ba1020a "HTTP/1.1 200 OK"
INFO:httpx:HTTP Request: GET http://localhost:8000/sessions/c7bfa955-b3fa-41af-b535-c8351ba1020a "HTTP/1.1 200 OK"
INFO:httpx:HTTP Request: GET http://localhost:8000/sessions/c7bfa955-b3fa-41af-b535-c8351ba1020a "HTTP/1.1 200 OK"
INFO:httpx:HTTP Request: GET http://localhost:8000/sessions/c7bfa955-b3fa-41af-b535-c8351ba1020a "HTTP/1.1 200 OK"
INFO:httpx:HTTP Request: GET http://localhost:8000/sessions/c7bfa955-b3fa-41af-b535-c8351ba1020a "HTTP/1.1 200 OK"
INFO:httpx:HTTP Request: GET http://localhost:8000/sessions/c7bfa955-b3fa-41af-b535-c8351ba1020a "HTTP/1.1 200 OK"
INFO:httpx:HTTP Request: GET http://localhost:8000/sessions/c7bfa955-b3fa-41af-b535-c8351ba1020a "HTTP/1.1 200 OK"
INFO:httpx:HTTP Request: GET http://localhost:8000/sessions/c7bfa955-b3fa-41af-b535-c8351ba1020a "HTTP/1.1 200 OK"
INFO:httpx:HTTP Request: GET http://localhost:8000/sessions/c7bfa955-b3fa-41af-b535-c8351ba1020a "HTTP/1.1 200 OK"
INFO:httpx:HTTP Request: GET http://localhost:8000/sessions/c7bfa955-b3fa-41af-b535-c8351ba1020a "HTTP/1.1 200 OK"
INFO:httpx:HTTP Request: GET http://localhost:8000/sessions/c7bfa955-b3fa-41af-b535-c8351ba1020a "HTTP/1.1 200 OK"
INFO:httpx:HTTP Request: GET http://localhost:8000/sessions/c7bfa955-b3fa-41af-b535-c8351ba1020a "HTTP/1.1 200 OK"
INFO:httpx:HTTP Request: GET http://localhost:8000/sessions/c7bfa955-b3fa-41af-b535-c8351ba1020a "HTTP/1.1 200 OK"
INFO:httpx:HTTP Request: GET http://localhost:8000/sessions/c7bfa955-b3fa-41af-b535-c8351ba1020a "HTTP/1.1 200 OK"
INFO:httpx:HTTP Request: GET http://localhost:8000/sessions/c7bfa955-b3fa-41af-b535-c8351ba1020a "HTTP/1.1 200 OK"
INFO:httpx:HTTP Request: GET http://localhost:8000/sessions/c7bfa955-b3fa-41af-b535-c8351ba1020a "HTTP/1.1 200 OK"
INFO:httpx:HTTP Request: GET http://localhost:8000/sessions/c7bfa955-b3fa-41af-b535-c8351ba1020a "HTTP/1.1 200 OK"
INFO:httpx:HTTP Request: GET http://localhost:8000/sessions/c7bfa955-b3fa-41af-b535-c8351ba1020a "HTTP/1.1 200 OK"
INFO:httpx:HTTP Request: GET http://localhost:8000/sessions/c7bfa955-b3fa-41af-b535-c8351ba1020a "HTTP/1.1 200 OK"
INFO:httpx:HTTP Request: GET http://localhost:8000/sessions/c7bfa955-b3fa-41af-b535-c8351ba1020a "HTTP/1.1 200 OK"
INFO:httpx:HTTP Request: GET http://localhost:8000/sessions/c7bfa955-b3fa-41af-b535-c8351ba1020a "HTTP/1.1 200 OK"
INFO:httpx:HTTP Request: GET http://localhost:8000/sessions/c7bfa955-b3fa-41af-b535-c8351ba1020a "HTTP/1.1 200 OK"
INFO:httpx:HTTP Request: GET http://localhost:8000/sessions/c7bfa955-b3fa-41af-b535-c8351ba1020a "HTTP/1.1 200 OK"
INFO:httpx:HTTP Request: GET http://localhost:8000/sessions/c7bfa955-b3fa-41af-b535-c8351ba1020a "HTTP/1.1 200 OK"
INFO:httpx:HTTP Request: GET http://localhost:8000/sessions/c7bfa955-b3fa-41af-b535-c8351ba1020a "HTTP/1.1 200 OK"
INFO:httpx:HTTP Request: GET http://localhost:8000/sessions/c7bfa955-b3fa-41af-b535-c8351ba1020a "HTTP/1.1 200 OK"
INFO:httpx:HTTP Request: GET http://localhost:8000/sessions/c7bfa955-b3fa-41af-b535-c8351ba1020a "HTTP/1.1 200 OK"
INFO:httpx:HTTP Request: GET http://localhost:8000/sessions/c7bfa955-b3fa-41af-b535-c8351ba1020a "HTTP/1.1 200 OK"
INFO:httpx:HTTP Request: GET http://localhost:8000/sessions/c7bfa955-b3fa-41af-b535-c8351ba1020a "HTTP/1.1 200 OK"
INFO:httpx:HTTP Request: GET http://localhost:8000/sessions/c7bfa955-b3fa-41af-b535-c8351ba1020a "HTTP/1.1 200 OK"
INFO:httpx:HTTP Request: GET http://localhost:8000/sessions/c7bfa955-b3fa-41af-b535-c8351ba1020a "HTTP/1.1 200 OK"
INFO:httpx:HTTP Request: GET http://localhost:8000/sessions/c7bfa955-b3fa-41af-b535-c8351ba1020a "HTTP/1.1 200 OK"
INFO:httpx:HTTP Request: GET http://localhost:8000/sessions/c7bfa955-b3fa-41af-b535-c8351ba1020a "HTTP/1.1 200 OK"
INFO:httpx:HTTP Request: GET http://localhost:8000/sessions/c7bfa955-b3fa-41af-b535-c8351ba1020a "HTTP/1.1 200 OK"
INFO:httpx:HTTP Request: GET http://localhost:8000/sessions/c7bfa955-b3fa-41af-b535-c8351ba1020a "HTTP/1.1 200 OK"
INFO:httpx:HTTP Request: GET http://localhost:8000/sessions/c7bfa955-b3fa-41af-b535-c8351ba1020a "HTTP/1.1 200 OK"
INFO:httpx:HTTP Request: GET http://localhost:8000/sessions/c7bfa955-b3fa-41af-b535-c8351ba1020a "HTTP/1.1 200 OK"
INFO:httpx:HTTP Request: GET http://localhost:8000/sessions/c7bfa955-b3fa-41af-b535-c8351ba1020a "HTTP/1.1 200 OK"
INFO:httpx:HTTP Request: GET http://localhost:8000/sessions/c7bfa955-b3fa-41af-b535-c8351ba1020a "HTTP/1.1 200 OK"
INFO:httpx:HTTP Request: GET http://localhost:8000/sessions/c7bfa955-b3fa-41af-b535-c8351ba1020a "HTTP/1.1 200 OK"
INFO:httpx:HTTP Request: GET http://localhost:8000/sessions/c7bfa955-b3fa-41af-b535-c8351ba1020a "HTTP/1.1 200 OK"
INFO:httpx:HTTP Request: GET http://localhost:8000/sessions/c7bfa955-b3fa-41af-b535-c8351ba1020a "HTTP/1.1 200 OK"
INFO:httpx:HTTP Request: GET http://localhost:8000/sessions/c7bfa955-b3fa-41af-b535-c8351ba1020a "HTTP/1.1 200 OK"
INFO:httpx:HTTP Request: GET http://localhost:8000/sessions/c7bfa955-b3fa-41af-b535-c8351ba1020a "HTTP/1.1 200 OK"
INFO:httpx:HTTP Request: GET http://localhost:8000/sessions/c7bfa955-b3fa-41af-b535-c8351ba1020a "HTTP/1.1 200 OK"
INFO:httpx:HTTP Request: GET http://localhost:8000/sessions/c7bfa955-b3fa-41af-b535-c8351ba1020a "HTTP/1.1 200 OK"
INFO:     Shutting down
INFO:     Finished server process [1116]
