INFO:     Started server process [1091]
INFO:     Waiting for application startup.
INFO:httpx:HTTP Request: POST http://localhost:8000/nodes/register "HTTP/1.1 200 OK"
INFO:node.base:[alice-7] Registered → node_id=4bf71298
INFO:node.base:[alice-7] Started  node_id=4bf71298 role=sender
INFO:     Application startup complete.
INFO:     Uvicorn running on http://0.0.0.0:8107 (Press CTRL+C to quit)
INFO:     127.0.0.1:43398 - "GET /health HTTP/1.1" 200 OK
INFO:httpx:HTTP Request: POST http://localhost:8000/sessions "HTTP/1.1 202 Accepted"
INFO:alice:[Alice] Worker spawned session=d8109e8b queue=qubit_send_d8109e8b pid=1335
INFO:alice:[Alice] Session d8109e8b created n_qubits=1024 qkdl=http://localhost:8023 queue=qubit_send_d8109e8b
INFO:     127.0.0.1:43400 - "POST /start?receiver_label=bob-7&n_qubits=1024&batch_size=10 HTTP/1.1" 200 OK
INFO:httpx:HTTP Request: GET http://localhost:8000/sessions/d8109e8b-4767-4a72-a27d-66f59505ddd8 "HTTP/1.1 200 OK"
INFO:httpx:HTTP Request: GET http://localhost:8000/sessions/d8109e8b-4767-4a72-a27d-66f59505ddd8 "HTTP/1.1 200 OK"
INFO:httpx:HTTP Request: GET http://localhost:8000/sessions/d8109e8b-4767-4a72-a27d-66f59505ddd8 "HTTP/1.1 200 OK"
INFO:httpx:HTTP Request: GET http://localhost:8000/sessions/d8109e8b-4767-4a72-a27d-66f59505ddd8 "HTTP/1.1 200 OK"
INFO:httpx:HTTP Request: GET http://localhost:8000/sessions/d8109e8b-4767-4a72-a27d-66f59505ddd8 "HTTP/1.1 200 OK"
INFO:httpx:HTTP Request: GET http://localhost:8000/sessions/d8109e8b-4767-4a72-a27d-66f59505ddd8 "HTTP/1.1 200 OK"
INFO:httpx:HTTP Request: GET http://localhost:8000/sessions/d8109e8b-4767-4a72-a27d-66f59505ddd8 "HTTP/1.1 200 OK"
INFO:httpx:HTTP Request: GET http://localhost:8000/sessions/d8109e8b-4767-4a72-a27d-66f59505ddd8 "HTTP/1.1 200 OK"
INFO:httpx:HTTP Request: GET http://localhost:8000/sessions/d8109e8b-4767-4a72-a27d-66f59505ddd8 "HTTP/1.1 200 OK"
INFO:httpx:HTTP Request: GET http://localhost:8000/sessions/d8109e8b-4767-4a72-a27d-66f59505ddd8 "HTTP/1.1 200 OK"
INFO:httpx:HTTP Request: GET http://localhost:8000/sessions/d8109e8b-4767-4a72-a27d-66f59505ddd8 "HTTP/1.1 200 OK"
INFO:httpx:HTTP Request: GET http://localhost:8000/sessions/d8109e8b-4767-4a72-a27d-66f59505ddd8 "HTTP/1.1 200 OK"
INFO:httpx:HTTP Request: GET http://localhost:8000/sessions/d8109e8b-4767-4a72-a27d-66f59505ddd8 "HTTP/1.1 200 OK"
INFO:     127.0.0.1:58976 - "POST /webhook HTTP/1.1" 200 OK
INFO:alice:[Alice] Receiver joined d8109e8b  dispatching pipeline
INFO:httpx:HTTP Request: GET http://localhost:8000/sessions/d8109e8b-4767-4a72-a27d-66f59505ddd8 "HTTP/1.1 200 OK"
INFO:alice:[Alice] Dispatching pipeline session=d8109e8b batches=103 qkdl=http://localhost:8023 queue=qubit_send_d8109e8b
INFO:httpx:HTTP Request: GET http://localhost:8000/sessions/d8109e8b-4767-4a72-a27d-66f59505ddd8 "HTTP/1.1 200 OK"
INFO:httpx:HTTP Request: GET http://localhost:8000/sessions/d8109e8b-4767-4a72-a27d-66f59505ddd8 "HTTP/1.1 200 OK"
INFO:httpx:HTTP Request: GET http://localhost:8000/sessions/d8109e8b-4767-4a72-a27d-66f59505ddd8 "HTTP/1.1 200 OK"
INFO:httpx:HTTP Request: GET http://localhost:8000/sessions/d8109e8b-4767-4a72-a27d-66f59505ddd8 "HTTP/1.1 200 OK"
INFO:alice:[Alice] Pipeline dispatched session=d8109e8b (103 QTT → ST → QKT → NT) queue=qubit_send_d8109e8b
INFO:httpx:HTTP Request: GET http://localhost:8000/sessions/d8109e8b-4767-4a72-a27d-66f59505ddd8 "HTTP/1.1 200 OK"
INFO:httpx:HTTP Request: GET http://localhost:8000/sessions/d8109e8b-4767-4a72-a27d-66f59505ddd8 "HTTP/1.1 200 OK"
INFO:httpx:HTTP Request: GET http://localhost:8000/sessions/d8109e8b-4767-4a72-a27d-66f59505ddd8 "HTTP/1.1 200 OK"
INFO:httpx:HTTP Request: GET http://localhost:8000/sessions/d8109e8b-4767-4a72-a27d-66f59505ddd8 "HTTP/1.1 200 OK"
INFO:httpx:HTTP Request: GET http://localhost:8000/sessions/d8109e8b-4767-4a72-a27d-66f59505ddd8 "HTTP/1.1 200 OK"
INFO:httpx:HTTP Request: GET http://localhost:8000/sessions/d8109e8b-4767-4a72-a27d-66f59505ddd8 "HTTP/1.1 200 OK"
INFO:httpx:HTTP Request: GET http://localhost:8000/sessions/d8109e8b-4767-4a72-a27d-66f59505ddd8 "HTTP/1.1 200 OK"
INFO:httpx:HTTP Request: GET http://localhost:8000/sessions/d8109e8b-4767-4a72-a27d-66f59505ddd8 "HTTP/1.1 200 OK"
INFO:httpx:HTTP Request: GET http://localhost:8000/sessions/d8109e8b-4767-4a72-a27d-66f59505ddd8 "HTTP/1.1 200 OK"
INFO:httpx:HTTP Request: GET http://localhost:8000/sessions/d8109e8b-4767-4a72-a27d-66f59505ddd8 "HTTP/1.1 200 OK"
INFO:httpx:HTTP Request: GET http://localhost:8000/sessions/d8109e8b-4767-4a72-a27d-66f59505ddd8 "HTTP/1.1 200 OK"
INFO:httpx:HTTP Request: GET http://localhost:8000/sessions/d8109e8b-4767-4a72-a27d-66f59505ddd8 "HTTP/1.1 200 OK"
INFO:httpx:HTTP Request: GET http://localhost:8000/sessions/d8109e8b-4767-4a72-a27d-66f59505ddd8 "HTTP/1.1 200 OK"
INFO:httpx:HTTP Request: GET http://localhost:8000/sessions/d8109e8b-4767-4a72-a27d-66f59505ddd8 "HTTP/1.1 200 OK"
INFO:httpx:HTTP Request: GET http://localhost:8000/sessions/d8109e8b-4767-4a72-a27d-66f59505ddd8 "HTTP/1.1 200 OK"
INFO:httpx:HTTP Request: GET http://localhost:8000/sessions/d8109e8b-4767-4a72-a27d-66f59505ddd8 "HTTP/1.1 200 OK"
INFO:httpx:HTTP Request: GET http://localhost:8000/sessions/d8109e8b-4767-4a72-a27d-66f59505ddd8 "HTTP/1.1 200 OK"
INFO:httpx:HTTP Request: GET http://localhost:8000/sessions/d8109e8b-4767-4a72-a27d-66f59505ddd8 "HTTP/1.1 200 OK"
INFO:httpx:HTTP Request: GET http://localhost:8000/sessions/d8109e8b-4767-4a72-a27d-66f59505ddd8 "HTTP/1.1 200 OK"
INFO:httpx:HTTP Request: GET http://localhost:8000/sessions/d8109e8b-4767-4a72-a27d-66f59505ddd8 "HTTP/1.1 200 OK"
INFO:httpx:HTTP Request: GET http://localhost:8000/sessions/d8109e8b-4767-4a72-a27d-66f59505ddd8 "HTTP/1.1 200 OK"
INFO:httpx:HTTP Request: GET http://localhost:8000/sessions/d8109e8b-4767-4a72-a27d-66f59505ddd8 "HTTP/1.1 200 OK"
INFO:httpx:HTTP Request: GET http://localhost:8000/sessions/d8109e8b-4767-4a72-a27d-66f59505ddd8 "HTTP/1.1 200 OK"
INFO:httpx:HTTP Request: GET http://localhost:8000/sessions/d8109e8b-4767-4a72-a27d-66f59505ddd8 "HTTP/1.1 200 OK"
INFO:httpx:HTTP Request: GET http://localhost:8000/sessions/d8109e8b-4767-4a72-a27d-66f59505ddd8 "HTTP/1.1 200 OK"
INFO:httpx:HTTP Request: GET http://localhost:8000/sessions/d8109e8b-4767-4a72-a27d-66f59505ddd8 "HTTP/1.1 200 OK"
INFO:httpx:HTTP Request: GET http://localhost:8000/sessions/d8109e8b-4767-4a72-a27d-66f59505ddd8 "HTTP/1.1 200 OK"
INFO:httpx:HTTP Request: GET http://localhost:8000/sessions/d8109e8b-4767-4a72-a27d-66f59505ddd8 "HTTP/1.1 200 OK"
INFO:httpx:HTTP Request: GET http://localhost:8000/sessions/d8109e8b-4767-4a72-a27d-66f59505ddd8 "HTTP/1.1 200 OK"
INFO:httpx:HTTP Request: GET http://localhost:8000/sessions/d8109e8b-4767-4a72-a27d-66f59505ddd8 "HTTP/1.1 200 OK"
INFO:httpx:HTTP Request: GET http://localhost:8000/sessions/d8109e8b-4767-4a72-a27d-66f59505ddd8 "HTTP/1.1 200 OK"
INFO:httpx:HTTP Request: GET http://localhost:8000/sessions/d8109e8b-4767-4a72-a27d-66f59505ddd8 "HTTP/1.1 200 OK"
INFO:httpx:HTTP Request: GET http://localhost:8000/sessions/d8109e8b-4767-4a72-a27d-66f59505ddd8 "HTTP/1.1 200 OK"
INFO:httpx:HTTP Request: GET http://localhost:8000/sessions/d8109e8b-4767-4a72-a27d-66f59505ddd8 "HTTP/1.1 200 OK"
INFO:httpx:HTTP Request: GET http://localhost:8000/sessions/d8109e8b-4767-4a72-a27d-66f59505ddd8 "HTTP/1.1 200 OK"
INFO:httpx:HTTP Request: GET http://localhost:8000/sessions/d8109e8b-4767-4a72-a27d-66f59505ddd8 "HTTP/1.1 200 OK"
INFO:httpx:HTTP Request: GET http://localhost:8000/sessions/d8109e8b-4767-4a72-a27d-66f59505ddd8 "HTTP/1.1 200 OK"
INFO:httpx:HTTP Request: GET http://localhost:8000/sessions/d8109e8b-4767-4a72-a27d-66f59505ddd8 "HTTP/1.1 200 OK"
INFO:httpx:HTTP Request: GET http://localhost:8000/sessions/d8109e8b-4767-4a72-a27d-66f59505ddd8 "HTTP/1.1 200 OK"
INFO:httpx:HTTP Request: GET http://localhost:8000/sessions/d8109e8b-4767-4a72-a27d-66f59505ddd8 "HTTP/1.1 200 OK"
INFO:httpx:HTTP Request: GET http://localhost:8000/sessions/d8109e8b-4767-4a72-a27d-66f59505ddd8 "HTTP/1.1 200 OK"
INFO:httpx:HTTP Request: GET http://localhost:8000/sessions/d8109e8b-4767-4a72-a27d-66f59505ddd8 "HTTP/1.1 200 OK"
INFO:httpx:HTTP Request: GET http://localhost:8000/sessions/d8109e8b-4767-4a72-a27d-66f59505ddd8 "HTTP/1.1 200 OK"
INFO:httpx:HTTP Request: GET http://localhost:8000/sessions/d8109e8b-4767-4a72-a27d-66f59505ddd8 "HTTP/1.1 200 OK"
INFO:httpx:HTTP Request: GET http://localhost:8000/sessions/d8109e8b-4767-4a72-a27d-66f59505ddd8 "HTTP/1.1 200 OK"
INFO:httpx:HTTP Request: GET http://localhost:8000/sessions/d8109e8b-4767-4a72-a27d-66f59505ddd8 "HTTP/1.1 200 OK"
INFO:httpx:HTTP Request: GET http://localhost:8000/sessions/d8109e8b-4767-4a72-a27d-66f59505ddd8 "HTTP/1.1 200 OK"
INFO:httpx:HTTP Request: GET http://localhost:8000/sessions/d8109e8b-4767-4a72-a27d-66f59505ddd8 "HTTP/1.1 200 OK"
INFO:httpx:HTTP Request: GET http://localhost:8000/sessions/d8109e8b-4767-4a72-a27d-66f59505ddd8 "HTTP/1.1 200 OK"
INFO:httpx:HTTP Request: GET http://localhost:8000/sessions/d8109e8b-4767-4a72-a27d-66f59505ddd8 "HTTP/1.1 200 OK"
INFO:httpx:HTTP Request: GET http://localhost:8000/sessions/d8109e8b-4767-4a72-a27d-66f59505ddd8 "HTTP/1.1 200 OK"
INFO:httpx:HTTP Request: GET http://localhost:8000/sessions/d8109e8b-4767-4a72-a27d-66f59505ddd8 "HTTP/1.1 200 OK"
INFO:httpx:HTTP Request: GET http://localhost:8000/sessions/d8109e8b-4767-4a72-a27d-66f59505ddd8 "HTTP/1.1 200 OK"
INFO:httpx:HTTP Request: GET http://localhost:8000/sessions/d8109e8b-4767-4a72-a27d-66f59505ddd8 "HTTP/1.1 200 OK"
INFO:httpx:HTTP Request: GET http://localhost:8000/sessions/d8109e8b-4767-4a72-a27d-66f59505ddd8 "HTTP/1.1 200 OK"
INFO:httpx:HTTP Request: GET http://localhost:8000/sessions/d8109e8b-4767-4a72-a27d-66f59505ddd8 "HTTP/1.1 200 OK"
INFO:httpx:HTTP Request: GET http://localhost:8000/sessions/d8109e8b-4767-4a72-a27d-66f59505ddd8 "HTTP/1.1 200 OK"
INFO:httpx:HTTP Request: GET http://localhost:8000/sessions/d8109e8b-4767-4a72-a27d-66f59505ddd8 "HTTP/1.1 200 OK"
INFO:httpx:HTTP Request: GET http://localhost:8000/sessions/d8109e8b-4767-4a72-a27d-66f59505ddd8 "HTTP/1.1 200 OK"
INFO:httpx:HTTP Request: GET http://localhost:8000/sessions/d8109e8b-4767-4a72-a27d-66f59505ddd8 "HTTP/1.1 200 OK"
INFO:httpx:HTTP Request: GET http://localhost:8000/sessions/d8109e8b-4767-4a72-a27d-66f59505ddd8 "HTTP/1.1 200 OK"
INFO:httpx:HTTP Request: GET http://localhost:8000/sessions/d8109e8b-4767-4a72-a27d-66f59505ddd8 "HTTP/1.1 200 OK"
INFO:httpx:HTTP Request: GET http://localhost:8000/sessions/d8109e8b-4767-4a72-a27d-66f59505ddd8 "HTTP/1.1 200 OK"
INFO:httpx:HTTP Request: GET http://localhost:8000/sessions/d8109e8b-4767-4a72-a27d-66f59505ddd8 "HTTP/1.1 200 OK"
INFO:httpx:HTTP Request: GET http://localhost:8000/sessions/d8109e8b-4767-4a72-a27d-66f59505ddd8 "HTTP/1.1 200 OK"
INFO:httpx:HTTP Request: GET http://localhost:8000/sessions/d8109e8b-4767-4a72-a27d-66f59505ddd8 "HTTP/1.1 200 OK"
INFO:httpx:HTTP Request: GET http://localhost:8000/sessions/d8109e8b-4767-4a72-a27d-66f59505ddd8 "HTTP/1.1 200 OK"
INFO:httpx:HTTP Request: GET http://localhost:8000/sessions/d8109e8b-4767-4a72-a27d-66f59505ddd8 "HTTP/1.1 200 OK"
INFO:httpx:HTTP Request: GET http://localhost:8000/sessions/d8109e8b-4767-4a72-a27d-66f59505ddd8 "HTTP/1.1 200 OK"
INFO:httpx:HTTP Request: GET http://localhost:8000/sessions/d8109e8b-4767-4a72-a27d-66f59505ddd8 "HTTP/1.1 200 OK"
INFO:httpx:HTTP Request: GET http://localhost:8000/sessions/d8109e8b-4767-4a72-a27d-66f59505ddd8 "HTTP/1.1 200 OK"
INFO:httpx:HTTP Request: GET http://localhost:8000/sessions/d8109e8b-4767-4a72-a27d-66f59505ddd8 "HTTP/1.1 200 OK"
INFO:httpx:HTTP Request: GET http://localhost:8000/sessions/d8109e8b-4767-4a72-a27d-66f59505ddd8 "HTTP/1.1 200 OK"
INFO:httpx:HTTP Request: GET http://localhost:8000/sessions/d8109e8b-4767-4a72-a27d-66f59505ddd8 "HTTP/1.1 200 OK"
INFO:httpx:HTTP Request: GET http://localhost:8000/sessions/d8109e8b-4767-4a72-a27d-66f59505ddd8 "HTTP/1.1 200 OK"
INFO:httpx:HTTP Request: GET http://localhost:8000/sessions/d8109e8b-4767-4a72-a27d-66f59505ddd8 "HTTP/1.1 200 OK"
INFO:httpx:HTTP Request: GET http://localhost:8000/sessions/d8109e8b-4767-4a72-a27d-66f59505ddd8 "HTTP/1.1 200 OK"
INFO:httpx:HTTP Request: GET http://localhost:8000/sessions/d8109e8b-4767-4a72-a27d-66f59505ddd8 "HTTP/1.1 200 OK"
INFO:httpx:HTTP Request: GET http://localhost:8000/sessions/d8109e8b-4767-4a72-a27d-66f59505ddd8 "HTTP/1.1 200 OK"
INFO:httpx:HTTP Request: GET http://localhost:8000/sessions/d8109e8b-4767-4a72-a27d-66f59505ddd8 "HTTP/1.1 200 OK"
INFO:httpx:HTTP Request: GET http://localhost:8000/sessions/d8109e8b-4767-4a72-a27d-66f59505ddd8 "HTTP/1.1 200 OK"
INFO:httpx:HTTP Request: GET http://localhost:8000/sessions/d8109e8b-4767-4a72-a27d-66f59505ddd8 "HTTP/1.1 200 OK"
INFO:httpx:HTTP Request: GET http://localhost:8000/sessions/d8109e8b-4767-4a72-a27d-66f59505ddd8 "HTTP/1.1 200 OK"
INFO:httpx:HTTP Request: GET http://localhost:8000/sessions/d8109e8b-4767-4a72-a27d-66f59505ddd8 "HTTP/1.1 200 OK"
INFO:httpx:HTTP Request: GET http://localhost:8000/sessions/d8109e8b-4767-4a72-a27d-66f59505ddd8 "HTTP/1.1 200 OK"
INFO:httpx:HTTP Request: GET http://localhost:8000/sessions/d8109e8b-4767-4a72-a27d-66f59505ddd8 "HTTP/1.1 200 OK"
INFO:httpx:HTTP Request: GET http://localhost:8000/sessions/d8109e8b-4767-4a72-a27d-66f59505ddd8 "HTTP/1.1 200 OK"
INFO:httpx:HTTP Request: GET http://localhost:8000/sessions/d8109e8b-4767-4a72-a27d-66f59505ddd8 "HTTP/1.1 200 OK"
INFO:httpx:HTTP Request: GET http://localhost:8000/sessions/d8109e8b-4767-4a72-a27d-66f59505ddd8 "HTTP/1.1 200 OK"
INFO:httpx:HTTP Request: GET http://localhost:8000/sessions/d8109e8b-4767-4a72-a27d-66f59505ddd8 "HTTP/1.1 200 OK"
INFO:httpx:HTTP Request: GET http://localhost:8000/sessions/d8109e8b-4767-4a72-a27d-66f59505ddd8 "HTTP/1.1 200 OK"
INFO:httpx:HTTP Request: GET http://localhost:8000/sessions/d8109e8b-4767-4a72-a27d-66f59505ddd8 "HTTP/1.1 200 OK"
INFO:httpx:HTTP Request: GET http://localhost:8000/sessions/d8109e8b-4767-4a72-a27d-66f59505ddd8 "HTTP/1.1 200 OK"
INFO:httpx:HTTP Request: GET http://localhost:8000/sessions/d8109e8b-4767-4a72-a27d-66f59505ddd8 "HTTP/1.1 200 OK"
INFO:httpx:HTTP Request: GET http://localhost:8000/sessions/d8109e8b-4767-4a72-a27d-66f59505ddd8 "HTTP/1.1 200 OK"
INFO:httpx:HTTP Request: GET http://localhost:8000/sessions/d8109e8b-4767-4a72-a27d-66f59505ddd8 "HTTP/1.1 200 OK"
INFO:httpx:HTTP Request: GET http://localhost:8000/sessions/d8109e8b-4767-4a72-a27d-66f59505ddd8 "HTTP/1.1 200 OK"
INFO:httpx:HTTP Request: GET http://localhost:8000/sessions/d8109e8b-4767-4a72-a27d-66f59505ddd8 "HTTP/1.1 200 OK"
INFO:httpx:HTTP Request: GET http://localhost:8000/sessions/d8109e8b-4767-4a72-a27d-66f59505ddd8 "HTTP/1.1 200 OK"
INFO:httpx:HTTP Request: GET http://localhost:8000/sessions/d8109e8b-4767-4a72-a27d-66f59505ddd8 "HTTP/1.1 200 OK"
INFO:httpx:HTTP Request: GET http://localhost:8000/sessions/d8109e8b-4767-4a72-a27d-66f59505ddd8 "HTTP/1.1 200 OK"
INFO:     127.0.0.1:34016 - "POST /webhook HTTP/1.1" 200 OK
INFO:httpx:HTTP Request: GET http://localhost:8000/sessions/d8109e8b-4767-4a72-a27d-66f59505ddd8 "HTTP/1.1 200 OK"
INFO:httpx:HTTP Request: GET http://localhost:8000/sessions/d8109e8b-4767-4a72-a27d-66f59505ddd8 "HTTP/1.1 200 OK"
INFO:httpx:HTTP Request: GET http://localhost:8000/sessions/d8109e8b-4767-4a72-a27d-66f59505ddd8 "HTTP/1.1 200 OK"
INFO:httpx:HTTP Request: GET http://localhost:8000/sessions/d8109e8b-4767-4a72-a27d-66f59505ddd8 "HTTP/1.1 200 OK"
INFO:httpx:HTTP Request: GET http://localhost:8000/sessions/d8109e8b-4767-4a72-a27d-66f59505ddd8 "HTTP/1.1 200 OK"
INFO:alice:[Alice] Poll detected terminal status session=d8109e8b status=done
INFO:alice:[Alice] Worker terminated session=d8109e8b pid=1335
INFO:     127.0.0.1:43196 - "GET /health HTTP/1.1" 200 OK
INFO:httpx:HTTP Request: POST http://localhost:8000/sessions "HTTP/1.1 202 Accepted"
INFO:alice:[Alice] Worker spawned session=a6b8731d queue=qubit_send_a6b8731d pid=274526
INFO:alice:[Alice] Session a6b8731d created n_qubits=1024 qkdl=http://localhost:9013 queue=qubit_send_a6b8731d
INFO:     127.0.0.1:43212 - "POST /start?receiver_label=bob-7&n_qubits=1024&batch_size=10 HTTP/1.1" 200 OK
INFO:httpx:HTTP Request: GET http://localhost:8000/sessions/a6b8731d-165f-4473-9036-392166de85f7 "HTTP/1.1 200 OK"
INFO:httpx:HTTP Request: GET http://localhost:8000/sessions/a6b8731d-165f-4473-9036-392166de85f7 "HTTP/1.1 200 OK"
INFO:httpx:HTTP Request: GET http://localhost:8000/sessions/a6b8731d-165f-4473-9036-392166de85f7 "HTTP/1.1 200 OK"
INFO:httpx:HTTP Request: GET http://localhost:8000/sessions/a6b8731d-165f-4473-9036-392166de85f7 "HTTP/1.1 200 OK"
INFO:     127.0.0.1:50072 - "POST /webhook HTTP/1.1" 200 OK
INFO:alice:[Alice] Receiver joined a6b8731d  dispatching pipeline
INFO:httpx:HTTP Request: GET http://localhost:8000/sessions/a6b8731d-165f-4473-9036-392166de85f7 "HTTP/1.1 200 OK"
INFO:alice:[Alice] Dispatching pipeline session=a6b8731d batches=103 qkdl=http://localhost:9013 queue=qubit_send_a6b8731d
INFO:httpx:HTTP Request: GET http://localhost:8000/sessions/a6b8731d-165f-4473-9036-392166de85f7 "HTTP/1.1 200 OK"
INFO:httpx:HTTP Request: GET http://localhost:8000/sessions/a6b8731d-165f-4473-9036-392166de85f7 "HTTP/1.1 200 OK"
INFO:httpx:HTTP Request: GET http://localhost:8000/sessions/a6b8731d-165f-4473-9036-392166de85f7 "HTTP/1.1 200 OK"
INFO:alice:[Alice] Pipeline dispatched session=a6b8731d (103 QTT → ST → QKT → NT) queue=qubit_send_a6b8731d
INFO:httpx:HTTP Request: GET http://localhost:8000/sessions/a6b8731d-165f-4473-9036-392166de85f7 "HTTP/1.1 200 OK"
INFO:httpx:HTTP Request: GET http://localhost:8000/sessions/a6b8731d-165f-4473-9036-392166de85f7 "HTTP/1.1 200 OK"
INFO:httpx:HTTP Request: GET http://localhost:8000/sessions/a6b8731d-165f-4473-9036-392166de85f7 "HTTP/1.1 200 OK"
INFO:httpx:HTTP Request: GET http://localhost:8000/sessions/a6b8731d-165f-4473-9036-392166de85f7 "HTTP/1.1 200 OK"
INFO:httpx:HTTP Request: GET http://localhost:8000/sessions/a6b8731d-165f-4473-9036-392166de85f7 "HTTP/1.1 200 OK"
INFO:httpx:HTTP Request: GET http://localhost:8000/sessions/a6b8731d-165f-4473-9036-392166de85f7 "HTTP/1.1 200 OK"
INFO:httpx:HTTP Request: GET http://localhost:8000/sessions/a6b8731d-165f-4473-9036-392166de85f7 "HTTP/1.1 200 OK"
INFO:httpx:HTTP Request: GET http://localhost:8000/sessions/a6b8731d-165f-4473-9036-392166de85f7 "HTTP/1.1 200 OK"
INFO:httpx:HTTP Request: GET http://localhost:8000/sessions/a6b8731d-165f-4473-9036-392166de85f7 "HTTP/1.1 200 OK"
INFO:httpx:HTTP Request: GET http://localhost:8000/sessions/a6b8731d-165f-4473-9036-392166de85f7 "HTTP/1.1 200 OK"
INFO:httpx:HTTP Request: GET http://localhost:8000/sessions/a6b8731d-165f-4473-9036-392166de85f7 "HTTP/1.1 200 OK"
INFO:httpx:HTTP Request: GET http://localhost:8000/sessions/a6b8731d-165f-4473-9036-392166de85f7 "HTTP/1.1 200 OK"
INFO:httpx:HTTP Request: GET http://localhost:8000/sessions/a6b8731d-165f-4473-9036-392166de85f7 "HTTP/1.1 200 OK"
INFO:httpx:HTTP Request: GET http://localhost:8000/sessions/a6b8731d-165f-4473-9036-392166de85f7 "HTTP/1.1 200 OK"
INFO:httpx:HTTP Request: GET http://localhost:8000/sessions/a6b8731d-165f-4473-9036-392166de85f7 "HTTP/1.1 200 OK"
INFO:httpx:HTTP Request: GET http://localhost:8000/sessions/a6b8731d-165f-4473-9036-392166de85f7 "HTTP/1.1 200 OK"
INFO:httpx:HTTP Request: GET http://localhost:8000/sessions/a6b8731d-165f-4473-9036-392166de85f7 "HTTP/1.1 200 OK"
INFO:httpx:HTTP Request: GET http://localhost:8000/sessions/a6b8731d-165f-4473-9036-392166de85f7 "HTTP/1.1 200 OK"
INFO:httpx:HTTP Request: GET http://localhost:8000/sessions/a6b8731d-165f-4473-9036-392166de85f7 "HTTP/1.1 200 OK"
INFO:httpx:HTTP Request: GET http://localhost:8000/sessions/a6b8731d-165f-4473-9036-392166de85f7 "HTTP/1.1 200 OK"
INFO:httpx:HTTP Request: GET http://localhost:8000/sessions/a6b8731d-165f-4473-9036-392166de85f7 "HTTP/1.1 200 OK"
INFO:httpx:HTTP Request: GET http://localhost:8000/sessions/a6b8731d-165f-4473-9036-392166de85f7 "HTTP/1.1 200 OK"
INFO:httpx:HTTP Request: GET http://localhost:8000/sessions/a6b8731d-165f-4473-9036-392166de85f7 "HTTP/1.1 200 OK"
INFO:httpx:HTTP Request: GET http://localhost:8000/sessions/a6b8731d-165f-4473-9036-392166de85f7 "HTTP/1.1 200 OK"
INFO:httpx:HTTP Request: GET http://localhost:8000/sessions/a6b8731d-165f-4473-9036-392166de85f7 "HTTP/1.1 200 OK"
INFO:httpx:HTTP Request: GET http://localhost:8000/sessions/a6b8731d-165f-4473-9036-392166de85f7 "HTTP/1.1 200 OK"
INFO:httpx:HTTP Request: GET http://localhost:8000/sessions/a6b8731d-165f-4473-9036-392166de85f7 "HTTP/1.1 200 OK"
INFO:httpx:HTTP Request: GET http://localhost:8000/sessions/a6b8731d-165f-4473-9036-392166de85f7 "HTTP/1.1 200 OK"
INFO:httpx:HTTP Request: GET http://localhost:8000/sessions/a6b8731d-165f-4473-9036-392166de85f7 "HTTP/1.1 200 OK"
INFO:httpx:HTTP Request: GET http://localhost:8000/sessions/a6b8731d-165f-4473-9036-392166de85f7 "HTTP/1.1 200 OK"
INFO:httpx:HTTP Request: GET http://localhost:8000/sessions/a6b8731d-165f-4473-9036-392166de85f7 "HTTP/1.1 200 OK"
INFO:httpx:HTTP Request: GET http://localhost:8000/sessions/a6b8731d-165f-4473-9036-392166de85f7 "HTTP/1.1 200 OK"
INFO:httpx:HTTP Request: GET http://localhost:8000/sessions/a6b8731d-165f-4473-9036-392166de85f7 "HTTP/1.1 200 OK"
INFO:httpx:HTTP Request: GET http://localhost:8000/sessions/a6b8731d-165f-4473-9036-392166de85f7 "HTTP/1.1 200 OK"
INFO:httpx:HTTP Request: GET http://localhost:8000/sessions/a6b8731d-165f-4473-9036-392166de85f7 "HTTP/1.1 200 OK"
INFO:httpx:HTTP Request: GET http://localhost:8000/sessions/a6b8731d-165f-4473-9036-392166de85f7 "HTTP/1.1 200 OK"
INFO:httpx:HTTP Request: GET http://localhost:8000/sessions/a6b8731d-165f-4473-9036-392166de85f7 "HTTP/1.1 200 OK"
INFO:httpx:HTTP Request: GET http://localhost:8000/sessions/a6b8731d-165f-4473-9036-392166de85f7 "HTTP/1.1 200 OK"
INFO:httpx:HTTP Request: GET http://localhost:8000/sessions/a6b8731d-165f-4473-9036-392166de85f7 "HTTP/1.1 200 OK"
INFO:httpx:HTTP Request: GET http://localhost:8000/sessions/a6b8731d-165f-4473-9036-392166de85f7 "HTTP/1.1 200 OK"
INFO:httpx:HTTP Request: GET http://localhost:8000/sessions/a6b8731d-165f-4473-9036-392166de85f7 "HTTP/1.1 200 OK"
INFO:httpx:HTTP Request: GET http://localhost:8000/sessions/a6b8731d-165f-4473-9036-392166de85f7 "HTTP/1.1 200 OK"
INFO:httpx:HTTP Request: GET http://localhost:8000/sessions/a6b8731d-165f-4473-9036-392166de85f7 "HTTP/1.1 200 OK"
INFO:httpx:HTTP Request: GET http://localhost:8000/sessions/a6b8731d-165f-4473-9036-392166de85f7 "HTTP/1.1 200 OK"
INFO:httpx:HTTP Request: GET http://localhost:8000/sessions/a6b8731d-165f-4473-9036-392166de85f7 "HTTP/1.1 200 OK"
INFO:httpx:HTTP Request: GET http://localhost:8000/sessions/a6b8731d-165f-4473-9036-392166de85f7 "HTTP/1.1 200 OK"
INFO:httpx:HTTP Request: GET http://localhost:8000/sessions/a6b8731d-165f-4473-9036-392166de85f7 "HTTP/1.1 200 OK"
INFO:httpx:HTTP Request: GET http://localhost:8000/sessions/a6b8731d-165f-4473-9036-392166de85f7 "HTTP/1.1 200 OK"
INFO:httpx:HTTP Request: GET http://localhost:8000/sessions/a6b8731d-165f-4473-9036-392166de85f7 "HTTP/1.1 200 OK"
INFO:httpx:HTTP Request: GET http://localhost:8000/sessions/a6b8731d-165f-4473-9036-392166de85f7 "HTTP/1.1 200 OK"
INFO:httpx:HTTP Request: GET http://localhost:8000/sessions/a6b8731d-165f-4473-9036-392166de85f7 "HTTP/1.1 200 OK"
INFO:httpx:HTTP Request: GET http://localhost:8000/sessions/a6b8731d-165f-4473-9036-392166de85f7 "HTTP/1.1 200 OK"
INFO:httpx:HTTP Request: GET http://localhost:8000/sessions/a6b8731d-165f-4473-9036-392166de85f7 "HTTP/1.1 200 OK"
INFO:httpx:HTTP Request: GET http://localhost:8000/sessions/a6b8731d-165f-4473-9036-392166de85f7 "HTTP/1.1 200 OK"
INFO:httpx:HTTP Request: GET http://localhost:8000/sessions/a6b8731d-165f-4473-9036-392166de85f7 "HTTP/1.1 200 OK"
INFO:httpx:HTTP Request: GET http://localhost:8000/sessions/a6b8731d-165f-4473-9036-392166de85f7 "HTTP/1.1 200 OK"
INFO:httpx:HTTP Request: GET http://localhost:8000/sessions/a6b8731d-165f-4473-9036-392166de85f7 "HTTP/1.1 200 OK"
INFO:httpx:HTTP Request: GET http://localhost:8000/sessions/a6b8731d-165f-4473-9036-392166de85f7 "HTTP/1.1 200 OK"
INFO:httpx:HTTP Request: GET http://localhost:8000/sessions/a6b8731d-165f-4473-9036-392166de85f7 "HTTP/1.1 200 OK"
INFO:httpx:HTTP Request: GET http://localhost:8000/sessions/a6b8731d-165f-4473-9036-392166de85f7 "HTTP/1.1 200 OK"
INFO:httpx:HTTP Request: GET http://localhost:8000/sessions/a6b8731d-165f-4473-9036-392166de85f7 "HTTP/1.1 200 OK"
INFO:httpx:HTTP Request: GET http://localhost:8000/sessions/a6b8731d-165f-4473-9036-392166de85f7 "HTTP/1.1 200 OK"
INFO:httpx:HTTP Request: GET http://localhost:8000/sessions/a6b8731d-165f-4473-9036-392166de85f7 "HTTP/1.1 200 OK"
INFO:httpx:HTTP Request: GET http://localhost:8000/sessions/a6b8731d-165f-4473-9036-392166de85f7 "HTTP/1.1 200 OK"
INFO:     Shutting down
INFO:     Finished server process [1091]
