INFO:     Started server process [1068]
INFO:     Waiting for application startup.
INFO:httpx:HTTP Request: POST http://localhost:8000/nodes/register "HTTP/1.1 200 OK"
INFO:node.base:[alice-5] Registered → node_id=44993f6c
INFO:node.base:[alice-5] Started  node_id=44993f6c role=sender
INFO:     Application startup complete.
INFO:     Uvicorn running on http://0.0.0.0:8105 (Press CTRL+C to quit)
INFO:     127.0.0.1:42654 - "GET /health HTTP/1.1" 200 OK
INFO:httpx:HTTP Request: POST http://localhost:8000/sessions "HTTP/1.1 202 Accepted"
INFO:alice:[Alice] Worker spawned session=827a3a67 queue=qubit_send_827a3a67 pid=1338
INFO:alice:[Alice] Session 827a3a67 created n_qubits=1024 qkdl=http://localhost:8043 queue=qubit_send_827a3a67
INFO:     127.0.0.1:42670 - "POST /start?receiver_label=bob-5&n_qubits=1024&batch_size=10 HTTP/1.1" 200 OK
INFO:httpx:HTTP Request: GET http://localhost:8000/sessions/827a3a67-970b-4da4-a1fc-d4d45a4b7577 "HTTP/1.1 200 OK"
INFO:httpx:HTTP Request: GET http://localhost:8000/sessions/827a3a67-970b-4da4-a1fc-d4d45a4b7577 "HTTP/1.1 200 OK"
INFO:httpx:HTTP Request: GET http://localhost:8000/sessions/827a3a67-970b-4da4-a1fc-d4d45a4b7577 "HTTP/1.1 200 OK"
INFO:httpx:HTTP Request: GET http://localhost:8000/sessions/827a3a67-970b-4da4-a1fc-d4d45a4b7577 "HTTP/1.1 200 OK"
INFO:httpx:HTTP Request: GET http://localhost:8000/sessions/827a3a67-970b-4da4-a1fc-d4d45a4b7577 "HTTP/1.1 200 OK"
INFO:httpx:HTTP Request: GET http://localhost:8000/sessions/827a3a67-970b-4da4-a1fc-d4d45a4b7577 "HTTP/1.1 200 OK"
INFO:httpx:HTTP Request: GET http://localhost:8000/sessions/827a3a67-970b-4da4-a1fc-d4d45a4b7577 "HTTP/1.1 200 OK"
INFO:httpx:HTTP Request: GET http://localhost:8000/sessions/827a3a67-970b-4da4-a1fc-d4d45a4b7577 "HTTP/1.1 200 OK"
INFO:httpx:HTTP Request: GET http://localhost:8000/sessions/827a3a67-970b-4da4-a1fc-d4d45a4b7577 "HTTP/1.1 200 OK"
INFO:httpx:HTTP Request: GET http://localhost:8000/sessions/827a3a67-970b-4da4-a1fc-d4d45a4b7577 "HTTP/1.1 200 OK"
INFO:httpx:HTTP Request: GET http://localhost:8000/sessions/827a3a67-970b-4da4-a1fc-d4d45a4b7577 "HTTP/1.1 200 OK"
INFO:httpx:HTTP Request: GET http://localhost:8000/sessions/827a3a67-970b-4da4-a1fc-d4d45a4b7577 "HTTP/1.1 200 OK"
INFO:     127.0.0.1:52812 - "POST /webhook HTTP/1.1" 200 OK
INFO:alice:[Alice] Receiver joined 827a3a67  dispatching pipeline
INFO:httpx:HTTP Request: GET http://localhost:8000/sessions/827a3a67-970b-4da4-a1fc-d4d45a4b7577 "HTTP/1.1 200 OK"
INFO:alice:[Alice] Dispatching pipeline session=827a3a67 batches=103 qkdl=http://localhost:8043 queue=qubit_send_827a3a67
INFO:httpx:HTTP Request: GET http://localhost:8000/sessions/827a3a67-970b-4da4-a1fc-d4d45a4b7577 "HTTP/1.1 200 OK"
INFO:httpx:HTTP Request: GET http://localhost:8000/sessions/827a3a67-970b-4da4-a1fc-d4d45a4b7577 "HTTP/1.1 200 OK"
INFO:httpx:HTTP Request: GET http://localhost:8000/sessions/827a3a67-970b-4da4-a1fc-d4d45a4b7577 "HTTP/1.1 200 OK"
INFO:httpx:HTTP Request: GET http://localhost:8000/sessions/827a3a67-970b-4da4-a1fc-d4d45a4b7577 "HTTP/1.1 200 OK"
INFO:alice:[Alice] Pipeline dispatched session=827a3a67 (103 QTT → ST → QKT → NT) queue=qubit_send_827a3a67
INFO:httpx:HTTP Request: GET http://localhost:8000/sessions/827a3a67-970b-4da4-a1fc-d4d45a4b7577 "HTTP/1.1 200 OK"
INFO:httpx:HTTP Request: GET http://localhost:8000/sessions/827a3a67-970b-4da4-a1fc-d4d45a4b7577 "HTTP/1.1 200 OK"
INFO:httpx:HTTP Request: GET http://localhost:8000/sessions/827a3a67-970b-4da4-a1fc-d4d45a4b7577 "HTTP/1.1 200 OK"
INFO:httpx:HTTP Request: GET http://localhost:8000/sessions/827a3a67-970b-4da4-a1fc-d4d45a4b7577 "HTTP/1.1 200 OK"
INFO:httpx:HTTP Request: GET http://localhost:8000/sessions/827a3a67-970b-4da4-a1fc-d4d45a4b7577 "HTTP/1.1 200 OK"
INFO:httpx:HTTP Request: GET http://localhost:8000/sessions/827a3a67-970b-4da4-a1fc-d4d45a4b7577 "HTTP/1.1 200 OK"
INFO:httpx:HTTP Request: GET http://localhost:8000/sessions/827a3a67-970b-4da4-a1fc-d4d45a4b7577 "HTTP/1.1 200 OK"
INFO:httpx:HTTP Request: GET http://localhost:8000/sessions/827a3a67-970b-4da4-a1fc-d4d45a4b7577 "HTTP/1.1 200 OK"
INFO:httpx:HTTP Request: GET http://localhost:8000/sessions/827a3a67-970b-4da4-a1fc-d4d45a4b7577 "HTTP/1.1 200 OK"
INFO:httpx:HTTP Request: GET http://localhost:8000/sessions/827a3a67-970b-4da4-a1fc-d4d45a4b7577 "HTTP/1.1 200 OK"
INFO:httpx:HTTP Request: GET http://localhost:8000/sessions/827a3a67-970b-4da4-a1fc-d4d45a4b7577 "HTTP/1.1 200 OK"
INFO:httpx:HTTP Request: GET http://localhost:8000/sessions/827a3a67-970b-4da4-a1fc-d4d45a4b7577 "HTTP/1.1 200 OK"
INFO:httpx:HTTP Request: GET http://localhost:8000/sessions/827a3a67-970b-4da4-a1fc-d4d45a4b7577 "HTTP/1.1 200 OK"
INFO:httpx:HTTP Request: GET http://localhost:8000/sessions/827a3a67-970b-4da4-a1fc-d4d45a4b7577 "HTTP/1.1 200 OK"
INFO:httpx:HTTP Request: GET http://localhost:8000/sessions/827a3a67-970b-4da4-a1fc-d4d45a4b7577 "HTTP/1.1 200 OK"
INFO:httpx:HTTP Request: GET http://localhost:8000/sessions/827a3a67-970b-4da4-a1fc-d4d45a4b7577 "HTTP/1.1 200 OK"
INFO:httpx:HTTP Request: GET http://localhost:8000/sessions/827a3a67-970b-4da4-a1fc-d4d45a4b7577 "HTTP/1.1 200 OK"
INFO:httpx:HTTP Request: GET http://localhost:8000/sessions/827a3a67-970b-4da4-a1fc-d4d45a4b7577 "HTTP/1.1 200 OK"
INFO:httpx:HTTP Request: GET http://localhost:8000/sessions/827a3a67-970b-4da4-a1fc-d4d45a4b7577 "HTTP/1.1 200 OK"
INFO:httpx:HTTP Request: GET http://localhost:8000/sessions/827a3a67-970b-4da4-a1fc-d4d45a4b7577 "HTTP/1.1 200 OK"
INFO:httpx:HTTP Request: GET http://localhost:8000/sessions/827a3a67-970b-4da4-a1fc-d4d45a4b7577 "HTTP/1.1 200 OK"
INFO:httpx:HTTP Request: GET http://localhost:8000/sessions/827a3a67-970b-4da4-a1fc-d4d45a4b7577 "HTTP/1.1 200 OK"
INFO:httpx:HTTP Request: GET http://localhost:8000/sessions/827a3a67-970b-4da4-a1fc-d4d45a4b7577 "HTTP/1.1 200 OK"
INFO:httpx:HTTP Request: GET http://localhost:8000/sessions/827a3a67-970b-4da4-a1fc-d4d45a4b7577 "HTTP/1.1 200 OK"
INFO:httpx:HTTP Request: GET http://localhost:8000/sessions/827a3a67-970b-4da4-a1fc-d4d45a4b7577 "HTTP/1.1 200 OK"
INFO:httpx:HTTP Request: GET http://localhost:8000/sessions/827a3a67-970b-4da4-a1fc-d4d45a4b7577 "HTTP/1.1 200 OK"
INFO:httpx:HTTP Request: GET http://localhost:8000/sessions/827a3a67-970b-4da4-a1fc-d4d45a4b7577 "HTTP/1.1 200 OK"
INFO:httpx:HTTP Request: GET http://localhost:8000/sessions/827a3a67-970b-4da4-a1fc-d4d45a4b7577 "HTTP/1.1 200 OK"
INFO:httpx:HTTP Request: GET http://localhost:8000/sessions/827a3a67-970b-4da4-a1fc-d4d45a4b7577 "HTTP/1.1 200 OK"
INFO:httpx:HTTP Request: GET http://localhost:8000/sessions/827a3a67-970b-4da4-a1fc-d4d45a4b7577 "HTTP/1.1 200 OK"
INFO:httpx:HTTP Request: GET http://localhost:8000/sessions/827a3a67-970b-4da4-a1fc-d4d45a4b7577 "HTTP/1.1 200 OK"
INFO:httpx:HTTP Request: GET http://localhost:8000/sessions/827a3a67-970b-4da4-a1fc-d4d45a4b7577 "HTTP/1.1 200 OK"
INFO:httpx:HTTP Request: GET http://localhost:8000/sessions/827a3a67-970b-4da4-a1fc-d4d45a4b7577 "HTTP/1.1 200 OK"
INFO:httpx:HTTP Request: GET http://localhost:8000/sessions/827a3a67-970b-4da4-a1fc-d4d45a4b7577 "HTTP/1.1 200 OK"
INFO:httpx:HTTP Request: GET http://localhost:8000/sessions/827a3a67-970b-4da4-a1fc-d4d45a4b7577 "HTTP/1.1 200 OK"
INFO:httpx:HTTP Request: GET http://localhost:8000/sessions/827a3a67-970b-4da4-a1fc-d4d45a4b7577 "HTTP/1.1 200 OK"
INFO:httpx:HTTP Request: GET http://localhost:8000/sessions/827a3a67-970b-4da4-a1fc-d4d45a4b7577 "HTTP/1.1 200 OK"
INFO:httpx:HTTP Request: GET http://localhost:8000/sessions/827a3a67-970b-4da4-a1fc-d4d45a4b7577 "HTTP/1.1 200 OK"
INFO:httpx:HTTP Request: GET http://localhost:8000/sessions/827a3a67-970b-4da4-a1fc-d4d45a4b7577 "HTTP/1.1 200 OK"
INFO:httpx:HTTP Request: GET http://localhost:8000/sessions/827a3a67-970b-4da4-a1fc-d4d45a4b7577 "HTTP/1.1 200 OK"
INFO:httpx:HTTP Request: GET http://localhost:8000/sessions/827a3a67-970b-4da4-a1fc-d4d45a4b7577 "HTTP/1.1 200 OK"
INFO:httpx:HTTP Request: GET http://localhost:8000/sessions/827a3a67-970b-4da4-a1fc-d4d45a4b7577 "HTTP/1.1 200 OK"
INFO:httpx:HTTP Request: GET http://localhost:8000/sessions/827a3a67-970b-4da4-a1fc-d4d45a4b7577 "HTTP/1.1 200 OK"
INFO:httpx:HTTP Request: GET http://localhost:8000/sessions/827a3a67-970b-4da4-a1fc-d4d45a4b7577 "HTTP/1.1 200 OK"
INFO:httpx:HTTP Request: GET http://localhost:8000/sessions/827a3a67-970b-4da4-a1fc-d4d45a4b7577 "HTTP/1.1 200 OK"
INFO:httpx:HTTP Request: GET http://localhost:8000/sessions/827a3a67-970b-4da4-a1fc-d4d45a4b7577 "HTTP/1.1 200 OK"
INFO:httpx:HTTP Request: GET http://localhost:8000/sessions/827a3a67-970b-4da4-a1fc-d4d45a4b7577 "HTTP/1.1 200 OK"
INFO:httpx:HTTP Request: GET http://localhost:8000/sessions/827a3a67-970b-4da4-a1fc-d4d45a4b7577 "HTTP/1.1 200 OK"
INFO:httpx:HTTP Request: GET http://localhost:8000/sessions/827a3a67-970b-4da4-a1fc-d4d45a4b7577 "HTTP/1.1 200 OK"
INFO:httpx:HTTP Request: GET http://localhost:8000/sessions/827a3a67-970b-4da4-a1fc-d4d45a4b7577 "HTTP/1.1 200 OK"
INFO:httpx:HTTP Request: GET http://localhost:8000/sessions/827a3a67-970b-4da4-a1fc-d4d45a4b7577 "HTTP/1.1 200 OK"
INFO:httpx:HTTP Request: GET http://localhost:8000/sessions/827a3a67-970b-4da4-a1fc-d4d45a4b7577 "HTTP/1.1 200 OK"
INFO:httpx:HTTP Request: GET http://localhost:8000/sessions/827a3a67-970b-4da4-a1fc-d4d45a4b7577 "HTTP/1.1 200 OK"
INFO:httpx:HTTP Request: GET http://localhost:8000/sessions/827a3a67-970b-4da4-a1fc-d4d45a4b7577 "HTTP/1.1 200 OK"
INFO:httpx:HTTP Request: GET http://localhost:8000/sessions/827a3a67-970b-4da4-a1fc-d4d45a4b7577 "HTTP/1.1 200 OK"
INFO:httpx:HTTP Request: GET http://localhost:8000/sessions/827a3a67-970b-4da4-a1fc-d4d45a4b7577 "HTTP/1.1 200 OK"
INFO:httpx:HTTP Request: GET http://localhost:8000/sessions/827a3a67-970b-4da4-a1fc-d4d45a4b7577 "HTTP/1.1 200 OK"
INFO:httpx:HTTP Request: GET http://localhost:8000/sessions/827a3a67-970b-4da4-a1fc-d4d45a4b7577 "HTTP/1.1 200 OK"
INFO:httpx:HTTP Request: GET http://localhost:8000/sessions/827a3a67-970b-4da4-a1fc-d4d45a4b7577 "HTTP/1.1 200 OK"
INFO:httpx:HTTP Request: GET http://localhost:8000/sessions/827a3a67-970b-4da4-a1fc-d4d45a4b7577 "HTTP/1.1 200 OK"
INFO:httpx:HTTP Request: GET http://localhost:8000/sessions/827a3a67-970b-4da4-a1fc-d4d45a4b7577 "HTTP/1.1 200 OK"
INFO:httpx:HTTP Request: GET http://localhost:8000/sessions/827a3a67-970b-4da4-a1fc-d4d45a4b7577 "HTTP/1.1 200 OK"
INFO:httpx:HTTP Request: GET http://localhost:8000/sessions/827a3a67-970b-4da4-a1fc-d4d45a4b7577 "HTTP/1.1 200 OK"
INFO:httpx:HTTP Request: GET http://localhost:8000/sessions/827a3a67-970b-4da4-a1fc-d4d45a4b7577 "HTTP/1.1 200 OK"
INFO:httpx:HTTP Request: GET http://localhost:8000/sessions/827a3a67-970b-4da4-a1fc-d4d45a4b7577 "HTTP/1.1 200 OK"
INFO:httpx:HTTP Request: GET http://localhost:8000/sessions/827a3a67-970b-4da4-a1fc-d4d45a4b7577 "HTTP/1.1 200 OK"
INFO:httpx:HTTP Request: GET http://localhost:8000/sessions/827a3a67-970b-4da4-a1fc-d4d45a4b7577 "HTTP/1.1 200 OK"
INFO:httpx:HTTP Request: GET http://localhost:8000/sessions/827a3a67-970b-4da4-a1fc-d4d45a4b7577 "HTTP/1.1 200 OK"
INFO:httpx:HTTP Request: GET http://localhost:8000/sessions/827a3a67-970b-4da4-a1fc-d4d45a4b7577 "HTTP/1.1 200 OK"
INFO:httpx:HTTP Request: GET http://localhost:8000/sessions/827a3a67-970b-4da4-a1fc-d4d45a4b7577 "HTTP/1.1 200 OK"
INFO:httpx:HTTP Request: GET http://localhost:8000/sessions/827a3a67-970b-4da4-a1fc-d4d45a4b7577 "HTTP/1.1 200 OK"
INFO:httpx:HTTP Request: GET http://localhost:8000/sessions/827a3a67-970b-4da4-a1fc-d4d45a4b7577 "HTTP/1.1 200 OK"
INFO:httpx:HTTP Request: GET http://localhost:8000/sessions/827a3a67-970b-4da4-a1fc-d4d45a4b7577 "HTTP/1.1 200 OK"
INFO:httpx:HTTP Request: GET http://localhost:8000/sessions/827a3a67-970b-4da4-a1fc-d4d45a4b7577 "HTTP/1.1 200 OK"
INFO:httpx:HTTP Request: GET http://localhost:8000/sessions/827a3a67-970b-4da4-a1fc-d4d45a4b7577 "HTTP/1.1 200 OK"
INFO:httpx:HTTP Request: GET http://localhost:8000/sessions/827a3a67-970b-4da4-a1fc-d4d45a4b7577 "HTTP/1.1 200 OK"
INFO:httpx:HTTP Request: GET http://localhost:8000/sessions/827a3a67-970b-4da4-a1fc-d4d45a4b7577 "HTTP/1.1 200 OK"
INFO:httpx:HTTP Request: GET http://localhost:8000/sessions/827a3a67-970b-4da4-a1fc-d4d45a4b7577 "HTTP/1.1 200 OK"
INFO:httpx:HTTP Request: GET http://localhost:8000/sessions/827a3a67-970b-4da4-a1fc-d4d45a4b7577 "HTTP/1.1 200 OK"
INFO:httpx:HTTP Request: GET http://localhost:8000/sessions/827a3a67-970b-4da4-a1fc-d4d45a4b7577 "HTTP/1.1 200 OK"
INFO:httpx:HTTP Request: GET http://localhost:8000/sessions/827a3a67-970b-4da4-a1fc-d4d45a4b7577 "HTTP/1.1 200 OK"
INFO:httpx:HTTP Request: GET http://localhost:8000/sessions/827a3a67-970b-4da4-a1fc-d4d45a4b7577 "HTTP/1.1 200 OK"
INFO:httpx:HTTP Request: GET http://localhost:8000/sessions/827a3a67-970b-4da4-a1fc-d4d45a4b7577 "HTTP/1.1 200 OK"
INFO:httpx:HTTP Request: GET http://localhost:8000/sessions/827a3a67-970b-4da4-a1fc-d4d45a4b7577 "HTTP/1.1 200 OK"
INFO:httpx:HTTP Request: GET http://localhost:8000/sessions/827a3a67-970b-4da4-a1fc-d4d45a4b7577 "HTTP/1.1 200 OK"
INFO:httpx:HTTP Request: GET http://localhost:8000/sessions/827a3a67-970b-4da4-a1fc-d4d45a4b7577 "HTTP/1.1 200 OK"
INFO:httpx:HTTP Request: GET http://localhost:8000/sessions/827a3a67-970b-4da4-a1fc-d4d45a4b7577 "HTTP/1.1 200 OK"
INFO:httpx:HTTP Request: GET http://localhost:8000/sessions/827a3a67-970b-4da4-a1fc-d4d45a4b7577 "HTTP/1.1 200 OK"
INFO:httpx:HTTP Request: GET http://localhost:8000/sessions/827a3a67-970b-4da4-a1fc-d4d45a4b7577 "HTTP/1.1 200 OK"
INFO:httpx:HTTP Request: GET http://localhost:8000/sessions/827a3a67-970b-4da4-a1fc-d4d45a4b7577 "HTTP/1.1 200 OK"
INFO:httpx:HTTP Request: GET http://localhost:8000/sessions/827a3a67-970b-4da4-a1fc-d4d45a4b7577 "HTTP/1.1 200 OK"
INFO:httpx:HTTP Request: GET http://localhost:8000/sessions/827a3a67-970b-4da4-a1fc-d4d45a4b7577 "HTTP/1.1 200 OK"
INFO:httpx:HTTP Request: GET http://localhost:8000/sessions/827a3a67-970b-4da4-a1fc-d4d45a4b7577 "HTTP/1.1 200 OK"
INFO:httpx:HTTP Request: GET http://localhost:8000/sessions/827a3a67-970b-4da4-a1fc-d4d45a4b7577 "HTTP/1.1 200 OK"
INFO:httpx:HTTP Request: GET http://localhost:8000/sessions/827a3a67-970b-4da4-a1fc-d4d45a4b7577 "HTTP/1.1 200 OK"
INFO:httpx:HTTP Request: GET http://localhost:8000/sessions/827a3a67-970b-4da4-a1fc-d4d45a4b7577 "HTTP/1.1 200 OK"
INFO:httpx:HTTP Request: GET http://localhost:8000/sessions/827a3a67-970b-4da4-a1fc-d4d45a4b7577 "HTTP/1.1 200 OK"
INFO:httpx:HTTP Request: GET http://localhost:8000/sessions/827a3a67-970b-4da4-a1fc-d4d45a4b7577 "HTTP/1.1 200 OK"
INFO:httpx:HTTP Request: GET http://localhost:8000/sessions/827a3a67-970b-4da4-a1fc-d4d45a4b7577 "HTTP/1.1 200 OK"
INFO:httpx:HTTP Request: GET http://localhost:8000/sessions/827a3a67-970b-4da4-a1fc-d4d45a4b7577 "HTTP/1.1 200 OK"
INFO:httpx:HTTP Request: GET http://localhost:8000/sessions/827a3a67-970b-4da4-a1fc-d4d45a4b7577 "HTTP/1.1 200 OK"
INFO:httpx:HTTP Request: GET http://localhost:8000/sessions/827a3a67-970b-4da4-a1fc-d4d45a4b7577 "HTTP/1.1 200 OK"
INFO:     127.0.0.1:60412 - "POST /webhook HTTP/1.1" 200 OK
INFO:httpx:HTTP Request: GET http://localhost:8000/sessions/827a3a67-970b-4da4-a1fc-d4d45a4b7577 "HTTP/1.1 200 OK"
INFO:httpx:HTTP Request: GET http://localhost:8000/sessions/827a3a67-970b-4da4-a1fc-d4d45a4b7577 "HTTP/1.1 200 OK"
INFO:httpx:HTTP Request: GET http://localhost:8000/sessions/827a3a67-970b-4da4-a1fc-d4d45a4b7577 "HTTP/1.1 200 OK"
INFO:httpx:HTTP Request: GET http://localhost:8000/sessions/827a3a67-970b-4da4-a1fc-d4d45a4b7577 "HTTP/1.1 200 OK"
INFO:httpx:HTTP Request: GET http://localhost:8000/sessions/827a3a67-970b-4da4-a1fc-d4d45a4b7577 "HTTP/1.1 200 OK"
INFO:httpx:HTTP Request: GET http://localhost:8000/sessions/827a3a67-970b-4da4-a1fc-d4d45a4b7577 "HTTP/1.1 200 OK"
INFO:alice:[Alice] Poll detected terminal status session=827a3a67 status=done
INFO:alice:[Alice] Worker terminated session=827a3a67 pid=1338
INFO:     127.0.0.1:55024 - "GET /health HTTP/1.1" 200 OK
INFO:httpx:HTTP Request: POST http://localhost:8000/sessions "HTTP/1.1 202 Accepted"
INFO:alice:[Alice] Worker spawned session=842aeed3 queue=qubit_send_842aeed3 pid=274566
INFO:alice:[Alice] Session 842aeed3 created n_qubits=1024 qkdl=http://localhost:9043 queue=qubit_send_842aeed3
INFO:     127.0.0.1:55030 - "POST /start?receiver_label=bob-5&n_qubits=1024&batch_size=10 HTTP/1.1" 200 OK
INFO:httpx:HTTP Request: GET http://localhost:8000/sessions/842aeed3-0d11-4d67-9224-f7299d3de959 "HTTP/1.1 200 OK"
INFO:httpx:HTTP Request: GET http://localhost:8000/sessions/842aeed3-0d11-4d67-9224-f7299d3de959 "HTTP/1.1 200 OK"
INFO:httpx:HTTP Request: GET http://localhost:8000/sessions/842aeed3-0d11-4d67-9224-f7299d3de959 "HTTP/1.1 200 OK"
INFO:httpx:HTTP Request: GET http://localhost:8000/sessions/842aeed3-0d11-4d67-9224-f7299d3de959 "HTTP/1.1 200 OK"
INFO:     127.0.0.1:49398 - "POST /webhook HTTP/1.1" 200 OK
INFO:alice:[Alice] Receiver joined 842aeed3  dispatching pipeline
INFO:httpx:HTTP Request: GET http://localhost:8000/sessions/842aeed3-0d11-4d67-9224-f7299d3de959 "HTTP/1.1 200 OK"
INFO:alice:[Alice] Dispatching pipeline session=842aeed3 batches=103 qkdl=http://localhost:9043 queue=qubit_send_842aeed3
INFO:httpx:HTTP Request: GET http://localhost:8000/sessions/842aeed3-0d11-4d67-9224-f7299d3de959 "HTTP/1.1 200 OK"
INFO:httpx:HTTP Request: GET http://localhost:8000/sessions/842aeed3-0d11-4d67-9224-f7299d3de959 "HTTP/1.1 200 OK"
INFO:alice:[Alice] Pipeline dispatched session=842aeed3 (103 QTT → ST → QKT → NT) queue=qubit_send_842aeed3
INFO:httpx:HTTP Request: GET http://localhost:8000/sessions/842aeed3-0d11-4d67-9224-f7299d3de959 "HTTP/1.1 200 OK"
INFO:httpx:HTTP Request: GET http://localhost:8000/sessions/842aeed3-0d11-4d67-9224-f7299d3de959 "HTTP/1.1 200 OK"
INFO:httpx:HTTP Request: GET http://localhost:8000/sessions/842aeed3-0d11-4d67-9224-f7299d3de959 "HTTP/1.1 200 OK"
INFO:httpx:HTTP Request: GET http://localhost:8000/sessions/842aeed3-0d11-4d67-9224-f7299d3de959 "HTTP/1.1 200 OK"
INFO:httpx:HTTP Request: GET http://localhost:8000/sessions/842aeed3-0d11-4d67-9224-f7299d3de959 "HTTP/1.1 200 OK"
INFO:httpx:HTTP Request: GET http://localhost:8000/sessions/842aeed3-0d11-4d67-9224-f7299d3de959 "HTTP/1.1 200 OK"
INFO:httpx:HTTP Request: GET http://localhost:8000/sessions/842aeed3-0d11-4d67-9224-f7299d3de959 "HTTP/1.1 200 OK"
INFO:httpx:HTTP Request: GET http://localhost:8000/sessions/842aeed3-0d11-4d67-9224-f7299d3de959 "HTTP/1.1 200 OK"
INFO:httpx:HTTP Request: GET http://localhost:8000/sessions/842aeed3-0d11-4d67-9224-f7299d3de959 "HTTP/1.1 200 OK"
INFO:httpx:HTTP Request: GET http://localhost:8000/sessions/842aeed3-0d11-4d67-9224-f7299d3de959 "HTTP/1.1 200 OK"
INFO:httpx:HTTP Request: GET http://localhost:8000/sessions/842aeed3-0d11-4d67-9224-f7299d3de959 "HTTP/1.1 200 OK"
INFO:httpx:HTTP Request: GET http://localhost:8000/sessions/842aeed3-0d11-4d67-9224-f7299d3de959 "HTTP/1.1 200 OK"
INFO:httpx:HTTP Request: GET http://localhost:8000/sessions/842aeed3-0d11-4d67-9224-f7299d3de959 "HTTP/1.1 200 OK"
INFO:httpx:HTTP Request: GET http://localhost:8000/sessions/842aeed3-0d11-4d67-9224-f7299d3de959 "HTTP/1.1 200 OK"
INFO:httpx:HTTP Request: GET http://localhost:8000/sessions/842aeed3-0d11-4d67-9224-f7299d3de959 "HTTP/1.1 200 OK"
INFO:httpx:HTTP Request: GET http://localhost:8000/sessions/842aeed3-0d11-4d67-9224-f7299d3de959 "HTTP/1.1 200 OK"
INFO:httpx:HTTP Request: GET http://localhost:8000/sessions/842aeed3-0d11-4d67-9224-f7299d3de959 "HTTP/1.1 200 OK"
INFO:httpx:HTTP Request: GET http://localhost:8000/sessions/842aeed3-0d11-4d67-9224-f7299d3de959 "HTTP/1.1 200 OK"
INFO:httpx:HTTP Request: GET http://localhost:8000/sessions/842aeed3-0d11-4d67-9224-f7299d3de959 "HTTP/1.1 200 OK"
INFO:httpx:HTTP Request: GET http://localhost:8000/sessions/842aeed3-0d11-4d67-9224-f7299d3de959 "HTTP/1.1 200 OK"
INFO:httpx:HTTP Request: GET http://localhost:8000/sessions/842aeed3-0d11-4d67-9224-f7299d3de959 "HTTP/1.1 200 OK"
INFO:httpx:HTTP Request: GET http://localhost:8000/sessions/842aeed3-0d11-4d67-9224-f7299d3de959 "HTTP/1.1 200 OK"
INFO:httpx:HTTP Request: GET http://localhost:8000/sessions/842aeed3-0d11-4d67-9224-f7299d3de959 "HTTP/1.1 200 OK"
INFO:httpx:HTTP Request: GET http://localhost:8000/sessions/842aeed3-0d11-4d67-9224-f7299d3de959 "HTTP/1.1 200 OK"
INFO:httpx:HTTP Request: GET http://localhost:8000/sessions/842aeed3-0d11-4d67-9224-f7299d3de959 "HTTP/1.1 200 OK"
INFO:httpx:HTTP Request: GET http://localhost:8000/sessions/842aeed3-0d11-4d67-9224-f7299d3de959 "HTTP/1.1 200 OK"
INFO:httpx:HTTP Request: GET http://localhost:8000/sessions/842aeed3-0d11-4d67-9224-f7299d3de959 "HTTP/1.1 200 OK"
INFO:httpx:HTTP Request: GET http://localhost:8000/sessions/842aeed3-0d11-4d67-9224-f7299d3de959 "HTTP/1.1 200 OK"
INFO:httpx:HTTP Request: GET http://localhost:8000/sessions/842aeed3-0d11-4d67-9224-f7299d3de959 "HTTP/1.1 200 OK"
INFO:httpx:HTTP Request: GET http://localhost:8000/sessions/842aeed3-0d11-4d67-9224-f7299d3de959 "HTTP/1.1 200 OK"
INFO:httpx:HTTP Request: GET http://localhost:8000/sessions/842aeed3-0d11-4d67-9224-f7299d3de959 "HTTP/1.1 200 OK"
INFO:httpx:HTTP Request: GET http://localhost:8000/sessions/842aeed3-0d11-4d67-9224-f7299d3de959 "HTTP/1.1 200 OK"
INFO:httpx:HTTP Request: GET http://localhost:8000/sessions/842aeed3-0d11-4d67-9224-f7299d3de959 "HTTP/1.1 200 OK"
INFO:httpx:HTTP Request: GET http://localhost:8000/sessions/842aeed3-0d11-4d67-9224-f7299d3de959 "HTTP/1.1 200 OK"
INFO:httpx:HTTP Request: GET http://localhost:8000/sessions/842aeed3-0d11-4d67-9224-f7299d3de959 "HTTP/1.1 200 OK"
INFO:httpx:HTTP Request: GET http://localhost:8000/sessions/842aeed3-0d11-4d67-9224-f7299d3de959 "HTTP/1.1 200 OK"
INFO:httpx:HTTP Request: GET http://localhost:8000/sessions/842aeed3-0d11-4d67-9224-f7299d3de959 "HTTP/1.1 200 OK"
INFO:httpx:HTTP Request: GET http://localhost:8000/sessions/842aeed3-0d11-4d67-9224-f7299d3de959 "HTTP/1.1 200 OK"
INFO:httpx:HTTP Request: GET http://localhost:8000/sessions/842aeed3-0d11-4d67-9224-f7299d3de959 "HTTP/1.1 200 OK"
INFO:httpx:HTTP Request: GET http://localhost:8000/sessions/842aeed3-0d11-4d67-9224-f7299d3de959 "HTTP/1.1 200 OK"
INFO:httpx:HTTP Request: GET http://localhost:8000/sessions/842aeed3-0d11-4d67-9224-f7299d3de959 "HTTP/1.1 200 OK"
INFO:httpx:HTTP Request: GET http://localhost:8000/sessions/842aeed3-0d11-4d67-9224-f7299d3de959 "HTTP/1.1 200 OK"
INFO:httpx:HTTP Request: GET http://localhost:8000/sessions/842aeed3-0d11-4d67-9224-f7299d3de959 "HTTP/1.1 200 OK"
INFO:httpx:HTTP Request: GET http://localhost:8000/sessions/842aeed3-0d11-4d67-9224-f7299d3de959 "HTTP/1.1 200 OK"
INFO:httpx:HTTP Request: GET http://localhost:8000/sessions/842aeed3-0d11-4d67-9224-f7299d3de959 "HTTP/1.1 200 OK"
INFO:httpx:HTTP Request: GET http://localhost:8000/sessions/842aeed3-0d11-4d67-9224-f7299d3de959 "HTTP/1.1 200 OK"
INFO:httpx:HTTP Request: GET http://localhost:8000/sessions/842aeed3-0d11-4d67-9224-f7299d3de959 "HTTP/1.1 200 OK"
INFO:httpx:HTTP Request: GET http://localhost:8000/sessions/842aeed3-0d11-4d67-9224-f7299d3de959 "HTTP/1.1 200 OK"
INFO:httpx:HTTP Request: GET http://localhost:8000/sessions/842aeed3-0d11-4d67-9224-f7299d3de959 "HTTP/1.1 200 OK"
INFO:httpx:HTTP Request: GET http://localhost:8000/sessions/842aeed3-0d11-4d67-9224-f7299d3de959 "HTTP/1.1 200 OK"
INFO:httpx:HTTP Request: GET http://localhost:8000/sessions/842aeed3-0d11-4d67-9224-f7299d3de959 "HTTP/1.1 200 OK"
INFO:httpx:HTTP Request: GET http://localhost:8000/sessions/842aeed3-0d11-4d67-9224-f7299d3de959 "HTTP/1.1 200 OK"
INFO:httpx:HTTP Request: GET http://localhost:8000/sessions/842aeed3-0d11-4d67-9224-f7299d3de959 "HTTP/1.1 200 OK"
INFO:httpx:HTTP Request: GET http://localhost:8000/sessions/842aeed3-0d11-4d67-9224-f7299d3de959 "HTTP/1.1 200 OK"
INFO:httpx:HTTP Request: GET http://localhost:8000/sessions/842aeed3-0d11-4d67-9224-f7299d3de959 "HTTP/1.1 200 OK"
INFO:httpx:HTTP Request: GET http://localhost:8000/sessions/842aeed3-0d11-4d67-9224-f7299d3de959 "HTTP/1.1 200 OK"
INFO:httpx:HTTP Request: GET http://localhost:8000/sessions/842aeed3-0d11-4d67-9224-f7299d3de959 "HTTP/1.1 200 OK"
INFO:httpx:HTTP Request: GET http://localhost:8000/sessions/842aeed3-0d11-4d67-9224-f7299d3de959 "HTTP/1.1 200 OK"
INFO:httpx:HTTP Request: GET http://localhost:8000/sessions/842aeed3-0d11-4d67-9224-f7299d3de959 "HTTP/1.1 200 OK"
INFO:httpx:HTTP Request: GET http://localhost:8000/sessions/842aeed3-0d11-4d67-9224-f7299d3de959 "HTTP/1.1 200 OK"
INFO:httpx:HTTP Request: GET http://localhost:8000/sessions/842aeed3-0d11-4d67-9224-f7299d3de959 "HTTP/1.1 200 OK"
INFO:httpx:HTTP Request: GET http://localhost:8000/sessions/842aeed3-0d11-4d67-9224-f7299d3de959 "HTTP/1.1 200 OK"
INFO:httpx:HTTP Request: GET http://localhost:8000/sessions/842aeed3-0d11-4d67-9224-f7299d3de959 "HTTP/1.1 200 OK"
INFO:httpx:HTTP Request: GET http://localhost:8000/sessions/842aeed3-0d11-4d67-9224-f7299d3de959 "HTTP/1.1 200 OK"
INFO:httpx:HTTP Request: GET http://localhost:8000/sessions/842aeed3-0d11-4d67-9224-f7299d3de959 "HTTP/1.1 200 OK"
INFO:     Shutting down
INFO:     Finished server process [1068]
