INFO:     Started server process [1194]
INFO:     Waiting for application startup.
INFO:httpx:HTTP Request: POST http://localhost:8000/nodes/register "HTTP/1.1 200 OK"
INFO:node.base:[alice-15] Registered → node_id=b87e0413
INFO:node.base:[alice-15] Started  node_id=b87e0413 role=sender
INFO:     Application startup complete.
INFO:     Uvicorn running on http://0.0.0.0:8115 (Press CTRL+C to quit)
INFO:     127.0.0.1:43820 - "GET /health HTTP/1.1" 200 OK
INFO:httpx:HTTP Request: POST http://localhost:8000/sessions "HTTP/1.1 202 Accepted"
INFO:alice:[Alice] Worker spawned session=3fea6fb4 queue=qubit_send_3fea6fb4 pid=1401
INFO:alice:[Alice] Session 3fea6fb4 created n_qubits=1024 qkdl=http://localhost:9083 queue=qubit_send_3fea6fb4
INFO:     127.0.0.1:43826 - "POST /start?receiver_label=bob-15&n_qubits=1024&batch_size=10 HTTP/1.1" 200 OK
INFO:httpx:HTTP Request: GET http://localhost:8000/sessions/3fea6fb4-444a-4dff-8696-b452a26953f4 "HTTP/1.1 200 OK"
INFO:httpx:HTTP Request: GET http://localhost:8000/sessions/3fea6fb4-444a-4dff-8696-b452a26953f4 "HTTP/1.1 200 OK"
INFO:httpx:HTTP Request: GET http://localhost:8000/sessions/3fea6fb4-444a-4dff-8696-b452a26953f4 "HTTP/1.1 200 OK"
INFO:httpx:HTTP Request: GET http://localhost:8000/sessions/3fea6fb4-444a-4dff-8696-b452a26953f4 "HTTP/1.1 200 OK"
INFO:httpx:HTTP Request: GET http://localhost:8000/sessions/3fea6fb4-444a-4dff-8696-b452a26953f4 "HTTP/1.1 200 OK"
INFO:httpx:HTTP Request: GET http://localhost:8000/sessions/3fea6fb4-444a-4dff-8696-b452a26953f4 "HTTP/1.1 200 OK"
INFO:httpx:HTTP Request: GET http://localhost:8000/sessions/3fea6fb4-444a-4dff-8696-b452a26953f4 "HTTP/1.1 200 OK"
INFO:httpx:HTTP Request: GET http://localhost:8000/sessions/3fea6fb4-444a-4dff-8696-b452a26953f4 "HTTP/1.1 200 OK"
INFO:httpx:HTTP Request: GET http://localhost:8000/sessions/3fea6fb4-444a-4dff-8696-b452a26953f4 "HTTP/1.1 200 OK"
INFO:httpx:HTTP Request: GET http://localhost:8000/sessions/3fea6fb4-444a-4dff-8696-b452a26953f4 "HTTP/1.1 200 OK"
INFO:     127.0.0.1:58544 - "POST /webhook HTTP/1.1" 200 OK
INFO:alice:[Alice] Receiver joined 3fea6fb4  dispatching pipeline
INFO:httpx:HTTP Request: GET http://localhost:8000/sessions/3fea6fb4-444a-4dff-8696-b452a26953f4 "HTTP/1.1 200 OK"
INFO:alice:[Alice] Dispatching pipeline session=3fea6fb4 batches=103 qkdl=http://localhost:9083 queue=qubit_send_3fea6fb4
INFO:httpx:HTTP Request: GET http://localhost:8000/sessions/3fea6fb4-444a-4dff-8696-b452a26953f4 "HTTP/1.1 200 OK"
INFO:httpx:HTTP Request: GET http://localhost:8000/sessions/3fea6fb4-444a-4dff-8696-b452a26953f4 "HTTP/1.1 200 OK"
INFO:alice:[Alice] Pipeline dispatched session=3fea6fb4 (103 QTT → ST → QKT → NT) queue=qubit_send_3fea6fb4
INFO:httpx:HTTP Request: GET http://localhost:8000/sessions/3fea6fb4-444a-4dff-8696-b452a26953f4 "HTTP/1.1 200 OK"
INFO:httpx:HTTP Request: GET http://localhost:8000/sessions/3fea6fb4-444a-4dff-8696-b452a26953f4 "HTTP/1.1 200 OK"
INFO:httpx:HTTP Request: GET http://localhost:8000/sessions/3fea6fb4-444a-4dff-8696-b452a26953f4 "HTTP/1.1 200 OK"
INFO:httpx:HTTP Request: GET http://localhost:8000/sessions/3fea6fb4-444a-4dff-8696-b452a26953f4 "HTTP/1.1 200 OK"
INFO:httpx:HTTP Request: GET http://localhost:8000/sessions/3fea6fb4-444a-4dff-8696-b452a26953f4 "HTTP/1.1 200 OK"
INFO:httpx:HTTP Request: GET http://localhost:8000/sessions/3fea6fb4-444a-4dff-8696-b452a26953f4 "HTTP/1.1 200 OK"
INFO:httpx:HTTP Request: GET http://localhost:8000/sessions/3fea6fb4-444a-4dff-8696-b452a26953f4 "HTTP/1.1 200 OK"
INFO:httpx:HTTP Request: GET http://localhost:8000/sessions/3fea6fb4-444a-4dff-8696-b452a26953f4 "HTTP/1.1 200 OK"
INFO:httpx:HTTP Request: GET http://localhost:8000/sessions/3fea6fb4-444a-4dff-8696-b452a26953f4 "HTTP/1.1 200 OK"
INFO:httpx:HTTP Request: GET http://localhost:8000/sessions/3fea6fb4-444a-4dff-8696-b452a26953f4 "HTTP/1.1 200 OK"
INFO:httpx:HTTP Request: GET http://localhost:8000/sessions/3fea6fb4-444a-4dff-8696-b452a26953f4 "HTTP/1.1 200 OK"
INFO:httpx:HTTP Request: GET http://localhost:8000/sessions/3fea6fb4-444a-4dff-8696-b452a26953f4 "HTTP/1.1 200 OK"
INFO:httpx:HTTP Request: GET http://localhost:8000/sessions/3fea6fb4-444a-4dff-8696-b452a26953f4 "HTTP/1.1 200 OK"
INFO:httpx:HTTP Request: GET http://localhost:8000/sessions/3fea6fb4-444a-4dff-8696-b452a26953f4 "HTTP/1.1 200 OK"
INFO:httpx:HTTP Request: GET http://localhost:8000/sessions/3fea6fb4-444a-4dff-8696-b452a26953f4 "HTTP/1.1 200 OK"
INFO:httpx:HTTP Request: GET http://localhost:8000/sessions/3fea6fb4-444a-4dff-8696-b452a26953f4 "HTTP/1.1 200 OK"
INFO:httpx:HTTP Request: GET http://localhost:8000/sessions/3fea6fb4-444a-4dff-8696-b452a26953f4 "HTTP/1.1 200 OK"
INFO:httpx:HTTP Request: GET http://localhost:8000/sessions/3fea6fb4-444a-4dff-8696-b452a26953f4 "HTTP/1.1 200 OK"
INFO:httpx:HTTP Request: GET http://localhost:8000/sessions/3fea6fb4-444a-4dff-8696-b452a26953f4 "HTTP/1.1 200 OK"
INFO:httpx:HTTP Request: GET http://localhost:8000/sessions/3fea6fb4-444a-4dff-8696-b452a26953f4 "HTTP/1.1 200 OK"
INFO:httpx:HTTP Request: GET http://localhost:8000/sessions/3fea6fb4-444a-4dff-8696-b452a26953f4 "HTTP/1.1 200 OK"
INFO:httpx:HTTP Request: GET http://localhost:8000/sessions/3fea6fb4-444a-4dff-8696-b452a26953f4 "HTTP/1.1 200 OK"
INFO:httpx:HTTP Request: GET http://localhost:8000/sessions/3fea6fb4-444a-4dff-8696-b452a26953f4 "HTTP/1.1 200 OK"
INFO:httpx:HTTP Request: GET http://localhost:8000/sessions/3fea6fb4-444a-4dff-8696-b452a26953f4 "HTTP/1.1 200 OK"
INFO:httpx:HTTP Request: GET http://localhost:8000/sessions/3fea6fb4-444a-4dff-8696-b452a26953f4 "HTTP/1.1 200 OK"
INFO:httpx:HTTP Request: GET http://localhost:8000/sessions/3fea6fb4-444a-4dff-8696-b452a26953f4 "HTTP/1.1 200 OK"
INFO:httpx:HTTP Request: GET http://localhost:8000/sessions/3fea6fb4-444a-4dff-8696-b452a26953f4 "HTTP/1.1 200 OK"
INFO:httpx:HTTP Request: GET http://localhost:8000/sessions/3fea6fb4-444a-4dff-8696-b452a26953f4 "HTTP/1.1 200 OK"
INFO:httpx:HTTP Request: GET http://localhost:8000/sessions/3fea6fb4-444a-4dff-8696-b452a26953f4 "HTTP/1.1 200 OK"
INFO:httpx:HTTP Request: GET http://localhost:8000/sessions/3fea6fb4-444a-4dff-8696-b452a26953f4 "HTTP/1.1 200 OK"
INFO:httpx:HTTP Request: GET http://localhost:8000/sessions/3fea6fb4-444a-4dff-8696-b452a26953f4 "HTTP/1.1 200 OK"
INFO:httpx:HTTP Request: GET http://localhost:8000/sessions/3fea6fb4-444a-4dff-8696-b452a26953f4 "HTTP/1.1 200 OK"
INFO:httpx:HTTP Request: GET http://localhost:8000/sessions/3fea6fb4-444a-4dff-8696-b452a26953f4 "HTTP/1.1 200 OK"
INFO:httpx:HTTP Request: GET http://localhost:8000/sessions/3fea6fb4-444a-4dff-8696-b452a26953f4 "HTTP/1.1 200 OK"
INFO:httpx:HTTP Request: GET http://localhost:8000/sessions/3fea6fb4-444a-4dff-8696-b452a26953f4 "HTTP/1.1 200 OK"
INFO:httpx:HTTP Request: GET http://localhost:8000/sessions/3fea6fb4-444a-4dff-8696-b452a26953f4 "HTTP/1.1 200 OK"
INFO:httpx:HTTP Request: GET http://localhost:8000/sessions/3fea6fb4-444a-4dff-8696-b452a26953f4 "HTTP/1.1 200 OK"
INFO:httpx:HTTP Request: GET http://localhost:8000/sessions/3fea6fb4-444a-4dff-8696-b452a26953f4 "HTTP/1.1 200 OK"
INFO:httpx:HTTP Request: GET http://localhost:8000/sessions/3fea6fb4-444a-4dff-8696-b452a26953f4 "HTTP/1.1 200 OK"
INFO:httpx:HTTP Request: GET http://localhost:8000/sessions/3fea6fb4-444a-4dff-8696-b452a26953f4 "HTTP/1.1 200 OK"
INFO:httpx:HTTP Request: GET http://localhost:8000/sessions/3fea6fb4-444a-4dff-8696-b452a26953f4 "HTTP/1.1 200 OK"
INFO:httpx:HTTP Request: GET http://localhost:8000/sessions/3fea6fb4-444a-4dff-8696-b452a26953f4 "HTTP/1.1 200 OK"
INFO:httpx:HTTP Request: GET http://localhost:8000/sessions/3fea6fb4-444a-4dff-8696-b452a26953f4 "HTTP/1.1 200 OK"
INFO:httpx:HTTP Request: GET http://localhost:8000/sessions/3fea6fb4-444a-4dff-8696-b452a26953f4 "HTTP/1.1 200 OK"
INFO:httpx:HTTP Request: GET http://localhost:8000/sessions/3fea6fb4-444a-4dff-8696-b452a26953f4 "HTTP/1.1 200 OK"
INFO:httpx:HTTP Request: GET http://localhost:8000/sessions/3fea6fb4-444a-4dff-8696-b452a26953f4 "HTTP/1.1 200 OK"
INFO:httpx:HTTP Request: GET http://localhost:8000/sessions/3fea6fb4-444a-4dff-8696-b452a26953f4 "HTTP/1.1 200 OK"
INFO:httpx:HTTP Request: GET http://localhost:8000/sessions/3fea6fb4-444a-4dff-8696-b452a26953f4 "HTTP/1.1 200 OK"
INFO:httpx:HTTP Request: GET http://localhost:8000/sessions/3fea6fb4-444a-4dff-8696-b452a26953f4 "HTTP/1.1 200 OK"
INFO:httpx:HTTP Request: GET http://localhost:8000/sessions/3fea6fb4-444a-4dff-8696-b452a26953f4 "HTTP/1.1 200 OK"
INFO:httpx:HTTP Request: GET http://localhost:8000/sessions/3fea6fb4-444a-4dff-8696-b452a26953f4 "HTTP/1.1 200 OK"
INFO:httpx:HTTP Request: GET http://localhost:8000/sessions/3fea6fb4-444a-4dff-8696-b452a26953f4 "HTTP/1.1 200 OK"
INFO:httpx:HTTP Request: GET http://localhost:8000/sessions/3fea6fb4-444a-4dff-8696-b452a26953f4 "HTTP/1.1 200 OK"
INFO:httpx:HTTP Request: GET http://localhost:8000/sessions/3fea6fb4-444a-4dff-8696-b452a26953f4 "HTTP/1.1 200 OK"
INFO:httpx:HTTP Request: GET http://localhost:8000/sessions/3fea6fb4-444a-4dff-8696-b452a26953f4 "HTTP/1.1 200 OK"
INFO:httpx:HTTP Request: GET http://localhost:8000/sessions/3fea6fb4-444a-4dff-8696-b452a26953f4 "HTTP/1.1 200 OK"
INFO:httpx:HTTP Request: GET http://localhost:8000/sessions/3fea6fb4-444a-4dff-8696-b452a26953f4 "HTTP/1.1 200 OK"
INFO:httpx:HTTP Request: GET http://localhost:8000/sessions/3fea6fb4-444a-4dff-8696-b452a26953f4 "HTTP/1.1 200 OK"
INFO:httpx:HTTP Request: GET http://localhost:8000/sessions/3fea6fb4-444a-4dff-8696-b452a26953f4 "HTTP/1.1 200 OK"
INFO:httpx:HTTP Request: GET http://localhost:8000/sessions/3fea6fb4-444a-4dff-8696-b452a26953f4 "HTTP/1.1 200 OK"
INFO:httpx:HTTP Request: GET http://localhost:8000/sessions/3fea6fb4-444a-4dff-8696-b452a26953f4 "HTTP/1.1 200 OK"
INFO:httpx:HTTP Request: GET http://localhost:8000/sessions/3fea6fb4-444a-4dff-8696-b452a26953f4 "HTTP/1.1 200 OK"
INFO:httpx:HTTP Request: GET http://localhost:8000/sessions/3fea6fb4-444a-4dff-8696-b452a26953f4 "HTTP/1.1 200 OK"
INFO:httpx:HTTP Request: GET http://localhost:8000/sessions/3fea6fb4-444a-4dff-8696-b452a26953f4 "HTTP/1.1 200 OK"
INFO:httpx:HTTP Request: GET http://localhost:8000/sessions/3fea6fb4-444a-4dff-8696-b452a26953f4 "HTTP/1.1 200 OK"
INFO:httpx:HTTP Request: GET http://localhost:8000/sessions/3fea6fb4-444a-4dff-8696-b452a26953f4 "HTTP/1.1 200 OK"
INFO:httpx:HTTP Request: GET http://localhost:8000/sessions/3fea6fb4-444a-4dff-8696-b452a26953f4 "HTTP/1.1 200 OK"
INFO:httpx:HTTP Request: GET http://localhost:8000/sessions/3fea6fb4-444a-4dff-8696-b452a26953f4 "HTTP/1.1 200 OK"
INFO:httpx:HTTP Request: GET http://localhost:8000/sessions/3fea6fb4-444a-4dff-8696-b452a26953f4 "HTTP/1.1 200 OK"
INFO:httpx:HTTP Request: GET http://localhost:8000/sessions/3fea6fb4-444a-4dff-8696-b452a26953f4 "HTTP/1.1 200 OK"
INFO:httpx:HTTP Request: GET http://localhost:8000/sessions/3fea6fb4-444a-4dff-8696-b452a26953f4 "HTTP/1.1 200 OK"
INFO:httpx:HTTP Request: GET http://localhost:8000/sessions/3fea6fb4-444a-4dff-8696-b452a26953f4 "HTTP/1.1 200 OK"
INFO:httpx:HTTP Request: GET http://localhost:8000/sessions/3fea6fb4-444a-4dff-8696-b452a26953f4 "HTTP/1.1 200 OK"
INFO:httpx:HTTP Request: GET http://localhost:8000/sessions/3fea6fb4-444a-4dff-8696-b452a26953f4 "HTTP/1.1 200 OK"
INFO:httpx:HTTP Request: GET http://localhost:8000/sessions/3fea6fb4-444a-4dff-8696-b452a26953f4 "HTTP/1.1 200 OK"
INFO:httpx:HTTP Request: GET http://localhost:8000/sessions/3fea6fb4-444a-4dff-8696-b452a26953f4 "HTTP/1.1 200 OK"
INFO:httpx:HTTP Request: GET http://localhost:8000/sessions/3fea6fb4-444a-4dff-8696-b452a26953f4 "HTTP/1.1 200 OK"
INFO:httpx:HTTP Request: GET http://localhost:8000/sessions/3fea6fb4-444a-4dff-8696-b452a26953f4 "HTTP/1.1 200 OK"
INFO:httpx:HTTP Request: GET http://localhost:8000/sessions/3fea6fb4-444a-4dff-8696-b452a26953f4 "HTTP/1.1 200 OK"
INFO:httpx:HTTP Request: GET http://localhost:8000/sessions/3fea6fb4-444a-4dff-8696-b452a26953f4 "HTTP/1.1 200 OK"
INFO:httpx:HTTP Request: GET http://localhost:8000/sessions/3fea6fb4-444a-4dff-8696-b452a26953f4 "HTTP/1.1 200 OK"
INFO:httpx:HTTP Request: GET http://localhost:8000/sessions/3fea6fb4-444a-4dff-8696-b452a26953f4 "HTTP/1.1 200 OK"
INFO:httpx:HTTP Request: GET http://localhost:8000/sessions/3fea6fb4-444a-4dff-8696-b452a26953f4 "HTTP/1.1 200 OK"
INFO:httpx:HTTP Request: GET http://localhost:8000/sessions/3fea6fb4-444a-4dff-8696-b452a26953f4 "HTTP/1.1 200 OK"
INFO:httpx:HTTP Request: GET http://localhost:8000/sessions/3fea6fb4-444a-4dff-8696-b452a26953f4 "HTTP/1.1 200 OK"
INFO:httpx:HTTP Request: GET http://localhost:8000/sessions/3fea6fb4-444a-4dff-8696-b452a26953f4 "HTTP/1.1 200 OK"
INFO:httpx:HTTP Request: GET http://localhost:8000/sessions/3fea6fb4-444a-4dff-8696-b452a26953f4 "HTTP/1.1 200 OK"
INFO:httpx:HTTP Request: GET http://localhost:8000/sessions/3fea6fb4-444a-4dff-8696-b452a26953f4 "HTTP/1.1 200 OK"
INFO:httpx:HTTP Request: GET http://localhost:8000/sessions/3fea6fb4-444a-4dff-8696-b452a26953f4 "HTTP/1.1 200 OK"
INFO:httpx:HTTP Request: GET http://localhost:8000/sessions/3fea6fb4-444a-4dff-8696-b452a26953f4 "HTTP/1.1 200 OK"
INFO:httpx:HTTP Request: GET http://localhost:8000/sessions/3fea6fb4-444a-4dff-8696-b452a26953f4 "HTTP/1.1 200 OK"
INFO:httpx:HTTP Request: GET http://localhost:8000/sessions/3fea6fb4-444a-4dff-8696-b452a26953f4 "HTTP/1.1 200 OK"
INFO:httpx:HTTP Request: GET http://localhost:8000/sessions/3fea6fb4-444a-4dff-8696-b452a26953f4 "HTTP/1.1 200 OK"
INFO:httpx:HTTP Request: GET http://localhost:8000/sessions/3fea6fb4-444a-4dff-8696-b452a26953f4 "HTTP/1.1 200 OK"
INFO:httpx:HTTP Request: GET http://localhost:8000/sessions/3fea6fb4-444a-4dff-8696-b452a26953f4 "HTTP/1.1 200 OK"
INFO:httpx:HTTP Request: GET http://localhost:8000/sessions/3fea6fb4-444a-4dff-8696-b452a26953f4 "HTTP/1.1 200 OK"
INFO:httpx:HTTP Request: GET http://localhost:8000/sessions/3fea6fb4-444a-4dff-8696-b452a26953f4 "HTTP/1.1 200 OK"
INFO:httpx:HTTP Request: GET http://localhost:8000/sessions/3fea6fb4-444a-4dff-8696-b452a26953f4 "HTTP/1.1 200 OK"
INFO:httpx:HTTP Request: GET http://localhost:8000/sessions/3fea6fb4-444a-4dff-8696-b452a26953f4 "HTTP/1.1 200 OK"
INFO:httpx:HTTP Request: GET http://localhost:8000/sessions/3fea6fb4-444a-4dff-8696-b452a26953f4 "HTTP/1.1 200 OK"
INFO:httpx:HTTP Request: GET http://localhost:8000/sessions/3fea6fb4-444a-4dff-8696-b452a26953f4 "HTTP/1.1 200 OK"
INFO:httpx:HTTP Request: GET http://localhost:8000/sessions/3fea6fb4-444a-4dff-8696-b452a26953f4 "HTTP/1.1 200 OK"
INFO:httpx:HTTP Request: GET http://localhost:8000/sessions/3fea6fb4-444a-4dff-8696-b452a26953f4 "HTTP/1.1 200 OK"
INFO:httpx:HTTP Request: GET http://localhost:8000/sessions/3fea6fb4-444a-4dff-8696-b452a26953f4 "HTTP/1.1 200 OK"
INFO:httpx:HTTP Request: GET http://localhost:8000/sessions/3fea6fb4-444a-4dff-8696-b452a26953f4 "HTTP/1.1 200 OK"
INFO:httpx:HTTP Request: GET http://localhost:8000/sessions/3fea6fb4-444a-4dff-8696-b452a26953f4 "HTTP/1.1 200 OK"
INFO:     127.0.0.1:43348 - "POST /webhook HTTP/1.1" 200 OK
INFO:httpx:HTTP Request: GET http://localhost:8000/sessions/3fea6fb4-444a-4dff-8696-b452a26953f4 "HTTP/1.1 200 OK"
INFO:httpx:HTTP Request: GET http://localhost:8000/sessions/3fea6fb4-444a-4dff-8696-b452a26953f4 "HTTP/1.1 200 OK"
INFO:httpx:HTTP Request: GET http://localhost:8000/sessions/3fea6fb4-444a-4dff-8696-b452a26953f4 "HTTP/1.1 200 OK"
INFO:httpx:HTTP Request: GET http://localhost:8000/sessions/3fea6fb4-444a-4dff-8696-b452a26953f4 "HTTP/1.1 200 OK"
INFO:alice:[Alice] Poll detected terminal status session=3fea6fb4 status=done
INFO:alice:[Alice] Worker terminated session=3fea6fb4 pid=1401
INFO:     127.0.0.1:60676 - "GET /health HTTP/1.1" 200 OK
INFO:httpx:HTTP Request: POST http://localhost:8000/sessions "HTTP/1.1 202 Accepted"
INFO:alice:[Alice] Worker spawned session=3579bc32 queue=qubit_send_3579bc32 pid=274520
INFO:alice:[Alice] Session 3579bc32 created n_qubits=1024 qkdl=http://localhost:8053 queue=qubit_send_3579bc32
INFO:     127.0.0.1:60680 - "POST /start?receiver_label=bob-15&n_qubits=1024&batch_size=10 HTTP/1.1" 200 OK
INFO:httpx:HTTP Request: GET http://localhost:8000/sessions/3579bc32-e482-4ce8-8391-5bbcb29f4840 "HTTP/1.1 200 OK"
INFO:httpx:HTTP Request: GET http://localhost:8000/sessions/3579bc32-e482-4ce8-8391-5bbcb29f4840 "HTTP/1.1 200 OK"
INFO:httpx:HTTP Request: GET http://localhost:8000/sessions/3579bc32-e482-4ce8-8391-5bbcb29f4840 "HTTP/1.1 200 OK"
INFO:httpx:HTTP Request: GET http://localhost:8000/sessions/3579bc32-e482-4ce8-8391-5bbcb29f4840 "HTTP/1.1 200 OK"
INFO:     127.0.0.1:52848 - "POST /webhook HTTP/1.1" 200 OK
INFO:alice:[Alice] Receiver joined 3579bc32  dispatching pipeline
INFO:httpx:HTTP Request: GET http://localhost:8000/sessions/3579bc32-e482-4ce8-8391-5bbcb29f4840 "HTTP/1.1 200 OK"
INFO:alice:[Alice] Dispatching pipeline session=3579bc32 batches=103 qkdl=http://localhost:8053 queue=qubit_send_3579bc32
INFO:httpx:HTTP Request: GET http://localhost:8000/sessions/3579bc32-e482-4ce8-8391-5bbcb29f4840 "HTTP/1.1 200 OK"
INFO:httpx:HTTP Request: GET http://localhost:8000/sessions/3579bc32-e482-4ce8-8391-5bbcb29f4840 "HTTP/1.1 200 OK"
INFO:alice:[Alice] Pipeline dispatched session=3579bc32 (103 QTT → ST → QKT → NT) queue=qubit_send_3579bc32
INFO:httpx:HTTP Request: GET http://localhost:8000/sessions/3579bc32-e482-4ce8-8391-5bbcb29f4840 "HTTP/1.1 200 OK"
INFO:httpx:HTTP Request: GET http://localhost:8000/sessions/3579bc32-e482-4ce8-8391-5bbcb29f4840 "HTTP/1.1 200 OK"
INFO:httpx:HTTP Request: GET http://localhost:8000/sessions/3579bc32-e482-4ce8-8391-5bbcb29f4840 "HTTP/1.1 200 OK"
INFO:httpx:HTTP Request: GET http://localhost:8000/sessions/3579bc32-e482-4ce8-8391-5bbcb29f4840 "HTTP/1.1 200 OK"
INFO:httpx:HTTP Request: GET http://localhost:8000/sessions/3579bc32-e482-4ce8-8391-5bbcb29f4840 "HTTP/1.1 200 OK"
INFO:httpx:HTTP Request: GET http://localhost:8000/sessions/3579bc32-e482-4ce8-8391-5bbcb29f4840 "HTTP/1.1 200 OK"
INFO:httpx:HTTP Request: GET http://localhost:8000/sessions/3579bc32-e482-4ce8-8391-5bbcb29f4840 "HTTP/1.1 200 OK"
INFO:httpx:HTTP Request: GET http://localhost:8000/sessions/3579bc32-e482-4ce8-8391-5bbcb29f4840 "HTTP/1.1 200 OK"
INFO:httpx:HTTP Request: GET http://localhost:8000/sessions/3579bc32-e482-4ce8-8391-5bbcb29f4840 "HTTP/1.1 200 OK"
INFO:httpx:HTTP Request: GET http://localhost:8000/sessions/3579bc32-e482-4ce8-8391-5bbcb29f4840 "HTTP/1.1 200 OK"
INFO:httpx:HTTP Request: GET http://localhost:8000/sessions/3579bc32-e482-4ce8-8391-5bbcb29f4840 "HTTP/1.1 200 OK"
INFO:httpx:HTTP Request: GET http://localhost:8000/sessions/3579bc32-e482-4ce8-8391-5bbcb29f4840 "HTTP/1.1 200 OK"
INFO:httpx:HTTP Request: GET http://localhost:8000/sessions/3579bc32-e482-4ce8-8391-5bbcb29f4840 "HTTP/1.1 200 OK"
INFO:httpx:HTTP Request: GET http://localhost:8000/sessions/3579bc32-e482-4ce8-8391-5bbcb29f4840 "HTTP/1.1 200 OK"
INFO:httpx:HTTP Request: GET http://localhost:8000/sessions/3579bc32-e482-4ce8-8391-5bbcb29f4840 "HTTP/1.1 200 OK"
INFO:httpx:HTTP Request: GET http://localhost:8000/sessions/3579bc32-e482-4ce8-8391-5bbcb29f4840 "HTTP/1.1 200 OK"
INFO:httpx:HTTP Request: GET http://localhost:8000/sessions/3579bc32-e482-4ce8-8391-5bbcb29f4840 "HTTP/1.1 200 OK"
INFO:httpx:HTTP Request: GET http://localhost:8000/sessions/3579bc32-e482-4ce8-8391-5bbcb29f4840 "HTTP/1.1 200 OK"
INFO:httpx:HTTP Request: GET http://localhost:8000/sessions/3579bc32-e482-4ce8-8391-5bbcb29f4840 "HTTP/1.1 200 OK"
INFO:httpx:HTTP Request: GET http://localhost:8000/sessions/3579bc32-e482-4ce8-8391-5bbcb29f4840 "HTTP/1.1 200 OK"
INFO:httpx:HTTP Request: GET http://localhost:8000/sessions/3579bc32-e482-4ce8-8391-5bbcb29f4840 "HTTP/1.1 200 OK"
INFO:httpx:HTTP Request: GET http://localhost:8000/sessions/3579bc32-e482-4ce8-8391-5bbcb29f4840 "HTTP/1.1 200 OK"
INFO:httpx:HTTP Request: GET http://localhost:8000/sessions/3579bc32-e482-4ce8-8391-5bbcb29f4840 "HTTP/1.1 200 OK"
INFO:httpx:HTTP Request: GET http://localhost:8000/sessions/3579bc32-e482-4ce8-8391-5bbcb29f4840 "HTTP/1.1 200 OK"
INFO:httpx:HTTP Request: GET http://localhost:8000/sessions/3579bc32-e482-4ce8-8391-5bbcb29f4840 "HTTP/1.1 200 OK"
INFO:httpx:HTTP Request: GET http://localhost:8000/sessions/3579bc32-e482-4ce8-8391-5bbcb29f4840 "HTTP/1.1 200 OK"
INFO:httpx:HTTP Request: GET http://localhost:8000/sessions/3579bc32-e482-4ce8-8391-5bbcb29f4840 "HTTP/1.1 200 OK"
INFO:httpx:HTTP Request: GET http://localhost:8000/sessions/3579bc32-e482-4ce8-8391-5bbcb29f4840 "HTTP/1.1 200 OK"
INFO:httpx:HTTP Request: GET http://localhost:8000/sessions/3579bc32-e482-4ce8-8391-5bbcb29f4840 "HTTP/1.1 200 OK"
INFO:httpx:HTTP Request: GET http://localhost:8000/sessions/3579bc32-e482-4ce8-8391-5bbcb29f4840 "HTTP/1.1 200 OK"
INFO:httpx:HTTP Request: GET http://localhost:8000/sessions/3579bc32-e482-4ce8-8391-5bbcb29f4840 "HTTP/1.1 200 OK"
INFO:httpx:HTTP Request: GET http://localhost:8000/sessions/3579bc32-e482-4ce8-8391-5bbcb29f4840 "HTTP/1.1 200 OK"
INFO:httpx:HTTP Request: GET http://localhost:8000/sessions/3579bc32-e482-4ce8-8391-5bbcb29f4840 "HTTP/1.1 200 OK"
INFO:httpx:HTTP Request: GET http://localhost:8000/sessions/3579bc32-e482-4ce8-8391-5bbcb29f4840 "HTTP/1.1 200 OK"
INFO:httpx:HTTP Request: GET http://localhost:8000/sessions/3579bc32-e482-4ce8-8391-5bbcb29f4840 "HTTP/1.1 200 OK"
INFO:httpx:HTTP Request: GET http://localhost:8000/sessions/3579bc32-e482-4ce8-8391-5bbcb29f4840 "HTTP/1.1 200 OK"
INFO:httpx:HTTP Request: GET http://localhost:8000/sessions/3579bc32-e482-4ce8-8391-5bbcb29f4840 "HTTP/1.1 200 OK"
INFO:httpx:HTTP Request: GET http://localhost:8000/sessions/3579bc32-e482-4ce8-8391-5bbcb29f4840 "HTTP/1.1 200 OK"
INFO:httpx:HTTP Request: GET http://localhost:8000/sessions/3579bc32-e482-4ce8-8391-5bbcb29f4840 "HTTP/1.1 200 OK"
INFO:httpx:HTTP Request: GET http://localhost:8000/sessions/3579bc32-e482-4ce8-8391-5bbcb29f4840 "HTTP/1.1 200 OK"
INFO:httpx:HTTP Request: GET http://localhost:8000/sessions/3579bc32-e482-4ce8-8391-5bbcb29f4840 "HTTP/1.1 200 OK"
INFO:httpx:HTTP Request: GET http://localhost:8000/sessions/3579bc32-e482-4ce8-8391-5bbcb29f4840 "HTTP/1.1 200 OK"
INFO:httpx:HTTP Request: GET http://localhost:8000/sessions/3579bc32-e482-4ce8-8391-5bbcb29f4840 "HTTP/1.1 200 OK"
INFO:httpx:HTTP Request: GET http://localhost:8000/sessions/3579bc32-e482-4ce8-8391-5bbcb29f4840 "HTTP/1.1 200 OK"
INFO:httpx:HTTP Request: GET http://localhost:8000/sessions/3579bc32-e482-4ce8-8391-5bbcb29f4840 "HTTP/1.1 200 OK"
INFO:httpx:HTTP Request: GET http://localhost:8000/sessions/3579bc32-e482-4ce8-8391-5bbcb29f4840 "HTTP/1.1 200 OK"
INFO:httpx:HTTP Request: GET http://localhost:8000/sessions/3579bc32-e482-4ce8-8391-5bbcb29f4840 "HTTP/1.1 200 OK"
INFO:httpx:HTTP Request: GET http://localhost:8000/sessions/3579bc32-e482-4ce8-8391-5bbcb29f4840 "HTTP/1.1 200 OK"
INFO:httpx:HTTP Request: GET http://localhost:8000/sessions/3579bc32-e482-4ce8-8391-5bbcb29f4840 "HTTP/1.1 200 OK"
INFO:httpx:HTTP Request: GET http://localhost:8000/sessions/3579bc32-e482-4ce8-8391-5bbcb29f4840 "HTTP/1.1 200 OK"
INFO:httpx:HTTP Request: GET http://localhost:8000/sessions/3579bc32-e482-4ce8-8391-5bbcb29f4840 "HTTP/1.1 200 OK"
INFO:httpx:HTTP Request: GET http://localhost:8000/sessions/3579bc32-e482-4ce8-8391-5bbcb29f4840 "HTTP/1.1 200 OK"
INFO:httpx:HTTP Request: GET http://localhost:8000/sessions/3579bc32-e482-4ce8-8391-5bbcb29f4840 "HTTP/1.1 200 OK"
INFO:httpx:HTTP Request: GET http://localhost:8000/sessions/3579bc32-e482-4ce8-8391-5bbcb29f4840 "HTTP/1.1 200 OK"
INFO:httpx:HTTP Request: GET http://localhost:8000/sessions/3579bc32-e482-4ce8-8391-5bbcb29f4840 "HTTP/1.1 200 OK"
INFO:httpx:HTTP Request: GET http://localhost:8000/sessions/3579bc32-e482-4ce8-8391-5bbcb29f4840 "HTTP/1.1 200 OK"
INFO:httpx:HTTP Request: GET http://localhost:8000/sessions/3579bc32-e482-4ce8-8391-5bbcb29f4840 "HTTP/1.1 200 OK"
INFO:httpx:HTTP Request: GET http://localhost:8000/sessions/3579bc32-e482-4ce8-8391-5bbcb29f4840 "HTTP/1.1 200 OK"
INFO:httpx:HTTP Request: GET http://localhost:8000/sessions/3579bc32-e482-4ce8-8391-5bbcb29f4840 "HTTP/1.1 200 OK"
INFO:httpx:HTTP Request: GET http://localhost:8000/sessions/3579bc32-e482-4ce8-8391-5bbcb29f4840 "HTTP/1.1 200 OK"
INFO:httpx:HTTP Request: GET http://localhost:8000/sessions/3579bc32-e482-4ce8-8391-5bbcb29f4840 "HTTP/1.1 200 OK"
INFO:httpx:HTTP Request: GET http://localhost:8000/sessions/3579bc32-e482-4ce8-8391-5bbcb29f4840 "HTTP/1.1 200 OK"
INFO:httpx:HTTP Request: GET http://localhost:8000/sessions/3579bc32-e482-4ce8-8391-5bbcb29f4840 "HTTP/1.1 200 OK"
INFO:httpx:HTTP Request: GET http://localhost:8000/sessions/3579bc32-e482-4ce8-8391-5bbcb29f4840 "HTTP/1.1 200 OK"
INFO:httpx:HTTP Request: GET http://localhost:8000/sessions/3579bc32-e482-4ce8-8391-5bbcb29f4840 "HTTP/1.1 200 OK"
INFO:     Shutting down
