INFO:     Started server process [1005]
INFO:     Waiting for application startup.
INFO:httpx:HTTP Request: POST http://localhost:8000/nodes/register "HTTP/1.1 200 OK"
INFO:node.base:[alice-2] Registered → node_id=913f83c3
INFO:node.base:[alice-2] Started  node_id=913f83c3 role=sender
INFO:     Application startup complete.
INFO:     Uvicorn running on http://0.0.0.0:8102 (Press CTRL+C to quit)
INFO:     127.0.0.1:42310 - "GET /health HTTP/1.1" 200 OK
INFO:httpx:HTTP Request: POST http://localhost:8000/sessions "HTTP/1.1 202 Accepted"
INFO:alice:[Alice] Worker spawned session=291971c3 queue=qubit_send_291971c3 pid=1348
INFO:alice:[Alice] Session 291971c3 created n_qubits=1024 qkdl=http://localhost:9033 queue=qubit_send_291971c3
INFO:     127.0.0.1:42326 - "POST /start?receiver_label=bob-2&n_qubits=1024&batch_size=10 HTTP/1.1" 200 OK
INFO:httpx:HTTP Request: GET http://localhost:8000/sessions/291971c3-bcf2-44ff-8931-9d69d918d5ef "HTTP/1.1 200 OK"
INFO:httpx:HTTP Request: GET http://localhost:8000/sessions/291971c3-bcf2-44ff-8931-9d69d918d5ef "HTTP/1.1 200 OK"
INFO:httpx:HTTP Request: GET http://localhost:8000/sessions/291971c3-bcf2-44ff-8931-9d69d918d5ef "HTTP/1.1 200 OK"
INFO:httpx:HTTP Request: GET http://localhost:8000/sessions/291971c3-bcf2-44ff-8931-9d69d918d5ef "HTTP/1.1 200 OK"
INFO:httpx:HTTP Request: GET http://localhost:8000/sessions/291971c3-bcf2-44ff-8931-9d69d918d5ef "HTTP/1.1 200 OK"
INFO:httpx:HTTP Request: GET http://localhost:8000/sessions/291971c3-bcf2-44ff-8931-9d69d918d5ef "HTTP/1.1 200 OK"
INFO:httpx:HTTP Request: GET http://localhost:8000/sessions/291971c3-bcf2-44ff-8931-9d69d918d5ef "HTTP/1.1 200 OK"
INFO:httpx:HTTP Request: GET http://localhost:8000/sessions/291971c3-bcf2-44ff-8931-9d69d918d5ef "HTTP/1.1 200 OK"
INFO:httpx:HTTP Request: GET http://localhost:8000/sessions/291971c3-bcf2-44ff-8931-9d69d918d5ef "HTTP/1.1 200 OK"
INFO:httpx:HTTP Request: GET http://localhost:8000/sessions/291971c3-bcf2-44ff-8931-9d69d918d5ef "HTTP/1.1 200 OK"
INFO:     127.0.0.1:34482 - "POST /webhook HTTP/1.1" 200 OK
INFO:alice:[Alice] Receiver joined 291971c3  dispatching pipeline
INFO:httpx:HTTP Request: GET http://localhost:8000/sessions/291971c3-bcf2-44ff-8931-9d69d918d5ef "HTTP/1.1 200 OK"
INFO:alice:[Alice] Dispatching pipeline session=291971c3 batches=103 qkdl=http://localhost:9033 queue=qubit_send_291971c3
INFO:httpx:HTTP Request: GET http://localhost:8000/sessions/291971c3-bcf2-44ff-8931-9d69d918d5ef "HTTP/1.1 200 OK"
INFO:httpx:HTTP Request: GET http://localhost:8000/sessions/291971c3-bcf2-44ff-8931-9d69d918d5ef "HTTP/1.1 200 OK"
INFO:httpx:HTTP Request: GET http://localhost:8000/sessions/291971c3-bcf2-44ff-8931-9d69d918d5ef "HTTP/1.1 200 OK"
INFO:httpx:HTTP Request: GET http://localhost:8000/sessions/291971c3-bcf2-44ff-8931-9d69d918d5ef "HTTP/1.1 200 OK"
INFO:alice:[Alice] Pipeline dispatched session=291971c3 (103 QTT → ST → QKT → NT) queue=qubit_send_291971c3
INFO:httpx:HTTP Request: GET http://localhost:8000/sessions/291971c3-bcf2-44ff-8931-9d69d918d5ef "HTTP/1.1 200 OK"
INFO:httpx:HTTP Request: GET http://localhost:8000/sessions/291971c3-bcf2-44ff-8931-9d69d918d5ef "HTTP/1.1 200 OK"
INFO:httpx:HTTP Request: GET http://localhost:8000/sessions/291971c3-bcf2-44ff-8931-9d69d918d5ef "HTTP/1.1 200 OK"
INFO:httpx:HTTP Request: GET http://localhost:8000/sessions/291971c3-bcf2-44ff-8931-9d69d918d5ef "HTTP/1.1 200 OK"
INFO:httpx:HTTP Request: GET http://localhost:8000/sessions/291971c3-bcf2-44ff-8931-9d69d918d5ef "HTTP/1.1 200 OK"
INFO:httpx:HTTP Request: GET http://localhost:8000/sessions/291971c3-bcf2-44ff-8931-9d69d918d5ef "HTTP/1.1 200 OK"
INFO:httpx:HTTP Request: GET http://localhost:8000/sessions/291971c3-bcf2-44ff-8931-9d69d918d5ef "HTTP/1.1 200 OK"
INFO:httpx:HTTP Request: GET http://localhost:8000/sessions/291971c3-bcf2-44ff-8931-9d69d918d5ef "HTTP/1.1 200 OK"
INFO:httpx:HTTP Request: GET http://localhost:8000/sessions/291971c3-bcf2-44ff-8931-9d69d918d5ef "HTTP/1.1 200 OK"
INFO:httpx:HTTP Request: GET http://localhost:8000/sessions/291971c3-bcf2-44ff-8931-9d69d918d5ef "HTTP/1.1 200 OK"
INFO:httpx:HTTP Request: GET http://localhost:8000/sessions/291971c3-bcf2-44ff-8931-9d69d918d5ef "HTTP/1.1 200 OK"
INFO:httpx:HTTP Request: GET http://localhost:8000/sessions/291971c3-bcf2-44ff-8931-9d69d918d5ef "HTTP/1.1 200 OK"
INFO:httpx:HTTP Request: GET http://localhost:8000/sessions/291971c3-bcf2-44ff-8931-9d69d918d5ef "HTTP/1.1 200 OK"
INFO:httpx:HTTP Request: GET http://localhost:8000/sessions/291971c3-bcf2-44ff-8931-9d69d918d5ef "HTTP/1.1 200 OK"
INFO:httpx:HTTP Request: GET http://localhost:8000/sessions/291971c3-bcf2-44ff-8931-9d69d918d5ef "HTTP/1.1 200 OK"
INFO:httpx:HTTP Request: GET http://localhost:8000/sessions/291971c3-bcf2-44ff-8931-9d69d918d5ef "HTTP/1.1 200 OK"
INFO:httpx:HTTP Request: GET http://localhost:8000/sessions/291971c3-bcf2-44ff-8931-9d69d918d5ef "HTTP/1.1 200 OK"
INFO:httpx:HTTP Request: GET http://localhost:8000/sessions/291971c3-bcf2-44ff-8931-9d69d918d5ef "HTTP/1.1 200 OK"
INFO:httpx:HTTP Request: GET http://localhost:8000/sessions/291971c3-bcf2-44ff-8931-9d69d918d5ef "HTTP/1.1 200 OK"
INFO:httpx:HTTP Request: GET http://localhost:8000/sessions/291971c3-bcf2-44ff-8931-9d69d918d5ef "HTTP/1.1 200 OK"
INFO:httpx:HTTP Request: GET http://localhost:8000/sessions/291971c3-bcf2-44ff-8931-9d69d918d5ef "HTTP/1.1 200 OK"
INFO:httpx:HTTP Request: GET http://localhost:8000/sessions/291971c3-bcf2-44ff-8931-9d69d918d5ef "HTTP/1.1 200 OK"
INFO:httpx:HTTP Request: GET http://localhost:8000/sessions/291971c3-bcf2-44ff-8931-9d69d918d5ef "HTTP/1.1 200 OK"
INFO:httpx:HTTP Request: GET http://localhost:8000/sessions/291971c3-bcf2-44ff-8931-9d69d918d5ef "HTTP/1.1 200 OK"
INFO:httpx:HTTP Request: GET http://localhost:8000/sessions/291971c3-bcf2-44ff-8931-9d69d918d5ef "HTTP/1.1 200 OK"
INFO:httpx:HTTP Request: GET http://localhost:8000/sessions/291971c3-bcf2-44ff-8931-9d69d918d5ef "HTTP/1.1 200 OK"
INFO:httpx:HTTP Request: GET http://localhost:8000/sessions/291971c3-bcf2-44ff-8931-9d69d918d5ef "HTTP/1.1 200 OK"
INFO:httpx:HTTP Request: GET http://localhost:8000/sessions/291971c3-bcf2-44ff-8931-9d69d918d5ef "HTTP/1.1 200 OK"
INFO:httpx:HTTP Request: GET http://localhost:8000/sessions/291971c3-bcf2-44ff-8931-9d69d918d5ef "HTTP/1.1 200 OK"
INFO:httpx:HTTP Request: GET http://localhost:8000/sessions/291971c3-bcf2-44ff-8931-9d69d918d5ef "HTTP/1.1 200 OK"
INFO:httpx:HTTP Request: GET http://localhost:8000/sessions/291971c3-bcf2-44ff-8931-9d69d918d5ef "HTTP/1.1 200 OK"
INFO:httpx:HTTP Request: GET http://localhost:8000/sessions/291971c3-bcf2-44ff-8931-9d69d918d5ef "HTTP/1.1 200 OK"
INFO:httpx:HTTP Request: GET http://localhost:8000/sessions/291971c3-bcf2-44ff-8931-9d69d918d5ef "HTTP/1.1 200 OK"
INFO:httpx:HTTP Request: GET http://localhost:8000/sessions/291971c3-bcf2-44ff-8931-9d69d918d5ef "HTTP/1.1 200 OK"
INFO:httpx:HTTP Request: GET http://localhost:8000/sessions/291971c3-bcf2-44ff-8931-9d69d918d5ef "HTTP/1.1 200 OK"
INFO:httpx:HTTP Request: GET http://localhost:8000/sessions/291971c3-bcf2-44ff-8931-9d69d918d5ef "HTTP/1.1 200 OK"
INFO:httpx:HTTP Request: GET http://localhost:8000/sessions/291971c3-bcf2-44ff-8931-9d69d918d5ef "HTTP/1.1 200 OK"
INFO:httpx:HTTP Request: GET http://localhost:8000/sessions/291971c3-bcf2-44ff-8931-9d69d918d5ef "HTTP/1.1 200 OK"
INFO:httpx:HTTP Request: GET http://localhost:8000/sessions/291971c3-bcf2-44ff-8931-9d69d918d5ef "HTTP/1.1 200 OK"
INFO:httpx:HTTP Request: GET http://localhost:8000/sessions/291971c3-bcf2-44ff-8931-9d69d918d5ef "HTTP/1.1 200 OK"
INFO:httpx:HTTP Request: GET http://localhost:8000/sessions/291971c3-bcf2-44ff-8931-9d69d918d5ef "HTTP/1.1 200 OK"
INFO:httpx:HTTP Request: GET http://localhost:8000/sessions/291971c3-bcf2-44ff-8931-9d69d918d5ef "HTTP/1.1 200 OK"
INFO:httpx:HTTP Request: GET http://localhost:8000/sessions/291971c3-bcf2-44ff-8931-9d69d918d5ef "HTTP/1.1 200 OK"
INFO:httpx:HTTP Request: GET http://localhost:8000/sessions/291971c3-bcf2-44ff-8931-9d69d918d5ef "HTTP/1.1 200 OK"
INFO:httpx:HTTP Request: GET http://localhost:8000/sessions/291971c3-bcf2-44ff-8931-9d69d918d5ef "HTTP/1.1 200 OK"
INFO:httpx:HTTP Request: GET http://localhost:8000/sessions/291971c3-bcf2-44ff-8931-9d69d918d5ef "HTTP/1.1 200 OK"
INFO:httpx:HTTP Request: GET http://localhost:8000/sessions/291971c3-bcf2-44ff-8931-9d69d918d5ef "HTTP/1.1 200 OK"
INFO:httpx:HTTP Request: GET http://localhost:8000/sessions/291971c3-bcf2-44ff-8931-9d69d918d5ef "HTTP/1.1 200 OK"
INFO:httpx:HTTP Request: GET http://localhost:8000/sessions/291971c3-bcf2-44ff-8931-9d69d918d5ef "HTTP/1.1 200 OK"
INFO:httpx:HTTP Request: GET http://localhost:8000/sessions/291971c3-bcf2-44ff-8931-9d69d918d5ef "HTTP/1.1 200 OK"
INFO:httpx:HTTP Request: GET http://localhost:8000/sessions/291971c3-bcf2-44ff-8931-9d69d918d5ef "HTTP/1.1 200 OK"
INFO:httpx:HTTP Request: GET http://localhost:8000/sessions/291971c3-bcf2-44ff-8931-9d69d918d5ef "HTTP/1.1 200 OK"
INFO:httpx:HTTP Request: GET http://localhost:8000/sessions/291971c3-bcf2-44ff-8931-9d69d918d5ef "HTTP/1.1 200 OK"
INFO:httpx:HTTP Request: GET http://localhost:8000/sessions/291971c3-bcf2-44ff-8931-9d69d918d5ef "HTTP/1.1 200 OK"
INFO:httpx:HTTP Request: GET http://localhost:8000/sessions/291971c3-bcf2-44ff-8931-9d69d918d5ef "HTTP/1.1 200 OK"
INFO:httpx:HTTP Request: GET http://localhost:8000/sessions/291971c3-bcf2-44ff-8931-9d69d918d5ef "HTTP/1.1 200 OK"
INFO:httpx:HTTP Request: GET http://localhost:8000/sessions/291971c3-bcf2-44ff-8931-9d69d918d5ef "HTTP/1.1 200 OK"
INFO:httpx:HTTP Request: GET http://localhost:8000/sessions/291971c3-bcf2-44ff-8931-9d69d918d5ef "HTTP/1.1 200 OK"
INFO:httpx:HTTP Request: GET http://localhost:8000/sessions/291971c3-bcf2-44ff-8931-9d69d918d5ef "HTTP/1.1 200 OK"
INFO:httpx:HTTP Request: GET http://localhost:8000/sessions/291971c3-bcf2-44ff-8931-9d69d918d5ef "HTTP/1.1 200 OK"
INFO:httpx:HTTP Request: GET http://localhost:8000/sessions/291971c3-bcf2-44ff-8931-9d69d918d5ef "HTTP/1.1 200 OK"
INFO:httpx:HTTP Request: GET http://localhost:8000/sessions/291971c3-bcf2-44ff-8931-9d69d918d5ef "HTTP/1.1 200 OK"
INFO:httpx:HTTP Request: GET http://localhost:8000/sessions/291971c3-bcf2-44ff-8931-9d69d918d5ef "HTTP/1.1 200 OK"
INFO:httpx:HTTP Request: GET http://localhost:8000/sessions/291971c3-bcf2-44ff-8931-9d69d918d5ef "HTTP/1.1 200 OK"
INFO:httpx:HTTP Request: GET http://localhost:8000/sessions/291971c3-bcf2-44ff-8931-9d69d918d5ef "HTTP/1.1 200 OK"
INFO:httpx:HTTP Request: GET http://localhost:8000/sessions/291971c3-bcf2-44ff-8931-9d69d918d5ef "HTTP/1.1 200 OK"
INFO:httpx:HTTP Request: GET http://localhost:8000/sessions/291971c3-bcf2-44ff-8931-9d69d918d5ef "HTTP/1.1 200 OK"
INFO:httpx:HTTP Request: GET http://localhost:8000/sessions/291971c3-bcf2-44ff-8931-9d69d918d5ef "HTTP/1.1 200 OK"
INFO:httpx:HTTP Request: GET http://localhost:8000/sessions/291971c3-bcf2-44ff-8931-9d69d918d5ef "HTTP/1.1 200 OK"
INFO:httpx:HTTP Request: GET http://localhost:8000/sessions/291971c3-bcf2-44ff-8931-9d69d918d5ef "HTTP/1.1 200 OK"
INFO:httpx:HTTP Request: GET http://localhost:8000/sessions/291971c3-bcf2-44ff-8931-9d69d918d5ef "HTTP/1.1 200 OK"
INFO:httpx:HTTP Request: GET http://localhost:8000/sessions/291971c3-bcf2-44ff-8931-9d69d918d5ef "HTTP/1.1 200 OK"
INFO:httpx:HTTP Request: GET http://localhost:8000/sessions/291971c3-bcf2-44ff-8931-9d69d918d5ef "HTTP/1.1 200 OK"
INFO:httpx:HTTP Request: GET http://localhost:8000/sessions/291971c3-bcf2-44ff-8931-9d69d918d5ef "HTTP/1.1 200 OK"
INFO:httpx:HTTP Request: GET http://localhost:8000/sessions/291971c3-bcf2-44ff-8931-9d69d918d5ef "HTTP/1.1 200 OK"
INFO:httpx:HTTP Request: GET http://localhost:8000/sessions/291971c3-bcf2-44ff-8931-9d69d918d5ef "HTTP/1.1 200 OK"
INFO:httpx:HTTP Request: GET http://localhost:8000/sessions/291971c3-bcf2-44ff-8931-9d69d918d5ef "HTTP/1.1 200 OK"
INFO:httpx:HTTP Request: GET http://localhost:8000/sessions/291971c3-bcf2-44ff-8931-9d69d918d5ef "HTTP/1.1 200 OK"
INFO:httpx:HTTP Request: GET http://localhost:8000/sessions/291971c3-bcf2-44ff-8931-9d69d918d5ef "HTTP/1.1 200 OK"
INFO:httpx:HTTP Request: GET http://localhost:8000/sessions/291971c3-bcf2-44ff-8931-9d69d918d5ef "HTTP/1.1 200 OK"
INFO:httpx:HTTP Request: GET http://localhost:8000/sessions/291971c3-bcf2-44ff-8931-9d69d918d5ef "HTTP/1.1 200 OK"
INFO:httpx:HTTP Request: GET http://localhost:8000/sessions/291971c3-bcf2-44ff-8931-9d69d918d5ef "HTTP/1.1 200 OK"
INFO:httpx:HTTP Request: GET http://localhost:8000/sessions/291971c3-bcf2-44ff-8931-9d69d918d5ef "HTTP/1.1 200 OK"
INFO:httpx:HTTP Request: GET http://localhost:8000/sessions/291971c3-bcf2-44ff-8931-9d69d918d5ef "HTTP/1.1 200 OK"
INFO:httpx:HTTP Request: GET http://localhost:8000/sessions/291971c3-bcf2-44ff-8931-9d69d918d5ef "HTTP/1.1 200 OK"
INFO:httpx:HTTP Request: GET http://localhost:8000/sessions/291971c3-bcf2-44ff-8931-9d69d918d5ef "HTTP/1.1 200 OK"
INFO:httpx:HTTP Request: GET http://localhost:8000/sessions/291971c3-bcf2-44ff-8931-9d69d918d5ef "HTTP/1.1 200 OK"
INFO:httpx:HTTP Request: GET http://localhost:8000/sessions/291971c3-bcf2-44ff-8931-9d69d918d5ef "HTTP/1.1 200 OK"
INFO:httpx:HTTP Request: GET http://localhost:8000/sessions/291971c3-bcf2-44ff-8931-9d69d918d5ef "HTTP/1.1 200 OK"
INFO:httpx:HTTP Request: GET http://localhost:8000/sessions/291971c3-bcf2-44ff-8931-9d69d918d5ef "HTTP/1.1 200 OK"
INFO:httpx:HTTP Request: GET http://localhost:8000/sessions/291971c3-bcf2-44ff-8931-9d69d918d5ef "HTTP/1.1 200 OK"
INFO:httpx:HTTP Request: GET http://localhost:8000/sessions/291971c3-bcf2-44ff-8931-9d69d918d5ef "HTTP/1.1 200 OK"
INFO:httpx:HTTP Request: GET http://localhost:8000/sessions/291971c3-bcf2-44ff-8931-9d69d918d5ef "HTTP/1.1 200 OK"
INFO:httpx:HTTP Request: GET http://localhost:8000/sessions/291971c3-bcf2-44ff-8931-9d69d918d5ef "HTTP/1.1 200 OK"
INFO:httpx:HTTP Request: GET http://localhost:8000/sessions/291971c3-bcf2-44ff-8931-9d69d918d5ef "HTTP/1.1 200 OK"
INFO:httpx:HTTP Request: GET http://localhost:8000/sessions/291971c3-bcf2-44ff-8931-9d69d918d5ef "HTTP/1.1 200 OK"
INFO:httpx:HTTP Request: GET http://localhost:8000/sessions/291971c3-bcf2-44ff-8931-9d69d918d5ef "HTTP/1.1 200 OK"
INFO:httpx:HTTP Request: GET http://localhost:8000/sessions/291971c3-bcf2-44ff-8931-9d69d918d5ef "HTTP/1.1 200 OK"
INFO:httpx:HTTP Request: GET http://localhost:8000/sessions/291971c3-bcf2-44ff-8931-9d69d918d5ef "HTTP/1.1 200 OK"
INFO:httpx:HTTP Request: GET http://localhost:8000/sessions/291971c3-bcf2-44ff-8931-9d69d918d5ef "HTTP/1.1 200 OK"
INFO:httpx:HTTP Request: GET http://localhost:8000/sessions/291971c3-bcf2-44ff-8931-9d69d918d5ef "HTTP/1.1 200 OK"
INFO:httpx:HTTP Request: GET http://localhost:8000/sessions/291971c3-bcf2-44ff-8931-9d69d918d5ef "HTTP/1.1 200 OK"
INFO:httpx:HTTP Request: GET http://localhost:8000/sessions/291971c3-bcf2-44ff-8931-9d69d918d5ef "HTTP/1.1 200 OK"
INFO:     127.0.0.1:53778 - "POST /webhook HTTP/1.1" 200 OK
INFO:httpx:HTTP Request: GET http://localhost:8000/sessions/291971c3-bcf2-44ff-8931-9d69d918d5ef "HTTP/1.1 200 OK"
INFO:httpx:HTTP Request: GET http://localhost:8000/sessions/291971c3-bcf2-44ff-8931-9d69d918d5ef "HTTP/1.1 200 OK"
INFO:httpx:HTTP Request: GET http://localhost:8000/sessions/291971c3-bcf2-44ff-8931-9d69d918d5ef "HTTP/1.1 200 OK"
INFO:httpx:HTTP Request: GET http://localhost:8000/sessions/291971c3-bcf2-44ff-8931-9d69d918d5ef "HTTP/1.1 200 OK"
INFO:httpx:HTTP Request: GET http://localhost:8000/sessions/291971c3-bcf2-44ff-8931-9d69d918d5ef "HTTP/1.1 200 OK"
INFO:alice:[Alice] Poll detected terminal status session=291971c3 status=done
INFO:alice:[Alice] Worker terminated session=291971c3 pid=1348
INFO:     127.0.0.1:57754 - "GET /health HTTP/1.1" 200 OK
INFO:httpx:HTTP Request: POST http://localhost:8000/sessions "HTTP/1.1 202 Accepted"
INFO:alice:[Alice] Worker spawned session=04cdd455 queue=qubit_send_04cdd455 pid=274658
INFO:alice:[Alice] Session 04cdd455 created n_qubits=1024 qkdl=http://localhost:9103 queue=qubit_send_04cdd455
INFO:     127.0.0.1:57766 - "POST /start?receiver_label=bob-2&n_qubits=1024&batch_size=10 HTTP/1.1" 200 OK
INFO:httpx:HTTP Request: GET http://localhost:8000/sessions/04cdd455-1c83-4035-b108-f55facb48b87 "HTTP/1.1 200 OK"
INFO:httpx:HTTP Request: GET http://localhost:8000/sessions/04cdd455-1c83-4035-b108-f55facb48b87 "HTTP/1.1 200 OK"
INFO:httpx:HTTP Request: GET http://localhost:8000/sessions/04cdd455-1c83-4035-b108-f55facb48b87 "HTTP/1.1 200 OK"
INFO:     127.0.0.1:57136 - "POST /webhook HTTP/1.1" 200 OK
INFO:alice:[Alice] Receiver joined 04cdd455  dispatching pipeline
INFO:httpx:HTTP Request: GET http://localhost:8000/sessions/04cdd455-1c83-4035-b108-f55facb48b87 "HTTP/1.1 200 OK"
INFO:alice:[Alice] Dispatching pipeline session=04cdd455 batches=103 qkdl=http://localhost:9103 queue=qubit_send_04cdd455
INFO:httpx:HTTP Request: GET http://localhost:8000/sessions/04cdd455-1c83-4035-b108-f55facb48b87 "HTTP/1.1 200 OK"
INFO:httpx:HTTP Request: GET http://localhost:8000/sessions/04cdd455-1c83-4035-b108-f55facb48b87 "HTTP/1.1 200 OK"
INFO:httpx:HTTP Request: GET http://localhost:8000/sessions/04cdd455-1c83-4035-b108-f55facb48b87 "HTTP/1.1 200 OK"
INFO:alice:[Alice] Pipeline dispatched session=04cdd455 (103 QTT → ST → QKT → NT) queue=qubit_send_04cdd455
INFO:httpx:HTTP Request: GET http://localhost:8000/sessions/04cdd455-1c83-4035-b108-f55facb48b87 "HTTP/1.1 200 OK"
INFO:httpx:HTTP Request: GET http://localhost:8000/sessions/04cdd455-1c83-4035-b108-f55facb48b87 "HTTP/1.1 200 OK"
INFO:httpx:HTTP Request: GET http://localhost:8000/sessions/04cdd455-1c83-4035-b108-f55facb48b87 "HTTP/1.1 200 OK"
INFO:httpx:HTTP Request: GET http://localhost:8000/sessions/04cdd455-1c83-4035-b108-f55facb48b87 "HTTP/1.1 200 OK"
INFO:httpx:HTTP Request: GET http://localhost:8000/sessions/04cdd455-1c83-4035-b108-f55facb48b87 "HTTP/1.1 200 OK"
INFO:httpx:HTTP Request: GET http://localhost:8000/sessions/04cdd455-1c83-4035-b108-f55facb48b87 "HTTP/1.1 200 OK"
INFO:httpx:HTTP Request: GET http://localhost:8000/sessions/04cdd455-1c83-4035-b108-f55facb48b87 "HTTP/1.1 200 OK"
INFO:httpx:HTTP Request: GET http://localhost:8000/sessions/04cdd455-1c83-4035-b108-f55facb48b87 "HTTP/1.1 200 OK"
INFO:httpx:HTTP Request: GET http://localhost:8000/sessions/04cdd455-1c83-4035-b108-f55facb48b87 "HTTP/1.1 200 OK"
INFO:httpx:HTTP Request: GET http://localhost:8000/sessions/04cdd455-1c83-4035-b108-f55facb48b87 "HTTP/1.1 200 OK"
INFO:httpx:HTTP Request: GET http://localhost:8000/sessions/04cdd455-1c83-4035-b108-f55facb48b87 "HTTP/1.1 200 OK"
INFO:httpx:HTTP Request: GET http://localhost:8000/sessions/04cdd455-1c83-4035-b108-f55facb48b87 "HTTP/1.1 200 OK"
INFO:httpx:HTTP Request: GET http://localhost:8000/sessions/04cdd455-1c83-4035-b108-f55facb48b87 "HTTP/1.1 200 OK"
INFO:httpx:HTTP Request: GET http://localhost:8000/sessions/04cdd455-1c83-4035-b108-f55facb48b87 "HTTP/1.1 200 OK"
INFO:httpx:HTTP Request: GET http://localhost:8000/sessions/04cdd455-1c83-4035-b108-f55facb48b87 "HTTP/1.1 200 OK"
INFO:httpx:HTTP Request: GET http://localhost:8000/sessions/04cdd455-1c83-4035-b108-f55facb48b87 "HTTP/1.1 200 OK"
INFO:httpx:HTTP Request: GET http://localhost:8000/sessions/04cdd455-1c83-4035-b108-f55facb48b87 "HTTP/1.1 200 OK"
INFO:httpx:HTTP Request: GET http://localhost:8000/sessions/04cdd455-1c83-4035-b108-f55facb48b87 "HTTP/1.1 200 OK"
INFO:httpx:HTTP Request: GET http://localhost:8000/sessions/04cdd455-1c83-4035-b108-f55facb48b87 "HTTP/1.1 200 OK"
INFO:httpx:HTTP Request: GET http://localhost:8000/sessions/04cdd455-1c83-4035-b108-f55facb48b87 "HTTP/1.1 200 OK"
INFO:httpx:HTTP Request: GET http://localhost:8000/sessions/04cdd455-1c83-4035-b108-f55facb48b87 "HTTP/1.1 200 OK"
INFO:httpx:HTTP Request: GET http://localhost:8000/sessions/04cdd455-1c83-4035-b108-f55facb48b87 "HTTP/1.1 200 OK"
INFO:httpx:HTTP Request: GET http://localhost:8000/sessions/04cdd455-1c83-4035-b108-f55facb48b87 "HTTP/1.1 200 OK"
INFO:httpx:HTTP Request: GET http://localhost:8000/sessions/04cdd455-1c83-4035-b108-f55facb48b87 "HTTP/1.1 200 OK"
INFO:httpx:HTTP Request: GET http://localhost:8000/sessions/04cdd455-1c83-4035-b108-f55facb48b87 "HTTP/1.1 200 OK"
INFO:httpx:HTTP Request: GET http://localhost:8000/sessions/04cdd455-1c83-4035-b108-f55facb48b87 "HTTP/1.1 200 OK"
INFO:httpx:HTTP Request: GET http://localhost:8000/sessions/04cdd455-1c83-4035-b108-f55facb48b87 "HTTP/1.1 200 OK"
INFO:httpx:HTTP Request: GET http://localhost:8000/sessions/04cdd455-1c83-4035-b108-f55facb48b87 "HTTP/1.1 200 OK"
INFO:httpx:HTTP Request: GET http://localhost:8000/sessions/04cdd455-1c83-4035-b108-f55facb48b87 "HTTP/1.1 200 OK"
INFO:httpx:HTTP Request: GET http://localhost:8000/sessions/04cdd455-1c83-4035-b108-f55facb48b87 "HTTP/1.1 200 OK"
INFO:httpx:HTTP Request: GET http://localhost:8000/sessions/04cdd455-1c83-4035-b108-f55facb48b87 "HTTP/1.1 200 OK"
INFO:httpx:HTTP Request: GET http://localhost:8000/sessions/04cdd455-1c83-4035-b108-f55facb48b87 "HTTP/1.1 200 OK"
INFO:httpx:HTTP Request: GET http://localhost:8000/sessions/04cdd455-1c83-4035-b108-f55facb48b87 "HTTP/1.1 200 OK"
INFO:httpx:HTTP Request: GET http://localhost:8000/sessions/04cdd455-1c83-4035-b108-f55facb48b87 "HTTP/1.1 200 OK"
INFO:httpx:HTTP Request: GET http://localhost:8000/sessions/04cdd455-1c83-4035-b108-f55facb48b87 "HTTP/1.1 200 OK"
INFO:httpx:HTTP Request: GET http://localhost:8000/sessions/04cdd455-1c83-4035-b108-f55facb48b87 "HTTP/1.1 200 OK"
INFO:httpx:HTTP Request: GET http://localhost:8000/sessions/04cdd455-1c83-4035-b108-f55facb48b87 "HTTP/1.1 200 OK"
INFO:httpx:HTTP Request: GET http://localhost:8000/sessions/04cdd455-1c83-4035-b108-f55facb48b87 "HTTP/1.1 200 OK"
INFO:httpx:HTTP Request: GET http://localhost:8000/sessions/04cdd455-1c83-4035-b108-f55facb48b87 "HTTP/1.1 200 OK"
INFO:httpx:HTTP Request: GET http://localhost:8000/sessions/04cdd455-1c83-4035-b108-f55facb48b87 "HTTP/1.1 200 OK"
INFO:httpx:HTTP Request: GET http://localhost:8000/sessions/04cdd455-1c83-4035-b108-f55facb48b87 "HTTP/1.1 200 OK"
INFO:httpx:HTTP Request: GET http://localhost:8000/sessions/04cdd455-1c83-4035-b108-f55facb48b87 "HTTP/1.1 200 OK"
INFO:httpx:HTTP Request: GET http://localhost:8000/sessions/04cdd455-1c83-4035-b108-f55facb48b87 "HTTP/1.1 200 OK"
INFO:httpx:HTTP Request: GET http://localhost:8000/sessions/04cdd455-1c83-4035-b108-f55facb48b87 "HTTP/1.1 200 OK"
INFO:httpx:HTTP Request: GET http://localhost:8000/sessions/04cdd455-1c83-4035-b108-f55facb48b87 "HTTP/1.1 200 OK"
INFO:httpx:HTTP Request: GET http://localhost:8000/sessions/04cdd455-1c83-4035-b108-f55facb48b87 "HTTP/1.1 200 OK"
INFO:httpx:HTTP Request: GET http://localhost:8000/sessions/04cdd455-1c83-4035-b108-f55facb48b87 "HTTP/1.1 200 OK"
INFO:httpx:HTTP Request: GET http://localhost:8000/sessions/04cdd455-1c83-4035-b108-f55facb48b87 "HTTP/1.1 200 OK"
INFO:httpx:HTTP Request: GET http://localhost:8000/sessions/04cdd455-1c83-4035-b108-f55facb48b87 "HTTP/1.1 200 OK"
INFO:httpx:HTTP Request: GET http://localhost:8000/sessions/04cdd455-1c83-4035-b108-f55facb48b87 "HTTP/1.1 200 OK"
INFO:httpx:HTTP Request: GET http://localhost:8000/sessions/04cdd455-1c83-4035-b108-f55facb48b87 "HTTP/1.1 200 OK"
INFO:httpx:HTTP Request: GET http://localhost:8000/sessions/04cdd455-1c83-4035-b108-f55facb48b87 "HTTP/1.1 200 OK"
INFO:httpx:HTTP Request: GET http://localhost:8000/sessions/04cdd455-1c83-4035-b108-f55facb48b87 "HTTP/1.1 200 OK"
INFO:httpx:HTTP Request: GET http://localhost:8000/sessions/04cdd455-1c83-4035-b108-f55facb48b87 "HTTP/1.1 200 OK"
INFO:httpx:HTTP Request: GET http://localhost:8000/sessions/04cdd455-1c83-4035-b108-f55facb48b87 "HTTP/1.1 200 OK"
INFO:httpx:HTTP Request: GET http://localhost:8000/sessions/04cdd455-1c83-4035-b108-f55facb48b87 "HTTP/1.1 200 OK"
INFO:httpx:HTTP Request: GET http://localhost:8000/sessions/04cdd455-1c83-4035-b108-f55facb48b87 "HTTP/1.1 200 OK"
INFO:httpx:HTTP Request: GET http://localhost:8000/sessions/04cdd455-1c83-4035-b108-f55facb48b87 "HTTP/1.1 200 OK"
INFO:httpx:HTTP Request: GET http://localhost:8000/sessions/04cdd455-1c83-4035-b108-f55facb48b87 "HTTP/1.1 200 OK"
INFO:httpx:HTTP Request: GET http://localhost:8000/sessions/04cdd455-1c83-4035-b108-f55facb48b87 "HTTP/1.1 200 OK"
INFO:httpx:HTTP Request: GET http://localhost:8000/sessions/04cdd455-1c83-4035-b108-f55facb48b87 "HTTP/1.1 200 OK"
INFO:httpx:HTTP Request: GET http://localhost:8000/sessions/04cdd455-1c83-4035-b108-f55facb48b87 "HTTP/1.1 200 OK"
INFO:httpx:HTTP Request: GET http://localhost:8000/sessions/04cdd455-1c83-4035-b108-f55facb48b87 "HTTP/1.1 200 OK"
INFO:     Shutting down
