INFO:     Started server process [1130]
INFO:     Waiting for application startup.
INFO:httpx:HTTP Request: POST http://localhost:8000/nodes/register "HTTP/1.1 200 OK"
INFO:node.base:[alice-10] Registered → node_id=a76dd40a
INFO:node.base:[alice-10] Started  node_id=a76dd40a role=sender
INFO:     Application startup complete.
INFO:     Uvicorn running on http://0.0.0.0:8110 (Press CTRL+C to quit)
INFO:     127.0.0.1:58702 - "GET /health HTTP/1.1" 200 OK
INFO:httpx:HTTP Request: POST http://localhost:8000/sessions "HTTP/1.1 202 Accepted"
INFO:alice:[Alice] Worker spawned session=c88d6ae8 queue=qubit_send_c88d6ae8 pid=1342
INFO:alice:[Alice] Session c88d6ae8 created n_qubits=1024 qkdl=http://localhost:9003 queue=qubit_send_c88d6ae8
INFO:     127.0.0.1:58718 - "POST /start?receiver_label=bob-10&n_qubits=1024&batch_size=10 HTTP/1.1" 200 OK
INFO:httpx:HTTP Request: GET http://localhost:8000/sessions/c88d6ae8-08b3-46c5-aadf-a48f7c241b64 "HTTP/1.1 200 OK"
INFO:httpx:HTTP Request: GET http://localhost:8000/sessions/c88d6ae8-08b3-46c5-aadf-a48f7c241b64 "HTTP/1.1 200 OK"
INFO:httpx:HTTP Request: GET http://localhost:8000/sessions/c88d6ae8-08b3-46c5-aadf-a48f7c241b64 "HTTP/1.1 200 OK"
INFO:httpx:HTTP Request: GET http://localhost:8000/sessions/c88d6ae8-08b3-46c5-aadf-a48f7c241b64 "HTTP/1.1 200 OK"
INFO:httpx:HTTP Request: GET http://localhost:8000/sessions/c88d6ae8-08b3-46c5-aadf-a48f7c241b64 "HTTP/1.1 200 OK"
INFO:httpx:HTTP Request: GET http://localhost:8000/sessions/c88d6ae8-08b3-46c5-aadf-a48f7c241b64 "HTTP/1.1 200 OK"
INFO:httpx:HTTP Request: GET http://localhost:8000/sessions/c88d6ae8-08b3-46c5-aadf-a48f7c241b64 "HTTP/1.1 200 OK"
INFO:httpx:HTTP Request: GET http://localhost:8000/sessions/c88d6ae8-08b3-46c5-aadf-a48f7c241b64 "HTTP/1.1 200 OK"
INFO:httpx:HTTP Request: GET http://localhost:8000/sessions/c88d6ae8-08b3-46c5-aadf-a48f7c241b64 "HTTP/1.1 200 OK"
INFO:httpx:HTTP Request: GET http://localhost:8000/sessions/c88d6ae8-08b3-46c5-aadf-a48f7c241b64 "HTTP/1.1 200 OK"
INFO:httpx:HTTP Request: GET http://localhost:8000/sessions/c88d6ae8-08b3-46c5-aadf-a48f7c241b64 "HTTP/1.1 200 OK"
INFO:httpx:HTTP Request: GET http://localhost:8000/sessions/c88d6ae8-08b3-46c5-aadf-a48f7c241b64 "HTTP/1.1 200 OK"
INFO:     127.0.0.1:45104 - "POST /webhook HTTP/1.1" 200 OK
INFO:alice:[Alice] Receiver joined c88d6ae8  dispatching pipeline
INFO:httpx:HTTP Request: GET http://localhost:8000/sessions/c88d6ae8-08b3-46c5-aadf-a48f7c241b64 "HTTP/1.1 200 OK"
INFO:alice:[Alice] Dispatching pipeline session=c88d6ae8 batches=103 qkdl=http://localhost:9003 queue=qubit_send_c88d6ae8
INFO:httpx:HTTP Request: GET http://localhost:8000/sessions/c88d6ae8-08b3-46c5-aadf-a48f7c241b64 "HTTP/1.1 200 OK"
INFO:httpx:HTTP Request: GET http://localhost:8000/sessions/c88d6ae8-08b3-46c5-aadf-a48f7c241b64 "HTTP/1.1 200 OK"
INFO:httpx:HTTP Request: GET http://localhost:8000/sessions/c88d6ae8-08b3-46c5-aadf-a48f7c241b64 "HTTP/1.1 200 OK"
INFO:httpx:HTTP Request: GET http://localhost:8000/sessions/c88d6ae8-08b3-46c5-aadf-a48f7c241b64 "HTTP/1.1 200 OK"
INFO:alice:[Alice] Pipeline dispatched session=c88d6ae8 (103 QTT → ST → QKT → NT) queue=qubit_send_c88d6ae8
INFO:httpx:HTTP Request: GET http://localhost:8000/sessions/c88d6ae8-08b3-46c5-aadf-a48f7c241b64 "HTTP/1.1 200 OK"
INFO:httpx:HTTP Request: GET http://localhost:8000/sessions/c88d6ae8-08b3-46c5-aadf-a48f7c241b64 "HTTP/1.1 200 OK"
INFO:httpx:HTTP Request: GET http://localhost:8000/sessions/c88d6ae8-08b3-46c5-aadf-a48f7c241b64 "HTTP/1.1 200 OK"
INFO:httpx:HTTP Request: GET http://localhost:8000/sessions/c88d6ae8-08b3-46c5-aadf-a48f7c241b64 "HTTP/1.1 200 OK"
INFO:httpx:HTTP Request: GET http://localhost:8000/sessions/c88d6ae8-08b3-46c5-aadf-a48f7c241b64 "HTTP/1.1 200 OK"
INFO:httpx:HTTP Request: GET http://localhost:8000/sessions/c88d6ae8-08b3-46c5-aadf-a48f7c241b64 "HTTP/1.1 200 OK"
INFO:httpx:HTTP Request: GET http://localhost:8000/sessions/c88d6ae8-08b3-46c5-aadf-a48f7c241b64 "HTTP/1.1 200 OK"
INFO:httpx:HTTP Request: GET http://localhost:8000/sessions/c88d6ae8-08b3-46c5-aadf-a48f7c241b64 "HTTP/1.1 200 OK"
INFO:httpx:HTTP Request: GET http://localhost:8000/sessions/c88d6ae8-08b3-46c5-aadf-a48f7c241b64 "HTTP/1.1 200 OK"
INFO:httpx:HTTP Request: GET http://localhost:8000/sessions/c88d6ae8-08b3-46c5-aadf-a48f7c241b64 "HTTP/1.1 200 OK"
INFO:httpx:HTTP Request: GET http://localhost:8000/sessions/c88d6ae8-08b3-46c5-aadf-a48f7c241b64 "HTTP/1.1 200 OK"
INFO:httpx:HTTP Request: GET http://localhost:8000/sessions/c88d6ae8-08b3-46c5-aadf-a48f7c241b64 "HTTP/1.1 200 OK"
INFO:httpx:HTTP Request: GET http://localhost:8000/sessions/c88d6ae8-08b3-46c5-aadf-a48f7c241b64 "HTTP/1.1 200 OK"
INFO:httpx:HTTP Request: GET http://localhost:8000/sessions/c88d6ae8-08b3-46c5-aadf-a48f7c241b64 "HTTP/1.1 200 OK"
INFO:httpx:HTTP Request: GET http://localhost:8000/sessions/c88d6ae8-08b3-46c5-aadf-a48f7c241b64 "HTTP/1.1 200 OK"
INFO:httpx:HTTP Request: GET http://localhost:8000/sessions/c88d6ae8-08b3-46c5-aadf-a48f7c241b64 "HTTP/1.1 200 OK"
INFO:httpx:HTTP Request: GET http://localhost:8000/sessions/c88d6ae8-08b3-46c5-aadf-a48f7c241b64 "HTTP/1.1 200 OK"
INFO:httpx:HTTP Request: GET http://localhost:8000/sessions/c88d6ae8-08b3-46c5-aadf-a48f7c241b64 "HTTP/1.1 200 OK"
INFO:httpx:HTTP Request: GET http://localhost:8000/sessions/c88d6ae8-08b3-46c5-aadf-a48f7c241b64 "HTTP/1.1 200 OK"
INFO:httpx:HTTP Request: GET http://localhost:8000/sessions/c88d6ae8-08b3-46c5-aadf-a48f7c241b64 "HTTP/1.1 200 OK"
INFO:httpx:HTTP Request: GET http://localhost:8000/sessions/c88d6ae8-08b3-46c5-aadf-a48f7c241b64 "HTTP/1.1 200 OK"
INFO:httpx:HTTP Request: GET http://localhost:8000/sessions/c88d6ae8-08b3-46c5-aadf-a48f7c241b64 "HTTP/1.1 200 OK"
INFO:httpx:HTTP Request: GET http://localhost:8000/sessions/c88d6ae8-08b3-46c5-aadf-a48f7c241b64 "HTTP/1.1 200 OK"
INFO:httpx:HTTP Request: GET http://localhost:8000/sessions/c88d6ae8-08b3-46c5-aadf-a48f7c241b64 "HTTP/1.1 200 OK"
INFO:httpx:HTTP Request: GET http://localhost:8000/sessions/c88d6ae8-08b3-46c5-aadf-a48f7c241b64 "HTTP/1.1 200 OK"
INFO:httpx:HTTP Request: GET http://localhost:8000/sessions/c88d6ae8-08b3-46c5-aadf-a48f7c241b64 "HTTP/1.1 200 OK"
INFO:httpx:HTTP Request: GET http://localhost:8000/sessions/c88d6ae8-08b3-46c5-aadf-a48f7c241b64 "HTTP/1.1 200 OK"
INFO:httpx:HTTP Request: GET http://localhost:8000/sessions/c88d6ae8-08b3-46c5-aadf-a48f7c241b64 "HTTP/1.1 200 OK"
INFO:httpx:HTTP Request: GET http://localhost:8000/sessions/c88d6ae8-08b3-46c5-aadf-a48f7c241b64 "HTTP/1.1 200 OK"
INFO:httpx:HTTP Request: GET http://localhost:8000/sessions/c88d6ae8-08b3-46c5-aadf-a48f7c241b64 "HTTP/1.1 200 OK"
INFO:httpx:HTTP Request: GET http://localhost:8000/sessions/c88d6ae8-08b3-46c5-aadf-a48f7c241b64 "HTTP/1.1 200 OK"
INFO:httpx:HTTP Request: GET http://localhost:8000/sessions/c88d6ae8-08b3-46c5-aadf-a48f7c241b64 "HTTP/1.1 200 OK"
INFO:httpx:HTTP Request: GET http://localhost:8000/sessions/c88d6ae8-08b3-46c5-aadf-a48f7c241b64 "HTTP/1.1 200 OK"
INFO:httpx:HTTP Request: GET http://localhost:8000/sessions/c88d6ae8-08b3-46c5-aadf-a48f7c241b64 "HTTP/1.1 200 OK"
INFO:httpx:HTTP Request: GET http://localhost:8000/sessions/c88d6ae8-08b3-46c5-aadf-a48f7c241b64 "HTTP/1.1 200 OK"
INFO:httpx:HTTP Request: GET http://localhost:8000/sessions/c88d6ae8-08b3-46c5-aadf-a48f7c241b64 "HTTP/1.1 200 OK"
INFO:httpx:HTTP Request: GET http://localhost:8000/sessions/c88d6ae8-08b3-46c5-aadf-a48f7c241b64 "HTTP/1.1 200 OK"
INFO:httpx:HTTP Request: GET http://localhost:8000/sessions/c88d6ae8-08b3-46c5-aadf-a48f7c241b64 "HTTP/1.1 200 OK"
INFO:httpx:HTTP Request: GET http://localhost:8000/sessions/c88d6ae8-08b3-46c5-aadf-a48f7c241b64 "HTTP/1.1 200 OK"
INFO:httpx:HTTP Request: GET http://localhost:8000/sessions/c88d6ae8-08b3-46c5-aadf-a48f7c241b64 "HTTP/1.1 200 OK"
INFO:httpx:HTTP Request: GET http://localhost:8000/sessions/c88d6ae8-08b3-46c5-aadf-a48f7c241b64 "HTTP/1.1 200 OK"
INFO:httpx:HTTP Request: GET http://localhost:8000/sessions/c88d6ae8-08b3-46c5-aadf-a48f7c241b64 "HTTP/1.1 200 OK"
INFO:httpx:HTTP Request: GET http://localhost:8000/sessions/c88d6ae8-08b3-46c5-aadf-a48f7c241b64 "HTTP/1.1 200 OK"
INFO:httpx:HTTP Request: GET http://localhost:8000/sessions/c88d6ae8-08b3-46c5-aadf-a48f7c241b64 "HTTP/1.1 200 OK"
INFO:httpx:HTTP Request: GET http://localhost:8000/sessions/c88d6ae8-08b3-46c5-aadf-a48f7c241b64 "HTTP/1.1 200 OK"
INFO:httpx:HTTP Request: GET http://localhost:8000/sessions/c88d6ae8-08b3-46c5-aadf-a48f7c241b64 "HTTP/1.1 200 OK"
INFO:httpx:HTTP Request: GET http://localhost:8000/sessions/c88d6ae8-08b3-46c5-aadf-a48f7c241b64 "HTTP/1.1 200 OK"
INFO:httpx:HTTP Request: GET http://localhost:8000/sessions/c88d6ae8-08b3-46c5-aadf-a48f7c241b64 "HTTP/1.1 200 OK"
INFO:httpx:HTTP Request: GET http://localhost:8000/sessions/c88d6ae8-08b3-46c5-aadf-a48f7c241b64 "HTTP/1.1 200 OK"
INFO:httpx:HTTP Request: GET http://localhost:8000/sessions/c88d6ae8-08b3-46c5-aadf-a48f7c241b64 "HTTP/1.1 200 OK"
INFO:httpx:HTTP Request: GET http://localhost:8000/sessions/c88d6ae8-08b3-46c5-aadf-a48f7c241b64 "HTTP/1.1 200 OK"
INFO:httpx:HTTP Request: GET http://localhost:8000/sessions/c88d6ae8-08b3-46c5-aadf-a48f7c241b64 "HTTP/1.1 200 OK"
INFO:httpx:HTTP Request: GET http://localhost:8000/sessions/c88d6ae8-08b3-46c5-aadf-a48f7c241b64 "HTTP/1.1 200 OK"
INFO:httpx:HTTP Request: GET http://localhost:8000/sessions/c88d6ae8-08b3-46c5-aadf-a48f7c241b64 "HTTP/1.1 200 OK"
INFO:httpx:HTTP Request: GET http://localhost:8000/sessions/c88d6ae8-08b3-46c5-aadf-a48f7c241b64 "HTTP/1.1 200 OK"
INFO:httpx:HTTP Request: GET http://localhost:8000/sessions/c88d6ae8-08b3-46c5-aadf-a48f7c241b64 "HTTP/1.1 200 OK"
INFO:httpx:HTTP Request: GET http://localhost:8000/sessions/c88d6ae8-08b3-46c5-aadf-a48f7c241b64 "HTTP/1.1 200 OK"
INFO:httpx:HTTP Request: GET http://localhost:8000/sessions/c88d6ae8-08b3-46c5-aadf-a48f7c241b64 "HTTP/1.1 200 OK"
INFO:httpx:HTTP Request: GET http://localhost:8000/sessions/c88d6ae8-08b3-46c5-aadf-a48f7c241b64 "HTTP/1.1 200 OK"
INFO:httpx:HTTP Request: GET http://localhost:8000/sessions/c88d6ae8-08b3-46c5-aadf-a48f7c241b64 "HTTP/1.1 200 OK"
INFO:httpx:HTTP Request: GET http://localhost:8000/sessions/c88d6ae8-08b3-46c5-aadf-a48f7c241b64 "HTTP/1.1 200 OK"
INFO:httpx:HTTP Request: GET http://localhost:8000/sessions/c88d6ae8-08b3-46c5-aadf-a48f7c241b64 "HTTP/1.1 200 OK"
INFO:httpx:HTTP Request: GET http://localhost:8000/sessions/c88d6ae8-08b3-46c5-aadf-a48f7c241b64 "HTTP/1.1 200 OK"
INFO:httpx:HTTP Request: GET http://localhost:8000/sessions/c88d6ae8-08b3-46c5-aadf-a48f7c241b64 "HTTP/1.1 200 OK"
INFO:httpx:HTTP Request: GET http://localhost:8000/sessions/c88d6ae8-08b3-46c5-aadf-a48f7c241b64 "HTTP/1.1 200 OK"
INFO:httpx:HTTP Request: GET http://localhost:8000/sessions/c88d6ae8-08b3-46c5-aadf-a48f7c241b64 "HTTP/1.1 200 OK"
INFO:httpx:HTTP Request: GET http://localhost:8000/sessions/c88d6ae8-08b3-46c5-aadf-a48f7c241b64 "HTTP/1.1 200 OK"
INFO:httpx:HTTP Request: GET http://localhost:8000/sessions/c88d6ae8-08b3-46c5-aadf-a48f7c241b64 "HTTP/1.1 200 OK"
INFO:httpx:HTTP Request: GET http://localhost:8000/sessions/c88d6ae8-08b3-46c5-aadf-a48f7c241b64 "HTTP/1.1 200 OK"
INFO:httpx:HTTP Request: GET http://localhost:8000/sessions/c88d6ae8-08b3-46c5-aadf-a48f7c241b64 "HTTP/1.1 200 OK"
INFO:httpx:HTTP Request: GET http://localhost:8000/sessions/c88d6ae8-08b3-46c5-aadf-a48f7c241b64 "HTTP/1.1 200 OK"
INFO:httpx:HTTP Request: GET http://localhost:8000/sessions/c88d6ae8-08b3-46c5-aadf-a48f7c241b64 "HTTP/1.1 200 OK"
INFO:httpx:HTTP Request: GET http://localhost:8000/sessions/c88d6ae8-08b3-46c5-aadf-a48f7c241b64 "HTTP/1.1 200 OK"
INFO:httpx:HTTP Request: GET http://localhost:8000/sessions/c88d6ae8-08b3-46c5-aadf-a48f7c241b64 "HTTP/1.1 200 OK"
INFO:httpx:HTTP Request: GET http://localhost:8000/sessions/c88d6ae8-08b3-46c5-aadf-a48f7c241b64 "HTTP/1.1 200 OK"
INFO:httpx:HTTP Request: GET http://localhost:8000/sessions/c88d6ae8-08b3-46c5-aadf-a48f7c241b64 "HTTP/1.1 200 OK"
INFO:httpx:HTTP Request: GET http://localhost:8000/sessions/c88d6ae8-08b3-46c5-aadf-a48f7c241b64 "HTTP/1.1 200 OK"
INFO:httpx:HTTP Request: GET http://localhost:8000/sessions/c88d6ae8-08b3-46c5-aadf-a48f7c241b64 "HTTP/1.1 200 OK"
INFO:httpx:HTTP Request: GET http://localhost:8000/sessions/c88d6ae8-08b3-46c5-aadf-a48f7c241b64 "HTTP/1.1 200 OK"
INFO:httpx:HTTP Request: GET http://localhost:8000/sessions/c88d6ae8-08b3-46c5-aadf-a48f7c241b64 "HTTP/1.1 200 OK"
INFO:httpx:HTTP Request: GET http://localhost:8000/sessions/c88d6ae8-08b3-46c5-aadf-a48f7c241b64 "HTTP/1.1 200 OK"
INFO:httpx:HTTP Request: GET http://localhost:8000/sessions/c88d6ae8-08b3-46c5-aadf-a48f7c241b64 "HTTP/1.1 200 OK"
INFO:httpx:HTTP Request: GET http://localhost:8000/sessions/c88d6ae8-08b3-46c5-aadf-a48f7c241b64 "HTTP/1.1 200 OK"
INFO:httpx:HTTP Request: GET http://localhost:8000/sessions/c88d6ae8-08b3-46c5-aadf-a48f7c241b64 "HTTP/1.1 200 OK"
INFO:httpx:HTTP Request: GET http://localhost:8000/sessions/c88d6ae8-08b3-46c5-aadf-a48f7c241b64 "HTTP/1.1 200 OK"
INFO:httpx:HTTP Request: GET http://localhost:8000/sessions/c88d6ae8-08b3-46c5-aadf-a48f7c241b64 "HTTP/1.1 200 OK"
INFO:httpx:HTTP Request: GET http://localhost:8000/sessions/c88d6ae8-08b3-46c5-aadf-a48f7c241b64 "HTTP/1.1 200 OK"
INFO:httpx:HTTP Request: GET http://localhost:8000/sessions/c88d6ae8-08b3-46c5-aadf-a48f7c241b64 "HTTP/1.1 200 OK"
INFO:httpx:HTTP Request: GET http://localhost:8000/sessions/c88d6ae8-08b3-46c5-aadf-a48f7c241b64 "HTTP/1.1 200 OK"
INFO:httpx:HTTP Request: GET http://localhost:8000/sessions/c88d6ae8-08b3-46c5-aadf-a48f7c241b64 "HTTP/1.1 200 OK"
INFO:httpx:HTTP Request: GET http://localhost:8000/sessions/c88d6ae8-08b3-46c5-aadf-a48f7c241b64 "HTTP/1.1 200 OK"
INFO:httpx:HTTP Request: GET http://localhost:8000/sessions/c88d6ae8-08b3-46c5-aadf-a48f7c241b64 "HTTP/1.1 200 OK"
INFO:httpx:HTTP Request: GET http://localhost:8000/sessions/c88d6ae8-08b3-46c5-aadf-a48f7c241b64 "HTTP/1.1 200 OK"
INFO:httpx:HTTP Request: GET http://localhost:8000/sessions/c88d6ae8-08b3-46c5-aadf-a48f7c241b64 "HTTP/1.1 200 OK"
INFO:httpx:HTTP Request: GET http://localhost:8000/sessions/c88d6ae8-08b3-46c5-aadf-a48f7c241b64 "HTTP/1.1 200 OK"
INFO:httpx:HTTP Request: GET http://localhost:8000/sessions/c88d6ae8-08b3-46c5-aadf-a48f7c241b64 "HTTP/1.1 200 OK"
INFO:httpx:HTTP Request: GET http://localhost:8000/sessions/c88d6ae8-08b3-46c5-aadf-a48f7c241b64 "HTTP/1.1 200 OK"
INFO:httpx:HTTP Request: GET http://localhost:8000/sessions/c88d6ae8-08b3-46c5-aadf-a48f7c241b64 "HTTP/1.1 200 OK"
INFO:httpx:HTTP Request: GET http://localhost:8000/sessions/c88d6ae8-08b3-46c5-aadf-a48f7c241b64 "HTTP/1.1 200 OK"
INFO:httpx:HTTP Request: GET http://localhost:8000/sessions/c88d6ae8-08b3-46c5-aadf-a48f7c241b64 "HTTP/1.1 200 OK"
INFO:httpx:HTTP Request: GET http://localhost:8000/sessions/c88d6ae8-08b3-46c5-aadf-a48f7c241b64 "HTTP/1.1 200 OK"
INFO:httpx:HTTP Request: GET http://localhost:8000/sessions/c88d6ae8-08b3-46c5-aadf-a48f7c241b64 "HTTP/1.1 200 OK"
INFO:httpx:HTTP Request: GET http://localhost:8000/sessions/c88d6ae8-08b3-46c5-aadf-a48f7c241b64 "HTTP/1.1 200 OK"
INFO:     127.0.0.1:46952 - "POST /webhook HTTP/1.1" 200 OK
INFO:httpx:HTTP Request: GET http://localhost:8000/sessions/c88d6ae8-08b3-46c5-aadf-a48f7c241b64 "HTTP/1.1 200 OK"
INFO:httpx:HTTP Request: GET http://localhost:8000/sessions/c88d6ae8-08b3-46c5-aadf-a48f7c241b64 "HTTP/1.1 200 OK"
INFO:httpx:HTTP Request: GET http://localhost:8000/sessions/c88d6ae8-08b3-46c5-aadf-a48f7c241b64 "HTTP/1.1 200 OK"
INFO:httpx:HTTP Request: GET http://localhost:8000/sessions/c88d6ae8-08b3-46c5-aadf-a48f7c241b64 "HTTP/1.1 200 OK"
INFO:httpx:HTTP Request: GET http://localhost:8000/sessions/c88d6ae8-08b3-46c5-aadf-a48f7c241b64 "HTTP/1.1 200 OK"
INFO:httpx:HTTP Request: GET http://localhost:8000/sessions/c88d6ae8-08b3-46c5-aadf-a48f7c241b64 "HTTP/1.1 200 OK"
INFO:alice:[Alice] Poll detected terminal status session=c88d6ae8 status=done
INFO:alice:[Alice] Worker terminated session=c88d6ae8 pid=1342
INFO:     127.0.0.1:56618 - "GET /health HTTP/1.1" 200 OK
INFO:httpx:HTTP Request: POST http://localhost:8000/sessions "HTTP/1.1 202 Accepted"
INFO:alice:[Alice] Worker spawned session=3cd19202 queue=qubit_send_3cd19202 pid=274530
INFO:alice:[Alice] Session 3cd19202 created n_qubits=1024 qkdl=http://localhost:9023 queue=qubit_send_3cd19202
INFO:     127.0.0.1:56620 - "POST /start?receiver_label=bob-10&n_qubits=1024&batch_size=10 HTTP/1.1" 200 OK
INFO:httpx:HTTP Request: GET http://localhost:8000/sessions/3cd19202-4125-4de3-81b1-e4ccdc3db198 "HTTP/1.1 200 OK"
INFO:httpx:HTTP Request: GET http://localhost:8000/sessions/3cd19202-4125-4de3-81b1-e4ccdc3db198 "HTTP/1.1 200 OK"
INFO:httpx:HTTP Request: GET http://localhost:8000/sessions/3cd19202-4125-4de3-81b1-e4ccdc3db198 "HTTP/1.1 200 OK"
INFO:httpx:HTTP Request: GET http://localhost:8000/sessions/3cd19202-4125-4de3-81b1-e4ccdc3db198 "HTTP/1.1 200 OK"
INFO:     127.0.0.1:40710 - "POST /webhook HTTP/1.1" 200 OK
INFO:alice:[Alice] Receiver joined 3cd19202  dispatching pipeline
INFO:httpx:HTTP Request: GET http://localhost:8000/sessions/3cd19202-4125-4de3-81b1-e4ccdc3db198 "HTTP/1.1 200 OK"
INFO:alice:[Alice] Dispatching pipeline session=3cd19202 batches=103 qkdl=http://localhost:9023 queue=qubit_send_3cd19202
INFO:httpx:HTTP Request: GET http://localhost:8000/sessions/3cd19202-4125-4de3-81b1-e4ccdc3db198 "HTTP/1.1 200 OK"
INFO:httpx:HTTP Request: GET http://localhost:8000/sessions/3cd19202-4125-4de3-81b1-e4ccdc3db198 "HTTP/1.1 200 OK"
INFO:httpx:HTTP Request: GET http://localhost:8000/sessions/3cd19202-4125-4de3-81b1-e4ccdc3db198 "HTTP/1.1 200 OK"
INFO:alice:[Alice] Pipeline dispatched session=3cd19202 (103 QTT → ST → QKT → NT) queue=qubit_send_3cd19202
INFO:httpx:HTTP Request: GET http://localhost:8000/sessions/3cd19202-4125-4de3-81b1-e4ccdc3db198 "HTTP/1.1 200 OK"
INFO:httpx:HTTP Request: GET http://localhost:8000/sessions/3cd19202-4125-4de3-81b1-e4ccdc3db198 "HTTP/1.1 200 OK"
INFO:httpx:HTTP Request: GET http://localhost:8000/sessions/3cd19202-4125-4de3-81b1-e4ccdc3db198 "HTTP/1.1 200 OK"
INFO:httpx:HTTP Request: GET http://localhost:8000/sessions/3cd19202-4125-4de3-81b1-e4ccdc3db198 "HTTP/1.1 200 OK"
INFO:httpx:HTTP Request: GET http://localhost:8000/sessions/3cd19202-4125-4de3-81b1-e4ccdc3db198 "HTTP/1.1 200 OK"
INFO:httpx:HTTP Request: GET http://localhost:8000/sessions/3cd19202-4125-4de3-81b1-e4ccdc3db198 "HTTP/1.1 200 OK"
INFO:httpx:HTTP Request: GET http://localhost:8000/sessions/3cd19202-4125-4de3-81b1-e4ccdc3db198 "HTTP/1.1 200 OK"
INFO:httpx:HTTP Request: GET http://localhost:8000/sessions/3cd19202-4125-4de3-81b1-e4ccdc3db198 "HTTP/1.1 200 OK"
INFO:httpx:HTTP Request: GET http://localhost:8000/sessions/3cd19202-4125-4de3-81b1-e4ccdc3db198 "HTTP/1.1 200 OK"
INFO:httpx:HTTP Request: GET http://localhost:8000/sessions/3cd19202-4125-4de3-81b1-e4ccdc3db198 "HTTP/1.1 200 OK"
INFO:httpx:HTTP Request: GET http://localhost:8000/sessions/3cd19202-4125-4de3-81b1-e4ccdc3db198 "HTTP/1.1 200 OK"
INFO:httpx:HTTP Request: GET http://localhost:8000/sessions/3cd19202-4125-4de3-81b1-e4ccdc3db198 "HTTP/1.1 200 OK"
INFO:httpx:HTTP Request: GET http://localhost:8000/sessions/3cd19202-4125-4de3-81b1-e4ccdc3db198 "HTTP/1.1 200 OK"
INFO:httpx:HTTP Request: GET http://localhost:8000/sessions/3cd19202-4125-4de3-81b1-e4ccdc3db198 "HTTP/1.1 200 OK"
INFO:httpx:HTTP Request: GET http://localhost:8000/sessions/3cd19202-4125-4de3-81b1-e4ccdc3db198 "HTTP/1.1 200 OK"
INFO:httpx:HTTP Request: GET http://localhost:8000/sessions/3cd19202-4125-4de3-81b1-e4ccdc3db198 "HTTP/1.1 200 OK"
INFO:httpx:HTTP Request: GET http://localhost:8000/sessions/3cd19202-4125-4de3-81b1-e4ccdc3db198 "HTTP/1.1 200 OK"
INFO:httpx:HTTP Request: GET http://localhost:8000/sessions/3cd19202-4125-4de3-81b1-e4ccdc3db198 "HTTP/1.1 200 OK"
INFO:httpx:HTTP Request: GET http://localhost:8000/sessions/3cd19202-4125-4de3-81b1-e4ccdc3db198 "HTTP/1.1 200 OK"
INFO:httpx:HTTP Request: GET http://localhost:8000/sessions/3cd19202-4125-4de3-81b1-e4ccdc3db198 "HTTP/1.1 200 OK"
INFO:httpx:HTTP Request: GET http://localhost:8000/sessions/3cd19202-4125-4de3-81b1-e4ccdc3db198 "HTTP/1.1 200 OK"
INFO:httpx:HTTP Request: GET http://localhost:8000/sessions/3cd19202-4125-4de3-81b1-e4ccdc3db198 "HTTP/1.1 200 OK"
INFO:httpx:HTTP Request: GET http://localhost:8000/sessions/3cd19202-4125-4de3-81b1-e4ccdc3db198 "HTTP/1.1 200 OK"
INFO:httpx:HTTP Request: GET http://localhost:8000/sessions/3cd19202-4125-4de3-81b1-e4ccdc3db198 "HTTP/1.1 200 OK"
INFO:httpx:HTTP Request: GET http://localhost:8000/sessions/3cd19202-4125-4de3-81b1-e4ccdc3db198 "HTTP/1.1 200 OK"
INFO:httpx:HTTP Request: GET http://localhost:8000/sessions/3cd19202-4125-4de3-81b1-e4ccdc3db198 "HTTP/1.1 200 OK"
INFO:httpx:HTTP Request: GET http://localhost:8000/sessions/3cd19202-4125-4de3-81b1-e4ccdc3db198 "HTTP/1.1 200 OK"
INFO:httpx:HTTP Request: GET http://localhost:8000/sessions/3cd19202-4125-4de3-81b1-e4ccdc3db198 "HTTP/1.1 200 OK"
INFO:httpx:HTTP Request: GET http://localhost:8000/sessions/3cd19202-4125-4de3-81b1-e4ccdc3db198 "HTTP/1.1 200 OK"
INFO:httpx:HTTP Request: GET http://localhost:8000/sessions/3cd19202-4125-4de3-81b1-e4ccdc3db198 "HTTP/1.1 200 OK"
INFO:httpx:HTTP Request: GET http://localhost:8000/sessions/3cd19202-4125-4de3-81b1-e4ccdc3db198 "HTTP/1.1 200 OK"
INFO:httpx:HTTP Request: GET http://localhost:8000/sessions/3cd19202-4125-4de3-81b1-e4ccdc3db198 "HTTP/1.1 200 OK"
INFO:httpx:HTTP Request: GET http://localhost:8000/sessions/3cd19202-4125-4de3-81b1-e4ccdc3db198 "HTTP/1.1 200 OK"
INFO:httpx:HTTP Request: GET http://localhost:8000/sessions/3cd19202-4125-4de3-81b1-e4ccdc3db198 "HTTP/1.1 200 OK"
INFO:httpx:HTTP Request: GET http://localhost:8000/sessions/3cd19202-4125-4de3-81b1-e4ccdc3db198 "HTTP/1.1 200 OK"
INFO:httpx:HTTP Request: GET http://localhost:8000/sessions/3cd19202-4125-4de3-81b1-e4ccdc3db198 "HTTP/1.1 200 OK"
INFO:httpx:HTTP Request: GET http://localhost:8000/sessions/3cd19202-4125-4de3-81b1-e4ccdc3db198 "HTTP/1.1 200 OK"
INFO:httpx:HTTP Request: GET http://localhost:8000/sessions/3cd19202-4125-4de3-81b1-e4ccdc3db198 "HTTP/1.1 200 OK"
INFO:httpx:HTTP Request: GET http://localhost:8000/sessions/3cd19202-4125-4de3-81b1-e4ccdc3db198 "HTTP/1.1 200 OK"
INFO:httpx:HTTP Request: GET http://localhost:8000/sessions/3cd19202-4125-4de3-81b1-e4ccdc3db198 "HTTP/1.1 200 OK"
INFO:httpx:HTTP Request: GET http://localhost:8000/sessions/3cd19202-4125-4de3-81b1-e4ccdc3db198 "HTTP/1.1 200 OK"
INFO:httpx:HTTP Request: GET http://localhost:8000/sessions/3cd19202-4125-4de3-81b1-e4ccdc3db198 "HTTP/1.1 200 OK"
INFO:httpx:HTTP Request: GET http://localhost:8000/sessions/3cd19202-4125-4de3-81b1-e4ccdc3db198 "HTTP/1.1 200 OK"
INFO:httpx:HTTP Request: GET http://localhost:8000/sessions/3cd19202-4125-4de3-81b1-e4ccdc3db198 "HTTP/1.1 200 OK"
INFO:httpx:HTTP Request: GET http://localhost:8000/sessions/3cd19202-4125-4de3-81b1-e4ccdc3db198 "HTTP/1.1 200 OK"
INFO:httpx:HTTP Request: GET http://localhost:8000/sessions/3cd19202-4125-4de3-81b1-e4ccdc3db198 "HTTP/1.1 200 OK"
INFO:httpx:HTTP Request: GET http://localhost:8000/sessions/3cd19202-4125-4de3-81b1-e4ccdc3db198 "HTTP/1.1 200 OK"
INFO:httpx:HTTP Request: GET http://localhost:8000/sessions/3cd19202-4125-4de3-81b1-e4ccdc3db198 "HTTP/1.1 200 OK"
INFO:httpx:HTTP Request: GET http://localhost:8000/sessions/3cd19202-4125-4de3-81b1-e4ccdc3db198 "HTTP/1.1 200 OK"
INFO:httpx:HTTP Request: GET http://localhost:8000/sessions/3cd19202-4125-4de3-81b1-e4ccdc3db198 "HTTP/1.1 200 OK"
INFO:httpx:HTTP Request: GET http://localhost:8000/sessions/3cd19202-4125-4de3-81b1-e4ccdc3db198 "HTTP/1.1 200 OK"
INFO:httpx:HTTP Request: GET http://localhost:8000/sessions/3cd19202-4125-4de3-81b1-e4ccdc3db198 "HTTP/1.1 200 OK"
INFO:httpx:HTTP Request: GET http://localhost:8000/sessions/3cd19202-4125-4de3-81b1-e4ccdc3db198 "HTTP/1.1 200 OK"
INFO:httpx:HTTP Request: GET http://localhost:8000/sessions/3cd19202-4125-4de3-81b1-e4ccdc3db198 "HTTP/1.1 200 OK"
INFO:httpx:HTTP Request: GET http://localhost:8000/sessions/3cd19202-4125-4de3-81b1-e4ccdc3db198 "HTTP/1.1 200 OK"
INFO:httpx:HTTP Request: GET http://localhost:8000/sessions/3cd19202-4125-4de3-81b1-e4ccdc3db198 "HTTP/1.1 200 OK"
INFO:httpx:HTTP Request: GET http://localhost:8000/sessions/3cd19202-4125-4de3-81b1-e4ccdc3db198 "HTTP/1.1 200 OK"
INFO:httpx:HTTP Request: GET http://localhost:8000/sessions/3cd19202-4125-4de3-81b1-e4ccdc3db198 "HTTP/1.1 200 OK"
INFO:httpx:HTTP Request: GET http://localhost:8000/sessions/3cd19202-4125-4de3-81b1-e4ccdc3db198 "HTTP/1.1 200 OK"
INFO:httpx:HTTP Request: GET http://localhost:8000/sessions/3cd19202-4125-4de3-81b1-e4ccdc3db198 "HTTP/1.1 200 OK"
INFO:httpx:HTTP Request: GET http://localhost:8000/sessions/3cd19202-4125-4de3-81b1-e4ccdc3db198 "HTTP/1.1 200 OK"
INFO:httpx:HTTP Request: GET http://localhost:8000/sessions/3cd19202-4125-4de3-81b1-e4ccdc3db198 "HTTP/1.1 200 OK"
INFO:httpx:HTTP Request: GET http://localhost:8000/sessions/3cd19202-4125-4de3-81b1-e4ccdc3db198 "HTTP/1.1 200 OK"
INFO:httpx:HTTP Request: GET http://localhost:8000/sessions/3cd19202-4125-4de3-81b1-e4ccdc3db198 "HTTP/1.1 200 OK"
INFO:     Shutting down
INFO:     Finished server process [1130]
