INFO:     Started server process [1062]
INFO:     Waiting for application startup.
INFO:httpx:HTTP Request: POST http://localhost:8000/nodes/register "HTTP/1.1 200 OK"
INFO:node.base:[alice-4] Registered → node_id=060587e6
INFO:node.base:[alice-4] Started  node_id=060587e6 role=sender
INFO:     Application startup complete.
INFO:     Uvicorn running on http://0.0.0.0:8104 (Press CTRL+C to quit)
INFO:     127.0.0.1:40652 - "GET /health HTTP/1.1" 200 OK
INFO:httpx:HTTP Request: POST http://localhost:8000/sessions "HTTP/1.1 202 Accepted"
INFO:alice:[Alice] Worker spawned session=c81378ac queue=qubit_send_c81378ac pid=1341
INFO:alice:[Alice] Session c81378ac created n_qubits=1024 qkdl=http://localhost:8073 queue=qubit_send_c81378ac
INFO:     127.0.0.1:40666 - "POST /start?receiver_label=bob-4&n_qubits=1024&batch_size=10 HTTP/1.1" 200 OK
INFO:httpx:HTTP Request: GET http://localhost:8000/sessions/c81378ac-a209-48c8-87ce-6358f7fb228f "HTTP/1.1 200 OK"
INFO:httpx:HTTP Request: GET http://localhost:8000/sessions/c81378ac-a209-48c8-87ce-6358f7fb228f "HTTP/1.1 200 OK"
INFO:httpx:HTTP Request: GET http://localhost:8000/sessions/c81378ac-a209-48c8-87ce-6358f7fb228f "HTTP/1.1 200 OK"
INFO:httpx:HTTP Request: GET http://localhost:8000/sessions/c81378ac-a209-48c8-87ce-6358f7fb228f "HTTP/1.1 200 OK"
INFO:httpx:HTTP Request: GET http://localhost:8000/sessions/c81378ac-a209-48c8-87ce-6358f7fb228f "HTTP/1.1 200 OK"
INFO:httpx:HTTP Request: GET http://localhost:8000/sessions/c81378ac-a209-48c8-87ce-6358f7fb228f "HTTP/1.1 200 OK"
INFO:httpx:HTTP Request: GET http://localhost:8000/sessions/c81378ac-a209-48c8-87ce-6358f7fb228f "HTTP/1.1 200 OK"
INFO:httpx:HTTP Request: GET http://localhost:8000/sessions/c81378ac-a209-48c8-87ce-6358f7fb228f "HTTP/1.1 200 OK"
INFO:httpx:HTTP Request: GET http://localhost:8000/sessions/c81378ac-a209-48c8-87ce-6358f7fb228f "HTTP/1.1 200 OK"
INFO:httpx:HTTP Request: GET http://localhost:8000/sessions/c81378ac-a209-48c8-87ce-6358f7fb228f "HTTP/1.1 200 OK"
INFO:httpx:HTTP Request: GET http://localhost:8000/sessions/c81378ac-a209-48c8-87ce-6358f7fb228f "HTTP/1.1 200 OK"
INFO:httpx:HTTP Request: GET http://localhost:8000/sessions/c81378ac-a209-48c8-87ce-6358f7fb228f "HTTP/1.1 200 OK"
INFO:     127.0.0.1:46796 - "POST /webhook HTTP/1.1" 200 OK
INFO:alice:[Alice] Receiver joined c81378ac  dispatching pipeline
INFO:httpx:HTTP Request: GET http://localhost:8000/sessions/c81378ac-a209-48c8-87ce-6358f7fb228f "HTTP/1.1 200 OK"
INFO:alice:[Alice] Dispatching pipeline session=c81378ac batches=103 qkdl=http://localhost:8073 queue=qubit_send_c81378ac
INFO:httpx:HTTP Request: GET http://localhost:8000/sessions/c81378ac-a209-48c8-87ce-6358f7fb228f "HTTP/1.1 200 OK"
INFO:httpx:HTTP Request: GET http://localhost:8000/sessions/c81378ac-a209-48c8-87ce-6358f7fb228f "HTTP/1.1 200 OK"
INFO:httpx:HTTP Request: GET http://localhost:8000/sessions/c81378ac-a209-48c8-87ce-6358f7fb228f "HTTP/1.1 200 OK"
INFO:httpx:HTTP Request: GET http://localhost:8000/sessions/c81378ac-a209-48c8-87ce-6358f7fb228f "HTTP/1.1 200 OK"
INFO:alice:[Alice] Pipeline dispatched session=c81378ac (103 QTT → ST → QKT → NT) queue=qubit_send_c81378ac
INFO:httpx:HTTP Request: GET http://localhost:8000/sessions/c81378ac-a209-48c8-87ce-6358f7fb228f "HTTP/1.1 200 OK"
INFO:httpx:HTTP Request: GET http://localhost:8000/sessions/c81378ac-a209-48c8-87ce-6358f7fb228f "HTTP/1.1 200 OK"
INFO:httpx:HTTP Request: GET http://localhost:8000/sessions/c81378ac-a209-48c8-87ce-6358f7fb228f "HTTP/1.1 200 OK"
INFO:httpx:HTTP Request: GET http://localhost:8000/sessions/c81378ac-a209-48c8-87ce-6358f7fb228f "HTTP/1.1 200 OK"
INFO:httpx:HTTP Request: GET http://localhost:8000/sessions/c81378ac-a209-48c8-87ce-6358f7fb228f "HTTP/1.1 200 OK"
INFO:httpx:HTTP Request: GET http://localhost:8000/sessions/c81378ac-a209-48c8-87ce-6358f7fb228f "HTTP/1.1 200 OK"
INFO:httpx:HTTP Request: GET http://localhost:8000/sessions/c81378ac-a209-48c8-87ce-6358f7fb228f "HTTP/1.1 200 OK"
INFO:httpx:HTTP Request: GET http://localhost:8000/sessions/c81378ac-a209-48c8-87ce-6358f7fb228f "HTTP/1.1 200 OK"
INFO:httpx:HTTP Request: GET http://localhost:8000/sessions/c81378ac-a209-48c8-87ce-6358f7fb228f "HTTP/1.1 200 OK"
INFO:httpx:HTTP Request: GET http://localhost:8000/sessions/c81378ac-a209-48c8-87ce-6358f7fb228f "HTTP/1.1 200 OK"
INFO:httpx:HTTP Request: GET http://localhost:8000/sessions/c81378ac-a209-48c8-87ce-6358f7fb228f "HTTP/1.1 200 OK"
INFO:httpx:HTTP Request: GET http://localhost:8000/sessions/c81378ac-a209-48c8-87ce-6358f7fb228f "HTTP/1.1 200 OK"
INFO:httpx:HTTP Request: GET http://localhost:8000/sessions/c81378ac-a209-48c8-87ce-6358f7fb228f "HTTP/1.1 200 OK"
INFO:httpx:HTTP Request: GET http://localhost:8000/sessions/c81378ac-a209-48c8-87ce-6358f7fb228f "HTTP/1.1 200 OK"
INFO:httpx:HTTP Request: GET http://localhost:8000/sessions/c81378ac-a209-48c8-87ce-6358f7fb228f "HTTP/1.1 200 OK"
INFO:httpx:HTTP Request: GET http://localhost:8000/sessions/c81378ac-a209-48c8-87ce-6358f7fb228f "HTTP/1.1 200 OK"
INFO:httpx:HTTP Request: GET http://localhost:8000/sessions/c81378ac-a209-48c8-87ce-6358f7fb228f "HTTP/1.1 200 OK"
INFO:httpx:HTTP Request: GET http://localhost:8000/sessions/c81378ac-a209-48c8-87ce-6358f7fb228f "HTTP/1.1 200 OK"
INFO:httpx:HTTP Request: GET http://localhost:8000/sessions/c81378ac-a209-48c8-87ce-6358f7fb228f "HTTP/1.1 200 OK"
INFO:httpx:HTTP Request: GET http://localhost:8000/sessions/c81378ac-a209-48c8-87ce-6358f7fb228f "HTTP/1.1 200 OK"
INFO:httpx:HTTP Request: GET http://localhost:8000/sessions/c81378ac-a209-48c8-87ce-6358f7fb228f "HTTP/1.1 200 OK"
INFO:httpx:HTTP Request: GET http://localhost:8000/sessions/c81378ac-a209-48c8-87ce-6358f7fb228f "HTTP/1.1 200 OK"
INFO:httpx:HTTP Request: GET http://localhost:8000/sessions/c81378ac-a209-48c8-87ce-6358f7fb228f "HTTP/1.1 200 OK"
INFO:httpx:HTTP Request: GET http://localhost:8000/sessions/c81378ac-a209-48c8-87ce-6358f7fb228f "HTTP/1.1 200 OK"
INFO:httpx:HTTP Request: GET http://localhost:8000/sessions/c81378ac-a209-48c8-87ce-6358f7fb228f "HTTP/1.1 200 OK"
INFO:httpx:HTTP Request: GET http://localhost:8000/sessions/c81378ac-a209-48c8-87ce-6358f7fb228f "HTTP/1.1 200 OK"
INFO:httpx:HTTP Request: GET http://localhost:8000/sessions/c81378ac-a209-48c8-87ce-6358f7fb228f "HTTP/1.1 200 OK"
INFO:httpx:HTTP Request: GET http://localhost:8000/sessions/c81378ac-a209-48c8-87ce-6358f7fb228f "HTTP/1.1 200 OK"
INFO:httpx:HTTP Request: GET http://localhost:8000/sessions/c81378ac-a209-48c8-87ce-6358f7fb228f "HTTP/1.1 200 OK"
INFO:httpx:HTTP Request: GET http://localhost:8000/sessions/c81378ac-a209-48c8-87ce-6358f7fb228f "HTTP/1.1 200 OK"
INFO:httpx:HTTP Request: GET http://localhost:8000/sessions/c81378ac-a209-48c8-87ce-6358f7fb228f "HTTP/1.1 200 OK"
INFO:httpx:HTTP Request: GET http://localhost:8000/sessions/c81378ac-a209-48c8-87ce-6358f7fb228f "HTTP/1.1 200 OK"
INFO:httpx:HTTP Request: GET http://localhost:8000/sessions/c81378ac-a209-48c8-87ce-6358f7fb228f "HTTP/1.1 200 OK"
INFO:httpx:HTTP Request: GET http://localhost:8000/sessions/c81378ac-a209-48c8-87ce-6358f7fb228f "HTTP/1.1 200 OK"
INFO:httpx:HTTP Request: GET http://localhost:8000/sessions/c81378ac-a209-48c8-87ce-6358f7fb228f "HTTP/1.1 200 OK"
INFO:httpx:HTTP Request: GET http://localhost:8000/sessions/c81378ac-a209-48c8-87ce-6358f7fb228f "HTTP/1.1 200 OK"
INFO:httpx:HTTP Request: GET http://localhost:8000/sessions/c81378ac-a209-48c8-87ce-6358f7fb228f "HTTP/1.1 200 OK"
INFO:httpx:HTTP Request: GET http://localhost:8000/sessions/c81378ac-a209-48c8-87ce-6358f7fb228f "HTTP/1.1 200 OK"
INFO:httpx:HTTP Request: GET http://localhost:8000/sessions/c81378ac-a209-48c8-87ce-6358f7fb228f "HTTP/1.1 200 OK"
INFO:httpx:HTTP Request: GET http://localhost:8000/sessions/c81378ac-a209-48c8-87ce-6358f7fb228f "HTTP/1.1 200 OK"
INFO:httpx:HTTP Request: GET http://localhost:8000/sessions/c81378ac-a209-48c8-87ce-6358f7fb228f "HTTP/1.1 200 OK"
INFO:httpx:HTTP Request: GET http://localhost:8000/sessions/c81378ac-a209-48c8-87ce-6358f7fb228f "HTTP/1.1 200 OK"
INFO:httpx:HTTP Request: GET http://localhost:8000/sessions/c81378ac-a209-48c8-87ce-6358f7fb228f "HTTP/1.1 200 OK"
INFO:httpx:HTTP Request: GET http://localhost:8000/sessions/c81378ac-a209-48c8-87ce-6358f7fb228f "HTTP/1.1 200 OK"
INFO:httpx:HTTP Request: GET http://localhost:8000/sessions/c81378ac-a209-48c8-87ce-6358f7fb228f "HTTP/1.1 200 OK"
INFO:httpx:HTTP Request: GET http://localhost:8000/sessions/c81378ac-a209-48c8-87ce-6358f7fb228f "HTTP/1.1 200 OK"
INFO:httpx:HTTP Request: GET http://localhost:8000/sessions/c81378ac-a209-48c8-87ce-6358f7fb228f "HTTP/1.1 200 OK"
INFO:httpx:HTTP Request: GET http://localhost:8000/sessions/c81378ac-a209-48c8-87ce-6358f7fb228f "HTTP/1.1 200 OK"
INFO:httpx:HTTP Request: GET http://localhost:8000/sessions/c81378ac-a209-48c8-87ce-6358f7fb228f "HTTP/1.1 200 OK"
INFO:httpx:HTTP Request: GET http://localhost:8000/sessions/c81378ac-a209-48c8-87ce-6358f7fb228f "HTTP/1.1 200 OK"
INFO:httpx:HTTP Request: GET http://localhost:8000/sessions/c81378ac-a209-48c8-87ce-6358f7fb228f "HTTP/1.1 200 OK"
INFO:httpx:HTTP Request: GET http://localhost:8000/sessions/c81378ac-a209-48c8-87ce-6358f7fb228f "HTTP/1.1 200 OK"
INFO:httpx:HTTP Request: GET http://localhost:8000/sessions/c81378ac-a209-48c8-87ce-6358f7fb228f "HTTP/1.1 200 OK"
INFO:httpx:HTTP Request: GET http://localhost:8000/sessions/c81378ac-a209-48c8-87ce-6358f7fb228f "HTTP/1.1 200 OK"
INFO:httpx:HTTP Request: GET http://localhost:8000/sessions/c81378ac-a209-48c8-87ce-6358f7fb228f "HTTP/1.1 200 OK"
INFO:httpx:HTTP Request: GET http://localhost:8000/sessions/c81378ac-a209-48c8-87ce-6358f7fb228f "HTTP/1.1 200 OK"
INFO:httpx:HTTP Request: GET http://localhost:8000/sessions/c81378ac-a209-48c8-87ce-6358f7fb228f "HTTP/1.1 200 OK"
INFO:httpx:HTTP Request: GET http://localhost:8000/sessions/c81378ac-a209-48c8-87ce-6358f7fb228f "HTTP/1.1 200 OK"
INFO:httpx:HTTP Request: GET http://localhost:8000/sessions/c81378ac-a209-48c8-87ce-6358f7fb228f "HTTP/1.1 200 OK"
INFO:httpx:HTTP Request: GET http://localhost:8000/sessions/c81378ac-a209-48c8-87ce-6358f7fb228f "HTTP/1.1 200 OK"
INFO:httpx:HTTP Request: GET http://localhost:8000/sessions/c81378ac-a209-48c8-87ce-6358f7fb228f "HTTP/1.1 200 OK"
INFO:httpx:HTTP Request: GET http://localhost:8000/sessions/c81378ac-a209-48c8-87ce-6358f7fb228f "HTTP/1.1 200 OK"
INFO:httpx:HTTP Request: GET http://localhost:8000/sessions/c81378ac-a209-48c8-87ce-6358f7fb228f "HTTP/1.1 200 OK"
INFO:httpx:HTTP Request: GET http://localhost:8000/sessions/c81378ac-a209-48c8-87ce-6358f7fb228f "HTTP/1.1 200 OK"
INFO:httpx:HTTP Request: GET http://localhost:8000/sessions/c81378ac-a209-48c8-87ce-6358f7fb228f "HTTP/1.1 200 OK"
INFO:httpx:HTTP Request: GET http://localhost:8000/sessions/c81378ac-a209-48c8-87ce-6358f7fb228f "HTTP/1.1 200 OK"
INFO:httpx:HTTP Request: GET http://localhost:8000/sessions/c81378ac-a209-48c8-87ce-6358f7fb228f "HTTP/1.1 200 OK"
INFO:httpx:HTTP Request: GET http://localhost:8000/sessions/c81378ac-a209-48c8-87ce-6358f7fb228f "HTTP/1.1 200 OK"
INFO:httpx:HTTP Request: GET http://localhost:8000/sessions/c81378ac-a209-48c8-87ce-6358f7fb228f "HTTP/1.1 200 OK"
INFO:httpx:HTTP Request: GET http://localhost:8000/sessions/c81378ac-a209-48c8-87ce-6358f7fb228f "HTTP/1.1 200 OK"
INFO:httpx:HTTP Request: GET http://localhost:8000/sessions/c81378ac-a209-48c8-87ce-6358f7fb228f "HTTP/1.1 200 OK"
INFO:httpx:HTTP Request: GET http://localhost:8000/sessions/c81378ac-a209-48c8-87ce-6358f7fb228f "HTTP/1.1 200 OK"
INFO:httpx:HTTP Request: GET http://localhost:8000/sessions/c81378ac-a209-48c8-87ce-6358f7fb228f "HTTP/1.1 200 OK"
INFO:httpx:HTTP Request: GET http://localhost:8000/sessions/c81378ac-a209-48c8-87ce-6358f7fb228f "HTTP/1.1 200 OK"
INFO:httpx:HTTP Request: GET http://localhost:8000/sessions/c81378ac-a209-48c8-87ce-6358f7fb228f "HTTP/1.1 200 OK"
INFO:httpx:HTTP Request: GET http://localhost:8000/sessions/c81378ac-a209-48c8-87ce-6358f7fb228f "HTTP/1.1 200 OK"
INFO:httpx:HTTP Request: GET http://localhost:8000/sessions/c81378ac-a209-48c8-87ce-6358f7fb228f "HTTP/1.1 200 OK"
INFO:httpx:HTTP Request: GET http://localhost:8000/sessions/c81378ac-a209-48c8-87ce-6358f7fb228f "HTTP/1.1 200 OK"
INFO:httpx:HTTP Request: GET http://localhost:8000/sessions/c81378ac-a209-48c8-87ce-6358f7fb228f "HTTP/1.1 200 OK"
INFO:httpx:HTTP Request: GET http://localhost:8000/sessions/c81378ac-a209-48c8-87ce-6358f7fb228f "HTTP/1.1 200 OK"
INFO:httpx:HTTP Request: GET http://localhost:8000/sessions/c81378ac-a209-48c8-87ce-6358f7fb228f "HTTP/1.1 200 OK"
INFO:httpx:HTTP Request: GET http://localhost:8000/sessions/c81378ac-a209-48c8-87ce-6358f7fb228f "HTTP/1.1 200 OK"
INFO:httpx:HTTP Request: GET http://localhost:8000/sessions/c81378ac-a209-48c8-87ce-6358f7fb228f "HTTP/1.1 200 OK"
INFO:httpx:HTTP Request: GET http://localhost:8000/sessions/c81378ac-a209-48c8-87ce-6358f7fb228f "HTTP/1.1 200 OK"
INFO:httpx:HTTP Request: GET http://localhost:8000/sessions/c81378ac-a209-48c8-87ce-6358f7fb228f "HTTP/1.1 200 OK"
INFO:httpx:HTTP Request: GET http://localhost:8000/sessions/c81378ac-a209-48c8-87ce-6358f7fb228f "HTTP/1.1 200 OK"
INFO:httpx:HTTP Request: GET http://localhost:8000/sessions/c81378ac-a209-48c8-87ce-6358f7fb228f "HTTP/1.1 200 OK"
INFO:httpx:HTTP Request: GET http://localhost:8000/sessions/c81378ac-a209-48c8-87ce-6358f7fb228f "HTTP/1.1 200 OK"
INFO:httpx:HTTP Request: GET http://localhost:8000/sessions/c81378ac-a209-48c8-87ce-6358f7fb228f "HTTP/1.1 200 OK"
INFO:httpx:HTTP Request: GET http://localhost:8000/sessions/c81378ac-a209-48c8-87ce-6358f7fb228f "HTTP/1.1 200 OK"
INFO:httpx:HTTP Request: GET http://localhost:8000/sessions/c81378ac-a209-48c8-87ce-6358f7fb228f "HTTP/1.1 200 OK"
INFO:httpx:HTTP Request: GET http://localhost:8000/sessions/c81378ac-a209-48c8-87ce-6358f7fb228f "HTTP/1.1 200 OK"
INFO:httpx:HTTP Request: GET http://localhost:8000/sessions/c81378ac-a209-48c8-87ce-6358f7fb228f "HTTP/1.1 200 OK"
INFO:httpx:HTTP Request: GET http://localhost:8000/sessions/c81378ac-a209-48c8-87ce-6358f7fb228f "HTTP/1.1 200 OK"
INFO:httpx:HTTP Request: GET http://localhost:8000/sessions/c81378ac-a209-48c8-87ce-6358f7fb228f "HTTP/1.1 200 OK"
INFO:httpx:HTTP Request: GET http://localhost:8000/sessions/c81378ac-a209-48c8-87ce-6358f7fb228f "HTTP/1.1 200 OK"
INFO:httpx:HTTP Request: GET http://localhost:8000/sessions/c81378ac-a209-48c8-87ce-6358f7fb228f "HTTP/1.1 200 OK"
INFO:httpx:HTTP Request: GET http://localhost:8000/sessions/c81378ac-a209-48c8-87ce-6358f7fb228f "HTTP/1.1 200 OK"
INFO:httpx:HTTP Request: GET http://localhost:8000/sessions/c81378ac-a209-48c8-87ce-6358f7fb228f "HTTP/1.1 200 OK"
INFO:httpx:HTTP Request: GET http://localhost:8000/sessions/c81378ac-a209-48c8-87ce-6358f7fb228f "HTTP/1.1 200 OK"
INFO:httpx:HTTP Request: GET http://localhost:8000/sessions/c81378ac-a209-48c8-87ce-6358f7fb228f "HTTP/1.1 200 OK"
INFO:httpx:HTTP Request: GET http://localhost:8000/sessions/c81378ac-a209-48c8-87ce-6358f7fb228f "HTTP/1.1 200 OK"
INFO:httpx:HTTP Request: GET http://localhost:8000/sessions/c81378ac-a209-48c8-87ce-6358f7fb228f "HTTP/1.1 200 OK"
INFO:httpx:HTTP Request: GET http://localhost:8000/sessions/c81378ac-a209-48c8-87ce-6358f7fb228f "HTTP/1.1 200 OK"
INFO:httpx:HTTP Request: GET http://localhost:8000/sessions/c81378ac-a209-48c8-87ce-6358f7fb228f "HTTP/1.1 200 OK"
INFO:     127.0.0.1:44764 - "POST /webhook HTTP/1.1" 200 OK
INFO:httpx:HTTP Request: GET http://localhost:8000/sessions/c81378ac-a209-48c8-87ce-6358f7fb228f "HTTP/1.1 200 OK"
INFO:httpx:HTTP Request: GET http://localhost:8000/sessions/c81378ac-a209-48c8-87ce-6358f7fb228f "HTTP/1.1 200 OK"
INFO:httpx:HTTP Request: GET http://localhost:8000/sessions/c81378ac-a209-48c8-87ce-6358f7fb228f "HTTP/1.1 200 OK"
INFO:httpx:HTTP Request: GET http://localhost:8000/sessions/c81378ac-a209-48c8-87ce-6358f7fb228f "HTTP/1.1 200 OK"
INFO:httpx:HTTP Request: GET http://localhost:8000/sessions/c81378ac-a209-48c8-87ce-6358f7fb228f "HTTP/1.1 200 OK"
INFO:httpx:HTTP Request: GET http://localhost:8000/sessions/c81378ac-a209-48c8-87ce-6358f7fb228f "HTTP/1.1 200 OK"
INFO:alice:[Alice] Poll detected terminal status session=c81378ac status=done
INFO:alice:[Alice] Worker terminated session=c81378ac pid=1341
INFO:     127.0.0.1:56972 - "GET /health HTTP/1.1" 200 OK
INFO:httpx:HTTP Request: POST http://localhost:8000/sessions "HTTP/1.1 202 Accepted"
INFO:alice:[Alice] Worker spawned session=1463e235 queue=qubit_send_1463e235 pid=274589
INFO:alice:[Alice] Session 1463e235 created n_qubits=1024 qkdl=http://localhost:9063 queue=qubit_send_1463e235
INFO:     127.0.0.1:56976 - "POST /start?receiver_label=bob-4&n_qubits=1024&batch_size=10 HTTP/1.1" 200 OK
INFO:httpx:HTTP Request: GET http://localhost:8000/sessions/1463e235-6fff-4a3c-a9b0-6fdcacb0bd24 "HTTP/1.1 200 OK"
INFO:httpx:HTTP Request: GET http://localhost:8000/sessions/1463e235-6fff-4a3c-a9b0-6fdcacb0bd24 "HTTP/1.1 200 OK"
INFO:httpx:HTTP Request: GET http://localhost:8000/sessions/1463e235-6fff-4a3c-a9b0-6fdcacb0bd24 "HTTP/1.1 200 OK"
INFO:httpx:HTTP Request: GET http://localhost:8000/sessions/1463e235-6fff-4a3c-a9b0-6fdcacb0bd24 "HTTP/1.1 200 OK"
INFO:     127.0.0.1:48366 - "POST /webhook HTTP/1.1" 200 OK
INFO:alice:[Alice] Receiver joined 1463e235  dispatching pipeline
INFO:httpx:HTTP Request: GET http://localhost:8000/sessions/1463e235-6fff-4a3c-a9b0-6fdcacb0bd24 "HTTP/1.1 200 OK"
INFO:alice:[Alice] Dispatching pipeline session=1463e235 batches=103 qkdl=http://localhost:9063 queue=qubit_send_1463e235
INFO:httpx:HTTP Request: GET http://localhost:8000/sessions/1463e235-6fff-4a3c-a9b0-6fdcacb0bd24 "HTTP/1.1 200 OK"
INFO:httpx:HTTP Request: GET http://localhost:8000/sessions/1463e235-6fff-4a3c-a9b0-6fdcacb0bd24 "HTTP/1.1 200 OK"
INFO:httpx:HTTP Request: GET http://localhost:8000/sessions/1463e235-6fff-4a3c-a9b0-6fdcacb0bd24 "HTTP/1.1 200 OK"
INFO:alice:[Alice] Pipeline dispatched session=1463e235 (103 QTT → ST → QKT → NT) queue=qubit_send_1463e235
INFO:httpx:HTTP Request: GET http://localhost:8000/sessions/1463e235-6fff-4a3c-a9b0-6fdcacb0bd24 "HTTP/1.1 200 OK"
INFO:httpx:HTTP Request: GET http://localhost:8000/sessions/1463e235-6fff-4a3c-a9b0-6fdcacb0bd24 "HTTP/1.1 200 OK"
INFO:httpx:HTTP Request: GET http://localhost:8000/sessions/1463e235-6fff-4a3c-a9b0-6fdcacb0bd24 "HTTP/1.1 200 OK"
INFO:httpx:HTTP Request: GET http://localhost:8000/sessions/1463e235-6fff-4a3c-a9b0-6fdcacb0bd24 "HTTP/1.1 200 OK"
INFO:httpx:HTTP Request: GET http://localhost:8000/sessions/1463e235-6fff-4a3c-a9b0-6fdcacb0bd24 "HTTP/1.1 200 OK"
INFO:httpx:HTTP Request: GET http://localhost:8000/sessions/1463e235-6fff-4a3c-a9b0-6fdcacb0bd24 "HTTP/1.1 200 OK"
INFO:httpx:HTTP Request: GET http://localhost:8000/sessions/1463e235-6fff-4a3c-a9b0-6fdcacb0bd24 "HTTP/1.1 200 OK"
INFO:httpx:HTTP Request: GET http://localhost:8000/sessions/1463e235-6fff-4a3c-a9b0-6fdcacb0bd24 "HTTP/1.1 200 OK"
INFO:httpx:HTTP Request: GET http://localhost:8000/sessions/1463e235-6fff-4a3c-a9b0-6fdcacb0bd24 "HTTP/1.1 200 OK"
INFO:httpx:HTTP Request: GET http://localhost:8000/sessions/1463e235-6fff-4a3c-a9b0-6fdcacb0bd24 "HTTP/1.1 200 OK"
INFO:httpx:HTTP Request: GET http://localhost:8000/sessions/1463e235-6fff-4a3c-a9b0-6fdcacb0bd24 "HTTP/1.1 200 OK"
INFO:httpx:HTTP Request: GET http://localhost:8000/sessions/1463e235-6fff-4a3c-a9b0-6fdcacb0bd24 "HTTP/1.1 200 OK"
INFO:httpx:HTTP Request: GET http://localhost:8000/sessions/1463e235-6fff-4a3c-a9b0-6fdcacb0bd24 "HTTP/1.1 200 OK"
INFO:httpx:HTTP Request: GET http://localhost:8000/sessions/1463e235-6fff-4a3c-a9b0-6fdcacb0bd24 "HTTP/1.1 200 OK"
INFO:httpx:HTTP Request: GET http://localhost:8000/sessions/1463e235-6fff-4a3c-a9b0-6fdcacb0bd24 "HTTP/1.1 200 OK"
INFO:httpx:HTTP Request: GET http://localhost:8000/sessions/1463e235-6fff-4a3c-a9b0-6fdcacb0bd24 "HTTP/1.1 200 OK"
INFO:httpx:HTTP Request: GET http://localhost:8000/sessions/1463e235-6fff-4a3c-a9b0-6fdcacb0bd24 "HTTP/1.1 200 OK"
INFO:httpx:HTTP Request: GET http://localhost:8000/sessions/1463e235-6fff-4a3c-a9b0-6fdcacb0bd24 "HTTP/1.1 200 OK"
INFO:httpx:HTTP Request: GET http://localhost:8000/sessions/1463e235-6fff-4a3c-a9b0-6fdcacb0bd24 "HTTP/1.1 200 OK"
INFO:httpx:HTTP Request: GET http://localhost:8000/sessions/1463e235-6fff-4a3c-a9b0-6fdcacb0bd24 "HTTP/1.1 200 OK"
INFO:httpx:HTTP Request: GET http://localhost:8000/sessions/1463e235-6fff-4a3c-a9b0-6fdcacb0bd24 "HTTP/1.1 200 OK"
INFO:httpx:HTTP Request: GET http://localhost:8000/sessions/1463e235-6fff-4a3c-a9b0-6fdcacb0bd24 "HTTP/1.1 200 OK"
INFO:httpx:HTTP Request: GET http://localhost:8000/sessions/1463e235-6fff-4a3c-a9b0-6fdcacb0bd24 "HTTP/1.1 200 OK"
INFO:httpx:HTTP Request: GET http://localhost:8000/sessions/1463e235-6fff-4a3c-a9b0-6fdcacb0bd24 "HTTP/1.1 200 OK"
INFO:httpx:HTTP Request: GET http://localhost:8000/sessions/1463e235-6fff-4a3c-a9b0-6fdcacb0bd24 "HTTP/1.1 200 OK"
INFO:httpx:HTTP Request: GET http://localhost:8000/sessions/1463e235-6fff-4a3c-a9b0-6fdcacb0bd24 "HTTP/1.1 200 OK"
INFO:httpx:HTTP Request: GET http://localhost:8000/sessions/1463e235-6fff-4a3c-a9b0-6fdcacb0bd24 "HTTP/1.1 200 OK"
INFO:httpx:HTTP Request: GET http://localhost:8000/sessions/1463e235-6fff-4a3c-a9b0-6fdcacb0bd24 "HTTP/1.1 200 OK"
INFO:httpx:HTTP Request: GET http://localhost:8000/sessions/1463e235-6fff-4a3c-a9b0-6fdcacb0bd24 "HTTP/1.1 200 OK"
INFO:httpx:HTTP Request: GET http://localhost:8000/sessions/1463e235-6fff-4a3c-a9b0-6fdcacb0bd24 "HTTP/1.1 200 OK"
INFO:httpx:HTTP Request: GET http://localhost:8000/sessions/1463e235-6fff-4a3c-a9b0-6fdcacb0bd24 "HTTP/1.1 200 OK"
INFO:httpx:HTTP Request: GET http://localhost:8000/sessions/1463e235-6fff-4a3c-a9b0-6fdcacb0bd24 "HTTP/1.1 200 OK"
INFO:httpx:HTTP Request: GET http://localhost:8000/sessions/1463e235-6fff-4a3c-a9b0-6fdcacb0bd24 "HTTP/1.1 200 OK"
INFO:httpx:HTTP Request: GET http://localhost:8000/sessions/1463e235-6fff-4a3c-a9b0-6fdcacb0bd24 "HTTP/1.1 200 OK"
INFO:httpx:HTTP Request: GET http://localhost:8000/sessions/1463e235-6fff-4a3c-a9b0-6fdcacb0bd24 "HTTP/1.1 200 OK"
INFO:httpx:HTTP Request: GET http://localhost:8000/sessions/1463e235-6fff-4a3c-a9b0-6fdcacb0bd24 "HTTP/1.1 200 OK"
INFO:httpx:HTTP Request: GET http://localhost:8000/sessions/1463e235-6fff-4a3c-a9b0-6fdcacb0bd24 "HTTP/1.1 200 OK"
INFO:httpx:HTTP Request: GET http://localhost:8000/sessions/1463e235-6fff-4a3c-a9b0-6fdcacb0bd24 "HTTP/1.1 200 OK"
INFO:httpx:HTTP Request: GET http://localhost:8000/sessions/1463e235-6fff-4a3c-a9b0-6fdcacb0bd24 "HTTP/1.1 200 OK"
INFO:httpx:HTTP Request: GET http://localhost:8000/sessions/1463e235-6fff-4a3c-a9b0-6fdcacb0bd24 "HTTP/1.1 200 OK"
INFO:httpx:HTTP Request: GET http://localhost:8000/sessions/1463e235-6fff-4a3c-a9b0-6fdcacb0bd24 "HTTP/1.1 200 OK"
INFO:httpx:HTTP Request: GET http://localhost:8000/sessions/1463e235-6fff-4a3c-a9b0-6fdcacb0bd24 "HTTP/1.1 200 OK"
INFO:httpx:HTTP Request: GET http://localhost:8000/sessions/1463e235-6fff-4a3c-a9b0-6fdcacb0bd24 "HTTP/1.1 200 OK"
INFO:httpx:HTTP Request: GET http://localhost:8000/sessions/1463e235-6fff-4a3c-a9b0-6fdcacb0bd24 "HTTP/1.1 200 OK"
INFO:httpx:HTTP Request: GET http://localhost:8000/sessions/1463e235-6fff-4a3c-a9b0-6fdcacb0bd24 "HTTP/1.1 200 OK"
INFO:httpx:HTTP Request: GET http://localhost:8000/sessions/1463e235-6fff-4a3c-a9b0-6fdcacb0bd24 "HTTP/1.1 200 OK"
INFO:httpx:HTTP Request: GET http://localhost:8000/sessions/1463e235-6fff-4a3c-a9b0-6fdcacb0bd24 "HTTP/1.1 200 OK"
INFO:httpx:HTTP Request: GET http://localhost:8000/sessions/1463e235-6fff-4a3c-a9b0-6fdcacb0bd24 "HTTP/1.1 200 OK"
INFO:httpx:HTTP Request: GET http://localhost:8000/sessions/1463e235-6fff-4a3c-a9b0-6fdcacb0bd24 "HTTP/1.1 200 OK"
INFO:httpx:HTTP Request: GET http://localhost:8000/sessions/1463e235-6fff-4a3c-a9b0-6fdcacb0bd24 "HTTP/1.1 200 OK"
INFO:httpx:HTTP Request: GET http://localhost:8000/sessions/1463e235-6fff-4a3c-a9b0-6fdcacb0bd24 "HTTP/1.1 200 OK"
INFO:httpx:HTTP Request: GET http://localhost:8000/sessions/1463e235-6fff-4a3c-a9b0-6fdcacb0bd24 "HTTP/1.1 200 OK"
INFO:httpx:HTTP Request: GET http://localhost:8000/sessions/1463e235-6fff-4a3c-a9b0-6fdcacb0bd24 "HTTP/1.1 200 OK"
INFO:httpx:HTTP Request: GET http://localhost:8000/sessions/1463e235-6fff-4a3c-a9b0-6fdcacb0bd24 "HTTP/1.1 200 OK"
INFO:httpx:HTTP Request: GET http://localhost:8000/sessions/1463e235-6fff-4a3c-a9b0-6fdcacb0bd24 "HTTP/1.1 200 OK"
INFO:httpx:HTTP Request: GET http://localhost:8000/sessions/1463e235-6fff-4a3c-a9b0-6fdcacb0bd24 "HTTP/1.1 200 OK"
INFO:httpx:HTTP Request: GET http://localhost:8000/sessions/1463e235-6fff-4a3c-a9b0-6fdcacb0bd24 "HTTP/1.1 200 OK"
INFO:httpx:HTTP Request: GET http://localhost:8000/sessions/1463e235-6fff-4a3c-a9b0-6fdcacb0bd24 "HTTP/1.1 200 OK"
INFO:httpx:HTTP Request: GET http://localhost:8000/sessions/1463e235-6fff-4a3c-a9b0-6fdcacb0bd24 "HTTP/1.1 200 OK"
INFO:httpx:HTTP Request: GET http://localhost:8000/sessions/1463e235-6fff-4a3c-a9b0-6fdcacb0bd24 "HTTP/1.1 200 OK"
INFO:httpx:HTTP Request: GET http://localhost:8000/sessions/1463e235-6fff-4a3c-a9b0-6fdcacb0bd24 "HTTP/1.1 200 OK"
INFO:httpx:HTTP Request: GET http://localhost:8000/sessions/1463e235-6fff-4a3c-a9b0-6fdcacb0bd24 "HTTP/1.1 200 OK"
INFO:httpx:HTTP Request: GET http://localhost:8000/sessions/1463e235-6fff-4a3c-a9b0-6fdcacb0bd24 "HTTP/1.1 200 OK"
INFO:     Shutting down
INFO:     Finished server process [1062]
