INFO:     Started server process [1185]
INFO:     Waiting for application startup.
INFO:httpx:HTTP Request: POST http://localhost:8000/nodes/register "HTTP/1.1 200 OK"
INFO:node.base:[alice-14] Registered → node_id=d1bcd27b
INFO:node.base:[alice-14] Started  node_id=d1bcd27b role=sender
INFO:     Application startup complete.
INFO:     Uvicorn running on http://0.0.0.0:8114 (Press CTRL+C to quit)
INFO:     127.0.0.1:48108 - "GET /health HTTP/1.1" 200 OK
INFO:httpx:HTTP Request: POST http://localhost:8000/sessions "HTTP/1.1 202 Accepted"
INFO:alice:[Alice] Worker spawned session=dd0f04f4 queue=qubit_send_dd0f04f4 pid=1418
INFO:alice:[Alice] Session dd0f04f4 created n_qubits=1024 qkdl=http://localhost:9093 queue=qubit_send_dd0f04f4
INFO:     127.0.0.1:48114 - "POST /start?receiver_label=bob-14&n_qubits=1024&batch_size=10 HTTP/1.1" 200 OK
INFO:httpx:HTTP Request: GET http://localhost:8000/sessions/dd0f04f4-a1ed-4650-a469-39b1f20ae2b3 "HTTP/1.1 200 OK"
INFO:httpx:HTTP Request: GET http://localhost:8000/sessions/dd0f04f4-a1ed-4650-a469-39b1f20ae2b3 "HTTP/1.1 200 OK"
INFO:httpx:HTTP Request: GET http://localhost:8000/sessions/dd0f04f4-a1ed-4650-a469-39b1f20ae2b3 "HTTP/1.1 200 OK"
INFO:httpx:HTTP Request: GET http://localhost:8000/sessions/dd0f04f4-a1ed-4650-a469-39b1f20ae2b3 "HTTP/1.1 200 OK"
INFO:httpx:HTTP Request: GET http://localhost:8000/sessions/dd0f04f4-a1ed-4650-a469-39b1f20ae2b3 "HTTP/1.1 200 OK"
INFO:httpx:HTTP Request: GET http://localhost:8000/sessions/dd0f04f4-a1ed-4650-a469-39b1f20ae2b3 "HTTP/1.1 200 OK"
INFO:httpx:HTTP Request: GET http://localhost:8000/sessions/dd0f04f4-a1ed-4650-a469-39b1f20ae2b3 "HTTP/1.1 200 OK"
INFO:httpx:HTTP Request: GET http://localhost:8000/sessions/dd0f04f4-a1ed-4650-a469-39b1f20ae2b3 "HTTP/1.1 200 OK"
INFO:httpx:HTTP Request: GET http://localhost:8000/sessions/dd0f04f4-a1ed-4650-a469-39b1f20ae2b3 "HTTP/1.1 200 OK"
INFO:httpx:HTTP Request: GET http://localhost:8000/sessions/dd0f04f4-a1ed-4650-a469-39b1f20ae2b3 "HTTP/1.1 200 OK"
INFO:     127.0.0.1:51694 - "POST /webhook HTTP/1.1" 200 OK
INFO:alice:[Alice] Receiver joined dd0f04f4  dispatching pipeline
INFO:httpx:HTTP Request: GET http://localhost:8000/sessions/dd0f04f4-a1ed-4650-a469-39b1f20ae2b3 "HTTP/1.1 200 OK"
INFO:alice:[Alice] Dispatching pipeline session=dd0f04f4 batches=103 qkdl=http://localhost:9093 queue=qubit_send_dd0f04f4
INFO:httpx:HTTP Request: GET http://localhost:8000/sessions/dd0f04f4-a1ed-4650-a469-39b1f20ae2b3 "HTTP/1.1 200 OK"
INFO:httpx:HTTP Request: GET http://localhost:8000/sessions/dd0f04f4-a1ed-4650-a469-39b1f20ae2b3 "HTTP/1.1 200 OK"
INFO:httpx:HTTP Request: GET http://localhost:8000/sessions/dd0f04f4-a1ed-4650-a469-39b1f20ae2b3 "HTTP/1.1 200 OK"
INFO:httpx:HTTP Request: GET http://localhost:8000/sessions/dd0f04f4-a1ed-4650-a469-39b1f20ae2b3 "HTTP/1.1 200 OK"
INFO:alice:[Alice] Pipeline dispatched session=dd0f04f4 (103 QTT → ST → QKT → NT) queue=qubit_send_dd0f04f4
INFO:httpx:HTTP Request: GET http://localhost:8000/sessions/dd0f04f4-a1ed-4650-a469-39b1f20ae2b3 "HTTP/1.1 200 OK"
INFO:httpx:HTTP Request: GET http://localhost:8000/sessions/dd0f04f4-a1ed-4650-a469-39b1f20ae2b3 "HTTP/1.1 200 OK"
INFO:httpx:HTTP Request: GET http://localhost:8000/sessions/dd0f04f4-a1ed-4650-a469-39b1f20ae2b3 "HTTP/1.1 200 OK"
INFO:httpx:HTTP Request: GET http://localhost:8000/sessions/dd0f04f4-a1ed-4650-a469-39b1f20ae2b3 "HTTP/1.1 200 OK"
INFO:httpx:HTTP Request: GET http://localhost:8000/sessions/dd0f04f4-a1ed-4650-a469-39b1f20ae2b3 "HTTP/1.1 200 OK"
INFO:httpx:HTTP Request: GET http://localhost:8000/sessions/dd0f04f4-a1ed-4650-a469-39b1f20ae2b3 "HTTP/1.1 200 OK"
INFO:httpx:HTTP Request: GET http://localhost:8000/sessions/dd0f04f4-a1ed-4650-a469-39b1f20ae2b3 "HTTP/1.1 200 OK"
INFO:httpx:HTTP Request: GET http://localhost:8000/sessions/dd0f04f4-a1ed-4650-a469-39b1f20ae2b3 "HTTP/1.1 200 OK"
INFO:httpx:HTTP Request: GET http://localhost:8000/sessions/dd0f04f4-a1ed-4650-a469-39b1f20ae2b3 "HTTP/1.1 200 OK"
INFO:httpx:HTTP Request: GET http://localhost:8000/sessions/dd0f04f4-a1ed-4650-a469-39b1f20ae2b3 "HTTP/1.1 200 OK"
INFO:httpx:HTTP Request: GET http://localhost:8000/sessions/dd0f04f4-a1ed-4650-a469-39b1f20ae2b3 "HTTP/1.1 200 OK"
INFO:httpx:HTTP Request: GET http://localhost:8000/sessions/dd0f04f4-a1ed-4650-a469-39b1f20ae2b3 "HTTP/1.1 200 OK"
INFO:httpx:HTTP Request: GET http://localhost:8000/sessions/dd0f04f4-a1ed-4650-a469-39b1f20ae2b3 "HTTP/1.1 200 OK"
INFO:httpx:HTTP Request: GET http://localhost:8000/sessions/dd0f04f4-a1ed-4650-a469-39b1f20ae2b3 "HTTP/1.1 200 OK"
INFO:httpx:HTTP Request: GET http://localhost:8000/sessions/dd0f04f4-a1ed-4650-a469-39b1f20ae2b3 "HTTP/1.1 200 OK"
INFO:httpx:HTTP Request: GET http://localhost:8000/sessions/dd0f04f4-a1ed-4650-a469-39b1f20ae2b3 "HTTP/1.1 200 OK"
INFO:httpx:HTTP Request: GET http://localhost:8000/sessions/dd0f04f4-a1ed-4650-a469-39b1f20ae2b3 "HTTP/1.1 200 OK"
INFO:httpx:HTTP Request: GET http://localhost:8000/sessions/dd0f04f4-a1ed-4650-a469-39b1f20ae2b3 "HTTP/1.1 200 OK"
INFO:httpx:HTTP Request: GET http://localhost:8000/sessions/dd0f04f4-a1ed-4650-a469-39b1f20ae2b3 "HTTP/1.1 200 OK"
INFO:httpx:HTTP Request: GET http://localhost:8000/sessions/dd0f04f4-a1ed-4650-a469-39b1f20ae2b3 "HTTP/1.1 200 OK"
INFO:httpx:HTTP Request: GET http://localhost:8000/sessions/dd0f04f4-a1ed-4650-a469-39b1f20ae2b3 "HTTP/1.1 200 OK"
INFO:httpx:HTTP Request: GET http://localhost:8000/sessions/dd0f04f4-a1ed-4650-a469-39b1f20ae2b3 "HTTP/1.1 200 OK"
INFO:httpx:HTTP Request: GET http://localhost:8000/sessions/dd0f04f4-a1ed-4650-a469-39b1f20ae2b3 "HTTP/1.1 200 OK"
INFO:httpx:HTTP Request: GET http://localhost:8000/sessions/dd0f04f4-a1ed-4650-a469-39b1f20ae2b3 "HTTP/1.1 200 OK"
INFO:httpx:HTTP Request: GET http://localhost:8000/sessions/dd0f04f4-a1ed-4650-a469-39b1f20ae2b3 "HTTP/1.1 200 OK"
INFO:httpx:HTTP Request: GET http://localhost:8000/sessions/dd0f04f4-a1ed-4650-a469-39b1f20ae2b3 "HTTP/1.1 200 OK"
INFO:httpx:HTTP Request: GET http://localhost:8000/sessions/dd0f04f4-a1ed-4650-a469-39b1f20ae2b3 "HTTP/1.1 200 OK"
INFO:httpx:HTTP Request: GET http://localhost:8000/sessions/dd0f04f4-a1ed-4650-a469-39b1f20ae2b3 "HTTP/1.1 200 OK"
INFO:httpx:HTTP Request: GET http://localhost:8000/sessions/dd0f04f4-a1ed-4650-a469-39b1f20ae2b3 "HTTP/1.1 200 OK"
INFO:httpx:HTTP Request: GET http://localhost:8000/sessions/dd0f04f4-a1ed-4650-a469-39b1f20ae2b3 "HTTP/1.1 200 OK"
INFO:httpx:HTTP Request: GET http://localhost:8000/sessions/dd0f04f4-a1ed-4650-a469-39b1f20ae2b3 "HTTP/1.1 200 OK"
INFO:httpx:HTTP Request: GET http://localhost:8000/sessions/dd0f04f4-a1ed-4650-a469-39b1f20ae2b3 "HTTP/1.1 200 OK"
INFO:httpx:HTTP Request: GET http://localhost:8000/sessions/dd0f04f4-a1ed-4650-a469-39b1f20ae2b3 "HTTP/1.1 200 OK"
INFO:httpx:HTTP Request: GET http://localhost:8000/sessions/dd0f04f4-a1ed-4650-a469-39b1f20ae2b3 "HTTP/1.1 200 OK"
INFO:httpx:HTTP Request: GET http://localhost:8000/sessions/dd0f04f4-a1ed-4650-a469-39b1f20ae2b3 "HTTP/1.1 200 OK"
INFO:httpx:HTTP Request: GET http://localhost:8000/sessions/dd0f04f4-a1ed-4650-a469-39b1f20ae2b3 "HTTP/1.1 200 OK"
INFO:httpx:HTTP Request: GET http://localhost:8000/sessions/dd0f04f4-a1ed-4650-a469-39b1f20ae2b3 "HTTP/1.1 200 OK"
INFO:httpx:HTTP Request: GET http://localhost:8000/sessions/dd0f04f4-a1ed-4650-a469-39b1f20ae2b3 "HTTP/1.1 200 OK"
INFO:httpx:HTTP Request: GET http://localhost:8000/sessions/dd0f04f4-a1ed-4650-a469-39b1f20ae2b3 "HTTP/1.1 200 OK"
INFO:httpx:HTTP Request: GET http://localhost:8000/sessions/dd0f04f4-a1ed-4650-a469-39b1f20ae2b3 "HTTP/1.1 200 OK"
INFO:httpx:HTTP Request: GET http://localhost:8000/sessions/dd0f04f4-a1ed-4650-a469-39b1f20ae2b3 "HTTP/1.1 200 OK"
INFO:httpx:HTTP Request: GET http://localhost:8000/sessions/dd0f04f4-a1ed-4650-a469-39b1f20ae2b3 "HTTP/1.1 200 OK"
INFO:httpx:HTTP Request: GET http://localhost:8000/sessions/dd0f04f4-a1ed-4650-a469-39b1f20ae2b3 "HTTP/1.1 200 OK"
INFO:httpx:HTTP Request: GET http://localhost:8000/sessions/dd0f04f4-a1ed-4650-a469-39b1f20ae2b3 "HTTP/1.1 200 OK"
INFO:httpx:HTTP Request: GET http://localhost:8000/sessions/dd0f04f4-a1ed-4650-a469-39b1f20ae2b3 "HTTP/1.1 200 OK"
INFO:httpx:HTTP Request: GET http://localhost:8000/sessions/dd0f04f4-a1ed-4650-a469-39b1f20ae2b3 "HTTP/1.1 200 OK"
INFO:httpx:HTTP Request: GET http://localhost:8000/sessions/dd0f04f4-a1ed-4650-a469-39b1f20ae2b3 "HTTP/1.1 200 OK"
INFO:httpx:HTTP Request: GET http://localhost:8000/sessions/dd0f04f4-a1ed-4650-a469-39b1f20ae2b3 "HTTP/1.1 200 OK"
INFO:httpx:HTTP Request: GET http://localhost:8000/sessions/dd0f04f4-a1ed-4650-a469-39b1f20ae2b3 "HTTP/1.1 200 OK"
INFO:httpx:HTTP Request: GET http://localhost:8000/sessions/dd0f04f4-a1ed-4650-a469-39b1f20ae2b3 "HTTP/1.1 200 OK"
INFO:httpx:HTTP Request: GET http://localhost:8000/sessions/dd0f04f4-a1ed-4650-a469-39b1f20ae2b3 "HTTP/1.1 200 OK"
INFO:httpx:HTTP Request: GET http://localhost:8000/sessions/dd0f04f4-a1ed-4650-a469-39b1f20ae2b3 "HTTP/1.1 200 OK"
INFO:httpx:HTTP Request: GET http://localhost:8000/sessions/dd0f04f4-a1ed-4650-a469-39b1f20ae2b3 "HTTP/1.1 200 OK"
INFO:httpx:HTTP Request: GET http://localhost:8000/sessions/dd0f04f4-a1ed-4650-a469-39b1f20ae2b3 "HTTP/1.1 200 OK"
INFO:httpx:HTTP Request: GET http://localhost:8000/sessions/dd0f04f4-a1ed-4650-a469-39b1f20ae2b3 "HTTP/1.1 200 OK"
INFO:httpx:HTTP Request: GET http://localhost:8000/sessions/dd0f04f4-a1ed-4650-a469-39b1f20ae2b3 "HTTP/1.1 200 OK"
INFO:httpx:HTTP Request: GET http://localhost:8000/sessions/dd0f04f4-a1ed-4650-a469-39b1f20ae2b3 "HTTP/1.1 200 OK"
INFO:httpx:HTTP Request: GET http://localhost:8000/sessions/dd0f04f4-a1ed-4650-a469-39b1f20ae2b3 "HTTP/1.1 200 OK"
INFO:httpx:HTTP Request: GET http://localhost:8000/sessions/dd0f04f4-a1ed-4650-a469-39b1f20ae2b3 "HTTP/1.1 200 OK"
INFO:httpx:HTTP Request: GET http://localhost:8000/sessions/dd0f04f4-a1ed-4650-a469-39b1f20ae2b3 "HTTP/1.1 200 OK"
INFO:httpx:HTTP Request: GET http://localhost:8000/sessions/dd0f04f4-a1ed-4650-a469-39b1f20ae2b3 "HTTP/1.1 200 OK"
INFO:httpx:HTTP Request: GET http://localhost:8000/sessions/dd0f04f4-a1ed-4650-a469-39b1f20ae2b3 "HTTP/1.1 200 OK"
INFO:httpx:HTTP Request: GET http://localhost:8000/sessions/dd0f04f4-a1ed-4650-a469-39b1f20ae2b3 "HTTP/1.1 200 OK"
INFO:httpx:HTTP Request: GET http://localhost:8000/sessions/dd0f04f4-a1ed-4650-a469-39b1f20ae2b3 "HTTP/1.1 200 OK"
INFO:httpx:HTTP Request: GET http://localhost:8000/sessions/dd0f04f4-a1ed-4650-a469-39b1f20ae2b3 "HTTP/1.1 200 OK"
INFO:httpx:HTTP Request: GET http://localhost:8000/sessions/dd0f04f4-a1ed-4650-a469-39b1f20ae2b3 "HTTP/1.1 200 OK"
INFO:httpx:HTTP Request: GET http://localhost:8000/sessions/dd0f04f4-a1ed-4650-a469-39b1f20ae2b3 "HTTP/1.1 200 OK"
INFO:httpx:HTTP Request: GET http://localhost:8000/sessions/dd0f04f4-a1ed-4650-a469-39b1f20ae2b3 "HTTP/1.1 200 OK"
INFO:httpx:HTTP Request: GET http://localhost:8000/sessions/dd0f04f4-a1ed-4650-a469-39b1f20ae2b3 "HTTP/1.1 200 OK"
INFO:httpx:HTTP Request: GET http://localhost:8000/sessions/dd0f04f4-a1ed-4650-a469-39b1f20ae2b3 "HTTP/1.1 200 OK"
INFO:httpx:HTTP Request: GET http://localhost:8000/sessions/dd0f04f4-a1ed-4650-a469-39b1f20ae2b3 "HTTP/1.1 200 OK"
INFO:httpx:HTTP Request: GET http://localhost:8000/sessions/dd0f04f4-a1ed-4650-a469-39b1f20ae2b3 "HTTP/1.1 200 OK"
INFO:httpx:HTTP Request: GET http://localhost:8000/sessions/dd0f04f4-a1ed-4650-a469-39b1f20ae2b3 "HTTP/1.1 200 OK"
INFO:httpx:HTTP Request: GET http://localhost:8000/sessions/dd0f04f4-a1ed-4650-a469-39b1f20ae2b3 "HTTP/1.1 200 OK"
INFO:httpx:HTTP Request: GET http://localhost:8000/sessions/dd0f04f4-a1ed-4650-a469-39b1f20ae2b3 "HTTP/1.1 200 OK"
INFO:httpx:HTTP Request: GET http://localhost:8000/sessions/dd0f04f4-a1ed-4650-a469-39b1f20ae2b3 "HTTP/1.1 200 OK"
INFO:httpx:HTTP Request: GET http://localhost:8000/sessions/dd0f04f4-a1ed-4650-a469-39b1f20ae2b3 "HTTP/1.1 200 OK"
INFO:httpx:HTTP Request: GET http://localhost:8000/sessions/dd0f04f4-a1ed-4650-a469-39b1f20ae2b3 "HTTP/1.1 200 OK"
INFO:httpx:HTTP Request: GET http://localhost:8000/sessions/dd0f04f4-a1ed-4650-a469-39b1f20ae2b3 "HTTP/1.1 200 OK"
INFO:httpx:HTTP Request: GET http://localhost:8000/sessions/dd0f04f4-a1ed-4650-a469-39b1f20ae2b3 "HTTP/1.1 200 OK"
INFO:httpx:HTTP Request: GET http://localhost:8000/sessions/dd0f04f4-a1ed-4650-a469-39b1f20ae2b3 "HTTP/1.1 200 OK"
INFO:httpx:HTTP Request: GET http://localhost:8000/sessions/dd0f04f4-a1ed-4650-a469-39b1f20ae2b3 "HTTP/1.1 200 OK"
INFO:httpx:HTTP Request: GET http://localhost:8000/sessions/dd0f04f4-a1ed-4650-a469-39b1f20ae2b3 "HTTP/1.1 200 OK"
INFO:httpx:HTTP Request: GET http://localhost:8000/sessions/dd0f04f4-a1ed-4650-a469-39b1f20ae2b3 "HTTP/1.1 200 OK"
INFO:httpx:HTTP Request: GET http://localhost:8000/sessions/dd0f04f4-a1ed-4650-a469-39b1f20ae2b3 "HTTP/1.1 200 OK"
INFO:httpx:HTTP Request: GET http://localhost:8000/sessions/dd0f04f4-a1ed-4650-a469-39b1f20ae2b3 "HTTP/1.1 200 OK"
INFO:httpx:HTTP Request: GET http://localhost:8000/sessions/dd0f04f4-a1ed-4650-a469-39b1f20ae2b3 "HTTP/1.1 200 OK"
INFO:httpx:HTTP Request: GET http://localhost:8000/sessions/dd0f04f4-a1ed-4650-a469-39b1f20ae2b3 "HTTP/1.1 200 OK"
INFO:httpx:HTTP Request: GET http://localhost:8000/sessions/dd0f04f4-a1ed-4650-a469-39b1f20ae2b3 "HTTP/1.1 200 OK"
INFO:httpx:HTTP Request: GET http://localhost:8000/sessions/dd0f04f4-a1ed-4650-a469-39b1f20ae2b3 "HTTP/1.1 200 OK"
INFO:httpx:HTTP Request: GET http://localhost:8000/sessions/dd0f04f4-a1ed-4650-a469-39b1f20ae2b3 "HTTP/1.1 200 OK"
INFO:httpx:HTTP Request: GET http://localhost:8000/sessions/dd0f04f4-a1ed-4650-a469-39b1f20ae2b3 "HTTP/1.1 200 OK"
INFO:httpx:HTTP Request: GET http://localhost:8000/sessions/dd0f04f4-a1ed-4650-a469-39b1f20ae2b3 "HTTP/1.1 200 OK"
INFO:httpx:HTTP Request: GET http://localhost:8000/sessions/dd0f04f4-a1ed-4650-a469-39b1f20ae2b3 "HTTP/1.1 200 OK"
INFO:httpx:HTTP Request: GET http://localhost:8000/sessions/dd0f04f4-a1ed-4650-a469-39b1f20ae2b3 "HTTP/1.1 200 OK"
INFO:httpx:HTTP Request: GET http://localhost:8000/sessions/dd0f04f4-a1ed-4650-a469-39b1f20ae2b3 "HTTP/1.1 200 OK"
INFO:httpx:HTTP Request: GET http://localhost:8000/sessions/dd0f04f4-a1ed-4650-a469-39b1f20ae2b3 "HTTP/1.1 200 OK"
INFO:httpx:HTTP Request: GET http://localhost:8000/sessions/dd0f04f4-a1ed-4650-a469-39b1f20ae2b3 "HTTP/1.1 200 OK"
INFO:httpx:HTTP Request: GET http://localhost:8000/sessions/dd0f04f4-a1ed-4650-a469-39b1f20ae2b3 "HTTP/1.1 200 OK"
INFO:httpx:HTTP Request: GET http://localhost:8000/sessions/dd0f04f4-a1ed-4650-a469-39b1f20ae2b3 "HTTP/1.1 200 OK"
INFO:httpx:HTTP Request: GET http://localhost:8000/sessions/dd0f04f4-a1ed-4650-a469-39b1f20ae2b3 "HTTP/1.1 200 OK"
INFO:httpx:HTTP Request: GET http://localhost:8000/sessions/dd0f04f4-a1ed-4650-a469-39b1f20ae2b3 "HTTP/1.1 200 OK"
INFO:httpx:HTTP Request: GET http://localhost:8000/sessions/dd0f04f4-a1ed-4650-a469-39b1f20ae2b3 "HTTP/1.1 200 OK"
INFO:     127.0.0.1:38078 - "POST /webhook HTTP/1.1" 200 OK
INFO:httpx:HTTP Request: GET http://localhost:8000/sessions/dd0f04f4-a1ed-4650-a469-39b1f20ae2b3 "HTTP/1.1 200 OK"
INFO:httpx:HTTP Request: GET http://localhost:8000/sessions/dd0f04f4-a1ed-4650-a469-39b1f20ae2b3 "HTTP/1.1 200 OK"
INFO:httpx:HTTP Request: GET http://localhost:8000/sessions/dd0f04f4-a1ed-4650-a469-39b1f20ae2b3 "HTTP/1.1 200 OK"
INFO:httpx:HTTP Request: GET http://localhost:8000/sessions/dd0f04f4-a1ed-4650-a469-39b1f20ae2b3 "HTTP/1.1 200 OK"
INFO:httpx:HTTP Request: GET http://localhost:8000/sessions/dd0f04f4-a1ed-4650-a469-39b1f20ae2b3 "HTTP/1.1 200 OK"
INFO:httpx:HTTP Request: GET http://localhost:8000/sessions/dd0f04f4-a1ed-4650-a469-39b1f20ae2b3 "HTTP/1.1 200 OK"
INFO:alice:[Alice] Poll detected terminal status session=dd0f04f4 status=done
INFO:alice:[Alice] Worker terminated session=dd0f04f4 pid=1418
INFO:     127.0.0.1:39360 - "GET /health HTTP/1.1" 200 OK
INFO:httpx:HTTP Request: POST http://localhost:8000/sessions "HTTP/1.1 202 Accepted"
INFO:alice:[Alice] Worker spawned session=4c49c941 queue=qubit_send_4c49c941 pid=274518
INFO:alice:[Alice] Session 4c49c941 created n_qubits=1024 qkdl=http://localhost:8033 queue=qubit_send_4c49c941
INFO:     127.0.0.1:39376 - "POST /start?receiver_label=bob-14&n_qubits=1024&batch_size=10 HTTP/1.1" 200 OK
INFO:httpx:HTTP Request: GET http://localhost:8000/sessions/4c49c941-3305-4680-9089-d72f5ad5f8bb "HTTP/1.1 200 OK"
INFO:httpx:HTTP Request: GET http://localhost:8000/sessions/4c49c941-3305-4680-9089-d72f5ad5f8bb "HTTP/1.1 200 OK"
INFO:httpx:HTTP Request: GET http://localhost:8000/sessions/4c49c941-3305-4680-9089-d72f5ad5f8bb "HTTP/1.1 200 OK"
INFO:httpx:HTTP Request: GET http://localhost:8000/sessions/4c49c941-3305-4680-9089-d72f5ad5f8bb "HTTP/1.1 200 OK"
INFO:     127.0.0.1:47422 - "POST /webhook HTTP/1.1" 200 OK
INFO:alice:[Alice] Receiver joined 4c49c941  dispatching pipeline
INFO:httpx:HTTP Request: GET http://localhost:8000/sessions/4c49c941-3305-4680-9089-d72f5ad5f8bb "HTTP/1.1 200 OK"
INFO:alice:[Alice] Dispatching pipeline session=4c49c941 batches=103 qkdl=http://localhost:8033 queue=qubit_send_4c49c941
INFO:httpx:HTTP Request: GET http://localhost:8000/sessions/4c49c941-3305-4680-9089-d72f5ad5f8bb "HTTP/1.1 200 OK"
INFO:alice:[Alice] Pipeline dispatched session=4c49c941 (103 QTT → ST → QKT → NT) queue=qubit_send_4c49c941
INFO:httpx:HTTP Request: GET http://localhost:8000/sessions/4c49c941-3305-4680-9089-d72f5ad5f8bb "HTTP/1.1 200 OK"
INFO:httpx:HTTP Request: GET http://localhost:8000/sessions/4c49c941-3305-4680-9089-d72f5ad5f8bb "HTTP/1.1 200 OK"
INFO:httpx:HTTP Request: GET http://localhost:8000/sessions/4c49c941-3305-4680-9089-d72f5ad5f8bb "HTTP/1.1 200 OK"
INFO:httpx:HTTP Request: GET http://localhost:8000/sessions/4c49c941-3305-4680-9089-d72f5ad5f8bb "HTTP/1.1 200 OK"
INFO:httpx:HTTP Request: GET http://localhost:8000/sessions/4c49c941-3305-4680-9089-d72f5ad5f8bb "HTTP/1.1 200 OK"
INFO:httpx:HTTP Request: GET http://localhost:8000/sessions/4c49c941-3305-4680-9089-d72f5ad5f8bb "HTTP/1.1 200 OK"
INFO:httpx:HTTP Request: GET http://localhost:8000/sessions/4c49c941-3305-4680-9089-d72f5ad5f8bb "HTTP/1.1 200 OK"
INFO:httpx:HTTP Request: GET http://localhost:8000/sessions/4c49c941-3305-4680-9089-d72f5ad5f8bb "HTTP/1.1 200 OK"
INFO:httpx:HTTP Request: GET http://localhost:8000/sessions/4c49c941-3305-4680-9089-d72f5ad5f8bb "HTTP/1.1 200 OK"
INFO:httpx:HTTP Request: GET http://localhost:8000/sessions/4c49c941-3305-4680-9089-d72f5ad5f8bb "HTTP/1.1 200 OK"
INFO:httpx:HTTP Request: GET http://localhost:8000/sessions/4c49c941-3305-4680-9089-d72f5ad5f8bb "HTTP/1.1 200 OK"
INFO:httpx:HTTP Request: GET http://localhost:8000/sessions/4c49c941-3305-4680-9089-d72f5ad5f8bb "HTTP/1.1 200 OK"
INFO:httpx:HTTP Request: GET http://localhost:8000/sessions/4c49c941-3305-4680-9089-d72f5ad5f8bb "HTTP/1.1 200 OK"
INFO:httpx:HTTP Request: GET http://localhost:8000/sessions/4c49c941-3305-4680-9089-d72f5ad5f8bb "HTTP/1.1 200 OK"
INFO:httpx:HTTP Request: GET http://localhost:8000/sessions/4c49c941-3305-4680-9089-d72f5ad5f8bb "HTTP/1.1 200 OK"
INFO:httpx:HTTP Request: GET http://localhost:8000/sessions/4c49c941-3305-4680-9089-d72f5ad5f8bb "HTTP/1.1 200 OK"
INFO:httpx:HTTP Request: GET http://localhost:8000/sessions/4c49c941-3305-4680-9089-d72f5ad5f8bb "HTTP/1.1 200 OK"
INFO:httpx:HTTP Request: GET http://localhost:8000/sessions/4c49c941-3305-4680-9089-d72f5ad5f8bb "HTTP/1.1 200 OK"
INFO:httpx:HTTP Request: GET http://localhost:8000/sessions/4c49c941-3305-4680-9089-d72f5ad5f8bb "HTTP/1.1 200 OK"
INFO:httpx:HTTP Request: GET http://localhost:8000/sessions/4c49c941-3305-4680-9089-d72f5ad5f8bb "HTTP/1.1 200 OK"
INFO:httpx:HTTP Request: GET http://localhost:8000/sessions/4c49c941-3305-4680-9089-d72f5ad5f8bb "HTTP/1.1 200 OK"
INFO:httpx:HTTP Request: GET http://localhost:8000/sessions/4c49c941-3305-4680-9089-d72f5ad5f8bb "HTTP/1.1 200 OK"
INFO:httpx:HTTP Request: GET http://localhost:8000/sessions/4c49c941-3305-4680-9089-d72f5ad5f8bb "HTTP/1.1 200 OK"
INFO:httpx:HTTP Request: GET http://localhost:8000/sessions/4c49c941-3305-4680-9089-d72f5ad5f8bb "HTTP/1.1 200 OK"
INFO:httpx:HTTP Request: GET http://localhost:8000/sessions/4c49c941-3305-4680-9089-d72f5ad5f8bb "HTTP/1.1 200 OK"
INFO:httpx:HTTP Request: GET http://localhost:8000/sessions/4c49c941-3305-4680-9089-d72f5ad5f8bb "HTTP/1.1 200 OK"
INFO:httpx:HTTP Request: GET http://localhost:8000/sessions/4c49c941-3305-4680-9089-d72f5ad5f8bb "HTTP/1.1 200 OK"
INFO:httpx:HTTP Request: GET http://localhost:8000/sessions/4c49c941-3305-4680-9089-d72f5ad5f8bb "HTTP/1.1 200 OK"
INFO:httpx:HTTP Request: GET http://localhost:8000/sessions/4c49c941-3305-4680-9089-d72f5ad5f8bb "HTTP/1.1 200 OK"
INFO:httpx:HTTP Request: GET http://localhost:8000/sessions/4c49c941-3305-4680-9089-d72f5ad5f8bb "HTTP/1.1 200 OK"
INFO:httpx:HTTP Request: GET http://localhost:8000/sessions/4c49c941-3305-4680-9089-d72f5ad5f8bb "HTTP/1.1 200 OK"
INFO:httpx:HTTP Request: GET http://localhost:8000/sessions/4c49c941-3305-4680-9089-d72f5ad5f8bb "HTTP/1.1 200 OK"
INFO:httpx:HTTP Request: GET http://localhost:8000/sessions/4c49c941-3305-4680-9089-d72f5ad5f8bb "HTTP/1.1 200 OK"
INFO:httpx:HTTP Request: GET http://localhost:8000/sessions/4c49c941-3305-4680-9089-d72f5ad5f8bb "HTTP/1.1 200 OK"
INFO:httpx:HTTP Request: GET http://localhost:8000/sessions/4c49c941-3305-4680-9089-d72f5ad5f8bb "HTTP/1.1 200 OK"
INFO:httpx:HTTP Request: GET http://localhost:8000/sessions/4c49c941-3305-4680-9089-d72f5ad5f8bb "HTTP/1.1 200 OK"
INFO:httpx:HTTP Request: GET http://localhost:8000/sessions/4c49c941-3305-4680-9089-d72f5ad5f8bb "HTTP/1.1 200 OK"
INFO:httpx:HTTP Request: GET http://localhost:8000/sessions/4c49c941-3305-4680-9089-d72f5ad5f8bb "HTTP/1.1 200 OK"
INFO:httpx:HTTP Request: GET http://localhost:8000/sessions/4c49c941-3305-4680-9089-d72f5ad5f8bb "HTTP/1.1 200 OK"
INFO:httpx:HTTP Request: GET http://localhost:8000/sessions/4c49c941-3305-4680-9089-d72f5ad5f8bb "HTTP/1.1 200 OK"
INFO:httpx:HTTP Request: GET http://localhost:8000/sessions/4c49c941-3305-4680-9089-d72f5ad5f8bb "HTTP/1.1 200 OK"
INFO:httpx:HTTP Request: GET http://localhost:8000/sessions/4c49c941-3305-4680-9089-d72f5ad5f8bb "HTTP/1.1 200 OK"
INFO:httpx:HTTP Request: GET http://localhost:8000/sessions/4c49c941-3305-4680-9089-d72f5ad5f8bb "HTTP/1.1 200 OK"
INFO:httpx:HTTP Request: GET http://localhost:8000/sessions/4c49c941-3305-4680-9089-d72f5ad5f8bb "HTTP/1.1 200 OK"
INFO:httpx:HTTP Request: GET http://localhost:8000/sessions/4c49c941-3305-4680-9089-d72f5ad5f8bb "HTTP/1.1 200 OK"
INFO:httpx:HTTP Request: GET http://localhost:8000/sessions/4c49c941-3305-4680-9089-d72f5ad5f8bb "HTTP/1.1 200 OK"
INFO:httpx:HTTP Request: GET http://localhost:8000/sessions/4c49c941-3305-4680-9089-d72f5ad5f8bb "HTTP/1.1 200 OK"
INFO:httpx:HTTP Request: GET http://localhost:8000/sessions/4c49c941-3305-4680-9089-d72f5ad5f8bb "HTTP/1.1 200 OK"
INFO:httpx:HTTP Request: GET http://localhost:8000/sessions/4c49c941-3305-4680-9089-d72f5ad5f8bb "HTTP/1.1 200 OK"
INFO:httpx:HTTP Request: GET http://localhost:8000/sessions/4c49c941-3305-4680-9089-d72f5ad5f8bb "HTTP/1.1 200 OK"
INFO:httpx:HTTP Request: GET http://localhost:8000/sessions/4c49c941-3305-4680-9089-d72f5ad5f8bb "HTTP/1.1 200 OK"
INFO:httpx:HTTP Request: GET http://localhost:8000/sessions/4c49c941-3305-4680-9089-d72f5ad5f8bb "HTTP/1.1 200 OK"
INFO:httpx:HTTP Request: GET http://localhost:8000/sessions/4c49c941-3305-4680-9089-d72f5ad5f8bb "HTTP/1.1 200 OK"
INFO:httpx:HTTP Request: GET http://localhost:8000/sessions/4c49c941-3305-4680-9089-d72f5ad5f8bb "HTTP/1.1 200 OK"
INFO:httpx:HTTP Request: GET http://localhost:8000/sessions/4c49c941-3305-4680-9089-d72f5ad5f8bb "HTTP/1.1 200 OK"
INFO:httpx:HTTP Request: GET http://localhost:8000/sessions/4c49c941-3305-4680-9089-d72f5ad5f8bb "HTTP/1.1 200 OK"
INFO:httpx:HTTP Request: GET http://localhost:8000/sessions/4c49c941-3305-4680-9089-d72f5ad5f8bb "HTTP/1.1 200 OK"
INFO:httpx:HTTP Request: GET http://localhost:8000/sessions/4c49c941-3305-4680-9089-d72f5ad5f8bb "HTTP/1.1 200 OK"
INFO:httpx:HTTP Request: GET http://localhost:8000/sessions/4c49c941-3305-4680-9089-d72f5ad5f8bb "HTTP/1.1 200 OK"
INFO:httpx:HTTP Request: GET http://localhost:8000/sessions/4c49c941-3305-4680-9089-d72f5ad5f8bb "HTTP/1.1 200 OK"
INFO:httpx:HTTP Request: GET http://localhost:8000/sessions/4c49c941-3305-4680-9089-d72f5ad5f8bb "HTTP/1.1 200 OK"
INFO:httpx:HTTP Request: GET http://localhost:8000/sessions/4c49c941-3305-4680-9089-d72f5ad5f8bb "HTTP/1.1 200 OK"
INFO:httpx:HTTP Request: GET http://localhost:8000/sessions/4c49c941-3305-4680-9089-d72f5ad5f8bb "HTTP/1.1 200 OK"
INFO:httpx:HTTP Request: GET http://localhost:8000/sessions/4c49c941-3305-4680-9089-d72f5ad5f8bb "HTTP/1.1 200 OK"
INFO:httpx:HTTP Request: GET http://localhost:8000/sessions/4c49c941-3305-4680-9089-d72f5ad5f8bb "HTTP/1.1 200 OK"
INFO:     Shutting down
INFO:     Finished server process [1185]
