INFO:     Started server process [1079]
INFO:     Waiting for application startup.
INFO:httpx:HTTP Request: POST http://localhost:8000/nodes/register "HTTP/1.1 200 OK"
INFO:node.base:[alice-6] Registered → node_id=0b622db2
INFO:node.base:[alice-6] Started  node_id=0b622db2 role=sender
INFO:     Application startup complete.
INFO:     Uvicorn running on http://0.0.0.0:8106 (Press CTRL+C to quit)
INFO:     127.0.0.1:55904 - "GET /health HTTP/1.1" 200 OK
INFO:httpx:HTTP Request: POST http://localhost:8000/sessions "HTTP/1.1 202 Accepted"
INFO:alice:[Alice] Worker spawned session=cb66a421 queue=qubit_send_cb66a421 pid=1336
INFO:alice:[Alice] Session cb66a421 created n_qubits=1024 qkdl=http://localhost:8013 queue=qubit_send_cb66a421
INFO:     127.0.0.1:55908 - "POST /start?receiver_label=bob-6&n_qubits=1024&batch_size=10 HTTP/1.1" 200 OK
INFO:httpx:HTTP Request: GET http://localhost:8000/sessions/cb66a421-6808-4e8e-8484-2f65597d6eea "HTTP/1.1 200 OK"
INFO:httpx:HTTP Request: GET http://localhost:8000/sessions/cb66a421-6808-4e8e-8484-2f65597d6eea "HTTP/1.1 200 OK"
INFO:httpx:HTTP Request: GET http://localhost:8000/sessions/cb66a421-6808-4e8e-8484-2f65597d6eea "HTTP/1.1 200 OK"
INFO:httpx:HTTP Request: GET http://localhost:8000/sessions/cb66a421-6808-4e8e-8484-2f65597d6eea "HTTP/1.1 200 OK"
INFO:httpx:HTTP Request: GET http://localhost:8000/sessions/cb66a421-6808-4e8e-8484-2f65597d6eea "HTTP/1.1 200 OK"
INFO:httpx:HTTP Request: GET http://localhost:8000/sessions/cb66a421-6808-4e8e-8484-2f65597d6eea "HTTP/1.1 200 OK"
INFO:httpx:HTTP Request: GET http://localhost:8000/sessions/cb66a421-6808-4e8e-8484-2f65597d6eea "HTTP/1.1 200 OK"
INFO:httpx:HTTP Request: GET http://localhost:8000/sessions/cb66a421-6808-4e8e-8484-2f65597d6eea "HTTP/1.1 200 OK"
INFO:httpx:HTTP Request: GET http://localhost:8000/sessions/cb66a421-6808-4e8e-8484-2f65597d6eea "HTTP/1.1 200 OK"
INFO:httpx:HTTP Request: GET http://localhost:8000/sessions/cb66a421-6808-4e8e-8484-2f65597d6eea "HTTP/1.1 200 OK"
INFO:httpx:HTTP Request: GET http://localhost:8000/sessions/cb66a421-6808-4e8e-8484-2f65597d6eea "HTTP/1.1 200 OK"
INFO:     127.0.0.1:57322 - "POST /webhook HTTP/1.1" 200 OK
INFO:alice:[Alice] Receiver joined cb66a421  dispatching pipeline
INFO:httpx:HTTP Request: GET http://localhost:8000/sessions/cb66a421-6808-4e8e-8484-2f65597d6eea "HTTP/1.1 200 OK"
INFO:alice:[Alice] Dispatching pipeline session=cb66a421 batches=103 qkdl=http://localhost:8013 queue=qubit_send_cb66a421
INFO:httpx:HTTP Request: GET http://localhost:8000/sessions/cb66a421-6808-4e8e-8484-2f65597d6eea "HTTP/1.1 200 OK"
INFO:httpx:HTTP Request: GET http://localhost:8000/sessions/cb66a421-6808-4e8e-8484-2f65597d6eea "HTTP/1.1 200 OK"
INFO:httpx:HTTP Request: GET http://localhost:8000/sessions/cb66a421-6808-4e8e-8484-2f65597d6eea "HTTP/1.1 200 OK"
INFO:httpx:HTTP Request: GET http://localhost:8000/sessions/cb66a421-6808-4e8e-8484-2f65597d6eea "HTTP/1.1 200 OK"
INFO:alice:[Alice] Pipeline dispatched session=cb66a421 (103 QTT → ST → QKT → NT) queue=qubit_send_cb66a421
INFO:httpx:HTTP Request: GET http://localhost:8000/sessions/cb66a421-6808-4e8e-8484-2f65597d6eea "HTTP/1.1 200 OK"
INFO:httpx:HTTP Request: GET http://localhost:8000/sessions/cb66a421-6808-4e8e-8484-2f65597d6eea "HTTP/1.1 200 OK"
INFO:httpx:HTTP Request: GET http://localhost:8000/sessions/cb66a421-6808-4e8e-8484-2f65597d6eea "HTTP/1.1 200 OK"
INFO:httpx:HTTP Request: GET http://localhost:8000/sessions/cb66a421-6808-4e8e-8484-2f65597d6eea "HTTP/1.1 200 OK"
INFO:httpx:HTTP Request: GET http://localhost:8000/sessions/cb66a421-6808-4e8e-8484-2f65597d6eea "HTTP/1.1 200 OK"
INFO:httpx:HTTP Request: GET http://localhost:8000/sessions/cb66a421-6808-4e8e-8484-2f65597d6eea "HTTP/1.1 200 OK"
INFO:httpx:HTTP Request: GET http://localhost:8000/sessions/cb66a421-6808-4e8e-8484-2f65597d6eea "HTTP/1.1 200 OK"
INFO:httpx:HTTP Request: GET http://localhost:8000/sessions/cb66a421-6808-4e8e-8484-2f65597d6eea "HTTP/1.1 200 OK"
INFO:httpx:HTTP Request: GET http://localhost:8000/sessions/cb66a421-6808-4e8e-8484-2f65597d6eea "HTTP/1.1 200 OK"
INFO:httpx:HTTP Request: GET http://localhost:8000/sessions/cb66a421-6808-4e8e-8484-2f65597d6eea "HTTP/1.1 200 OK"
INFO:httpx:HTTP Request: GET http://localhost:8000/sessions/cb66a421-6808-4e8e-8484-2f65597d6eea "HTTP/1.1 200 OK"
INFO:httpx:HTTP Request: GET http://localhost:8000/sessions/cb66a421-6808-4e8e-8484-2f65597d6eea "HTTP/1.1 200 OK"
INFO:httpx:HTTP Request: GET http://localhost:8000/sessions/cb66a421-6808-4e8e-8484-2f65597d6eea "HTTP/1.1 200 OK"
INFO:httpx:HTTP Request: GET http://localhost:8000/sessions/cb66a421-6808-4e8e-8484-2f65597d6eea "HTTP/1.1 200 OK"
INFO:httpx:HTTP Request: GET http://localhost:8000/sessions/cb66a421-6808-4e8e-8484-2f65597d6eea "HTTP/1.1 200 OK"
INFO:httpx:HTTP Request: GET http://localhost:8000/sessions/cb66a421-6808-4e8e-8484-2f65597d6eea "HTTP/1.1 200 OK"
INFO:httpx:HTTP Request: GET http://localhost:8000/sessions/cb66a421-6808-4e8e-8484-2f65597d6eea "HTTP/1.1 200 OK"
INFO:httpx:HTTP Request: GET http://localhost:8000/sessions/cb66a421-6808-4e8e-8484-2f65597d6eea "HTTP/1.1 200 OK"
INFO:httpx:HTTP Request: GET http://localhost:8000/sessions/cb66a421-6808-4e8e-8484-2f65597d6eea "HTTP/1.1 200 OK"
INFO:httpx:HTTP Request: GET http://localhost:8000/sessions/cb66a421-6808-4e8e-8484-2f65597d6eea "HTTP/1.1 200 OK"
INFO:httpx:HTTP Request: GET http://localhost:8000/sessions/cb66a421-6808-4e8e-8484-2f65597d6eea "HTTP/1.1 200 OK"
INFO:httpx:HTTP Request: GET http://localhost:8000/sessions/cb66a421-6808-4e8e-8484-2f65597d6eea "HTTP/1.1 200 OK"
INFO:httpx:HTTP Request: GET http://localhost:8000/sessions/cb66a421-6808-4e8e-8484-2f65597d6eea "HTTP/1.1 200 OK"
INFO:httpx:HTTP Request: GET http://localhost:8000/sessions/cb66a421-6808-4e8e-8484-2f65597d6eea "HTTP/1.1 200 OK"
INFO:httpx:HTTP Request: GET http://localhost:8000/sessions/cb66a421-6808-4e8e-8484-2f65597d6eea "HTTP/1.1 200 OK"
INFO:httpx:HTTP Request: GET http://localhost:8000/sessions/cb66a421-6808-4e8e-8484-2f65597d6eea "HTTP/1.1 200 OK"
INFO:httpx:HTTP Request: GET http://localhost:8000/sessions/cb66a421-6808-4e8e-8484-2f65597d6eea "HTTP/1.1 200 OK"
INFO:httpx:HTTP Request: GET http://localhost:8000/sessions/cb66a421-6808-4e8e-8484-2f65597d6eea "HTTP/1.1 200 OK"
INFO:httpx:HTTP Request: GET http://localhost:8000/sessions/cb66a421-6808-4e8e-8484-2f65597d6eea "HTTP/1.1 200 OK"
INFO:httpx:HTTP Request: GET http://localhost:8000/sessions/cb66a421-6808-4e8e-8484-2f65597d6eea "HTTP/1.1 200 OK"
INFO:httpx:HTTP Request: GET http://localhost:8000/sessions/cb66a421-6808-4e8e-8484-2f65597d6eea "HTTP/1.1 200 OK"
INFO:httpx:HTTP Request: GET http://localhost:8000/sessions/cb66a421-6808-4e8e-8484-2f65597d6eea "HTTP/1.1 200 OK"
INFO:httpx:HTTP Request: GET http://localhost:8000/sessions/cb66a421-6808-4e8e-8484-2f65597d6eea "HTTP/1.1 200 OK"
INFO:httpx:HTTP Request: GET http://localhost:8000/sessions/cb66a421-6808-4e8e-8484-2f65597d6eea "HTTP/1.1 200 OK"
INFO:httpx:HTTP Request: GET http://localhost:8000/sessions/cb66a421-6808-4e8e-8484-2f65597d6eea "HTTP/1.1 200 OK"
INFO:httpx:HTTP Request: GET http://localhost:8000/sessions/cb66a421-6808-4e8e-8484-2f65597d6eea "HTTP/1.1 200 OK"
INFO:httpx:HTTP Request: GET http://localhost:8000/sessions/cb66a421-6808-4e8e-8484-2f65597d6eea "HTTP/1.1 200 OK"
INFO:httpx:HTTP Request: GET http://localhost:8000/sessions/cb66a421-6808-4e8e-8484-2f65597d6eea "HTTP/1.1 200 OK"
INFO:httpx:HTTP Request: GET http://localhost:8000/sessions/cb66a421-6808-4e8e-8484-2f65597d6eea "HTTP/1.1 200 OK"
INFO:httpx:HTTP Request: GET http://localhost:8000/sessions/cb66a421-6808-4e8e-8484-2f65597d6eea "HTTP/1.1 200 OK"
INFO:httpx:HTTP Request: GET http://localhost:8000/sessions/cb66a421-6808-4e8e-8484-2f65597d6eea "HTTP/1.1 200 OK"
INFO:httpx:HTTP Request: GET http://localhost:8000/sessions/cb66a421-6808-4e8e-8484-2f65597d6eea "HTTP/1.1 200 OK"
INFO:httpx:HTTP Request: GET http://localhost:8000/sessions/cb66a421-6808-4e8e-8484-2f65597d6eea "HTTP/1.1 200 OK"
INFO:httpx:HTTP Request: GET http://localhost:8000/sessions/cb66a421-6808-4e8e-8484-2f65597d6eea "HTTP/1.1 200 OK"
INFO:httpx:HTTP Request: GET http://localhost:8000/sessions/cb66a421-6808-4e8e-8484-2f65597d6eea "HTTP/1.1 200 OK"
INFO:httpx:HTTP Request: GET http://localhost:8000/sessions/cb66a421-6808-4e8e-8484-2f65597d6eea "HTTP/1.1 200 OK"
INFO:httpx:HTTP Request: GET http://localhost:8000/sessions/cb66a421-6808-4e8e-8484-2f65597d6eea "HTTP/1.1 200 OK"
INFO:httpx:HTTP Request: GET http://localhost:8000/sessions/cb66a421-6808-4e8e-8484-2f65597d6eea "HTTP/1.1 200 OK"
INFO:httpx:HTTP Request: GET http://localhost:8000/sessions/cb66a421-6808-4e8e-8484-2f65597d6eea "HTTP/1.1 200 OK"
INFO:httpx:HTTP Request: GET http://localhost:8000/sessions/cb66a421-6808-4e8e-8484-2f65597d6eea "HTTP/1.1 200 OK"
INFO:httpx:HTTP Request: GET http://localhost:8000/sessions/cb66a421-6808-4e8e-8484-2f65597d6eea "HTTP/1.1 200 OK"
INFO:httpx:HTTP Request: GET http://localhost:8000/sessions/cb66a421-6808-4e8e-8484-2f65597d6eea "HTTP/1.1 200 OK"
INFO:httpx:HTTP Request: GET http://localhost:8000/sessions/cb66a421-6808-4e8e-8484-2f65597d6eea "HTTP/1.1 200 OK"
INFO:httpx:HTTP Request: GET http://localhost:8000/sessions/cb66a421-6808-4e8e-8484-2f65597d6eea "HTTP/1.1 200 OK"
INFO:httpx:HTTP Request: GET http://localhost:8000/sessions/cb66a421-6808-4e8e-8484-2f65597d6eea "HTTP/1.1 200 OK"
INFO:httpx:HTTP Request: GET http://localhost:8000/sessions/cb66a421-6808-4e8e-8484-2f65597d6eea "HTTP/1.1 200 OK"
INFO:httpx:HTTP Request: GET http://localhost:8000/sessions/cb66a421-6808-4e8e-8484-2f65597d6eea "HTTP/1.1 200 OK"
INFO:httpx:HTTP Request: GET http://localhost:8000/sessions/cb66a421-6808-4e8e-8484-2f65597d6eea "HTTP/1.1 200 OK"
INFO:httpx:HTTP Request: GET http://localhost:8000/sessions/cb66a421-6808-4e8e-8484-2f65597d6eea "HTTP/1.1 200 OK"
INFO:httpx:HTTP Request: GET http://localhost:8000/sessions/cb66a421-6808-4e8e-8484-2f65597d6eea "HTTP/1.1 200 OK"
INFO:httpx:HTTP Request: GET http://localhost:8000/sessions/cb66a421-6808-4e8e-8484-2f65597d6eea "HTTP/1.1 200 OK"
INFO:httpx:HTTP Request: GET http://localhost:8000/sessions/cb66a421-6808-4e8e-8484-2f65597d6eea "HTTP/1.1 200 OK"
INFO:httpx:HTTP Request: GET http://localhost:8000/sessions/cb66a421-6808-4e8e-8484-2f65597d6eea "HTTP/1.1 200 OK"
INFO:httpx:HTTP Request: GET http://localhost:8000/sessions/cb66a421-6808-4e8e-8484-2f65597d6eea "HTTP/1.1 200 OK"
INFO:httpx:HTTP Request: GET http://localhost:8000/sessions/cb66a421-6808-4e8e-8484-2f65597d6eea "HTTP/1.1 200 OK"
INFO:httpx:HTTP Request: GET http://localhost:8000/sessions/cb66a421-6808-4e8e-8484-2f65597d6eea "HTTP/1.1 200 OK"
INFO:httpx:HTTP Request: GET http://localhost:8000/sessions/cb66a421-6808-4e8e-8484-2f65597d6eea "HTTP/1.1 200 OK"
INFO:httpx:HTTP Request: GET http://localhost:8000/sessions/cb66a421-6808-4e8e-8484-2f65597d6eea "HTTP/1.1 200 OK"
INFO:httpx:HTTP Request: GET http://localhost:8000/sessions/cb66a421-6808-4e8e-8484-2f65597d6eea "HTTP/1.1 200 OK"
INFO:httpx:HTTP Request: GET http://localhost:8000/sessions/cb66a421-6808-4e8e-8484-2f65597d6eea "HTTP/1.1 200 OK"
INFO:httpx:HTTP Request: GET http://localhost:8000/sessions/cb66a421-6808-4e8e-8484-2f65597d6eea "HTTP/1.1 200 OK"
INFO:httpx:HTTP Request: GET http://localhost:8000/sessions/cb66a421-6808-4e8e-8484-2f65597d6eea "HTTP/1.1 200 OK"
INFO:httpx:HTTP Request: GET http://localhost:8000/sessions/cb66a421-6808-4e8e-8484-2f65597d6eea "HTTP/1.1 200 OK"
INFO:httpx:HTTP Request: GET http://localhost:8000/sessions/cb66a421-6808-4e8e-8484-2f65597d6eea "HTTP/1.1 200 OK"
INFO:httpx:HTTP Request: GET http://localhost:8000/sessions/cb66a421-6808-4e8e-8484-2f65597d6eea "HTTP/1.1 200 OK"
INFO:httpx:HTTP Request: GET http://localhost:8000/sessions/cb66a421-6808-4e8e-8484-2f65597d6eea "HTTP/1.1 200 OK"
INFO:httpx:HTTP Request: GET http://localhost:8000/sessions/cb66a421-6808-4e8e-8484-2f65597d6eea "HTTP/1.1 200 OK"
INFO:httpx:HTTP Request: GET http://localhost:8000/sessions/cb66a421-6808-4e8e-8484-2f65597d6eea "HTTP/1.1 200 OK"
INFO:httpx:HTTP Request: GET http://localhost:8000/sessions/cb66a421-6808-4e8e-8484-2f65597d6eea "HTTP/1.1 200 OK"
INFO:httpx:HTTP Request: GET http://localhost:8000/sessions/cb66a421-6808-4e8e-8484-2f65597d6eea "HTTP/1.1 200 OK"
INFO:httpx:HTTP Request: GET http://localhost:8000/sessions/cb66a421-6808-4e8e-8484-2f65597d6eea "HTTP/1.1 200 OK"
INFO:httpx:HTTP Request: GET http://localhost:8000/sessions/cb66a421-6808-4e8e-8484-2f65597d6eea "HTTP/1.1 200 OK"
INFO:httpx:HTTP Request: GET http://localhost:8000/sessions/cb66a421-6808-4e8e-8484-2f65597d6eea "HTTP/1.1 200 OK"
INFO:httpx:HTTP Request: GET http://localhost:8000/sessions/cb66a421-6808-4e8e-8484-2f65597d6eea "HTTP/1.1 200 OK"
INFO:httpx:HTTP Request: GET http://localhost:8000/sessions/cb66a421-6808-4e8e-8484-2f65597d6eea "HTTP/1.1 200 OK"
INFO:httpx:HTTP Request: GET http://localhost:8000/sessions/cb66a421-6808-4e8e-8484-2f65597d6eea "HTTP/1.1 200 OK"
INFO:httpx:HTTP Request: GET http://localhost:8000/sessions/cb66a421-6808-4e8e-8484-2f65597d6eea "HTTP/1.1 200 OK"
INFO:httpx:HTTP Request: GET http://localhost:8000/sessions/cb66a421-6808-4e8e-8484-2f65597d6eea "HTTP/1.1 200 OK"
INFO:httpx:HTTP Request: GET http://localhost:8000/sessions/cb66a421-6808-4e8e-8484-2f65597d6eea "HTTP/1.1 200 OK"
INFO:httpx:HTTP Request: GET http://localhost:8000/sessions/cb66a421-6808-4e8e-8484-2f65597d6eea "HTTP/1.1 200 OK"
INFO:httpx:HTTP Request: GET http://localhost:8000/sessions/cb66a421-6808-4e8e-8484-2f65597d6eea "HTTP/1.1 200 OK"
INFO:httpx:HTTP Request: GET http://localhost:8000/sessions/cb66a421-6808-4e8e-8484-2f65597d6eea "HTTP/1.1 200 OK"
INFO:httpx:HTTP Request: GET http://localhost:8000/sessions/cb66a421-6808-4e8e-8484-2f65597d6eea "HTTP/1.1 200 OK"
INFO:httpx:HTTP Request: GET http://localhost:8000/sessions/cb66a421-6808-4e8e-8484-2f65597d6eea "HTTP/1.1 200 OK"
INFO:httpx:HTTP Request: GET http://localhost:8000/sessions/cb66a421-6808-4e8e-8484-2f65597d6eea "HTTP/1.1 200 OK"
INFO:httpx:HTTP Request: GET http://localhost:8000/sessions/cb66a421-6808-4e8e-8484-2f65597d6eea "HTTP/1.1 200 OK"
INFO:httpx:HTTP Request: GET http://localhost:8000/sessions/cb66a421-6808-4e8e-8484-2f65597d6eea "HTTP/1.1 200 OK"
INFO:httpx:HTTP Request: GET http://localhost:8000/sessions/cb66a421-6808-4e8e-8484-2f65597d6eea "HTTP/1.1 200 OK"
INFO:httpx:HTTP Request: GET http://localhost:8000/sessions/cb66a421-6808-4e8e-8484-2f65597d6eea "HTTP/1.1 200 OK"
INFO:httpx:HTTP Request: GET http://localhost:8000/sessions/cb66a421-6808-4e8e-8484-2f65597d6eea "HTTP/1.1 200 OK"
INFO:httpx:HTTP Request: GET http://localhost:8000/sessions/cb66a421-6808-4e8e-8484-2f65597d6eea "HTTP/1.1 200 OK"
INFO:     127.0.0.1:56154 - "POST /webhook HTTP/1.1" 200 OK
INFO:httpx:HTTP Request: GET http://localhost:8000/sessions/cb66a421-6808-4e8e-8484-2f65597d6eea "HTTP/1.1 200 OK"
INFO:httpx:HTTP Request: GET http://localhost:8000/sessions/cb66a421-6808-4e8e-8484-2f65597d6eea "HTTP/1.1 200 OK"
INFO:httpx:HTTP Request: GET http://localhost:8000/sessions/cb66a421-6808-4e8e-8484-2f65597d6eea "HTTP/1.1 200 OK"
INFO:httpx:HTTP Request: GET http://localhost:8000/sessions/cb66a421-6808-4e8e-8484-2f65597d6eea "HTTP/1.1 200 OK"
INFO:alice:[Alice] Poll detected terminal status session=cb66a421 status=done
INFO:alice:[Alice] Worker terminated session=cb66a421 pid=1336
INFO:     127.0.0.1:49036 - "GET /health HTTP/1.1" 200 OK
INFO:httpx:HTTP Request: POST http://localhost:8000/sessions "HTTP/1.1 202 Accepted"
INFO:alice:[Alice] Worker spawned session=e3aa8f31 queue=qubit_send_e3aa8f31 pid=274598
INFO:alice:[Alice] Session e3aa8f31 created n_qubits=1024 qkdl=http://localhost:9073 queue=qubit_send_e3aa8f31
INFO:     127.0.0.1:49038 - "POST /start?receiver_label=bob-6&n_qubits=1024&batch_size=10 HTTP/1.1" 200 OK
INFO:httpx:HTTP Request: GET http://localhost:8000/sessions/e3aa8f31-0a79-445d-97d4-d351a76df40a "HTTP/1.1 200 OK"
INFO:httpx:HTTP Request: GET http://localhost:8000/sessions/e3aa8f31-0a79-445d-97d4-d351a76df40a "HTTP/1.1 200 OK"
INFO:httpx:HTTP Request: GET http://localhost:8000/sessions/e3aa8f31-0a79-445d-97d4-d351a76df40a "HTTP/1.1 200 OK"
INFO:httpx:HTTP Request: GET http://localhost:8000/sessions/e3aa8f31-0a79-445d-97d4-d351a76df40a "HTTP/1.1 200 OK"
INFO:     127.0.0.1:40382 - "POST /webhook HTTP/1.1" 200 OK
INFO:alice:[Alice] Receiver joined e3aa8f31  dispatching pipeline
INFO:httpx:HTTP Request: GET http://localhost:8000/sessions/e3aa8f31-0a79-445d-97d4-d351a76df40a "HTTP/1.1 200 OK"
INFO:alice:[Alice] Dispatching pipeline session=e3aa8f31 batches=103 qkdl=http://localhost:9073 queue=qubit_send_e3aa8f31
INFO:httpx:HTTP Request: GET http://localhost:8000/sessions/e3aa8f31-0a79-445d-97d4-d351a76df40a "HTTP/1.1 200 OK"
INFO:httpx:HTTP Request: GET http://localhost:8000/sessions/e3aa8f31-0a79-445d-97d4-d351a76df40a "HTTP/1.1 200 OK"
INFO:httpx:HTTP Request: GET http://localhost:8000/sessions/e3aa8f31-0a79-445d-97d4-d351a76df40a "HTTP/1.1 200 OK"
INFO:alice:[Alice] Pipeline dispatched session=e3aa8f31 (103 QTT → ST → QKT → NT) queue=qubit_send_e3aa8f31
INFO:httpx:HTTP Request: GET http://localhost:8000/sessions/e3aa8f31-0a79-445d-97d4-d351a76df40a "HTTP/1.1 200 OK"
INFO:httpx:HTTP Request: GET http://localhost:8000/sessions/e3aa8f31-0a79-445d-97d4-d351a76df40a "HTTP/1.1 200 OK"
INFO:httpx:HTTP Request: GET http://localhost:8000/sessions/e3aa8f31-0a79-445d-97d4-d351a76df40a "HTTP/1.1 200 OK"
INFO:httpx:HTTP Request: GET http://localhost:8000/sessions/e3aa8f31-0a79-445d-97d4-d351a76df40a "HTTP/1.1 200 OK"
INFO:httpx:HTTP Request: GET http://localhost:8000/sessions/e3aa8f31-0a79-445d-97d4-d351a76df40a "HTTP/1.1 200 OK"
INFO:httpx:HTTP Request: GET http://localhost:8000/sessions/e3aa8f31-0a79-445d-97d4-d351a76df40a "HTTP/1.1 200 OK"
INFO:httpx:HTTP Request: GET http://localhost:8000/sessions/e3aa8f31-0a79-445d-97d4-d351a76df40a "HTTP/1.1 200 OK"
INFO:httpx:HTTP Request: GET http://localhost:8000/sessions/e3aa8f31-0a79-445d-97d4-d351a76df40a "HTTP/1.1 200 OK"
INFO:httpx:HTTP Request: GET http://localhost:8000/sessions/e3aa8f31-0a79-445d-97d4-d351a76df40a "HTTP/1.1 200 OK"
INFO:httpx:HTTP Request: GET http://localhost:8000/sessions/e3aa8f31-0a79-445d-97d4-d351a76df40a "HTTP/1.1 200 OK"
INFO:httpx:HTTP Request: GET http://localhost:8000/sessions/e3aa8f31-0a79-445d-97d4-d351a76df40a "HTTP/1.1 200 OK"
INFO:httpx:HTTP Request: GET http://localhost:8000/sessions/e3aa8f31-0a79-445d-97d4-d351a76df40a "HTTP/1.1 200 OK"
INFO:httpx:HTTP Request: GET http://localhost:8000/sessions/e3aa8f31-0a79-445d-97d4-d351a76df40a "HTTP/1.1 200 OK"
INFO:httpx:HTTP Request: GET http://localhost:8000/sessions/e3aa8f31-0a79-445d-97d4-d351a76df40a "HTTP/1.1 200 OK"
INFO:httpx:HTTP Request: GET http://localhost:8000/sessions/e3aa8f31-0a79-445d-97d4-d351a76df40a "HTTP/1.1 200 OK"
INFO:httpx:HTTP Request: GET http://localhost:8000/sessions/e3aa8f31-0a79-445d-97d4-d351a76df40a "HTTP/1.1 200 OK"
INFO:httpx:HTTP Request: GET http://localhost:8000/sessions/e3aa8f31-0a79-445d-97d4-d351a76df40a "HTTP/1.1 200 OK"
INFO:httpx:HTTP Request: GET http://localhost:8000/sessions/e3aa8f31-0a79-445d-97d4-d351a76df40a "HTTP/1.1 200 OK"
INFO:httpx:HTTP Request: GET http://localhost:8000/sessions/e3aa8f31-0a79-445d-97d4-d351a76df40a "HTTP/1.1 200 OK"
INFO:httpx:HTTP Request: GET http://localhost:8000/sessions/e3aa8f31-0a79-445d-97d4-d351a76df40a "HTTP/1.1 200 OK"
INFO:httpx:HTTP Request: GET http://localhost:8000/sessions/e3aa8f31-0a79-445d-97d4-d351a76df40a "HTTP/1.1 200 OK"
INFO:httpx:HTTP Request: GET http://localhost:8000/sessions/e3aa8f31-0a79-445d-97d4-d351a76df40a "HTTP/1.1 200 OK"
INFO:httpx:HTTP Request: GET http://localhost:8000/sessions/e3aa8f31-0a79-445d-97d4-d351a76df40a "HTTP/1.1 200 OK"
INFO:httpx:HTTP Request: GET http://localhost:8000/sessions/e3aa8f31-0a79-445d-97d4-d351a76df40a "HTTP/1.1 200 OK"
INFO:httpx:HTTP Request: GET http://localhost:8000/sessions/e3aa8f31-0a79-445d-97d4-d351a76df40a "HTTP/1.1 200 OK"
INFO:httpx:HTTP Request: GET http://localhost:8000/sessions/e3aa8f31-0a79-445d-97d4-d351a76df40a "HTTP/1.1 200 OK"
INFO:httpx:HTTP Request: GET http://localhost:8000/sessions/e3aa8f31-0a79-445d-97d4-d351a76df40a "HTTP/1.1 200 OK"
INFO:httpx:HTTP Request: GET http://localhost:8000/sessions/e3aa8f31-0a79-445d-97d4-d351a76df40a "HTTP/1.1 200 OK"
INFO:httpx:HTTP Request: GET http://localhost:8000/sessions/e3aa8f31-0a79-445d-97d4-d351a76df40a "HTTP/1.1 200 OK"
INFO:httpx:HTTP Request: GET http://localhost:8000/sessions/e3aa8f31-0a79-445d-97d4-d351a76df40a "HTTP/1.1 200 OK"
INFO:httpx:HTTP Request: GET http://localhost:8000/sessions/e3aa8f31-0a79-445d-97d4-d351a76df40a "HTTP/1.1 200 OK"
INFO:httpx:HTTP Request: GET http://localhost:8000/sessions/e3aa8f31-0a79-445d-97d4-d351a76df40a "HTTP/1.1 200 OK"
INFO:httpx:HTTP Request: GET http://localhost:8000/sessions/e3aa8f31-0a79-445d-97d4-d351a76df40a "HTTP/1.1 200 OK"
INFO:httpx:HTTP Request: GET http://localhost:8000/sessions/e3aa8f31-0a79-445d-97d4-d351a76df40a "HTTP/1.1 200 OK"
INFO:httpx:HTTP Request: GET http://localhost:8000/sessions/e3aa8f31-0a79-445d-97d4-d351a76df40a "HTTP/1.1 200 OK"
INFO:httpx:HTTP Request: GET http://localhost:8000/sessions/e3aa8f31-0a79-445d-97d4-d351a76df40a "HTTP/1.1 200 OK"
INFO:httpx:HTTP Request: GET http://localhost:8000/sessions/e3aa8f31-0a79-445d-97d4-d351a76df40a "HTTP/1.1 200 OK"
INFO:httpx:HTTP Request: GET http://localhost:8000/sessions/e3aa8f31-0a79-445d-97d4-d351a76df40a "HTTP/1.1 200 OK"
INFO:httpx:HTTP Request: GET http://localhost:8000/sessions/e3aa8f31-0a79-445d-97d4-d351a76df40a "HTTP/1.1 200 OK"
INFO:httpx:HTTP Request: GET http://localhost:8000/sessions/e3aa8f31-0a79-445d-97d4-d351a76df40a "HTTP/1.1 200 OK"
INFO:httpx:HTTP Request: GET http://localhost:8000/sessions/e3aa8f31-0a79-445d-97d4-d351a76df40a "HTTP/1.1 200 OK"
INFO:httpx:HTTP Request: GET http://localhost:8000/sessions/e3aa8f31-0a79-445d-97d4-d351a76df40a "HTTP/1.1 200 OK"
INFO:httpx:HTTP Request: GET http://localhost:8000/sessions/e3aa8f31-0a79-445d-97d4-d351a76df40a "HTTP/1.1 200 OK"
INFO:httpx:HTTP Request: GET http://localhost:8000/sessions/e3aa8f31-0a79-445d-97d4-d351a76df40a "HTTP/1.1 200 OK"
INFO:httpx:HTTP Request: GET http://localhost:8000/sessions/e3aa8f31-0a79-445d-97d4-d351a76df40a "HTTP/1.1 200 OK"
INFO:httpx:HTTP Request: GET http://localhost:8000/sessions/e3aa8f31-0a79-445d-97d4-d351a76df40a "HTTP/1.1 200 OK"
INFO:httpx:HTTP Request: GET http://localhost:8000/sessions/e3aa8f31-0a79-445d-97d4-d351a76df40a "HTTP/1.1 200 OK"
INFO:httpx:HTTP Request: GET http://localhost:8000/sessions/e3aa8f31-0a79-445d-97d4-d351a76df40a "HTTP/1.1 200 OK"
INFO:httpx:HTTP Request: GET http://localhost:8000/sessions/e3aa8f31-0a79-445d-97d4-d351a76df40a "HTTP/1.1 200 OK"
INFO:httpx:HTTP Request: GET http://localhost:8000/sessions/e3aa8f31-0a79-445d-97d4-d351a76df40a "HTTP/1.1 200 OK"
INFO:httpx:HTTP Request: GET http://localhost:8000/sessions/e3aa8f31-0a79-445d-97d4-d351a76df40a "HTTP/1.1 200 OK"
INFO:httpx:HTTP Request: GET http://localhost:8000/sessions/e3aa8f31-0a79-445d-97d4-d351a76df40a "HTTP/1.1 200 OK"
INFO:httpx:HTTP Request: GET http://localhost:8000/sessions/e3aa8f31-0a79-445d-97d4-d351a76df40a "HTTP/1.1 200 OK"
INFO:httpx:HTTP Request: GET http://localhost:8000/sessions/e3aa8f31-0a79-445d-97d4-d351a76df40a "HTTP/1.1 200 OK"
INFO:httpx:HTTP Request: GET http://localhost:8000/sessions/e3aa8f31-0a79-445d-97d4-d351a76df40a "HTTP/1.1 200 OK"
INFO:httpx:HTTP Request: GET http://localhost:8000/sessions/e3aa8f31-0a79-445d-97d4-d351a76df40a "HTTP/1.1 200 OK"
INFO:httpx:HTTP Request: GET http://localhost:8000/sessions/e3aa8f31-0a79-445d-97d4-d351a76df40a "HTTP/1.1 200 OK"
INFO:httpx:HTTP Request: GET http://localhost:8000/sessions/e3aa8f31-0a79-445d-97d4-d351a76df40a "HTTP/1.1 200 OK"
INFO:httpx:HTTP Request: GET http://localhost:8000/sessions/e3aa8f31-0a79-445d-97d4-d351a76df40a "HTTP/1.1 200 OK"
INFO:httpx:HTTP Request: GET http://localhost:8000/sessions/e3aa8f31-0a79-445d-97d4-d351a76df40a "HTTP/1.1 200 OK"
INFO:httpx:HTTP Request: GET http://localhost:8000/sessions/e3aa8f31-0a79-445d-97d4-d351a76df40a "HTTP/1.1 200 OK"
INFO:httpx:HTTP Request: GET http://localhost:8000/sessions/e3aa8f31-0a79-445d-97d4-d351a76df40a "HTTP/1.1 200 OK"
INFO:httpx:HTTP Request: GET http://localhost:8000/sessions/e3aa8f31-0a79-445d-97d4-d351a76df40a "HTTP/1.1 200 OK"
INFO:     Shutting down
INFO:     Finished server process [1079]
