INFO:     Started server process [1162]
INFO:     Waiting for application startup.
INFO:httpx:HTTP Request: POST http://localhost:8000/nodes/register "HTTP/1.1 200 OK"
INFO:node.base:[alice-12] Registered → node_id=f69b9459
INFO:node.base:[alice-12] Started  node_id=f69b9459 role=sender
INFO:     Application startup complete.
INFO:     Uvicorn running on http://0.0.0.0:8112 (Press CTRL+C to quit)
INFO:     127.0.0.1:56342 - "GET /health HTTP/1.1" 200 OK
INFO:httpx:HTTP Request: POST http://localhost:8000/sessions "HTTP/1.1 202 Accepted"
INFO:alice:[Alice] Worker spawned session=6bab6e4f queue=qubit_send_6bab6e4f pid=1340
INFO:alice:[Alice] Session 6bab6e4f created n_qubits=1024 qkdl=http://localhost:8063 queue=qubit_send_6bab6e4f
INFO:     127.0.0.1:56354 - "POST /start?receiver_label=bob-12&n_qubits=1024&batch_size=10 HTTP/1.1" 200 OK
INFO:httpx:HTTP Request: GET http://localhost:8000/sessions/6bab6e4f-7b9e-4e7d-9966-946e759f2b1f "HTTP/1.1 200 OK"
INFO:httpx:HTTP Request: GET http://localhost:8000/sessions/6bab6e4f-7b9e-4e7d-9966-946e759f2b1f "HTTP/1.1 200 OK"
INFO:httpx:HTTP Request: GET http://localhost:8000/sessions/6bab6e4f-7b9e-4e7d-9966-946e759f2b1f "HTTP/1.1 200 OK"
INFO:httpx:HTTP Request: GET http://localhost:8000/sessions/6bab6e4f-7b9e-4e7d-9966-946e759f2b1f "HTTP/1.1 200 OK"
INFO:httpx:HTTP Request: GET http://localhost:8000/sessions/6bab6e4f-7b9e-4e7d-9966-946e759f2b1f "HTTP/1.1 200 OK"
INFO:httpx:HTTP Request: GET http://localhost:8000/sessions/6bab6e4f-7b9e-4e7d-9966-946e759f2b1f "HTTP/1.1 200 OK"
INFO:httpx:HTTP Request: GET http://localhost:8000/sessions/6bab6e4f-7b9e-4e7d-9966-946e759f2b1f "HTTP/1.1 200 OK"
INFO:httpx:HTTP Request: GET http://localhost:8000/sessions/6bab6e4f-7b9e-4e7d-9966-946e759f2b1f "HTTP/1.1 200 OK"
INFO:httpx:HTTP Request: GET http://localhost:8000/sessions/6bab6e4f-7b9e-4e7d-9966-946e759f2b1f "HTTP/1.1 200 OK"
INFO:httpx:HTTP Request: GET http://localhost:8000/sessions/6bab6e4f-7b9e-4e7d-9966-946e759f2b1f "HTTP/1.1 200 OK"
INFO:httpx:HTTP Request: GET http://localhost:8000/sessions/6bab6e4f-7b9e-4e7d-9966-946e759f2b1f "HTTP/1.1 200 OK"
INFO:     127.0.0.1:39798 - "POST /webhook HTTP/1.1" 200 OK
INFO:alice:[Alice] Receiver joined 6bab6e4f  dispatching pipeline
INFO:httpx:HTTP Request: GET http://localhost:8000/sessions/6bab6e4f-7b9e-4e7d-9966-946e759f2b1f "HTTP/1.1 200 OK"
INFO:alice:[Alice] Dispatching pipeline session=6bab6e4f batches=103 qkdl=http://localhost:8063 queue=qubit_send_6bab6e4f
INFO:httpx:HTTP Request: GET http://localhost:8000/sessions/6bab6e4f-7b9e-4e7d-9966-946e759f2b1f "HTTP/1.1 200 OK"
INFO:httpx:HTTP Request: GET http://localhost:8000/sessions/6bab6e4f-7b9e-4e7d-9966-946e759f2b1f "HTTP/1.1 200 OK"
INFO:httpx:HTTP Request: GET http://localhost:8000/sessions/6bab6e4f-7b9e-4e7d-9966-946e759f2b1f "HTTP/1.1 200 OK"
INFO:alice:[Alice] Pipeline dispatched session=6bab6e4f (103 QTT → ST → QKT → NT) queue=qubit_send_6bab6e4f
INFO:httpx:HTTP Request: GET http://localhost:8000/sessions/6bab6e4f-7b9e-4e7d-9966-946e759f2b1f "HTTP/1.1 200 OK"
INFO:httpx:HTTP Request: GET http://localhost:8000/sessions/6bab6e4f-7b9e-4e7d-9966-946e759f2b1f "HTTP/1.1 200 OK"
INFO:httpx:HTTP Request: GET http://localhost:8000/sessions/6bab6e4f-7b9e-4e7d-9966-946e759f2b1f "HTTP/1.1 200 OK"
INFO:httpx:HTTP Request: GET http://localhost:8000/sessions/6bab6e4f-7b9e-4e7d-9966-946e759f2b1f "HTTP/1.1 200 OK"
INFO:httpx:HTTP Request: GET http://localhost:8000/sessions/6bab6e4f-7b9e-4e7d-9966-946e759f2b1f "HTTP/1.1 200 OK"
INFO:httpx:HTTP Request: GET http://localhost:8000/sessions/6bab6e4f-7b9e-4e7d-9966-946e759f2b1f "HTTP/1.1 200 OK"
INFO:httpx:HTTP Request: GET http://localhost:8000/sessions/6bab6e4f-7b9e-4e7d-9966-946e759f2b1f "HTTP/1.1 200 OK"
INFO:httpx:HTTP Request: GET http://localhost:8000/sessions/6bab6e4f-7b9e-4e7d-9966-946e759f2b1f "HTTP/1.1 200 OK"
INFO:httpx:HTTP Request: GET http://localhost:8000/sessions/6bab6e4f-7b9e-4e7d-9966-946e759f2b1f "HTTP/1.1 200 OK"
INFO:httpx:HTTP Request: GET http://localhost:8000/sessions/6bab6e4f-7b9e-4e7d-9966-946e759f2b1f "HTTP/1.1 200 OK"
INFO:httpx:HTTP Request: GET http://localhost:8000/sessions/6bab6e4f-7b9e-4e7d-9966-946e759f2b1f "HTTP/1.1 200 OK"
INFO:httpx:HTTP Request: GET http://localhost:8000/sessions/6bab6e4f-7b9e-4e7d-9966-946e759f2b1f "HTTP/1.1 200 OK"
INFO:httpx:HTTP Request: GET http://localhost:8000/sessions/6bab6e4f-7b9e-4e7d-9966-946e759f2b1f "HTTP/1.1 200 OK"
INFO:httpx:HTTP Request: GET http://localhost:8000/sessions/6bab6e4f-7b9e-4e7d-9966-946e759f2b1f "HTTP/1.1 200 OK"
INFO:httpx:HTTP Request: GET http://localhost:8000/sessions/6bab6e4f-7b9e-4e7d-9966-946e759f2b1f "HTTP/1.1 200 OK"
INFO:httpx:HTTP Request: GET http://localhost:8000/sessions/6bab6e4f-7b9e-4e7d-9966-946e759f2b1f "HTTP/1.1 200 OK"
INFO:httpx:HTTP Request: GET http://localhost:8000/sessions/6bab6e4f-7b9e-4e7d-9966-946e759f2b1f "HTTP/1.1 200 OK"
INFO:httpx:HTTP Request: GET http://localhost:8000/sessions/6bab6e4f-7b9e-4e7d-9966-946e759f2b1f "HTTP/1.1 200 OK"
INFO:httpx:HTTP Request: GET http://localhost:8000/sessions/6bab6e4f-7b9e-4e7d-9966-946e759f2b1f "HTTP/1.1 200 OK"
INFO:httpx:HTTP Request: GET http://localhost:8000/sessions/6bab6e4f-7b9e-4e7d-9966-946e759f2b1f "HTTP/1.1 200 OK"
INFO:httpx:HTTP Request: GET http://localhost:8000/sessions/6bab6e4f-7b9e-4e7d-9966-946e759f2b1f "HTTP/1.1 200 OK"
INFO:httpx:HTTP Request: GET http://localhost:8000/sessions/6bab6e4f-7b9e-4e7d-9966-946e759f2b1f "HTTP/1.1 200 OK"
INFO:httpx:HTTP Request: GET http://localhost:8000/sessions/6bab6e4f-7b9e-4e7d-9966-946e759f2b1f "HTTP/1.1 200 OK"
INFO:httpx:HTTP Request: GET http://localhost:8000/sessions/6bab6e4f-7b9e-4e7d-9966-946e759f2b1f "HTTP/1.1 200 OK"
INFO:httpx:HTTP Request: GET http://localhost:8000/sessions/6bab6e4f-7b9e-4e7d-9966-946e759f2b1f "HTTP/1.1 200 OK"
INFO:httpx:HTTP Request: GET http://localhost:8000/sessions/6bab6e4f-7b9e-4e7d-9966-946e759f2b1f "HTTP/1.1 200 OK"
INFO:httpx:HTTP Request: GET http://localhost:8000/sessions/6bab6e4f-7b9e-4e7d-9966-946e759f2b1f "HTTP/1.1 200 OK"
INFO:httpx:HTTP Request: GET http://localhost:8000/sessions/6bab6e4f-7b9e-4e7d-9966-946e759f2b1f "HTTP/1.1 200 OK"
INFO:httpx:HTTP Request: GET http://localhost:8000/sessions/6bab6e4f-7b9e-4e7d-9966-946e759f2b1f "HTTP/1.1 200 OK"
INFO:httpx:HTTP Request: GET http://localhost:8000/sessions/6bab6e4f-7b9e-4e7d-9966-946e759f2b1f "HTTP/1.1 200 OK"
INFO:httpx:HTTP Request: GET http://localhost:8000/sessions/6bab6e4f-7b9e-4e7d-9966-946e759f2b1f "HTTP/1.1 200 OK"
INFO:httpx:HTTP Request: GET http://localhost:8000/sessions/6bab6e4f-7b9e-4e7d-9966-946e759f2b1f "HTTP/1.1 200 OK"
INFO:httpx:HTTP Request: GET http://localhost:8000/sessions/6bab6e4f-7b9e-4e7d-9966-946e759f2b1f "HTTP/1.1 200 OK"
INFO:httpx:HTTP Request: GET http://localhost:8000/sessions/6bab6e4f-7b9e-4e7d-9966-946e759f2b1f "HTTP/1.1 200 OK"
INFO:httpx:HTTP Request: GET http://localhost:8000/sessions/6bab6e4f-7b9e-4e7d-9966-946e759f2b1f "HTTP/1.1 200 OK"
INFO:httpx:HTTP Request: GET http://localhost:8000/sessions/6bab6e4f-7b9e-4e7d-9966-946e759f2b1f "HTTP/1.1 200 OK"
INFO:httpx:HTTP Request: GET http://localhost:8000/sessions/6bab6e4f-7b9e-4e7d-9966-946e759f2b1f "HTTP/1.1 200 OK"
INFO:httpx:HTTP Request: GET http://localhost:8000/sessions/6bab6e4f-7b9e-4e7d-9966-946e759f2b1f "HTTP/1.1 200 OK"
INFO:httpx:HTTP Request: GET http://localhost:8000/sessions/6bab6e4f-7b9e-4e7d-9966-946e759f2b1f "HTTP/1.1 200 OK"
INFO:httpx:HTTP Request: GET http://localhost:8000/sessions/6bab6e4f-7b9e-4e7d-9966-946e759f2b1f "HTTP/1.1 200 OK"
INFO:httpx:HTTP Request: GET http://localhost:8000/sessions/6bab6e4f-7b9e-4e7d-9966-946e759f2b1f "HTTP/1.1 200 OK"
INFO:httpx:HTTP Request: GET http://localhost:8000/sessions/6bab6e4f-7b9e-4e7d-9966-946e759f2b1f "HTTP/1.1 200 OK"
INFO:httpx:HTTP Request: GET http://localhost:8000/sessions/6bab6e4f-7b9e-4e7d-9966-946e759f2b1f "HTTP/1.1 200 OK"
INFO:httpx:HTTP Request: GET http://localhost:8000/sessions/6bab6e4f-7b9e-4e7d-9966-946e759f2b1f "HTTP/1.1 200 OK"
INFO:httpx:HTTP Request: GET http://localhost:8000/sessions/6bab6e4f-7b9e-4e7d-9966-946e759f2b1f "HTTP/1.1 200 OK"
INFO:httpx:HTTP Request: GET http://localhost:8000/sessions/6bab6e4f-7b9e-4e7d-9966-946e759f2b1f "HTTP/1.1 200 OK"
INFO:httpx:HTTP Request: GET http://localhost:8000/sessions/6bab6e4f-7b9e-4e7d-9966-946e759f2b1f "HTTP/1.1 200 OK"
INFO:httpx:HTTP Request: GET http://localhost:8000/sessions/6bab6e4f-7b9e-4e7d-9966-946e759f2b1f "HTTP/1.1 200 OK"
INFO:httpx:HTTP Request: GET http://localhost:8000/sessions/6bab6e4f-7b9e-4e7d-9966-946e759f2b1f "HTTP/1.1 200 OK"
INFO:httpx:HTTP Request: GET http://localhost:8000/sessions/6bab6e4f-7b9e-4e7d-9966-946e759f2b1f "HTTP/1.1 200 OK"
INFO:httpx:HTTP Request: GET http://localhost:8000/sessions/6bab6e4f-7b9e-4e7d-9966-946e759f2b1f "HTTP/1.1 200 OK"
INFO:httpx:HTTP Request: GET http://localhost:8000/sessions/6bab6e4f-7b9e-4e7d-9966-946e759f2b1f "HTTP/1.1 200 OK"
INFO:httpx:HTTP Request: GET http://localhost:8000/sessions/6bab6e4f-7b9e-4e7d-9966-946e759f2b1f "HTTP/1.1 200 OK"
INFO:httpx:HTTP Request: GET http://localhost:8000/sessions/6bab6e4f-7b9e-4e7d-9966-946e759f2b1f "HTTP/1.1 200 OK"
INFO:httpx:HTTP Request: GET http://localhost:8000/sessions/6bab6e4f-7b9e-4e7d-9966-946e759f2b1f "HTTP/1.1 200 OK"
INFO:httpx:HTTP Request: GET http://localhost:8000/sessions/6bab6e4f-7b9e-4e7d-9966-946e759f2b1f "HTTP/1.1 200 OK"
INFO:httpx:HTTP Request: GET http://localhost:8000/sessions/6bab6e4f-7b9e-4e7d-9966-946e759f2b1f "HTTP/1.1 200 OK"
INFO:httpx:HTTP Request: GET http://localhost:8000/sessions/6bab6e4f-7b9e-4e7d-9966-946e759f2b1f "HTTP/1.1 200 OK"
INFO:httpx:HTTP Request: GET http://localhost:8000/sessions/6bab6e4f-7b9e-4e7d-9966-946e759f2b1f "HTTP/1.1 200 OK"
INFO:httpx:HTTP Request: GET http://localhost:8000/sessions/6bab6e4f-7b9e-4e7d-9966-946e759f2b1f "HTTP/1.1 200 OK"
INFO:httpx:HTTP Request: GET http://localhost:8000/sessions/6bab6e4f-7b9e-4e7d-9966-946e759f2b1f "HTTP/1.1 200 OK"
INFO:httpx:HTTP Request: GET http://localhost:8000/sessions/6bab6e4f-7b9e-4e7d-9966-946e759f2b1f "HTTP/1.1 200 OK"
INFO:httpx:HTTP Request: GET http://localhost:8000/sessions/6bab6e4f-7b9e-4e7d-9966-946e759f2b1f "HTTP/1.1 200 OK"
INFO:httpx:HTTP Request: GET http://localhost:8000/sessions/6bab6e4f-7b9e-4e7d-9966-946e759f2b1f "HTTP/1.1 200 OK"
INFO:httpx:HTTP Request: GET http://localhost:8000/sessions/6bab6e4f-7b9e-4e7d-9966-946e759f2b1f "HTTP/1.1 200 OK"
INFO:httpx:HTTP Request: GET http://localhost:8000/sessions/6bab6e4f-7b9e-4e7d-9966-946e759f2b1f "HTTP/1.1 200 OK"
INFO:httpx:HTTP Request: GET http://localhost:8000/sessions/6bab6e4f-7b9e-4e7d-9966-946e759f2b1f "HTTP/1.1 200 OK"
INFO:httpx:HTTP Request: GET http://localhost:8000/sessions/6bab6e4f-7b9e-4e7d-9966-946e759f2b1f "HTTP/1.1 200 OK"
INFO:httpx:HTTP Request: GET http://localhost:8000/sessions/6bab6e4f-7b9e-4e7d-9966-946e759f2b1f "HTTP/1.1 200 OK"
INFO:httpx:HTTP Request: GET http://localhost:8000/sessions/6bab6e4f-7b9e-4e7d-9966-946e759f2b1f "HTTP/1.1 200 OK"
INFO:httpx:HTTP Request: GET http://localhost:8000/sessions/6bab6e4f-7b9e-4e7d-9966-946e759f2b1f "HTTP/1.1 200 OK"
INFO:httpx:HTTP Request: GET http://localhost:8000/sessions/6bab6e4f-7b9e-4e7d-9966-946e759f2b1f "HTTP/1.1 200 OK"
INFO:httpx:HTTP Request: GET http://localhost:8000/sessions/6bab6e4f-7b9e-4e7d-9966-946e759f2b1f "HTTP/1.1 200 OK"
INFO:httpx:HTTP Request: GET http://localhost:8000/sessions/6bab6e4f-7b9e-4e7d-9966-946e759f2b1f "HTTP/1.1 200 OK"
INFO:httpx:HTTP Request: GET http://localhost:8000/sessions/6bab6e4f-7b9e-4e7d-9966-946e759f2b1f "HTTP/1.1 200 OK"
INFO:httpx:HTTP Request: GET http://localhost:8000/sessions/6bab6e4f-7b9e-4e7d-9966-946e759f2b1f "HTTP/1.1 200 OK"
INFO:httpx:HTTP Request: GET http://localhost:8000/sessions/6bab6e4f-7b9e-4e7d-9966-946e759f2b1f "HTTP/1.1 200 OK"
INFO:httpx:HTTP Request: GET http://localhost:8000/sessions/6bab6e4f-7b9e-4e7d-9966-946e759f2b1f "HTTP/1.1 200 OK"
INFO:httpx:HTTP Request: GET http://localhost:8000/sessions/6bab6e4f-7b9e-4e7d-9966-946e759f2b1f "HTTP/1.1 200 OK"
INFO:httpx:HTTP Request: GET http://localhost:8000/sessions/6bab6e4f-7b9e-4e7d-9966-946e759f2b1f "HTTP/1.1 200 OK"
INFO:httpx:HTTP Request: GET http://localhost:8000/sessions/6bab6e4f-7b9e-4e7d-9966-946e759f2b1f "HTTP/1.1 200 OK"
INFO:httpx:HTTP Request: GET http://localhost:8000/sessions/6bab6e4f-7b9e-4e7d-9966-946e759f2b1f "HTTP/1.1 200 OK"
INFO:httpx:HTTP Request: GET http://localhost:8000/sessions/6bab6e4f-7b9e-4e7d-9966-946e759f2b1f "HTTP/1.1 200 OK"
INFO:httpx:HTTP Request: GET http://localhost:8000/sessions/6bab6e4f-7b9e-4e7d-9966-946e759f2b1f "HTTP/1.1 200 OK"
INFO:httpx:HTTP Request: GET http://localhost:8000/sessions/6bab6e4f-7b9e-4e7d-9966-946e759f2b1f "HTTP/1.1 200 OK"
INFO:httpx:HTTP Request: GET http://localhost:8000/sessions/6bab6e4f-7b9e-4e7d-9966-946e759f2b1f "HTTP/1.1 200 OK"
INFO:httpx:HTTP Request: GET http://localhost:8000/sessions/6bab6e4f-7b9e-4e7d-9966-946e759f2b1f "HTTP/1.1 200 OK"
INFO:httpx:HTTP Request: GET http://localhost:8000/sessions/6bab6e4f-7b9e-4e7d-9966-946e759f2b1f "HTTP/1.1 200 OK"
INFO:httpx:HTTP Request: GET http://localhost:8000/sessions/6bab6e4f-7b9e-4e7d-9966-946e759f2b1f "HTTP/1.1 200 OK"
INFO:httpx:HTTP Request: GET http://localhost:8000/sessions/6bab6e4f-7b9e-4e7d-9966-946e759f2b1f "HTTP/1.1 200 OK"
INFO:httpx:HTTP Request: GET http://localhost:8000/sessions/6bab6e4f-7b9e-4e7d-9966-946e759f2b1f "HTTP/1.1 200 OK"
INFO:httpx:HTTP Request: GET http://localhost:8000/sessions/6bab6e4f-7b9e-4e7d-9966-946e759f2b1f "HTTP/1.1 200 OK"
INFO:httpx:HTTP Request: GET http://localhost:8000/sessions/6bab6e4f-7b9e-4e7d-9966-946e759f2b1f "HTTP/1.1 200 OK"
INFO:httpx:HTTP Request: GET http://localhost:8000/sessions/6bab6e4f-7b9e-4e7d-9966-946e759f2b1f "HTTP/1.1 200 OK"
INFO:httpx:HTTP Request: GET http://localhost:8000/sessions/6bab6e4f-7b9e-4e7d-9966-946e759f2b1f "HTTP/1.1 200 OK"
INFO:httpx:HTTP Request: GET http://localhost:8000/sessions/6bab6e4f-7b9e-4e7d-9966-946e759f2b1f "HTTP/1.1 200 OK"
INFO:httpx:HTTP Request: GET http://localhost:8000/sessions/6bab6e4f-7b9e-4e7d-9966-946e759f2b1f "HTTP/1.1 200 OK"
INFO:httpx:HTTP Request: GET http://localhost:8000/sessions/6bab6e4f-7b9e-4e7d-9966-946e759f2b1f "HTTP/1.1 200 OK"
INFO:httpx:HTTP Request: GET http://localhost:8000/sessions/6bab6e4f-7b9e-4e7d-9966-946e759f2b1f "HTTP/1.1 200 OK"
INFO:httpx:HTTP Request: GET http://localhost:8000/sessions/6bab6e4f-7b9e-4e7d-9966-946e759f2b1f "HTTP/1.1 200 OK"
INFO:httpx:HTTP Request: GET http://localhost:8000/sessions/6bab6e4f-7b9e-4e7d-9966-946e759f2b1f "HTTP/1.1 200 OK"
INFO:httpx:HTTP Request: GET http://localhost:8000/sessions/6bab6e4f-7b9e-4e7d-9966-946e759f2b1f "HTTP/1.1 200 OK"
INFO:httpx:HTTP Request: GET http://localhost:8000/sessions/6bab6e4f-7b9e-4e7d-9966-946e759f2b1f "HTTP/1.1 200 OK"
INFO:httpx:HTTP Request: GET http://localhost:8000/sessions/6bab6e4f-7b9e-4e7d-9966-946e759f2b1f "HTTP/1.1 200 OK"
INFO:httpx:HTTP Request: GET http://localhost:8000/sessions/6bab6e4f-7b9e-4e7d-9966-946e759f2b1f "HTTP/1.1 200 OK"
INFO:httpx:HTTP Request: GET http://localhost:8000/sessions/6bab6e4f-7b9e-4e7d-9966-946e759f2b1f "HTTP/1.1 200 OK"
INFO:     127.0.0.1:49212 - "POST /webhook HTTP/1.1" 200 OK
INFO:httpx:HTTP Request: GET http://localhost:8000/sessions/6bab6e4f-7b9e-4e7d-9966-946e759f2b1f "HTTP/1.1 200 OK"
INFO:httpx:HTTP Request: GET http://localhost:8000/sessions/6bab6e4f-7b9e-4e7d-9966-946e759f2b1f "HTTP/1.1 200 OK"
INFO:httpx:HTTP Request: GET http://localhost:8000/sessions/6bab6e4f-7b9e-4e7d-9966-946e759f2b1f "HTTP/1.1 200 OK"
INFO:httpx:HTTP Request: GET http://localhost:8000/sessions/6bab6e4f-7b9e-4e7d-9966-946e759f2b1f "HTTP/1.1 200 OK"
INFO:alice:[Alice] Poll detected terminal status session=6bab6e4f status=done
INFO:alice:[Alice] Worker terminated session=6bab6e4f pid=1340
INFO:     127.0.0.1:34260 - "GET /health HTTP/1.1" 200 OK
INFO:httpx:HTTP Request: POST http://localhost:8000/sessions "HTTP/1.1 202 Accepted"
INFO:alice:[Alice] Worker spawned session=e03f285b queue=qubit_send_e03f285b pid=274523
INFO:alice:[Alice] Session e03f285b created n_qubits=1024 qkdl=http://localhost:9003 queue=qubit_send_e03f285b
INFO:     127.0.0.1:34264 - "POST /start?receiver_label=bob-12&n_qubits=1024&batch_size=10 HTTP/1.1" 200 OK
INFO:httpx:HTTP Request: GET http://localhost:8000/sessions/e03f285b-f6e1-4cbf-bf6c-898aab727636 "HTTP/1.1 200 OK"
INFO:httpx:HTTP Request: GET http://localhost:8000/sessions/e03f285b-f6e1-4cbf-bf6c-898aab727636 "HTTP/1.1 200 OK"
INFO:httpx:HTTP Request: GET http://localhost:8000/sessions/e03f285b-f6e1-4cbf-bf6c-898aab727636 "HTTP/1.1 200 OK"
INFO:httpx:HTTP Request: GET http://localhost:8000/sessions/e03f285b-f6e1-4cbf-bf6c-898aab727636 "HTTP/1.1 200 OK"
INFO:     127.0.0.1:43500 - "POST /webhook HTTP/1.1" 200 OK
INFO:alice:[Alice] Receiver joined e03f285b  dispatching pipeline
INFO:httpx:HTTP Request: GET http://localhost:8000/sessions/e03f285b-f6e1-4cbf-bf6c-898aab727636 "HTTP/1.1 200 OK"
INFO:alice:[Alice] Dispatching pipeline session=e03f285b batches=103 qkdl=http://localhost:9003 queue=qubit_send_e03f285b
INFO:httpx:HTTP Request: GET http://localhost:8000/sessions/e03f285b-f6e1-4cbf-bf6c-898aab727636 "HTTP/1.1 200 OK"
INFO:httpx:HTTP Request: GET http://localhost:8000/sessions/e03f285b-f6e1-4cbf-bf6c-898aab727636 "HTTP/1.1 200 OK"
INFO:httpx:HTTP Request: GET http://localhost:8000/sessions/e03f285b-f6e1-4cbf-bf6c-898aab727636 "HTTP/1.1 200 OK"
INFO:alice:[Alice] Pipeline dispatched session=e03f285b (103 QTT → ST → QKT → NT) queue=qubit_send_e03f285b
INFO:httpx:HTTP Request: GET http://localhost:8000/sessions/e03f285b-f6e1-4cbf-bf6c-898aab727636 "HTTP/1.1 200 OK"
INFO:httpx:HTTP Request: GET http://localhost:8000/sessions/e03f285b-f6e1-4cbf-bf6c-898aab727636 "HTTP/1.1 200 OK"
INFO:httpx:HTTP Request: GET http://localhost:8000/sessions/e03f285b-f6e1-4cbf-bf6c-898aab727636 "HTTP/1.1 200 OK"
INFO:httpx:HTTP Request: GET http://localhost:8000/sessions/e03f285b-f6e1-4cbf-bf6c-898aab727636 "HTTP/1.1 200 OK"
INFO:httpx:HTTP Request: GET http://localhost:8000/sessions/e03f285b-f6e1-4cbf-bf6c-898aab727636 "HTTP/1.1 200 OK"
INFO:httpx:HTTP Request: GET http://localhost:8000/sessions/e03f285b-f6e1-4cbf-bf6c-898aab727636 "HTTP/1.1 200 OK"
INFO:httpx:HTTP Request: GET http://localhost:8000/sessions/e03f285b-f6e1-4cbf-bf6c-898aab727636 "HTTP/1.1 200 OK"
INFO:httpx:HTTP Request: GET http://localhost:8000/sessions/e03f285b-f6e1-4cbf-bf6c-898aab727636 "HTTP/1.1 200 OK"
INFO:httpx:HTTP Request: GET http://localhost:8000/sessions/e03f285b-f6e1-4cbf-bf6c-898aab727636 "HTTP/1.1 200 OK"
INFO:httpx:HTTP Request: GET http://localhost:8000/sessions/e03f285b-f6e1-4cbf-bf6c-898aab727636 "HTTP/1.1 200 OK"
INFO:httpx:HTTP Request: GET http://localhost:8000/sessions/e03f285b-f6e1-4cbf-bf6c-898aab727636 "HTTP/1.1 200 OK"
INFO:httpx:HTTP Request: GET http://localhost:8000/sessions/e03f285b-f6e1-4cbf-bf6c-898aab727636 "HTTP/1.1 200 OK"
INFO:httpx:HTTP Request: GET http://localhost:8000/sessions/e03f285b-f6e1-4cbf-bf6c-898aab727636 "HTTP/1.1 200 OK"
INFO:httpx:HTTP Request: GET http://localhost:8000/sessions/e03f285b-f6e1-4cbf-bf6c-898aab727636 "HTTP/1.1 200 OK"
INFO:httpx:HTTP Request: GET http://localhost:8000/sessions/e03f285b-f6e1-4cbf-bf6c-898aab727636 "HTTP/1.1 200 OK"
INFO:httpx:HTTP Request: GET http://localhost:8000/sessions/e03f285b-f6e1-4cbf-bf6c-898aab727636 "HTTP/1.1 200 OK"
INFO:httpx:HTTP Request: GET http://localhost:8000/sessions/e03f285b-f6e1-4cbf-bf6c-898aab727636 "HTTP/1.1 200 OK"
INFO:httpx:HTTP Request: GET http://localhost:8000/sessions/e03f285b-f6e1-4cbf-bf6c-898aab727636 "HTTP/1.1 200 OK"
INFO:httpx:HTTP Request: GET http://localhost:8000/sessions/e03f285b-f6e1-4cbf-bf6c-898aab727636 "HTTP/1.1 200 OK"
INFO:httpx:HTTP Request: GET http://localhost:8000/sessions/e03f285b-f6e1-4cbf-bf6c-898aab727636 "HTTP/1.1 200 OK"
INFO:httpx:HTTP Request: GET http://localhost:8000/sessions/e03f285b-f6e1-4cbf-bf6c-898aab727636 "HTTP/1.1 200 OK"
INFO:httpx:HTTP Request: GET http://localhost:8000/sessions/e03f285b-f6e1-4cbf-bf6c-898aab727636 "HTTP/1.1 200 OK"
INFO:httpx:HTTP Request: GET http://localhost:8000/sessions/e03f285b-f6e1-4cbf-bf6c-898aab727636 "HTTP/1.1 200 OK"
INFO:httpx:HTTP Request: GET http://localhost:8000/sessions/e03f285b-f6e1-4cbf-bf6c-898aab727636 "HTTP/1.1 200 OK"
INFO:httpx:HTTP Request: GET http://localhost:8000/sessions/e03f285b-f6e1-4cbf-bf6c-898aab727636 "HTTP/1.1 200 OK"
INFO:httpx:HTTP Request: GET http://localhost:8000/sessions/e03f285b-f6e1-4cbf-bf6c-898aab727636 "HTTP/1.1 200 OK"
INFO:httpx:HTTP Request: GET http://localhost:8000/sessions/e03f285b-f6e1-4cbf-bf6c-898aab727636 "HTTP/1.1 200 OK"
INFO:httpx:HTTP Request: GET http://localhost:8000/sessions/e03f285b-f6e1-4cbf-bf6c-898aab727636 "HTTP/1.1 200 OK"
INFO:httpx:HTTP Request: GET http://localhost:8000/sessions/e03f285b-f6e1-4cbf-bf6c-898aab727636 "HTTP/1.1 200 OK"
INFO:httpx:HTTP Request: GET http://localhost:8000/sessions/e03f285b-f6e1-4cbf-bf6c-898aab727636 "HTTP/1.1 200 OK"
INFO:httpx:HTTP Request: GET http://localhost:8000/sessions/e03f285b-f6e1-4cbf-bf6c-898aab727636 "HTTP/1.1 200 OK"
INFO:httpx:HTTP Request: GET http://localhost:8000/sessions/e03f285b-f6e1-4cbf-bf6c-898aab727636 "HTTP/1.1 200 OK"
INFO:httpx:HTTP Request: GET http://localhost:8000/sessions/e03f285b-f6e1-4cbf-bf6c-898aab727636 "HTTP/1.1 200 OK"
INFO:httpx:HTTP Request: GET http://localhost:8000/sessions/e03f285b-f6e1-4cbf-bf6c-898aab727636 "HTTP/1.1 200 OK"
INFO:httpx:HTTP Request: GET http://localhost:8000/sessions/e03f285b-f6e1-4cbf-bf6c-898aab727636 "HTTP/1.1 200 OK"
INFO:httpx:HTTP Request: GET http://localhost:8000/sessions/e03f285b-f6e1-4cbf-bf6c-898aab727636 "HTTP/1.1 200 OK"
INFO:httpx:HTTP Request: GET http://localhost:8000/sessions/e03f285b-f6e1-4cbf-bf6c-898aab727636 "HTTP/1.1 200 OK"
INFO:httpx:HTTP Request: GET http://localhost:8000/sessions/e03f285b-f6e1-4cbf-bf6c-898aab727636 "HTTP/1.1 200 OK"
INFO:httpx:HTTP Request: GET http://localhost:8000/sessions/e03f285b-f6e1-4cbf-bf6c-898aab727636 "HTTP/1.1 200 OK"
INFO:httpx:HTTP Request: GET http://localhost:8000/sessions/e03f285b-f6e1-4cbf-bf6c-898aab727636 "HTTP/1.1 200 OK"
INFO:httpx:HTTP Request: GET http://localhost:8000/sessions/e03f285b-f6e1-4cbf-bf6c-898aab727636 "HTTP/1.1 200 OK"
INFO:httpx:HTTP Request: GET http://localhost:8000/sessions/e03f285b-f6e1-4cbf-bf6c-898aab727636 "HTTP/1.1 200 OK"
INFO:httpx:HTTP Request: GET http://localhost:8000/sessions/e03f285b-f6e1-4cbf-bf6c-898aab727636 "HTTP/1.1 200 OK"
INFO:httpx:HTTP Request: GET http://localhost:8000/sessions/e03f285b-f6e1-4cbf-bf6c-898aab727636 "HTTP/1.1 200 OK"
INFO:httpx:HTTP Request: GET http://localhost:8000/sessions/e03f285b-f6e1-4cbf-bf6c-898aab727636 "HTTP/1.1 200 OK"
INFO:httpx:HTTP Request: GET http://localhost:8000/sessions/e03f285b-f6e1-4cbf-bf6c-898aab727636 "HTTP/1.1 200 OK"
INFO:httpx:HTTP Request: GET http://localhost:8000/sessions/e03f285b-f6e1-4cbf-bf6c-898aab727636 "HTTP/1.1 200 OK"
INFO:httpx:HTTP Request: GET http://localhost:8000/sessions/e03f285b-f6e1-4cbf-bf6c-898aab727636 "HTTP/1.1 200 OK"
INFO:httpx:HTTP Request: GET http://localhost:8000/sessions/e03f285b-f6e1-4cbf-bf6c-898aab727636 "HTTP/1.1 200 OK"
INFO:httpx:HTTP Request: GET http://localhost:8000/sessions/e03f285b-f6e1-4cbf-bf6c-898aab727636 "HTTP/1.1 200 OK"
INFO:httpx:HTTP Request: GET http://localhost:8000/sessions/e03f285b-f6e1-4cbf-bf6c-898aab727636 "HTTP/1.1 200 OK"
INFO:httpx:HTTP Request: GET http://localhost:8000/sessions/e03f285b-f6e1-4cbf-bf6c-898aab727636 "HTTP/1.1 200 OK"
INFO:httpx:HTTP Request: GET http://localhost:8000/sessions/e03f285b-f6e1-4cbf-bf6c-898aab727636 "HTTP/1.1 200 OK"
INFO:httpx:HTTP Request: GET http://localhost:8000/sessions/e03f285b-f6e1-4cbf-bf6c-898aab727636 "HTTP/1.1 200 OK"
INFO:httpx:HTTP Request: GET http://localhost:8000/sessions/e03f285b-f6e1-4cbf-bf6c-898aab727636 "HTTP/1.1 200 OK"
INFO:httpx:HTTP Request: GET http://localhost:8000/sessions/e03f285b-f6e1-4cbf-bf6c-898aab727636 "HTTP/1.1 200 OK"
INFO:httpx:HTTP Request: GET http://localhost:8000/sessions/e03f285b-f6e1-4cbf-bf6c-898aab727636 "HTTP/1.1 200 OK"
INFO:httpx:HTTP Request: GET http://localhost:8000/sessions/e03f285b-f6e1-4cbf-bf6c-898aab727636 "HTTP/1.1 200 OK"
INFO:httpx:HTTP Request: GET http://localhost:8000/sessions/e03f285b-f6e1-4cbf-bf6c-898aab727636 "HTTP/1.1 200 OK"
INFO:httpx:HTTP Request: GET http://localhost:8000/sessions/e03f285b-f6e1-4cbf-bf6c-898aab727636 "HTTP/1.1 200 OK"
INFO:httpx:HTTP Request: GET http://localhost:8000/sessions/e03f285b-f6e1-4cbf-bf6c-898aab727636 "HTTP/1.1 200 OK"
INFO:httpx:HTTP Request: GET http://localhost:8000/sessions/e03f285b-f6e1-4cbf-bf6c-898aab727636 "HTTP/1.1 200 OK"
INFO:httpx:HTTP Request: GET http://localhost:8000/sessions/e03f285b-f6e1-4cbf-bf6c-898aab727636 "HTTP/1.1 200 OK"
INFO:httpx:HTTP Request: GET http://localhost:8000/sessions/e03f285b-f6e1-4cbf-bf6c-898aab727636 "HTTP/1.1 200 OK"
INFO:     Shutting down
INFO:     Finished server process [1162]
