INFO:     Started server process [1141]
INFO:     Waiting for application startup.
INFO:httpx:HTTP Request: POST http://localhost:8000/nodes/register "HTTP/1.1 200 OK"
INFO:node.base:[alice-11] Registered → node_id=0799f2b8
INFO:node.base:[alice-11] Started  node_id=0799f2b8 role=sender
INFO:     Application startup complete.
INFO:     Uvicorn running on http://0.0.0.0:8111 (Press CTRL+C to quit)
INFO:     127.0.0.1:45930 - "GET /health HTTP/1.1" 200 OK
INFO:httpx:HTTP Request: POST http://localhost:8000/sessions "HTTP/1.1 202 Accepted"
INFO:alice:[Alice] Worker spawned session=000ed297 queue=qubit_send_000ed297 pid=1345
INFO:alice:[Alice] Session 000ed297 created n_qubits=1024 qkdl=http://localhost:9023 queue=qubit_send_000ed297
INFO:     127.0.0.1:45942 - "POST /start?receiver_label=bob-11&n_qubits=1024&batch_size=10 HTTP/1.1" 200 OK
INFO:httpx:HTTP Request: GET http://localhost:8000/sessions/000ed297-97d4-4e6a-9b14-ca1d5e408adb "HTTP/1.1 200 OK"
INFO:httpx:HTTP Request: GET http://localhost:8000/sessions/000ed297-97d4-4e6a-9b14-ca1d5e408adb "HTTP/1.1 200 OK"
INFO:httpx:HTTP Request: GET http://localhost:8000/sessions/000ed297-97d4-4e6a-9b14-ca1d5e408adb "HTTP/1.1 200 OK"
INFO:httpx:HTTP Request: GET http://localhost:8000/sessions/000ed297-97d4-4e6a-9b14-ca1d5e408adb "HTTP/1.1 200 OK"
INFO:httpx:HTTP Request: GET http://localhost:8000/sessions/000ed297-97d4-4e6a-9b14-ca1d5e408adb "HTTP/1.1 200 OK"
INFO:httpx:HTTP Request: GET http://localhost:8000/sessions/000ed297-97d4-4e6a-9b14-ca1d5e408adb "HTTP/1.1 200 OK"
INFO:httpx:HTTP Request: GET http://localhost:8000/sessions/000ed297-97d4-4e6a-9b14-ca1d5e408adb "HTTP/1.1 200 OK"
INFO:httpx:HTTP Request: GET http://localhost:8000/sessions/000ed297-97d4-4e6a-9b14-ca1d5e408adb "HTTP/1.1 200 OK"
INFO:httpx:HTTP Request: GET http://localhost:8000/sessions/000ed297-97d4-4e6a-9b14-ca1d5e408adb "HTTP/1.1 200 OK"
INFO:httpx:HTTP Request: GET http://localhost:8000/sessions/000ed297-97d4-4e6a-9b14-ca1d5e408adb "HTTP/1.1 200 OK"
INFO:httpx:HTTP Request: GET http://localhost:8000/sessions/000ed297-97d4-4e6a-9b14-ca1d5e408adb "HTTP/1.1 200 OK"
INFO:     127.0.0.1:51030 - "POST /webhook HTTP/1.1" 200 OK
INFO:alice:[Alice] Receiver joined 000ed297  dispatching pipeline
INFO:httpx:HTTP Request: GET http://localhost:8000/sessions/000ed297-97d4-4e6a-9b14-ca1d5e408adb "HTTP/1.1 200 OK"
INFO:alice:[Alice] Dispatching pipeline session=000ed297 batches=103 qkdl=http://localhost:9023 queue=qubit_send_000ed297
INFO:httpx:HTTP Request: GET http://localhost:8000/sessions/000ed297-97d4-4e6a-9b14-ca1d5e408adb "HTTP/1.1 200 OK"
INFO:httpx:HTTP Request: GET http://localhost:8000/sessions/000ed297-97d4-4e6a-9b14-ca1d5e408adb "HTTP/1.1 200 OK"
INFO:httpx:HTTP Request: GET http://localhost:8000/sessions/000ed297-97d4-4e6a-9b14-ca1d5e408adb "HTTP/1.1 200 OK"
INFO:alice:[Alice] Pipeline dispatched session=000ed297 (103 QTT → ST → QKT → NT) queue=qubit_send_000ed297
INFO:httpx:HTTP Request: GET http://localhost:8000/sessions/000ed297-97d4-4e6a-9b14-ca1d5e408adb "HTTP/1.1 200 OK"
INFO:httpx:HTTP Request: GET http://localhost:8000/sessions/000ed297-97d4-4e6a-9b14-ca1d5e408adb "HTTP/1.1 200 OK"
INFO:httpx:HTTP Request: GET http://localhost:8000/sessions/000ed297-97d4-4e6a-9b14-ca1d5e408adb "HTTP/1.1 200 OK"
INFO:httpx:HTTP Request: GET http://localhost:8000/sessions/000ed297-97d4-4e6a-9b14-ca1d5e408adb "HTTP/1.1 200 OK"
INFO:httpx:HTTP Request: GET http://localhost:8000/sessions/000ed297-97d4-4e6a-9b14-ca1d5e408adb "HTTP/1.1 200 OK"
INFO:httpx:HTTP Request: GET http://localhost:8000/sessions/000ed297-97d4-4e6a-9b14-ca1d5e408adb "HTTP/1.1 200 OK"
INFO:httpx:HTTP Request: GET http://localhost:8000/sessions/000ed297-97d4-4e6a-9b14-ca1d5e408adb "HTTP/1.1 200 OK"
INFO:httpx:HTTP Request: GET http://localhost:8000/sessions/000ed297-97d4-4e6a-9b14-ca1d5e408adb "HTTP/1.1 200 OK"
INFO:httpx:HTTP Request: GET http://localhost:8000/sessions/000ed297-97d4-4e6a-9b14-ca1d5e408adb "HTTP/1.1 200 OK"
INFO:httpx:HTTP Request: GET http://localhost:8000/sessions/000ed297-97d4-4e6a-9b14-ca1d5e408adb "HTTP/1.1 200 OK"
INFO:httpx:HTTP Request: GET http://localhost:8000/sessions/000ed297-97d4-4e6a-9b14-ca1d5e408adb "HTTP/1.1 200 OK"
INFO:httpx:HTTP Request: GET http://localhost:8000/sessions/000ed297-97d4-4e6a-9b14-ca1d5e408adb "HTTP/1.1 200 OK"
INFO:httpx:HTTP Request: GET http://localhost:8000/sessions/000ed297-97d4-4e6a-9b14-ca1d5e408adb "HTTP/1.1 200 OK"
INFO:httpx:HTTP Request: GET http://localhost:8000/sessions/000ed297-97d4-4e6a-9b14-ca1d5e408adb "HTTP/1.1 200 OK"
INFO:httpx:HTTP Request: GET http://localhost:8000/sessions/000ed297-97d4-4e6a-9b14-ca1d5e408adb "HTTP/1.1 200 OK"
INFO:httpx:HTTP Request: GET http://localhost:8000/sessions/000ed297-97d4-4e6a-9b14-ca1d5e408adb "HTTP/1.1 200 OK"
INFO:httpx:HTTP Request: GET http://localhost:8000/sessions/000ed297-97d4-4e6a-9b14-ca1d5e408adb "HTTP/1.1 200 OK"
INFO:httpx:HTTP Request: GET http://localhost:8000/sessions/000ed297-97d4-4e6a-9b14-ca1d5e408adb "HTTP/1.1 200 OK"
INFO:httpx:HTTP Request: GET http://localhost:8000/sessions/000ed297-97d4-4e6a-9b14-ca1d5e408adb "HTTP/1.1 200 OK"
INFO:httpx:HTTP Request: GET http://localhost:8000/sessions/000ed297-97d4-4e6a-9b14-ca1d5e408adb "HTTP/1.1 200 OK"
INFO:httpx:HTTP Request: GET http://localhost:8000/sessions/000ed297-97d4-4e6a-9b14-ca1d5e408adb "HTTP/1.1 200 OK"
INFO:httpx:HTTP Request: GET http://localhost:8000/sessions/000ed297-97d4-4e6a-9b14-ca1d5e408adb "HTTP/1.1 200 OK"
INFO:httpx:HTTP Request: GET http://localhost:8000/sessions/000ed297-97d4-4e6a-9b14-ca1d5e408adb "HTTP/1.1 200 OK"
INFO:httpx:HTTP Request: GET http://localhost:8000/sessions/000ed297-97d4-4e6a-9b14-ca1d5e408adb "HTTP/1.1 200 OK"
INFO:httpx:HTTP Request: GET http://localhost:8000/sessions/000ed297-97d4-4e6a-9b14-ca1d5e408adb "HTTP/1.1 200 OK"
INFO:httpx:HTTP Request: GET http://localhost:8000/sessions/000ed297-97d4-4e6a-9b14-ca1d5e408adb "HTTP/1.1 200 OK"
INFO:httpx:HTTP Request: GET http://localhost:8000/sessions/000ed297-97d4-4e6a-9b14-ca1d5e408adb "HTTP/1.1 200 OK"
INFO:httpx:HTTP Request: GET http://localhost:8000/sessions/000ed297-97d4-4e6a-9b14-ca1d5e408adb "HTTP/1.1 200 OK"
INFO:httpx:HTTP Request: GET http://localhost:8000/sessions/000ed297-97d4-4e6a-9b14-ca1d5e408adb "HTTP/1.1 200 OK"
INFO:httpx:HTTP Request: GET http://localhost:8000/sessions/000ed297-97d4-4e6a-9b14-ca1d5e408adb "HTTP/1.1 200 OK"
INFO:httpx:HTTP Request: GET http://localhost:8000/sessions/000ed297-97d4-4e6a-9b14-ca1d5e408adb "HTTP/1.1 200 OK"
INFO:httpx:HTTP Request: GET http://localhost:8000/sessions/000ed297-97d4-4e6a-9b14-ca1d5e408adb "HTTP/1.1 200 OK"
INFO:httpx:HTTP Request: GET http://localhost:8000/sessions/000ed297-97d4-4e6a-9b14-ca1d5e408adb "HTTP/1.1 200 OK"
INFO:httpx:HTTP Request: GET http://localhost:8000/sessions/000ed297-97d4-4e6a-9b14-ca1d5e408adb "HTTP/1.1 200 OK"
INFO:httpx:HTTP Request: GET http://localhost:8000/sessions/000ed297-97d4-4e6a-9b14-ca1d5e408adb "HTTP/1.1 200 OK"
INFO:httpx:HTTP Request: GET http://localhost:8000/sessions/000ed297-97d4-4e6a-9b14-ca1d5e408adb "HTTP/1.1 200 OK"
INFO:httpx:HTTP Request: GET http://localhost:8000/sessions/000ed297-97d4-4e6a-9b14-ca1d5e408adb "HTTP/1.1 200 OK"
INFO:httpx:HTTP Request: GET http://localhost:8000/sessions/000ed297-97d4-4e6a-9b14-ca1d5e408adb "HTTP/1.1 200 OK"
INFO:httpx:HTTP Request: GET http://localhost:8000/sessions/000ed297-97d4-4e6a-9b14-ca1d5e408adb "HTTP/1.1 200 OK"
INFO:httpx:HTTP Request: GET http://localhost:8000/sessions/000ed297-97d4-4e6a-9b14-ca1d5e408adb "HTTP/1.1 200 OK"
INFO:httpx:HTTP Request: GET http://localhost:8000/sessions/000ed297-97d4-4e6a-9b14-ca1d5e408adb "HTTP/1.1 200 OK"
INFO:httpx:HTTP Request: GET http://localhost:8000/sessions/000ed297-97d4-4e6a-9b14-ca1d5e408adb "HTTP/1.1 200 OK"
INFO:httpx:HTTP Request: GET http://localhost:8000/sessions/000ed297-97d4-4e6a-9b14-ca1d5e408adb "HTTP/1.1 200 OK"
INFO:httpx:HTTP Request: GET http://localhost:8000/sessions/000ed297-97d4-4e6a-9b14-ca1d5e408adb "HTTP/1.1 200 OK"
INFO:httpx:HTTP Request: GET http://localhost:8000/sessions/000ed297-97d4-4e6a-9b14-ca1d5e408adb "HTTP/1.1 200 OK"
INFO:httpx:HTTP Request: GET http://localhost:8000/sessions/000ed297-97d4-4e6a-9b14-ca1d5e408adb "HTTP/1.1 200 OK"
INFO:httpx:HTTP Request: GET http://localhost:8000/sessions/000ed297-97d4-4e6a-9b14-ca1d5e408adb "HTTP/1.1 200 OK"
INFO:httpx:HTTP Request: GET http://localhost:8000/sessions/000ed297-97d4-4e6a-9b14-ca1d5e408adb "HTTP/1.1 200 OK"
INFO:httpx:HTTP Request: GET http://localhost:8000/sessions/000ed297-97d4-4e6a-9b14-ca1d5e408adb "HTTP/1.1 200 OK"
INFO:httpx:HTTP Request: GET http://localhost:8000/sessions/000ed297-97d4-4e6a-9b14-ca1d5e408adb "HTTP/1.1 200 OK"
INFO:httpx:HTTP Request: GET http://localhost:8000/sessions/000ed297-97d4-4e6a-9b14-ca1d5e408adb "HTTP/1.1 200 OK"
INFO:httpx:HTTP Request: GET http://localhost:8000/sessions/000ed297-97d4-4e6a-9b14-ca1d5e408adb "HTTP/1.1 200 OK"
INFO:httpx:HTTP Request: GET http://localhost:8000/sessions/000ed297-97d4-4e6a-9b14-ca1d5e408adb "HTTP/1.1 200 OK"
INFO:httpx:HTTP Request: GET http://localhost:8000/sessions/000ed297-97d4-4e6a-9b14-ca1d5e408adb "HTTP/1.1 200 OK"
INFO:httpx:HTTP Request: GET http://localhost:8000/sessions/000ed297-97d4-4e6a-9b14-ca1d5e408adb "HTTP/1.1 200 OK"
INFO:httpx:HTTP Request: GET http://localhost:8000/sessions/000ed297-97d4-4e6a-9b14-ca1d5e408adb "HTTP/1.1 200 OK"
INFO:httpx:HTTP Request: GET http://localhost:8000/sessions/000ed297-97d4-4e6a-9b14-ca1d5e408adb "HTTP/1.1 200 OK"
INFO:httpx:HTTP Request: GET http://localhost:8000/sessions/000ed297-97d4-4e6a-9b14-ca1d5e408adb "HTTP/1.1 200 OK"
INFO:httpx:HTTP Request: GET http://localhost:8000/sessions/000ed297-97d4-4e6a-9b14-ca1d5e408adb "HTTP/1.1 200 OK"
INFO:httpx:HTTP Request: GET http://localhost:8000/sessions/000ed297-97d4-4e6a-9b14-ca1d5e408adb "HTTP/1.1 200 OK"
INFO:httpx:HTTP Request: GET http://localhost:8000/sessions/000ed297-97d4-4e6a-9b14-ca1d5e408adb "HTTP/1.1 200 OK"
INFO:httpx:HTTP Request: GET http://localhost:8000/sessions/000ed297-97d4-4e6a-9b14-ca1d5e408adb "HTTP/1.1 200 OK"
INFO:httpx:HTTP Request: GET http://localhost:8000/sessions/000ed297-97d4-4e6a-9b14-ca1d5e408adb "HTTP/1.1 200 OK"
INFO:httpx:HTTP Request: GET http://localhost:8000/sessions/000ed297-97d4-4e6a-9b14-ca1d5e408adb "HTTP/1.1 200 OK"
INFO:httpx:HTTP Request: GET http://localhost:8000/sessions/000ed297-97d4-4e6a-9b14-ca1d5e408adb "HTTP/1.1 200 OK"
INFO:httpx:HTTP Request: GET http://localhost:8000/sessions/000ed297-97d4-4e6a-9b14-ca1d5e408adb "HTTP/1.1 200 OK"
INFO:httpx:HTTP Request: GET http://localhost:8000/sessions/000ed297-97d4-4e6a-9b14-ca1d5e408adb "HTTP/1.1 200 OK"
INFO:httpx:HTTP Request: GET http://localhost:8000/sessions/000ed297-97d4-4e6a-9b14-ca1d5e408adb "HTTP/1.1 200 OK"
INFO:httpx:HTTP Request: GET http://localhost:8000/sessions/000ed297-97d4-4e6a-9b14-ca1d5e408adb "HTTP/1.1 200 OK"
INFO:httpx:HTTP Request: GET http://localhost:8000/sessions/000ed297-97d4-4e6a-9b14-ca1d5e408adb "HTTP/1.1 200 OK"
INFO:httpx:HTTP Request: GET http://localhost:8000/sessions/000ed297-97d4-4e6a-9b14-ca1d5e408adb "HTTP/1.1 200 OK"
INFO:httpx:HTTP Request: GET http://localhost:8000/sessions/000ed297-97d4-4e6a-9b14-ca1d5e408adb "HTTP/1.1 200 OK"
INFO:httpx:HTTP Request: GET http://localhost:8000/sessions/000ed297-97d4-4e6a-9b14-ca1d5e408adb "HTTP/1.1 200 OK"
INFO:httpx:HTTP Request: GET http://localhost:8000/sessions/000ed297-97d4-4e6a-9b14-ca1d5e408adb "HTTP/1.1 200 OK"
INFO:httpx:HTTP Request: GET http://localhost:8000/sessions/000ed297-97d4-4e6a-9b14-ca1d5e408adb "HTTP/1.1 200 OK"
INFO:httpx:HTTP Request: GET http://localhost:8000/sessions/000ed297-97d4-4e6a-9b14-ca1d5e408adb "HTTP/1.1 200 OK"
INFO:httpx:HTTP Request: GET http://localhost:8000/sessions/000ed297-97d4-4e6a-9b14-ca1d5e408adb "HTTP/1.1 200 OK"
INFO:httpx:HTTP Request: GET http://localhost:8000/sessions/000ed297-97d4-4e6a-9b14-ca1d5e408adb "HTTP/1.1 200 OK"
INFO:httpx:HTTP Request: GET http://localhost:8000/sessions/000ed297-97d4-4e6a-9b14-ca1d5e408adb "HTTP/1.1 200 OK"
INFO:httpx:HTTP Request: GET http://localhost:8000/sessions/000ed297-97d4-4e6a-9b14-ca1d5e408adb "HTTP/1.1 200 OK"
INFO:httpx:HTTP Request: GET http://localhost:8000/sessions/000ed297-97d4-4e6a-9b14-ca1d5e408adb "HTTP/1.1 200 OK"
INFO:httpx:HTTP Request: GET http://localhost:8000/sessions/000ed297-97d4-4e6a-9b14-ca1d5e408adb "HTTP/1.1 200 OK"
INFO:httpx:HTTP Request: GET http://localhost:8000/sessions/000ed297-97d4-4e6a-9b14-ca1d5e408adb "HTTP/1.1 200 OK"
INFO:httpx:HTTP Request: GET http://localhost:8000/sessions/000ed297-97d4-4e6a-9b14-ca1d5e408adb "HTTP/1.1 200 OK"
INFO:httpx:HTTP Request: GET http://localhost:8000/sessions/000ed297-97d4-4e6a-9b14-ca1d5e408adb "HTTP/1.1 200 OK"
INFO:httpx:HTTP Request: GET http://localhost:8000/sessions/000ed297-97d4-4e6a-9b14-ca1d5e408adb "HTTP/1.1 200 OK"
INFO:httpx:HTTP Request: GET http://localhost:8000/sessions/000ed297-97d4-4e6a-9b14-ca1d5e408adb "HTTP/1.1 200 OK"
INFO:httpx:HTTP Request: GET http://localhost:8000/sessions/000ed297-97d4-4e6a-9b14-ca1d5e408adb "HTTP/1.1 200 OK"
INFO:httpx:HTTP Request: GET http://localhost:8000/sessions/000ed297-97d4-4e6a-9b14-ca1d5e408adb "HTTP/1.1 200 OK"
INFO:httpx:HTTP Request: GET http://localhost:8000/sessions/000ed297-97d4-4e6a-9b14-ca1d5e408adb "HTTP/1.1 200 OK"
INFO:httpx:HTTP Request: GET http://localhost:8000/sessions/000ed297-97d4-4e6a-9b14-ca1d5e408adb "HTTP/1.1 200 OK"
INFO:httpx:HTTP Request: GET http://localhost:8000/sessions/000ed297-97d4-4e6a-9b14-ca1d5e408adb "HTTP/1.1 200 OK"
INFO:httpx:HTTP Request: GET http://localhost:8000/sessions/000ed297-97d4-4e6a-9b14-ca1d5e408adb "HTTP/1.1 200 OK"
INFO:httpx:HTTP Request: GET http://localhost:8000/sessions/000ed297-97d4-4e6a-9b14-ca1d5e408adb "HTTP/1.1 200 OK"
INFO:httpx:HTTP Request: GET http://localhost:8000/sessions/000ed297-97d4-4e6a-9b14-ca1d5e408adb "HTTP/1.1 200 OK"
INFO:httpx:HTTP Request: GET http://localhost:8000/sessions/000ed297-97d4-4e6a-9b14-ca1d5e408adb "HTTP/1.1 200 OK"
INFO:httpx:HTTP Request: GET http://localhost:8000/sessions/000ed297-97d4-4e6a-9b14-ca1d5e408adb "HTTP/1.1 200 OK"
INFO:httpx:HTTP Request: GET http://localhost:8000/sessions/000ed297-97d4-4e6a-9b14-ca1d5e408adb "HTTP/1.1 200 OK"
INFO:httpx:HTTP Request: GET http://localhost:8000/sessions/000ed297-97d4-4e6a-9b14-ca1d5e408adb "HTTP/1.1 200 OK"
INFO:httpx:HTTP Request: GET http://localhost:8000/sessions/000ed297-97d4-4e6a-9b14-ca1d5e408adb "HTTP/1.1 200 OK"
INFO:httpx:HTTP Request: GET http://localhost:8000/sessions/000ed297-97d4-4e6a-9b14-ca1d5e408adb "HTTP/1.1 200 OK"
INFO:httpx:HTTP Request: GET http://localhost:8000/sessions/000ed297-97d4-4e6a-9b14-ca1d5e408adb "HTTP/1.1 200 OK"
INFO:httpx:HTTP Request: GET http://localhost:8000/sessions/000ed297-97d4-4e6a-9b14-ca1d5e408adb "HTTP/1.1 200 OK"
INFO:httpx:HTTP Request: GET http://localhost:8000/sessions/000ed297-97d4-4e6a-9b14-ca1d5e408adb "HTTP/1.1 200 OK"
INFO:     127.0.0.1:47028 - "POST /webhook HTTP/1.1" 200 OK
INFO:httpx:HTTP Request: GET http://localhost:8000/sessions/000ed297-97d4-4e6a-9b14-ca1d5e408adb "HTTP/1.1 200 OK"
INFO:httpx:HTTP Request: GET http://localhost:8000/sessions/000ed297-97d4-4e6a-9b14-ca1d5e408adb "HTTP/1.1 200 OK"
INFO:httpx:HTTP Request: GET http://localhost:8000/sessions/000ed297-97d4-4e6a-9b14-ca1d5e408adb "HTTP/1.1 200 OK"
INFO:httpx:HTTP Request: GET http://localhost:8000/sessions/000ed297-97d4-4e6a-9b14-ca1d5e408adb "HTTP/1.1 200 OK"
INFO:httpx:HTTP Request: GET http://localhost:8000/sessions/000ed297-97d4-4e6a-9b14-ca1d5e408adb "HTTP/1.1 200 OK"
INFO:alice:[Alice] Poll detected terminal status session=000ed297 status=done
INFO:alice:[Alice] Worker terminated session=000ed297 pid=1345
INFO:     127.0.0.1:52976 - "GET /health HTTP/1.1" 200 OK
INFO:httpx:HTTP Request: POST http://localhost:8000/sessions "HTTP/1.1 202 Accepted"
INFO:alice:[Alice] Worker spawned session=69a4a965 queue=qubit_send_69a4a965 pid=274522
INFO:alice:[Alice] Session 69a4a965 created n_qubits=1024 qkdl=http://localhost:8073 queue=qubit_send_69a4a965
INFO:     127.0.0.1:52980 - "POST /start?receiver_label=bob-11&n_qubits=1024&batch_size=10 HTTP/1.1" 200 OK
INFO:httpx:HTTP Request: GET http://localhost:8000/sessions/69a4a965-c033-4493-b258-4aa2b661c0db "HTTP/1.1 200 OK"
INFO:httpx:HTTP Request: GET http://localhost:8000/sessions/69a4a965-c033-4493-b258-4aa2b661c0db "HTTP/1.1 200 OK"
INFO:httpx:HTTP Request: GET http://localhost:8000/sessions/69a4a965-c033-4493-b258-4aa2b661c0db "HTTP/1.1 200 OK"
INFO:httpx:HTTP Request: GET http://localhost:8000/sessions/69a4a965-c033-4493-b258-4aa2b661c0db "HTTP/1.1 200 OK"
INFO:     127.0.0.1:52846 - "POST /webhook HTTP/1.1" 200 OK
INFO:alice:[Alice] Receiver joined 69a4a965  dispatching pipeline
INFO:httpx:HTTP Request: GET http://localhost:8000/sessions/69a4a965-c033-4493-b258-4aa2b661c0db "HTTP/1.1 200 OK"
INFO:alice:[Alice] Dispatching pipeline session=69a4a965 batches=103 qkdl=http://localhost:8073 queue=qubit_send_69a4a965
INFO:httpx:HTTP Request: GET http://localhost:8000/sessions/69a4a965-c033-4493-b258-4aa2b661c0db "HTTP/1.1 200 OK"
INFO:httpx:HTTP Request: GET http://localhost:8000/sessions/69a4a965-c033-4493-b258-4aa2b661c0db "HTTP/1.1 200 OK"
INFO:httpx:HTTP Request: GET http://localhost:8000/sessions/69a4a965-c033-4493-b258-4aa2b661c0db "HTTP/1.1 200 OK"
INFO:alice:[Alice] Pipeline dispatched session=69a4a965 (103 QTT → ST → QKT → NT) queue=qubit_send_69a4a965
INFO:httpx:HTTP Request: GET http://localhost:8000/sessions/69a4a965-c033-4493-b258-4aa2b661c0db "HTTP/1.1 200 OK"
INFO:httpx:HTTP Request: GET http://localhost:8000/sessions/69a4a965-c033-4493-b258-4aa2b661c0db "HTTP/1.1 200 OK"
INFO:httpx:HTTP Request: GET http://localhost:8000/sessions/69a4a965-c033-4493-b258-4aa2b661c0db "HTTP/1.1 200 OK"
INFO:httpx:HTTP Request: GET http://localhost:8000/sessions/69a4a965-c033-4493-b258-4aa2b661c0db "HTTP/1.1 200 OK"
INFO:httpx:HTTP Request: GET http://localhost:8000/sessions/69a4a965-c033-4493-b258-4aa2b661c0db "HTTP/1.1 200 OK"
INFO:httpx:HTTP Request: GET http://localhost:8000/sessions/69a4a965-c033-4493-b258-4aa2b661c0db "HTTP/1.1 200 OK"
INFO:httpx:HTTP Request: GET http://localhost:8000/sessions/69a4a965-c033-4493-b258-4aa2b661c0db "HTTP/1.1 200 OK"
INFO:httpx:HTTP Request: GET http://localhost:8000/sessions/69a4a965-c033-4493-b258-4aa2b661c0db "HTTP/1.1 200 OK"
INFO:httpx:HTTP Request: GET http://localhost:8000/sessions/69a4a965-c033-4493-b258-4aa2b661c0db "HTTP/1.1 200 OK"
INFO:httpx:HTTP Request: GET http://localhost:8000/sessions/69a4a965-c033-4493-b258-4aa2b661c0db "HTTP/1.1 200 OK"
INFO:httpx:HTTP Request: GET http://localhost:8000/sessions/69a4a965-c033-4493-b258-4aa2b661c0db "HTTP/1.1 200 OK"
INFO:httpx:HTTP Request: GET http://localhost:8000/sessions/69a4a965-c033-4493-b258-4aa2b661c0db "HTTP/1.1 200 OK"
INFO:httpx:HTTP Request: GET http://localhost:8000/sessions/69a4a965-c033-4493-b258-4aa2b661c0db "HTTP/1.1 200 OK"
INFO:httpx:HTTP Request: GET http://localhost:8000/sessions/69a4a965-c033-4493-b258-4aa2b661c0db "HTTP/1.1 200 OK"
INFO:httpx:HTTP Request: GET http://localhost:8000/sessions/69a4a965-c033-4493-b258-4aa2b661c0db "HTTP/1.1 200 OK"
INFO:httpx:HTTP Request: GET http://localhost:8000/sessions/69a4a965-c033-4493-b258-4aa2b661c0db "HTTP/1.1 200 OK"
INFO:httpx:HTTP Request: GET http://localhost:8000/sessions/69a4a965-c033-4493-b258-4aa2b661c0db "HTTP/1.1 200 OK"
INFO:httpx:HTTP Request: GET http://localhost:8000/sessions/69a4a965-c033-4493-b258-4aa2b661c0db "HTTP/1.1 200 OK"
INFO:httpx:HTTP Request: GET http://localhost:8000/sessions/69a4a965-c033-4493-b258-4aa2b661c0db "HTTP/1.1 200 OK"
INFO:httpx:HTTP Request: GET http://localhost:8000/sessions/69a4a965-c033-4493-b258-4aa2b661c0db "HTTP/1.1 200 OK"
INFO:httpx:HTTP Request: GET http://localhost:8000/sessions/69a4a965-c033-4493-b258-4aa2b661c0db "HTTP/1.1 200 OK"
INFO:httpx:HTTP Request: GET http://localhost:8000/sessions/69a4a965-c033-4493-b258-4aa2b661c0db "HTTP/1.1 200 OK"
INFO:httpx:HTTP Request: GET http://localhost:8000/sessions/69a4a965-c033-4493-b258-4aa2b661c0db "HTTP/1.1 200 OK"
INFO:httpx:HTTP Request: GET http://localhost:8000/sessions/69a4a965-c033-4493-b258-4aa2b661c0db "HTTP/1.1 200 OK"
INFO:httpx:HTTP Request: GET http://localhost:8000/sessions/69a4a965-c033-4493-b258-4aa2b661c0db "HTTP/1.1 200 OK"
INFO:httpx:HTTP Request: GET http://localhost:8000/sessions/69a4a965-c033-4493-b258-4aa2b661c0db "HTTP/1.1 200 OK"
INFO:httpx:HTTP Request: GET http://localhost:8000/sessions/69a4a965-c033-4493-b258-4aa2b661c0db "HTTP/1.1 200 OK"
INFO:httpx:HTTP Request: GET http://localhost:8000/sessions/69a4a965-c033-4493-b258-4aa2b661c0db "HTTP/1.1 200 OK"
INFO:httpx:HTTP Request: GET http://localhost:8000/sessions/69a4a965-c033-4493-b258-4aa2b661c0db "HTTP/1.1 200 OK"
INFO:httpx:HTTP Request: GET http://localhost:8000/sessions/69a4a965-c033-4493-b258-4aa2b661c0db "HTTP/1.1 200 OK"
INFO:httpx:HTTP Request: GET http://localhost:8000/sessions/69a4a965-c033-4493-b258-4aa2b661c0db "HTTP/1.1 200 OK"
INFO:httpx:HTTP Request: GET http://localhost:8000/sessions/69a4a965-c033-4493-b258-4aa2b661c0db "HTTP/1.1 200 OK"
INFO:httpx:HTTP Request: GET http://localhost:8000/sessions/69a4a965-c033-4493-b258-4aa2b661c0db "HTTP/1.1 200 OK"
INFO:httpx:HTTP Request: GET http://localhost:8000/sessions/69a4a965-c033-4493-b258-4aa2b661c0db "HTTP/1.1 200 OK"
INFO:httpx:HTTP Request: GET http://localhost:8000/sessions/69a4a965-c033-4493-b258-4aa2b661c0db "HTTP/1.1 200 OK"
INFO:httpx:HTTP Request: GET http://localhost:8000/sessions/69a4a965-c033-4493-b258-4aa2b661c0db "HTTP/1.1 200 OK"
INFO:httpx:HTTP Request: GET http://localhost:8000/sessions/69a4a965-c033-4493-b258-4aa2b661c0db "HTTP/1.1 200 OK"
INFO:httpx:HTTP Request: GET http://localhost:8000/sessions/69a4a965-c033-4493-b258-4aa2b661c0db "HTTP/1.1 200 OK"
INFO:httpx:HTTP Request: GET http://localhost:8000/sessions/69a4a965-c033-4493-b258-4aa2b661c0db "HTTP/1.1 200 OK"
INFO:httpx:HTTP Request: GET http://localhost:8000/sessions/69a4a965-c033-4493-b258-4aa2b661c0db "HTTP/1.1 200 OK"
INFO:httpx:HTTP Request: GET http://localhost:8000/sessions/69a4a965-c033-4493-b258-4aa2b661c0db "HTTP/1.1 200 OK"
INFO:httpx:HTTP Request: GET http://localhost:8000/sessions/69a4a965-c033-4493-b258-4aa2b661c0db "HTTP/1.1 200 OK"
INFO:httpx:HTTP Request: GET http://localhost:8000/sessions/69a4a965-c033-4493-b258-4aa2b661c0db "HTTP/1.1 200 OK"
INFO:httpx:HTTP Request: GET http://localhost:8000/sessions/69a4a965-c033-4493-b258-4aa2b661c0db "HTTP/1.1 200 OK"
INFO:httpx:HTTP Request: GET http://localhost:8000/sessions/69a4a965-c033-4493-b258-4aa2b661c0db "HTTP/1.1 200 OK"
INFO:httpx:HTTP Request: GET http://localhost:8000/sessions/69a4a965-c033-4493-b258-4aa2b661c0db "HTTP/1.1 200 OK"
INFO:httpx:HTTP Request: GET http://localhost:8000/sessions/69a4a965-c033-4493-b258-4aa2b661c0db "HTTP/1.1 200 OK"
INFO:httpx:HTTP Request: GET http://localhost:8000/sessions/69a4a965-c033-4493-b258-4aa2b661c0db "HTTP/1.1 200 OK"
INFO:httpx:HTTP Request: GET http://localhost:8000/sessions/69a4a965-c033-4493-b258-4aa2b661c0db "HTTP/1.1 200 OK"
INFO:httpx:HTTP Request: GET http://localhost:8000/sessions/69a4a965-c033-4493-b258-4aa2b661c0db "HTTP/1.1 200 OK"
INFO:httpx:HTTP Request: GET http://localhost:8000/sessions/69a4a965-c033-4493-b258-4aa2b661c0db "HTTP/1.1 200 OK"
INFO:httpx:HTTP Request: GET http://localhost:8000/sessions/69a4a965-c033-4493-b258-4aa2b661c0db "HTTP/1.1 200 OK"
INFO:httpx:HTTP Request: GET http://localhost:8000/sessions/69a4a965-c033-4493-b258-4aa2b661c0db "HTTP/1.1 200 OK"
INFO:httpx:HTTP Request: GET http://localhost:8000/sessions/69a4a965-c033-4493-b258-4aa2b661c0db "HTTP/1.1 200 OK"
INFO:httpx:HTTP Request: GET http://localhost:8000/sessions/69a4a965-c033-4493-b258-4aa2b661c0db "HTTP/1.1 200 OK"
INFO:httpx:HTTP Request: GET http://localhost:8000/sessions/69a4a965-c033-4493-b258-4aa2b661c0db "HTTP/1.1 200 OK"
INFO:httpx:HTTP Request: GET http://localhost:8000/sessions/69a4a965-c033-4493-b258-4aa2b661c0db "HTTP/1.1 200 OK"
INFO:httpx:HTTP Request: GET http://localhost:8000/sessions/69a4a965-c033-4493-b258-4aa2b661c0db "HTTP/1.1 200 OK"
INFO:httpx:HTTP Request: GET http://localhost:8000/sessions/69a4a965-c033-4493-b258-4aa2b661c0db "HTTP/1.1 200 OK"
INFO:httpx:HTTP Request: GET http://localhost:8000/sessions/69a4a965-c033-4493-b258-4aa2b661c0db "HTTP/1.1 200 OK"
INFO:httpx:HTTP Request: GET http://localhost:8000/sessions/69a4a965-c033-4493-b258-4aa2b661c0db "HTTP/1.1 200 OK"
INFO:httpx:HTTP Request: GET http://localhost:8000/sessions/69a4a965-c033-4493-b258-4aa2b661c0db "HTTP/1.1 200 OK"
INFO:httpx:HTTP Request: GET http://localhost:8000/sessions/69a4a965-c033-4493-b258-4aa2b661c0db "HTTP/1.1 200 OK"
INFO:httpx:HTTP Request: GET http://localhost:8000/sessions/69a4a965-c033-4493-b258-4aa2b661c0db "HTTP/1.1 200 OK"
