INFO:     Started server process [1761]
INFO:     Waiting for application startup.
INFO:httpx:HTTP Request: POST http://localhost:8000/nodes/register "HTTP/1.1 200 OK"
INFO:node.base:[bob-32] Registered → node_id=86553330
INFO:node.base:[bob-32] Started  node_id=86553330 role=receiver
INFO:     Application startup complete.
INFO:     Uvicorn running on http://0.0.0.0:8232 (Press CTRL+C to quit)
INFO:     Shutting down
INFO:     Waiting for application shutdown.
INFO:node.base:[bob-32] Stopped
INFO:     Application shutdown complete.
INFO:     Finished server process [1761]
INFO:     Started server process [1421]
INFO:     Waiting for application startup.
INFO:httpx:HTTP Request: POST http://localhost:8000/nodes/register "HTTP/1.1 200 OK"
INFO:node.base:[bob-32] Registered → node_id=98236dc6
INFO:node.base:[bob-32] Started  node_id=98236dc6 role=receiver
INFO:     Application startup complete.
INFO:     Uvicorn running on http://0.0.0.0:8232 (Press CTRL+C to quit)
INFO:     Shutting down
INFO:     Waiting for application shutdown.
INFO:node.base:[bob-32] Stopped
INFO:     Application shutdown complete.
INFO:     Finished server process [1421]
INFO:     Started server process [1427]
INFO:     Waiting for application startup.
INFO:httpx:HTTP Request: POST http://localhost:8000/nodes/register "HTTP/1.1 200 OK"
INFO:node.base:[bob-32] Registered → node_id=ed0f1157
INFO:node.base:[bob-32] Started  node_id=ed0f1157 role=receiver
INFO:     Application startup complete.
INFO:     Uvicorn running on http://0.0.0.0:8232 (Press CTRL+C to quit)
INFO:     Shutting down
INFO:     Waiting for application shutdown.
INFO:node.base:[bob-32] Stopped
INFO:     Application shutdown complete.
INFO:     Finished server process [1427]
INFO:     Started server process [1422]
INFO:     Waiting for application startup.
INFO:httpx:HTTP Request: POST http://localhost:8000/nodes/register "HTTP/1.1 200 OK"
INFO:node.base:[bob-32] Registered → node_id=5eb109e8
INFO:node.base:[bob-32] Started  node_id=5eb109e8 role=receiver
INFO:     Application startup complete.
INFO:     Uvicorn running on http://0.0.0.0:8232 (Press CTRL+C to quit)
INFO:     Shutting down
INFO:     Waiting for application shutdown.
INFO:node.base:[bob-32] Stopped
INFO:     Application shutdown complete.
INFO:     Finished server process [1422]
INFO:     Started server process [1423]
INFO:     Waiting for application startup.
INFO:httpx:HTTP Request: POST http://localhost:8000/nodes/register "HTTP/1.1 200 OK"
INFO:node.base:[bob-32] Registered → node_id=70999415
INFO:node.base:[bob-32] Started  node_id=70999415 role=receiver
INFO:     Application startup complete.
INFO:     Uvicorn running on http://0.0.0.0:8232 (Press CTRL+C to quit)
INFO:     Shutting down
INFO:     Waiting for application shutdown.
INFO:node.base:[bob-32] Stopped
INFO:     Application shutdown complete.
INFO:     Finished server process [1423]
