INFO:     Started server process [1731]
INFO:     Waiting for application startup.
INFO:httpx:HTTP Request: POST http://localhost:8000/nodes/register "HTTP/1.1 200 OK"
INFO:node.base:[bob-30] Registered → node_id=e892a39e
INFO:node.base:[bob-30] Started  node_id=e892a39e role=receiver
INFO:     Application startup complete.
INFO:     Uvicorn running on http://0.0.0.0:8230 (Press CTRL+C to quit)
INFO:     Shutting down
INFO:     Waiting for application shutdown.
INFO:node.base:[bob-30] Stopped
INFO:     Application shutdown complete.
INFO:     Finished server process [1731]
INFO:     Started server process [1393]
INFO:     Waiting for application startup.
INFO:httpx:HTTP Request: POST http://localhost:8000/nodes/register "HTTP/1.1 200 OK"
INFO:node.base:[bob-30] Registered → node_id=3a6ff5a3
INFO:node.base:[bob-30] Started  node_id=3a6ff5a3 role=receiver
INFO:     Application startup complete.
INFO:     Uvicorn running on http://0.0.0.0:8230 (Press CTRL+C to quit)
INFO:     Shutting down
INFO:     Waiting for application shutdown.
INFO:node.base:[bob-30] Stopped
INFO:     Application shutdown complete.
INFO:     Finished server process [1393]
INFO:     Started server process [1399]
INFO:     Waiting for application startup.
INFO:httpx:HTTP Request: POST http://localhost:8000/nodes/register "HTTP/1.1 200 OK"
INFO:node.base:[bob-30] Registered → node_id=1313b977
INFO:node.base:[bob-30] Started  node_id=1313b977 role=receiver
INFO:     Application startup complete.
INFO:     Uvicorn running on http://0.0.0.0:8230 (Press CTRL+C to quit)
INFO:     Shutting down
INFO:     Waiting for application shutdown.
INFO:node.base:[bob-30] Stopped
INFO:     Application shutdown complete.
INFO:     Finished server process [1399]
INFO:     Started server process [1394]
INFO:     Waiting for application startup.
INFO:httpx:HTTP Request: POST http://localhost:8000/nodes/register "HTTP/1.1 200 OK"
INFO:node.base:[bob-30] Registered → node_id=e327a72d
INFO:node.base:[bob-30] Started  node_id=e327a72d role=receiver
INFO:     Application startup complete.
INFO:     Uvicorn running on http://0.0.0.0:8230 (Press CTRL+C to quit)
INFO:     Shutting down
INFO:     Waiting for application shutdown.
INFO:node.base:[bob-30] Stopped
INFO:     Application shutdown complete.
INFO:     Finished server process [1394]
INFO:     Started server process [1395]
INFO:     Waiting for application startup.
INFO:httpx:HTTP Request: POST http://localhost:8000/nodes/register "HTTP/1.1 200 OK"
INFO:node.base:[bob-30] Registered → node_id=2a123c05
INFO:node.base:[bob-30] Started  node_id=2a123c05 role=receiver
INFO:     Application startup complete.
INFO:     Uvicorn running on http://0.0.0.0:8230 (Press CTRL+C to quit)
INFO:     Shutting down
INFO:     Waiting for application shutdown.
INFO:node.base:[bob-30] Stopped
INFO:     Application shutdown complete.
INFO:     Finished server process [1395]
